gmake[2]: Warning: File 'CMakeFiles/arduinobot_msgs__cpp.dir/progress.make' has modification time 1.1 s in the future
gmake[2]: Warning: File 'CMakeFiles/arduinobot_msgs__rosidl_generator_c.dir/flags.make' has modification time 1.1 s in the future
gmake[2]: warning:  Clock skew detected.  Your build may be incomplete.
gmake[2]: Warning: File 'CMakeFiles/arduinobot_msgs__cpp.dir/progress.make' has modification time 1.1 s in the future
gmake[2]: warning:  Clock skew detected.  Your build may be incomplete.
gmake[2]: warning:  Clock skew detected.  Your build may be incomplete.
gmake[2]: Warning: File 'CMakeFiles/arduinobot_msgs__rosidl_generator_c.dir/flags.make' has modification time 0.56 s in the future
gmake[2]: warning:  Clock skew detected.  Your build may be incomplete.
gmake[2]: Warning: File 'CMakeFiles/arduinobot_msgs__rosidl_typesupport_cpp.dir/flags.make' has modification time 0.39 s in the future
gmake[2]: Warning: File 'CMakeFiles/arduinobot_msgs__rosidl_typesupport_fastrtps_c.dir/flags.make' has modification time 0.38 s in the future
gmake[2]: Warning: File 'CMakeFiles/arduinobot_msgs__rosidl_typesupport_fastrtps_cpp.dir/flags.make' has modification time 0.39 s in the future
gmake[2]: Warning: File 'CMakeFiles/arduinobot_msgs__rosidl_typesupport_introspection_c.dir/flags.make' has modification time 0.39 s in the future
gmake[2]: Warning: File 'CMakeFiles/arduinobot_msgs__rosidl_typesupport_c.dir/flags.make' has modification time 0.38 s in the future
gmake[2]: Warning: File 'CMakeFiles/arduinobot_msgs__rosidl_typesupport_introspection_cpp.dir/flags.make' has modification time 0.38 s in the future
gmake[2]: warning:  Clock skew detected.  Your build may be incomplete.
gmake[2]: Warning: File 'CMakeFiles/arduinobot_msgs__rosidl_typesupport_c.dir/flags.make' has modification time 0.084 s in the future
gmake[2]: warning:  Clock skew detected.  Your build may be incomplete.
gmake[2]: Warning: File 'CMakeFiles/arduinobot_msgs__rosidl_typesupport_cpp.dir/flags.make' has modification time 0.083 s in the future
gmake[2]: warning:  Clock skew detected.  Your build may be incomplete.
gmake[2]: warning:  Clock skew detected.  Your build may be incomplete.
gmake[2]: warning:  Clock skew detected.  Your build may be incomplete.
gmake[2]: warning:  Clock skew detected.  Your build may be incomplete.
gmake[2]: warning:  Clock skew detected.  Your build may be incomplete.
gmake[2]: warning:  Clock skew detected.  Your build may be incomplete.
