[0.016s] Invoking command in '/home/theo/arduinobot_ws/src/build/arduinobot_msgs': CMAKE_PREFIX_PATH=${CMAKE_PREFIX_PATH}:/opt/ros/jazzy /usr/bin/cmake /home/theo/arduinobot_ws/src/arduinobot_msgs -DCMAKE_INSTALL_PREFIX=/home/theo/arduinobot_ws/src/install/arduinobot_msgs
[0.207s] -- The C compiler identification is GNU 13.3.0
[0.607s] -- The CXX compiler identification is GNU 13.3.0
[0.997s] -- Detecting C compiler ABI info
[1.159s] -- Detecting C compiler ABI info - done
[1.165s] -- Check for working C compiler: /usr/bin/cc - skipped
[1.165s] -- Detecting C compile features
[1.165s] -- Detecting C compile features - done
[1.239s] -- Detecting CXX compiler ABI info
[1.362s] -- Detecting CXX compiler ABI info - done
[1.367s] -- Check for working CXX compiler: /usr/bin/c++ - skipped
[1.367s] -- Detecting CXX compile features
[1.368s] -- Detecting CXX compile features - done
[1.369s] -- Found ament_cmake: 2.5.4 (/opt/ros/jazzy/share/ament_cmake/cmake)
[1.458s] -- Found Python3: /usr/bin/python3 (found version "3.12.3") found components: Interpreter 
[1.552s] -- Found std_msgs: 5.3.6 (/opt/ros/jazzy/share/std_msgs/cmake)
[1.697s] -- Found rosidl_generator_c: 4.6.5 (/opt/ros/jazzy/share/rosidl_generator_c/cmake)
[1.715s] -- Found rosidl_generator_cpp: 4.6.5 (/opt/ros/jazzy/share/rosidl_generator_cpp/cmake)
[1.737s] -- Using all available rosidl_typesupport_c: rosidl_typesupport_fastrtps_c;rosidl_typesupport_introspection_c
[1.757s] -- Using all available rosidl_typesupport_cpp: rosidl_typesupport_fastrtps_cpp;rosidl_typesupport_introspection_cpp
[1.790s] -- Found rosidl_default_generators: 1.6.0 (/opt/ros/jazzy/share/rosidl_default_generators/cmake)
[1.805s] -- Found rosidl_adapter: 4.6.5 (/opt/ros/jazzy/share/rosidl_adapter/cmake)
[2.212s] -- Found ament_cmake_ros: 0.12.0 (/opt/ros/jazzy/share/ament_cmake_ros/cmake)
[2.626s] -- Using all available rosidl_typesupport_c: rosidl_typesupport_fastrtps_c;rosidl_typesupport_introspection_c
[2.794s] -- Using all available rosidl_typesupport_cpp: rosidl_typesupport_fastrtps_cpp;rosidl_typesupport_introspection_cpp
[2.797s] -- Found python_cmake_module: 0.11.1 (/opt/ros/jazzy/share/python_cmake_module/cmake)
[2.875s] -- Found PythonExtra: /usr/bin/python3  
[3.175s] -- Found Python3: /usr/bin/python3 (found version "3.12.3") found components: Interpreter Development NumPy Development.Module Development.Embed 
[3.202s] -- Configuring done (3.1s)
[3.231s] -- Generating done (0.0s)
[3.238s] -- Build files have been written to: /home/theo/arduinobot_ws/src/build/arduinobot_msgs
[3.245s] Invoked command in '/home/theo/arduinobot_ws/src/build/arduinobot_msgs' returned '0': CMAKE_PREFIX_PATH=${CMAKE_PREFIX_PATH}:/opt/ros/jazzy /usr/bin/cmake /home/theo/arduinobot_ws/src/arduinobot_msgs -DCMAKE_INSTALL_PREFIX=/home/theo/arduinobot_ws/src/install/arduinobot_msgs
[3.245s] Invoking command in '/home/theo/arduinobot_ws/src/build/arduinobot_msgs': CMAKE_PREFIX_PATH=${CMAKE_PREFIX_PATH}:/opt/ros/jazzy /usr/bin/cmake --build /home/theo/arduinobot_ws/src/build/arduinobot_msgs -- -j20 -l20
[3.272s] [  1%] [34m[1mGenerating type hashes for ROS interfaces[0m
[3.276s] [  1%] Built target ament_cmake_python_copy_arduinobot_msgs
[3.395s] running egg_info
[3.396s] creating arduinobot_msgs.egg-info
[3.406s] writing arduinobot_msgs.egg-info/PKG-INFO
[3.406s] writing dependency_links to arduinobot_msgs.egg-info/dependency_links.txt
[3.406s] writing top-level names to arduinobot_msgs.egg-info/top_level.txt
[3.406s] writing manifest file 'arduinobot_msgs.egg-info/SOURCES.txt'
[3.437s] reading manifest file 'arduinobot_msgs.egg-info/SOURCES.txt'
[3.438s] writing manifest file 'arduinobot_msgs.egg-info/SOURCES.txt'
[3.456s] [  1%] Built target ament_cmake_python_build_arduinobot_msgs_egg
[3.458s] [  1%] Built target arduinobot_msgs__rosidl_generator_type_description
[3.459s] gmake[2]: Warning: File 'CMakeFiles/arduinobot_msgs__cpp.dir/progress.make' has modification time 1.1 s in the future
[3.459s] gmake[2]: Warning: File 'CMakeFiles/arduinobot_msgs__rosidl_generator_c.dir/flags.make' has modification time 1.1 s in the future
[3.463s] [  2%] [34m[1mGenerating C code for ROS interfaces[0m
[3.463s] gmake[2]: warning:  Clock skew detected.  Your build may be incomplete.
[3.464s] gmake[2]: Warning: File 'CMakeFiles/arduinobot_msgs__cpp.dir/progress.make' has modification time 1.1 s in the future
[3.468s] [  4%] [34m[1mGenerating C++ code for ROS interfaces[0m
[3.927s] gmake[2]: warning:  Clock skew detected.  Your build may be incomplete.
[3.933s] [  4%] Built target arduinobot_msgs__cpp
[3.986s] gmake[2]: warning:  Clock skew detected.  Your build may be incomplete.
[3.987s] gmake[2]: Warning: File 'CMakeFiles/arduinobot_msgs__rosidl_generator_c.dir/flags.make' has modification time 0.56 s in the future
[3.991s] [  6%] [32mBuilding C object CMakeFiles/arduinobot_msgs__rosidl_generator_c.dir/rosidl_generator_c/arduinobot_msgs/srv/detail/add_two_ints__functions.c.o[0m
[3.992s] [  6%] [32mBuilding C object CMakeFiles/arduinobot_msgs__rosidl_generator_c.dir/rosidl_generator_c/arduinobot_msgs/srv/detail/add_two_ints__type_support.c.o[0m
[3.992s] [  8%] [32mBuilding C object CMakeFiles/arduinobot_msgs__rosidl_generator_c.dir/rosidl_generator_c/arduinobot_msgs/srv/detail/add_two_ints__description.c.o[0m
[3.992s] [  9%] [32mBuilding C object CMakeFiles/arduinobot_msgs__rosidl_generator_c.dir/rosidl_generator_c/arduinobot_msgs/srv/detail/euler_to_quaternion__description.c.o[0m
[3.993s] [ 10%] [32mBuilding C object CMakeFiles/arduinobot_msgs__rosidl_generator_c.dir/rosidl_generator_c/arduinobot_msgs/srv/detail/euler_to_quaternion__type_support.c.o[0m
[3.993s] [ 12%] [32mBuilding C object CMakeFiles/arduinobot_msgs__rosidl_generator_c.dir/rosidl_generator_c/arduinobot_msgs/srv/detail/euler_to_quaternion__functions.c.o[0m
[3.994s] [ 14%] [32mBuilding C object CMakeFiles/arduinobot_msgs__rosidl_generator_c.dir/rosidl_generator_c/arduinobot_msgs/action/detail/fibonacci__description.c.o[0m
[3.995s] [ 14%] [32mBuilding C object CMakeFiles/arduinobot_msgs__rosidl_generator_c.dir/rosidl_generator_c/arduinobot_msgs/srv/detail/quaternion_to_euler__description.c.o[0m
[3.995s] [ 16%] [32mBuilding C object CMakeFiles/arduinobot_msgs__rosidl_generator_c.dir/rosidl_generator_c/arduinobot_msgs/action/detail/fibonacci__functions.c.o[0m
[3.995s] [ 17%] [32mBuilding C object CMakeFiles/arduinobot_msgs__rosidl_generator_c.dir/rosidl_generator_c/arduinobot_msgs/action/detail/arduinobot_task__description.c.o[0m
[3.995s] [ 18%] [32mBuilding C object CMakeFiles/arduinobot_msgs__rosidl_generator_c.dir/rosidl_generator_c/arduinobot_msgs/srv/detail/quaternion_to_euler__functions.c.o[0m
[3.996s] [ 21%] [32mBuilding C object CMakeFiles/arduinobot_msgs__rosidl_generator_c.dir/rosidl_generator_c/arduinobot_msgs/action/detail/arduinobot_task__functions.c.o[0m
[3.996s] [ 21%] [32mBuilding C object CMakeFiles/arduinobot_msgs__rosidl_generator_c.dir/rosidl_generator_c/arduinobot_msgs/srv/detail/quaternion_to_euler__type_support.c.o[0m
[3.996s] [ 22%] [32mBuilding C object CMakeFiles/arduinobot_msgs__rosidl_generator_c.dir/rosidl_generator_c/arduinobot_msgs/action/detail/fibonacci__type_support.c.o[0m
[3.997s] [ 24%] [32mBuilding C object CMakeFiles/arduinobot_msgs__rosidl_generator_c.dir/rosidl_generator_c/arduinobot_msgs/action/detail/arduinobot_task__type_support.c.o[0m
[4.103s] [ 25%] [32m[1mLinking C shared library libarduinobot_msgs__rosidl_generator_c.so[0m
[4.170s] gmake[2]: warning:  Clock skew detected.  Your build may be incomplete.
[4.175s] [ 25%] Built target arduinobot_msgs__rosidl_generator_c
[4.176s] gmake[2]: Warning: File 'CMakeFiles/arduinobot_msgs__rosidl_typesupport_cpp.dir/flags.make' has modification time 0.39 s in the future
[4.176s] gmake[2]: Warning: File 'CMakeFiles/arduinobot_msgs__rosidl_typesupport_fastrtps_c.dir/flags.make' has modification time 0.38 s in the future
[4.177s] gmake[2]: Warning: File 'CMakeFiles/arduinobot_msgs__rosidl_typesupport_fastrtps_cpp.dir/flags.make' has modification time 0.39 s in the future
[4.177s] gmake[2]: Warning: File 'CMakeFiles/arduinobot_msgs__rosidl_typesupport_introspection_c.dir/flags.make' has modification time 0.39 s in the future
[4.177s] gmake[2]: Warning: File 'CMakeFiles/arduinobot_msgs__rosidl_typesupport_c.dir/flags.make' has modification time 0.38 s in the future
[4.177s] gmake[2]: Warning: File 'CMakeFiles/arduinobot_msgs__rosidl_typesupport_introspection_cpp.dir/flags.make' has modification time 0.38 s in the future
[4.180s] [ 27%] [34m[1mGenerating C++ type support for eProsima Fast-RTPS[0m
[4.181s] [ 29%] [34m[1mGenerating C type support for eProsima Fast-RTPS[0m
[4.181s] [ 29%] [34m[1mGenerating C introspection for ROS interfaces[0m
[4.181s] [ 31%] [34m[1mGenerating C++ type support dispatch for ROS interfaces[0m
[4.181s] [ 32%] [34m[1mGenerating C++ introspection for ROS interfaces[0m
[4.184s] [ 33%] [34m[1mGenerating C type support dispatch for ROS interfaces[0m
[4.477s] gmake[2]: warning:  Clock skew detected.  Your build may be incomplete.
[4.478s] gmake[2]: Warning: File 'CMakeFiles/arduinobot_msgs__rosidl_typesupport_c.dir/flags.make' has modification time 0.084 s in the future
[4.478s] gmake[2]: warning:  Clock skew detected.  Your build may be incomplete.
[4.479s] gmake[2]: Warning: File 'CMakeFiles/arduinobot_msgs__rosidl_typesupport_cpp.dir/flags.make' has modification time 0.083 s in the future
[4.482s] [ 35%] [32mBuilding CXX object CMakeFiles/arduinobot_msgs__rosidl_typesupport_c.dir/rosidl_typesupport_c/arduinobot_msgs/srv/euler_to_quaternion__type_support.cpp.o[0m
[4.483s] [ 39%] [32mBuilding CXX object CMakeFiles/arduinobot_msgs__rosidl_typesupport_c.dir/rosidl_typesupport_c/arduinobot_msgs/srv/add_two_ints__type_support.cpp.o[0m
[4.483s] [ 39%] [32mBuilding CXX object CMakeFiles/arduinobot_msgs__rosidl_typesupport_c.dir/rosidl_typesupport_c/arduinobot_msgs/srv/quaternion_to_euler__type_support.cpp.o[0m
[4.483s] [ 39%] [32mBuilding CXX object CMakeFiles/arduinobot_msgs__rosidl_typesupport_cpp.dir/rosidl_typesupport_cpp/arduinobot_msgs/srv/add_two_ints__type_support.cpp.o[0m
[4.484s] [ 40%] [32mBuilding CXX object CMakeFiles/arduinobot_msgs__rosidl_typesupport_c.dir/rosidl_typesupport_c/arduinobot_msgs/action/fibonacci__type_support.cpp.o[0m
[4.484s] [ 41%] [32mBuilding CXX object CMakeFiles/arduinobot_msgs__rosidl_typesupport_cpp.dir/rosidl_typesupport_cpp/arduinobot_msgs/srv/euler_to_quaternion__type_support.cpp.o[0m
[4.485s] [ 43%] [32mBuilding CXX object CMakeFiles/arduinobot_msgs__rosidl_typesupport_cpp.dir/rosidl_typesupport_cpp/arduinobot_msgs/srv/quaternion_to_euler__type_support.cpp.o[0m
[4.485s] [ 44%] [32mBuilding CXX object CMakeFiles/arduinobot_msgs__rosidl_typesupport_c.dir/rosidl_typesupport_c/arduinobot_msgs/action/arduinobot_task__type_support.cpp.o[0m
[4.485s] [ 45%] [32mBuilding CXX object CMakeFiles/arduinobot_msgs__rosidl_typesupport_cpp.dir/rosidl_typesupport_cpp/arduinobot_msgs/action/fibonacci__type_support.cpp.o[0m
[4.485s] [ 47%] [32mBuilding CXX object CMakeFiles/arduinobot_msgs__rosidl_typesupport_cpp.dir/rosidl_typesupport_cpp/arduinobot_msgs/action/arduinobot_task__type_support.cpp.o[0m
[4.530s] [ 48%] [32m[1mLinking CXX shared library libarduinobot_msgs__rosidl_typesupport_c.so[0m
[4.617s] gmake[2]: warning:  Clock skew detected.  Your build may be incomplete.
[4.625s] [ 50%] [32mBuilding CXX object CMakeFiles/arduinobot_msgs__rosidl_typesupport_introspection_cpp.dir/rosidl_typesupport_introspection_cpp/arduinobot_msgs/action/detail/fibonacci__type_support.cpp.o[0m
[4.625s] [ 51%] [32mBuilding CXX object CMakeFiles/arduinobot_msgs__rosidl_typesupport_introspection_cpp.dir/rosidl_typesupport_introspection_cpp/arduinobot_msgs/action/detail/arduinobot_task__type_support.cpp.o[0m
[4.626s] [ 52%] [32mBuilding CXX object CMakeFiles/arduinobot_msgs__rosidl_typesupport_introspection_cpp.dir/rosidl_typesupport_introspection_cpp/arduinobot_msgs/srv/detail/add_two_ints__type_support.cpp.o[0m
[4.626s] [ 54%] [32mBuilding CXX object CMakeFiles/arduinobot_msgs__rosidl_typesupport_introspection_cpp.dir/rosidl_typesupport_introspection_cpp/arduinobot_msgs/srv/detail/euler_to_quaternion__type_support.cpp.o[0m
[4.626s] [ 55%] [32mBuilding CXX object CMakeFiles/arduinobot_msgs__rosidl_typesupport_introspection_cpp.dir/rosidl_typesupport_introspection_cpp/arduinobot_msgs/srv/detail/quaternion_to_euler__type_support.cpp.o[0m
[4.634s] gmake[2]: warning:  Clock skew detected.  Your build may be incomplete.
[4.644s] [ 55%] Built target arduinobot_msgs__rosidl_typesupport_c
[4.698s] gmake[2]: warning:  Clock skew detected.  Your build may be incomplete.
[4.706s] [ 56%] [32mBuilding C object CMakeFiles/arduinobot_msgs__rosidl_typesupport_introspection_c.dir/rosidl_typesupport_introspection_c/arduinobot_msgs/srv/detail/add_two_ints__type_support.c.o[0m
[4.706s] [ 58%] [32mBuilding C object CMakeFiles/arduinobot_msgs__rosidl_typesupport_introspection_c.dir/rosidl_typesupport_introspection_c/arduinobot_msgs/srv/detail/euler_to_quaternion__type_support.c.o[0m
[4.706s] [ 59%] [32mBuilding C object CMakeFiles/arduinobot_msgs__rosidl_typesupport_introspection_c.dir/rosidl_typesupport_introspection_c/arduinobot_msgs/srv/detail/quaternion_to_euler__type_support.c.o[0m
[4.706s] [ 60%] [32mBuilding C object CMakeFiles/arduinobot_msgs__rosidl_typesupport_introspection_c.dir/rosidl_typesupport_introspection_c/arduinobot_msgs/action/detail/fibonacci__type_support.c.o[0m
[4.707s] [ 62%] [32mBuilding C object CMakeFiles/arduinobot_msgs__rosidl_typesupport_introspection_c.dir/rosidl_typesupport_introspection_c/arduinobot_msgs/action/detail/arduinobot_task__type_support.c.o[0m
[4.779s] [ 63%] [32m[1mLinking C shared library libarduinobot_msgs__rosidl_typesupport_introspection_c.so[0m
[4.888s] gmake[2]: warning:  Clock skew detected.  Your build may be incomplete.
[4.894s] [ 64%] [32mBuilding CXX object CMakeFiles/arduinobot_msgs__rosidl_typesupport_fastrtps_cpp.dir/rosidl_typesupport_fastrtps_cpp/arduinobot_msgs/action/detail/dds_fastrtps/arduinobot_task__type_support.cpp.o[0m
[4.895s] [ 66%] [32mBuilding CXX object CMakeFiles/arduinobot_msgs__rosidl_typesupport_fastrtps_cpp.dir/rosidl_typesupport_fastrtps_cpp/arduinobot_msgs/action/detail/dds_fastrtps/fibonacci__type_support.cpp.o[0m
[4.895s] [ 67%] [32mBuilding CXX object CMakeFiles/arduinobot_msgs__rosidl_typesupport_fastrtps_cpp.dir/rosidl_typesupport_fastrtps_cpp/arduinobot_msgs/srv/detail/dds_fastrtps/add_two_ints__type_support.cpp.o[0m
[4.895s] [ 68%] [32mBuilding CXX object CMakeFiles/arduinobot_msgs__rosidl_typesupport_fastrtps_cpp.dir/rosidl_typesupport_fastrtps_cpp/arduinobot_msgs/srv/detail/dds_fastrtps/quaternion_to_euler__type_support.cpp.o[0m
[4.896s] [ 70%] [32mBuilding CXX object CMakeFiles/arduinobot_msgs__rosidl_typesupport_fastrtps_cpp.dir/rosidl_typesupport_fastrtps_cpp/arduinobot_msgs/srv/detail/dds_fastrtps/euler_to_quaternion__type_support.cpp.o[0m
[4.901s] [ 70%] Built target arduinobot_msgs__rosidl_typesupport_introspection_c
[4.935s] gmake[2]: warning:  Clock skew detected.  Your build may be incomplete.
[4.943s] [ 72%] [32mBuilding CXX object CMakeFiles/arduinobot_msgs__rosidl_typesupport_fastrtps_c.dir/rosidl_typesupport_fastrtps_c/arduinobot_msgs/action/detail/fibonacci__type_support_c.cpp.o[0m
[4.943s] [ 72%] [32mBuilding CXX object CMakeFiles/arduinobot_msgs__rosidl_typesupport_fastrtps_c.dir/rosidl_typesupport_fastrtps_c/arduinobot_msgs/srv/detail/euler_to_quaternion__type_support_c.cpp.o[0m
[4.944s] [ 74%] [32mBuilding CXX object CMakeFiles/arduinobot_msgs__rosidl_typesupport_fastrtps_c.dir/rosidl_typesupport_fastrtps_c/arduinobot_msgs/srv/detail/add_two_ints__type_support_c.cpp.o[0m
[4.944s] [ 75%] [32mBuilding CXX object CMakeFiles/arduinobot_msgs__rosidl_typesupport_fastrtps_c.dir/rosidl_typesupport_fastrtps_c/arduinobot_msgs/srv/detail/quaternion_to_euler__type_support_c.cpp.o[0m
[4.944s] [ 77%] [32mBuilding CXX object CMakeFiles/arduinobot_msgs__rosidl_typesupport_fastrtps_c.dir/rosidl_typesupport_fastrtps_c/arduinobot_msgs/action/detail/arduinobot_task__type_support_c.cpp.o[0m
[5.135s] [ 78%] [32m[1mLinking CXX shared library libarduinobot_msgs__rosidl_typesupport_cpp.so[0m
[5.307s] gmake[2]: warning:  Clock skew detected.  Your build may be incomplete.
[5.314s] [ 78%] Built target arduinobot_msgs__rosidl_typesupport_cpp
[5.366s] [ 79%] [32m[1mLinking CXX shared library libarduinobot_msgs__rosidl_typesupport_introspection_cpp.so[0m
[5.418s] [ 81%] [32m[1mLinking CXX shared library libarduinobot_msgs__rosidl_typesupport_fastrtps_c.so[0m
[5.477s] [ 81%] Built target arduinobot_msgs__rosidl_typesupport_introspection_cpp
[5.495s] [ 81%] Built target arduinobot_msgs__rosidl_typesupport_fastrtps_c
[5.644s] [ 82%] [32m[1mLinking CXX shared library libarduinobot_msgs__rosidl_typesupport_fastrtps_cpp.so[0m
[5.765s] [ 82%] Built target arduinobot_msgs__rosidl_typesupport_fastrtps_cpp
[5.777s] [ 82%] Built target arduinobot_msgs
[5.789s] [ 83%] [34m[1mGenerating Python code for ROS interfaces[0m
[6.646s] [ 83%] Built target arduinobot_msgs__py
[6.657s] [ 89%] [32mBuilding C object CMakeFiles/arduinobot_msgs__rosidl_generator_py.dir/rosidl_generator_py/arduinobot_msgs/srv/_add_two_ints_s.c.o[0m
[6.657s] [ 89%] [32mBuilding C object CMakeFiles/arduinobot_msgs__rosidl_generator_py.dir/rosidl_generator_py/arduinobot_msgs/srv/_quaternion_to_euler_s.c.o[0m
[6.657s] [ 90%] [32mBuilding C object CMakeFiles/arduinobot_msgs__rosidl_generator_py.dir/rosidl_generator_py/arduinobot_msgs/action/_fibonacci_s.c.o[0m
[6.657s] [ 90%] [32mBuilding C object CMakeFiles/arduinobot_msgs__rosidl_generator_py.dir/rosidl_generator_py/arduinobot_msgs/action/_arduinobot_task_s.c.o[0m
[6.658s] [ 89%] [32mBuilding C object CMakeFiles/arduinobot_msgs__rosidl_generator_py.dir/rosidl_generator_py/arduinobot_msgs/srv/_euler_to_quaternion_s.c.o[0m
[6.813s] [ 91%] [32m[1mLinking C shared library libarduinobot_msgs__rosidl_generator_py.so[0m
[6.890s] [ 91%] Built target arduinobot_msgs__rosidl_generator_py
[6.901s] [ 95%] [32mBuilding C object CMakeFiles/arduinobot_msgs_s__rosidl_typesupport_fastrtps_c.dir/rosidl_generator_py/arduinobot_msgs/_arduinobot_msgs_s.ep.rosidl_typesupport_fastrtps_c.c.o[0m
[6.901s] [ 95%] [32mBuilding C object CMakeFiles/arduinobot_msgs_s__rosidl_typesupport_c.dir/rosidl_generator_py/arduinobot_msgs/_arduinobot_msgs_s.ep.rosidl_typesupport_c.c.o[0m
[6.901s] [ 95%] [32mBuilding C object CMakeFiles/arduinobot_msgs_s__rosidl_typesupport_introspection_c.dir/rosidl_generator_py/arduinobot_msgs/_arduinobot_msgs_s.ep.rosidl_typesupport_introspection_c.c.o[0m
[7.002s] [100%] [32m[1mLinking C shared module rosidl_generator_py/arduinobot_msgs/arduinobot_msgs_s__rosidl_typesupport_introspection_c.so[0m
[7.002s] [100%] [32m[1mLinking C shared module rosidl_generator_py/arduinobot_msgs/arduinobot_msgs_s__rosidl_typesupport_fastrtps_c.so[0m
[7.002s] [100%] [32m[1mLinking C shared module rosidl_generator_py/arduinobot_msgs/arduinobot_msgs_s__rosidl_typesupport_c.so[0m
[7.052s] [100%] Built target arduinobot_msgs_s__rosidl_typesupport_fastrtps_c
[7.053s] [100%] Built target arduinobot_msgs_s__rosidl_typesupport_c
[7.053s] [100%] Built target arduinobot_msgs_s__rosidl_typesupport_introspection_c
[7.059s] Invoked command in '/home/theo/arduinobot_ws/src/build/arduinobot_msgs' returned '0': CMAKE_PREFIX_PATH=${CMAKE_PREFIX_PATH}:/opt/ros/jazzy /usr/bin/cmake --build /home/theo/arduinobot_ws/src/build/arduinobot_msgs -- -j20 -l20
[7.060s] Invoking command in '/home/theo/arduinobot_ws/src/build/arduinobot_msgs': CMAKE_PREFIX_PATH=${CMAKE_PREFIX_PATH}:/opt/ros/jazzy /usr/bin/cmake --install /home/theo/arduinobot_ws/src/build/arduinobot_msgs
[7.064s] -- Install configuration: ""
[7.065s] -- Installing: /home/theo/arduinobot_ws/src/install/arduinobot_msgs/share/ament_index/resource_index/rosidl_interfaces/arduinobot_msgs
[7.065s] -- Installing: /home/theo/arduinobot_ws/src/install/arduinobot_msgs/share/arduinobot_msgs/srv/AddTwoInts.json
[7.065s] -- Installing: /home/theo/arduinobot_ws/src/install/arduinobot_msgs/share/arduinobot_msgs/srv/EulerToQuaternion.json
[7.065s] -- Installing: /home/theo/arduinobot_ws/src/install/arduinobot_msgs/share/arduinobot_msgs/srv/QuaternionToEuler.json
[7.065s] -- Installing: /home/theo/arduinobot_ws/src/install/arduinobot_msgs/share/arduinobot_msgs/action/Fibonacci.json
[7.065s] -- Installing: /home/theo/arduinobot_ws/src/install/arduinobot_msgs/share/arduinobot_msgs/action/ArduinobotTask.json
[7.065s] -- Installing: /home/theo/arduinobot_ws/src/install/arduinobot_msgs/include/arduinobot_msgs/arduinobot_msgs
[7.066s] -- Installing: /home/theo/arduinobot_ws/src/install/arduinobot_msgs/include/arduinobot_msgs/arduinobot_msgs/action
[7.066s] -- Installing: /home/theo/arduinobot_ws/src/install/arduinobot_msgs/include/arduinobot_msgs/arduinobot_msgs/action/detail
[7.066s] -- Installing: /home/theo/arduinobot_ws/src/install/arduinobot_msgs/include/arduinobot_msgs/arduinobot_msgs/action/detail/arduinobot_task__functions.c
[7.066s] -- Installing: /home/theo/arduinobot_ws/src/install/arduinobot_msgs/include/arduinobot_msgs/arduinobot_msgs/action/detail/arduinobot_task__type_support.h
[7.066s] -- Installing: /home/theo/arduinobot_ws/src/install/arduinobot_msgs/include/arduinobot_msgs/arduinobot_msgs/action/detail/fibonacci__functions.h
[7.066s] -- Installing: /home/theo/arduinobot_ws/src/install/arduinobot_msgs/include/arduinobot_msgs/arduinobot_msgs/action/detail/arduinobot_task__functions.h
[7.066s] -- Installing: /home/theo/arduinobot_ws/src/install/arduinobot_msgs/include/arduinobot_msgs/arduinobot_msgs/action/detail/fibonacci__struct.h
[7.066s] -- Installing: /home/theo/arduinobot_ws/src/install/arduinobot_msgs/include/arduinobot_msgs/arduinobot_msgs/action/detail/fibonacci__description.c
[7.066s] -- Installing: /home/theo/arduinobot_ws/src/install/arduinobot_msgs/include/arduinobot_msgs/arduinobot_msgs/action/detail/arduinobot_task__type_support.c
[7.066s] -- Installing: /home/theo/arduinobot_ws/src/install/arduinobot_msgs/include/arduinobot_msgs/arduinobot_msgs/action/detail/arduinobot_task__description.c
[7.066s] -- Installing: /home/theo/arduinobot_ws/src/install/arduinobot_msgs/include/arduinobot_msgs/arduinobot_msgs/action/detail/fibonacci__type_support.h
[7.067s] -- Installing: /home/theo/arduinobot_ws/src/install/arduinobot_msgs/include/arduinobot_msgs/arduinobot_msgs/action/detail/arduinobot_task__struct.h
[7.067s] -- Installing: /home/theo/arduinobot_ws/src/install/arduinobot_msgs/include/arduinobot_msgs/arduinobot_msgs/action/detail/fibonacci__type_support.c
[7.067s] -- Installing: /home/theo/arduinobot_ws/src/install/arduinobot_msgs/include/arduinobot_msgs/arduinobot_msgs/action/detail/fibonacci__functions.c
[7.067s] -- Installing: /home/theo/arduinobot_ws/src/install/arduinobot_msgs/include/arduinobot_msgs/arduinobot_msgs/action/arduinobot_task.h
[7.067s] -- Installing: /home/theo/arduinobot_ws/src/install/arduinobot_msgs/include/arduinobot_msgs/arduinobot_msgs/action/fibonacci.h
[7.067s] -- Installing: /home/theo/arduinobot_ws/src/install/arduinobot_msgs/include/arduinobot_msgs/arduinobot_msgs/srv
[7.067s] -- Installing: /home/theo/arduinobot_ws/src/install/arduinobot_msgs/include/arduinobot_msgs/arduinobot_msgs/srv/detail
[7.067s] -- Installing: /home/theo/arduinobot_ws/src/install/arduinobot_msgs/include/arduinobot_msgs/arduinobot_msgs/srv/detail/euler_to_quaternion__description.c
[7.067s] -- Installing: /home/theo/arduinobot_ws/src/install/arduinobot_msgs/include/arduinobot_msgs/arduinobot_msgs/srv/detail/quaternion_to_euler__description.c
[7.067s] -- Installing: /home/theo/arduinobot_ws/src/install/arduinobot_msgs/include/arduinobot_msgs/arduinobot_msgs/srv/detail/euler_to_quaternion__functions.h
[7.068s] -- Installing: /home/theo/arduinobot_ws/src/install/arduinobot_msgs/include/arduinobot_msgs/arduinobot_msgs/srv/detail/euler_to_quaternion__struct.h
[7.068s] -- Installing: /home/theo/arduinobot_ws/src/install/arduinobot_msgs/include/arduinobot_msgs/arduinobot_msgs/srv/detail/quaternion_to_euler__type_support.h
[7.068s] -- Installing: /home/theo/arduinobot_ws/src/install/arduinobot_msgs/include/arduinobot_msgs/arduinobot_msgs/srv/detail/quaternion_to_euler__functions.h
[7.068s] -- Installing: /home/theo/arduinobot_ws/src/install/arduinobot_msgs/include/arduinobot_msgs/arduinobot_msgs/srv/detail/add_two_ints__struct.h
[7.068s] -- Installing: /home/theo/arduinobot_ws/src/install/arduinobot_msgs/include/arduinobot_msgs/arduinobot_msgs/srv/detail/quaternion_to_euler__functions.c
[7.068s] -- Installing: /home/theo/arduinobot_ws/src/install/arduinobot_msgs/include/arduinobot_msgs/arduinobot_msgs/srv/detail/add_two_ints__functions.h
[7.068s] -- Installing: /home/theo/arduinobot_ws/src/install/arduinobot_msgs/include/arduinobot_msgs/arduinobot_msgs/srv/detail/quaternion_to_euler__struct.h
[7.068s] -- Installing: /home/theo/arduinobot_ws/src/install/arduinobot_msgs/include/arduinobot_msgs/arduinobot_msgs/srv/detail/quaternion_to_euler__type_support.c
[7.068s] -- Installing: /home/theo/arduinobot_ws/src/install/arduinobot_msgs/include/arduinobot_msgs/arduinobot_msgs/srv/detail/add_two_ints__type_support.c
[7.068s] -- Installing: /home/theo/arduinobot_ws/src/install/arduinobot_msgs/include/arduinobot_msgs/arduinobot_msgs/srv/detail/add_two_ints__functions.c
[7.068s] -- Installing: /home/theo/arduinobot_ws/src/install/arduinobot_msgs/include/arduinobot_msgs/arduinobot_msgs/srv/detail/add_two_ints__description.c
[7.069s] -- Installing: /home/theo/arduinobot_ws/src/install/arduinobot_msgs/include/arduinobot_msgs/arduinobot_msgs/srv/detail/euler_to_quaternion__functions.c
[7.069s] -- Installing: /home/theo/arduinobot_ws/src/install/arduinobot_msgs/include/arduinobot_msgs/arduinobot_msgs/srv/detail/euler_to_quaternion__type_support.h
[7.069s] -- Installing: /home/theo/arduinobot_ws/src/install/arduinobot_msgs/include/arduinobot_msgs/arduinobot_msgs/srv/detail/euler_to_quaternion__type_support.c
[7.069s] -- Installing: /home/theo/arduinobot_ws/src/install/arduinobot_msgs/include/arduinobot_msgs/arduinobot_msgs/srv/detail/add_two_ints__type_support.h
[7.069s] -- Installing: /home/theo/arduinobot_ws/src/install/arduinobot_msgs/include/arduinobot_msgs/arduinobot_msgs/srv/euler_to_quaternion.h
[7.069s] -- Installing: /home/theo/arduinobot_ws/src/install/arduinobot_msgs/include/arduinobot_msgs/arduinobot_msgs/srv/add_two_ints.h
[7.069s] -- Installing: /home/theo/arduinobot_ws/src/install/arduinobot_msgs/include/arduinobot_msgs/arduinobot_msgs/srv/quaternion_to_euler.h
[7.069s] -- Installing: /home/theo/arduinobot_ws/src/install/arduinobot_msgs/include/arduinobot_msgs/arduinobot_msgs/msg
[7.069s] -- Installing: /home/theo/arduinobot_ws/src/install/arduinobot_msgs/include/arduinobot_msgs/arduinobot_msgs/msg/rosidl_generator_c__visibility_control.h
[7.069s] -- Installing: /home/theo/arduinobot_ws/src/install/arduinobot_msgs/share/arduinobot_msgs/environment/library_path.sh
[7.069s] -- Installing: /home/theo/arduinobot_ws/src/install/arduinobot_msgs/share/arduinobot_msgs/environment/library_path.dsv
[7.070s] -- Installing: /home/theo/arduinobot_ws/src/install/arduinobot_msgs/lib/libarduinobot_msgs__rosidl_generator_c.so
[7.070s] -- Set non-toolchain portion of runtime path of "/home/theo/arduinobot_ws/src/install/arduinobot_msgs/lib/libarduinobot_msgs__rosidl_generator_c.so" to ""
[7.070s] -- Up-to-date: /home/theo/arduinobot_ws/src/install/arduinobot_msgs/include/arduinobot_msgs/arduinobot_msgs
[7.070s] -- Up-to-date: /home/theo/arduinobot_ws/src/install/arduinobot_msgs/include/arduinobot_msgs/arduinobot_msgs/action
[7.070s] -- Up-to-date: /home/theo/arduinobot_ws/src/install/arduinobot_msgs/include/arduinobot_msgs/arduinobot_msgs/action/detail
[7.070s] -- Installing: /home/theo/arduinobot_ws/src/install/arduinobot_msgs/include/arduinobot_msgs/arduinobot_msgs/action/detail/arduinobot_task__rosidl_typesupport_fastrtps_c.h
[7.070s] -- Installing: /home/theo/arduinobot_ws/src/install/arduinobot_msgs/include/arduinobot_msgs/arduinobot_msgs/action/detail/fibonacci__rosidl_typesupport_fastrtps_c.h
[7.070s] -- Up-to-date: /home/theo/arduinobot_ws/src/install/arduinobot_msgs/include/arduinobot_msgs/arduinobot_msgs/srv
[7.070s] -- Up-to-date: /home/theo/arduinobot_ws/src/install/arduinobot_msgs/include/arduinobot_msgs/arduinobot_msgs/srv/detail
[7.070s] -- Installing: /home/theo/arduinobot_ws/src/install/arduinobot_msgs/include/arduinobot_msgs/arduinobot_msgs/srv/detail/quaternion_to_euler__rosidl_typesupport_fastrtps_c.h
[7.070s] -- Installing: /home/theo/arduinobot_ws/src/install/arduinobot_msgs/include/arduinobot_msgs/arduinobot_msgs/srv/detail/euler_to_quaternion__rosidl_typesupport_fastrtps_c.h
[7.070s] -- Installing: /home/theo/arduinobot_ws/src/install/arduinobot_msgs/include/arduinobot_msgs/arduinobot_msgs/srv/detail/add_two_ints__rosidl_typesupport_fastrtps_c.h
[7.071s] -- Up-to-date: /home/theo/arduinobot_ws/src/install/arduinobot_msgs/include/arduinobot_msgs/arduinobot_msgs/msg
[7.071s] -- Installing: /home/theo/arduinobot_ws/src/install/arduinobot_msgs/include/arduinobot_msgs/arduinobot_msgs/msg/rosidl_typesupport_fastrtps_c__visibility_control.h
[7.071s] -- Installing: /home/theo/arduinobot_ws/src/install/arduinobot_msgs/lib/libarduinobot_msgs__rosidl_typesupport_fastrtps_c.so
[7.071s] -- Set non-toolchain portion of runtime path of "/home/theo/arduinobot_ws/src/install/arduinobot_msgs/lib/libarduinobot_msgs__rosidl_typesupport_fastrtps_c.so" to ""
[7.071s] -- Up-to-date: /home/theo/arduinobot_ws/src/install/arduinobot_msgs/include/arduinobot_msgs/arduinobot_msgs
[7.071s] -- Up-to-date: /home/theo/arduinobot_ws/src/install/arduinobot_msgs/include/arduinobot_msgs/arduinobot_msgs/action
[7.071s] -- Up-to-date: /home/theo/arduinobot_ws/src/install/arduinobot_msgs/include/arduinobot_msgs/arduinobot_msgs/action/detail
[7.071s] -- Installing: /home/theo/arduinobot_ws/src/install/arduinobot_msgs/include/arduinobot_msgs/arduinobot_msgs/action/detail/fibonacci__builder.hpp
[7.071s] -- Installing: /home/theo/arduinobot_ws/src/install/arduinobot_msgs/include/arduinobot_msgs/arduinobot_msgs/action/detail/arduinobot_task__type_support.hpp
[7.072s] -- Installing: /home/theo/arduinobot_ws/src/install/arduinobot_msgs/include/arduinobot_msgs/arduinobot_msgs/action/detail/fibonacci__traits.hpp
[7.072s] -- Installing: /home/theo/arduinobot_ws/src/install/arduinobot_msgs/include/arduinobot_msgs/arduinobot_msgs/action/detail/fibonacci__type_support.hpp
[7.072s] -- Installing: /home/theo/arduinobot_ws/src/install/arduinobot_msgs/include/arduinobot_msgs/arduinobot_msgs/action/detail/fibonacci__struct.hpp
[7.072s] -- Installing: /home/theo/arduinobot_ws/src/install/arduinobot_msgs/include/arduinobot_msgs/arduinobot_msgs/action/detail/arduinobot_task__traits.hpp
[7.072s] -- Installing: /home/theo/arduinobot_ws/src/install/arduinobot_msgs/include/arduinobot_msgs/arduinobot_msgs/action/detail/arduinobot_task__struct.hpp
[7.072s] -- Installing: /home/theo/arduinobot_ws/src/install/arduinobot_msgs/include/arduinobot_msgs/arduinobot_msgs/action/detail/arduinobot_task__builder.hpp
[7.072s] -- Installing: /home/theo/arduinobot_ws/src/install/arduinobot_msgs/include/arduinobot_msgs/arduinobot_msgs/action/fibonacci.hpp
[7.072s] -- Installing: /home/theo/arduinobot_ws/src/install/arduinobot_msgs/include/arduinobot_msgs/arduinobot_msgs/action/arduinobot_task.hpp
[7.073s] -- Up-to-date: /home/theo/arduinobot_ws/src/install/arduinobot_msgs/include/arduinobot_msgs/arduinobot_msgs/srv
[7.073s] -- Up-to-date: /home/theo/arduinobot_ws/src/install/arduinobot_msgs/include/arduinobot_msgs/arduinobot_msgs/srv/detail
[7.073s] -- Installing: /home/theo/arduinobot_ws/src/install/arduinobot_msgs/include/arduinobot_msgs/arduinobot_msgs/srv/detail/add_two_ints__struct.hpp
[7.073s] -- Installing: /home/theo/arduinobot_ws/src/install/arduinobot_msgs/include/arduinobot_msgs/arduinobot_msgs/srv/detail/euler_to_quaternion__builder.hpp
[7.073s] -- Installing: /home/theo/arduinobot_ws/src/install/arduinobot_msgs/include/arduinobot_msgs/arduinobot_msgs/srv/detail/quaternion_to_euler__type_support.hpp
[7.073s] -- Installing: /home/theo/arduinobot_ws/src/install/arduinobot_msgs/include/arduinobot_msgs/arduinobot_msgs/srv/detail/add_two_ints__builder.hpp
[7.073s] -- Installing: /home/theo/arduinobot_ws/src/install/arduinobot_msgs/include/arduinobot_msgs/arduinobot_msgs/srv/detail/add_two_ints__traits.hpp
[7.073s] -- Installing: /home/theo/arduinobot_ws/src/install/arduinobot_msgs/include/arduinobot_msgs/arduinobot_msgs/srv/detail/euler_to_quaternion__struct.hpp
[7.073s] -- Installing: /home/theo/arduinobot_ws/src/install/arduinobot_msgs/include/arduinobot_msgs/arduinobot_msgs/srv/detail/euler_to_quaternion__type_support.hpp
[7.073s] -- Installing: /home/theo/arduinobot_ws/src/install/arduinobot_msgs/include/arduinobot_msgs/arduinobot_msgs/srv/detail/add_two_ints__type_support.hpp
[7.073s] -- Installing: /home/theo/arduinobot_ws/src/install/arduinobot_msgs/include/arduinobot_msgs/arduinobot_msgs/srv/detail/quaternion_to_euler__struct.hpp
[7.074s] -- Installing: /home/theo/arduinobot_ws/src/install/arduinobot_msgs/include/arduinobot_msgs/arduinobot_msgs/srv/detail/quaternion_to_euler__builder.hpp
[7.074s] -- Installing: /home/theo/arduinobot_ws/src/install/arduinobot_msgs/include/arduinobot_msgs/arduinobot_msgs/srv/detail/euler_to_quaternion__traits.hpp
[7.074s] -- Installing: /home/theo/arduinobot_ws/src/install/arduinobot_msgs/include/arduinobot_msgs/arduinobot_msgs/srv/detail/quaternion_to_euler__traits.hpp
[7.074s] -- Installing: /home/theo/arduinobot_ws/src/install/arduinobot_msgs/include/arduinobot_msgs/arduinobot_msgs/srv/euler_to_quaternion.hpp
[7.074s] -- Installing: /home/theo/arduinobot_ws/src/install/arduinobot_msgs/include/arduinobot_msgs/arduinobot_msgs/srv/quaternion_to_euler.hpp
[7.074s] -- Installing: /home/theo/arduinobot_ws/src/install/arduinobot_msgs/include/arduinobot_msgs/arduinobot_msgs/srv/add_two_ints.hpp
[7.074s] -- Up-to-date: /home/theo/arduinobot_ws/src/install/arduinobot_msgs/include/arduinobot_msgs/arduinobot_msgs/msg
[7.074s] -- Installing: /home/theo/arduinobot_ws/src/install/arduinobot_msgs/include/arduinobot_msgs/arduinobot_msgs/msg/rosidl_generator_cpp__visibility_control.hpp
[7.074s] -- Up-to-date: /home/theo/arduinobot_ws/src/install/arduinobot_msgs/include/arduinobot_msgs/arduinobot_msgs
[7.074s] -- Up-to-date: /home/theo/arduinobot_ws/src/install/arduinobot_msgs/include/arduinobot_msgs/arduinobot_msgs/action
[7.075s] -- Up-to-date: /home/theo/arduinobot_ws/src/install/arduinobot_msgs/include/arduinobot_msgs/arduinobot_msgs/action/detail
[7.075s] -- Installing: /home/theo/arduinobot_ws/src/install/arduinobot_msgs/include/arduinobot_msgs/arduinobot_msgs/action/detail/fibonacci__rosidl_typesupport_fastrtps_cpp.hpp
[7.075s] -- Installing: /home/theo/arduinobot_ws/src/install/arduinobot_msgs/include/arduinobot_msgs/arduinobot_msgs/action/detail/dds_fastrtps
[7.075s] -- Installing: /home/theo/arduinobot_ws/src/install/arduinobot_msgs/include/arduinobot_msgs/arduinobot_msgs/action/detail/arduinobot_task__rosidl_typesupport_fastrtps_cpp.hpp
[7.075s] -- Up-to-date: /home/theo/arduinobot_ws/src/install/arduinobot_msgs/include/arduinobot_msgs/arduinobot_msgs/srv
[7.075s] -- Up-to-date: /home/theo/arduinobot_ws/src/install/arduinobot_msgs/include/arduinobot_msgs/arduinobot_msgs/srv/detail
[7.075s] -- Installing: /home/theo/arduinobot_ws/src/install/arduinobot_msgs/include/arduinobot_msgs/arduinobot_msgs/srv/detail/add_two_ints__rosidl_typesupport_fastrtps_cpp.hpp
[7.075s] -- Installing: /home/theo/arduinobot_ws/src/install/arduinobot_msgs/include/arduinobot_msgs/arduinobot_msgs/srv/detail/euler_to_quaternion__rosidl_typesupport_fastrtps_cpp.hpp
[7.075s] -- Installing: /home/theo/arduinobot_ws/src/install/arduinobot_msgs/include/arduinobot_msgs/arduinobot_msgs/srv/detail/quaternion_to_euler__rosidl_typesupport_fastrtps_cpp.hpp
[7.075s] -- Installing: /home/theo/arduinobot_ws/src/install/arduinobot_msgs/include/arduinobot_msgs/arduinobot_msgs/srv/detail/dds_fastrtps
[7.075s] -- Up-to-date: /home/theo/arduinobot_ws/src/install/arduinobot_msgs/include/arduinobot_msgs/arduinobot_msgs/msg
[7.076s] -- Installing: /home/theo/arduinobot_ws/src/install/arduinobot_msgs/include/arduinobot_msgs/arduinobot_msgs/msg/rosidl_typesupport_fastrtps_cpp__visibility_control.h
[7.076s] -- Installing: /home/theo/arduinobot_ws/src/install/arduinobot_msgs/lib/libarduinobot_msgs__rosidl_typesupport_fastrtps_cpp.so
[7.076s] -- Set non-toolchain portion of runtime path of "/home/theo/arduinobot_ws/src/install/arduinobot_msgs/lib/libarduinobot_msgs__rosidl_typesupport_fastrtps_cpp.so" to ""
[7.076s] -- Up-to-date: /home/theo/arduinobot_ws/src/install/arduinobot_msgs/include/arduinobot_msgs/arduinobot_msgs
[7.076s] -- Up-to-date: /home/theo/arduinobot_ws/src/install/arduinobot_msgs/include/arduinobot_msgs/arduinobot_msgs/action
[7.076s] -- Up-to-date: /home/theo/arduinobot_ws/src/install/arduinobot_msgs/include/arduinobot_msgs/arduinobot_msgs/action/detail
[7.076s] -- Up-to-date: /home/theo/arduinobot_ws/src/install/arduinobot_msgs/include/arduinobot_msgs/arduinobot_msgs/action/detail/arduinobot_task__type_support.c
[7.076s] -- Installing: /home/theo/arduinobot_ws/src/install/arduinobot_msgs/include/arduinobot_msgs/arduinobot_msgs/action/detail/fibonacci__rosidl_typesupport_introspection_c.h
[7.076s] -- Up-to-date: /home/theo/arduinobot_ws/src/install/arduinobot_msgs/include/arduinobot_msgs/arduinobot_msgs/action/detail/fibonacci__type_support.c
[7.076s] -- Installing: /home/theo/arduinobot_ws/src/install/arduinobot_msgs/include/arduinobot_msgs/arduinobot_msgs/action/detail/arduinobot_task__rosidl_typesupport_introspection_c.h
[7.077s] -- Up-to-date: /home/theo/arduinobot_ws/src/install/arduinobot_msgs/include/arduinobot_msgs/arduinobot_msgs/srv
[7.077s] -- Up-to-date: /home/theo/arduinobot_ws/src/install/arduinobot_msgs/include/arduinobot_msgs/arduinobot_msgs/srv/detail
[7.077s] -- Installing: /home/theo/arduinobot_ws/src/install/arduinobot_msgs/include/arduinobot_msgs/arduinobot_msgs/srv/detail/add_two_ints__rosidl_typesupport_introspection_c.h
[7.077s] -- Installing: /home/theo/arduinobot_ws/src/install/arduinobot_msgs/include/arduinobot_msgs/arduinobot_msgs/srv/detail/euler_to_quaternion__rosidl_typesupport_introspection_c.h
[7.077s] -- Up-to-date: /home/theo/arduinobot_ws/src/install/arduinobot_msgs/include/arduinobot_msgs/arduinobot_msgs/srv/detail/quaternion_to_euler__type_support.c
[7.077s] -- Up-to-date: /home/theo/arduinobot_ws/src/install/arduinobot_msgs/include/arduinobot_msgs/arduinobot_msgs/srv/detail/add_two_ints__type_support.c
[7.077s] -- Up-to-date: /home/theo/arduinobot_ws/src/install/arduinobot_msgs/include/arduinobot_msgs/arduinobot_msgs/srv/detail/euler_to_quaternion__type_support.c
[7.077s] -- Installing: /home/theo/arduinobot_ws/src/install/arduinobot_msgs/include/arduinobot_msgs/arduinobot_msgs/srv/detail/quaternion_to_euler__rosidl_typesupport_introspection_c.h
[7.077s] -- Up-to-date: /home/theo/arduinobot_ws/src/install/arduinobot_msgs/include/arduinobot_msgs/arduinobot_msgs/msg
[7.077s] -- Installing: /home/theo/arduinobot_ws/src/install/arduinobot_msgs/include/arduinobot_msgs/arduinobot_msgs/msg/rosidl_typesupport_introspection_c__visibility_control.h
[7.077s] -- Installing: /home/theo/arduinobot_ws/src/install/arduinobot_msgs/lib/libarduinobot_msgs__rosidl_typesupport_introspection_c.so
[7.078s] -- Set non-toolchain portion of runtime path of "/home/theo/arduinobot_ws/src/install/arduinobot_msgs/lib/libarduinobot_msgs__rosidl_typesupport_introspection_c.so" to ""
[7.078s] -- Installing: /home/theo/arduinobot_ws/src/install/arduinobot_msgs/lib/libarduinobot_msgs__rosidl_typesupport_c.so
[7.078s] -- Set non-toolchain portion of runtime path of "/home/theo/arduinobot_ws/src/install/arduinobot_msgs/lib/libarduinobot_msgs__rosidl_typesupport_c.so" to ""
[7.078s] -- Up-to-date: /home/theo/arduinobot_ws/src/install/arduinobot_msgs/include/arduinobot_msgs/arduinobot_msgs
[7.078s] -- Up-to-date: /home/theo/arduinobot_ws/src/install/arduinobot_msgs/include/arduinobot_msgs/arduinobot_msgs/action
[7.078s] -- Up-to-date: /home/theo/arduinobot_ws/src/install/arduinobot_msgs/include/arduinobot_msgs/arduinobot_msgs/action/detail
[7.078s] -- Installing: /home/theo/arduinobot_ws/src/install/arduinobot_msgs/include/arduinobot_msgs/arduinobot_msgs/action/detail/fibonacci__rosidl_typesupport_introspection_cpp.hpp
[7.078s] -- Installing: /home/theo/arduinobot_ws/src/install/arduinobot_msgs/include/arduinobot_msgs/arduinobot_msgs/action/detail/arduinobot_task__rosidl_typesupport_introspection_cpp.hpp
[7.078s] -- Installing: /home/theo/arduinobot_ws/src/install/arduinobot_msgs/include/arduinobot_msgs/arduinobot_msgs/action/detail/arduinobot_task__type_support.cpp
[7.079s] -- Installing: /home/theo/arduinobot_ws/src/install/arduinobot_msgs/include/arduinobot_msgs/arduinobot_msgs/action/detail/fibonacci__type_support.cpp
[7.079s] -- Up-to-date: /home/theo/arduinobot_ws/src/install/arduinobot_msgs/include/arduinobot_msgs/arduinobot_msgs/srv
[7.079s] -- Up-to-date: /home/theo/arduinobot_ws/src/install/arduinobot_msgs/include/arduinobot_msgs/arduinobot_msgs/srv/detail
[7.079s] -- Installing: /home/theo/arduinobot_ws/src/install/arduinobot_msgs/include/arduinobot_msgs/arduinobot_msgs/srv/detail/add_two_ints__rosidl_typesupport_introspection_cpp.hpp
[7.079s] -- Installing: /home/theo/arduinobot_ws/src/install/arduinobot_msgs/include/arduinobot_msgs/arduinobot_msgs/srv/detail/euler_to_quaternion__rosidl_typesupport_introspection_cpp.hpp
[7.079s] -- Installing: /home/theo/arduinobot_ws/src/install/arduinobot_msgs/include/arduinobot_msgs/arduinobot_msgs/srv/detail/euler_to_quaternion__type_support.cpp
[7.079s] -- Installing: /home/theo/arduinobot_ws/src/install/arduinobot_msgs/include/arduinobot_msgs/arduinobot_msgs/srv/detail/quaternion_to_euler__type_support.cpp
[7.079s] -- Installing: /home/theo/arduinobot_ws/src/install/arduinobot_msgs/include/arduinobot_msgs/arduinobot_msgs/srv/detail/quaternion_to_euler__rosidl_typesupport_introspection_cpp.hpp
[7.079s] -- Installing: /home/theo/arduinobot_ws/src/install/arduinobot_msgs/include/arduinobot_msgs/arduinobot_msgs/srv/detail/add_two_ints__type_support.cpp
[7.079s] -- Installing: /home/theo/arduinobot_ws/src/install/arduinobot_msgs/lib/libarduinobot_msgs__rosidl_typesupport_introspection_cpp.so
[7.079s] -- Set non-toolchain portion of runtime path of "/home/theo/arduinobot_ws/src/install/arduinobot_msgs/lib/libarduinobot_msgs__rosidl_typesupport_introspection_cpp.so" to ""
[7.079s] -- Installing: /home/theo/arduinobot_ws/src/install/arduinobot_msgs/lib/libarduinobot_msgs__rosidl_typesupport_cpp.so
[7.079s] -- Set non-toolchain portion of runtime path of "/home/theo/arduinobot_ws/src/install/arduinobot_msgs/lib/libarduinobot_msgs__rosidl_typesupport_cpp.so" to ""
[7.079s] -- Installing: /home/theo/arduinobot_ws/src/install/arduinobot_msgs/share/arduinobot_msgs/environment/pythonpath.sh
[7.079s] -- Installing: /home/theo/arduinobot_ws/src/install/arduinobot_msgs/share/arduinobot_msgs/environment/pythonpath.dsv
[7.079s] -- Installing: /home/theo/arduinobot_ws/src/install/arduinobot_msgs/lib/python3.12/site-packages/arduinobot_msgs-0.0.0-py3.12.egg-info
[7.079s] -- Installing: /home/theo/arduinobot_ws/src/install/arduinobot_msgs/lib/python3.12/site-packages/arduinobot_msgs-0.0.0-py3.12.egg-info/dependency_links.txt
[7.079s] -- Installing: /home/theo/arduinobot_ws/src/install/arduinobot_msgs/lib/python3.12/site-packages/arduinobot_msgs-0.0.0-py3.12.egg-info/top_level.txt
[7.079s] -- Installing: /home/theo/arduinobot_ws/src/install/arduinobot_msgs/lib/python3.12/site-packages/arduinobot_msgs-0.0.0-py3.12.egg-info/SOURCES.txt
[7.079s] -- Installing: /home/theo/arduinobot_ws/src/install/arduinobot_msgs/lib/python3.12/site-packages/arduinobot_msgs-0.0.0-py3.12.egg-info/PKG-INFO
[7.079s] -- Installing: /home/theo/arduinobot_ws/src/install/arduinobot_msgs/lib/python3.12/site-packages/arduinobot_msgs
[7.079s] -- Installing: /home/theo/arduinobot_ws/src/install/arduinobot_msgs/lib/python3.12/site-packages/arduinobot_msgs/action
[7.079s] -- Installing: /home/theo/arduinobot_ws/src/install/arduinobot_msgs/lib/python3.12/site-packages/arduinobot_msgs/action/_arduinobot_task_s.c
[7.079s] -- Installing: /home/theo/arduinobot_ws/src/install/arduinobot_msgs/lib/python3.12/site-packages/arduinobot_msgs/action/_fibonacci.py
[7.079s] -- Installing: /home/theo/arduinobot_ws/src/install/arduinobot_msgs/lib/python3.12/site-packages/arduinobot_msgs/action/__init__.py
[7.080s] -- Installing: /home/theo/arduinobot_ws/src/install/arduinobot_msgs/lib/python3.12/site-packages/arduinobot_msgs/action/_fibonacci_s.c
[7.080s] -- Installing: /home/theo/arduinobot_ws/src/install/arduinobot_msgs/lib/python3.12/site-packages/arduinobot_msgs/action/_arduinobot_task.py
[7.080s] -- Installing: /home/theo/arduinobot_ws/src/install/arduinobot_msgs/lib/python3.12/site-packages/arduinobot_msgs/_arduinobot_msgs_s.ep.rosidl_typesupport_introspection_c.c
[7.080s] -- Installing: /home/theo/arduinobot_ws/src/install/arduinobot_msgs/lib/python3.12/site-packages/arduinobot_msgs/_arduinobot_msgs_s.ep.rosidl_typesupport_c.c
[7.080s] -- Installing: /home/theo/arduinobot_ws/src/install/arduinobot_msgs/lib/python3.12/site-packages/arduinobot_msgs/srv
[7.080s] -- Installing: /home/theo/arduinobot_ws/src/install/arduinobot_msgs/lib/python3.12/site-packages/arduinobot_msgs/srv/_euler_to_quaternion_s.c
[7.080s] -- Installing: /home/theo/arduinobot_ws/src/install/arduinobot_msgs/lib/python3.12/site-packages/arduinobot_msgs/srv/_add_two_ints.py
[7.080s] -- Installing: /home/theo/arduinobot_ws/src/install/arduinobot_msgs/lib/python3.12/site-packages/arduinobot_msgs/srv/_quaternion_to_euler.py
[7.080s] -- Installing: /home/theo/arduinobot_ws/src/install/arduinobot_msgs/lib/python3.12/site-packages/arduinobot_msgs/srv/_add_two_ints_s.c
[7.080s] -- Installing: /home/theo/arduinobot_ws/src/install/arduinobot_msgs/lib/python3.12/site-packages/arduinobot_msgs/srv/_quaternion_to_euler_s.c
[7.080s] -- Installing: /home/theo/arduinobot_ws/src/install/arduinobot_msgs/lib/python3.12/site-packages/arduinobot_msgs/srv/__init__.py
[7.080s] -- Installing: /home/theo/arduinobot_ws/src/install/arduinobot_msgs/lib/python3.12/site-packages/arduinobot_msgs/srv/_euler_to_quaternion.py
[7.080s] -- Installing: /home/theo/arduinobot_ws/src/install/arduinobot_msgs/lib/python3.12/site-packages/arduinobot_msgs/arduinobot_msgs_s__rosidl_typesupport_c.so
[7.080s] -- Installing: /home/theo/arduinobot_ws/src/install/arduinobot_msgs/lib/python3.12/site-packages/arduinobot_msgs/_arduinobot_msgs_s.ep.rosidl_typesupport_fastrtps_c.c
[7.080s] -- Installing: /home/theo/arduinobot_ws/src/install/arduinobot_msgs/lib/python3.12/site-packages/arduinobot_msgs/__init__.py
[7.080s] -- Installing: /home/theo/arduinobot_ws/src/install/arduinobot_msgs/lib/python3.12/site-packages/arduinobot_msgs/arduinobot_msgs_s__rosidl_typesupport_introspection_c.so
[7.080s] -- Installing: /home/theo/arduinobot_ws/src/install/arduinobot_msgs/lib/python3.12/site-packages/arduinobot_msgs/arduinobot_msgs_s__rosidl_typesupport_fastrtps_c.so
[7.119s] Listing '/home/theo/arduinobot_ws/src/install/arduinobot_msgs/lib/python3.12/site-packages/arduinobot_msgs'...
[7.119s] Compiling '/home/theo/arduinobot_ws/src/install/arduinobot_msgs/lib/python3.12/site-packages/arduinobot_msgs/__init__.py'...
[7.119s] Listing '/home/theo/arduinobot_ws/src/install/arduinobot_msgs/lib/python3.12/site-packages/arduinobot_msgs/action'...
[7.119s] Compiling '/home/theo/arduinobot_ws/src/install/arduinobot_msgs/lib/python3.12/site-packages/arduinobot_msgs/action/__init__.py'...
[7.119s] Compiling '/home/theo/arduinobot_ws/src/install/arduinobot_msgs/lib/python3.12/site-packages/arduinobot_msgs/action/_arduinobot_task.py'...
[7.119s] Compiling '/home/theo/arduinobot_ws/src/install/arduinobot_msgs/lib/python3.12/site-packages/arduinobot_msgs/action/_fibonacci.py'...
[7.119s] Listing '/home/theo/arduinobot_ws/src/install/arduinobot_msgs/lib/python3.12/site-packages/arduinobot_msgs/srv'...
[7.119s] Compiling '/home/theo/arduinobot_ws/src/install/arduinobot_msgs/lib/python3.12/site-packages/arduinobot_msgs/srv/__init__.py'...
[7.119s] Compiling '/home/theo/arduinobot_ws/src/install/arduinobot_msgs/lib/python3.12/site-packages/arduinobot_msgs/srv/_add_two_ints.py'...
[7.119s] Compiling '/home/theo/arduinobot_ws/src/install/arduinobot_msgs/lib/python3.12/site-packages/arduinobot_msgs/srv/_euler_to_quaternion.py'...
[7.119s] Compiling '/home/theo/arduinobot_ws/src/install/arduinobot_msgs/lib/python3.12/site-packages/arduinobot_msgs/srv/_quaternion_to_euler.py'...
[7.122s] -- Installing: /home/theo/arduinobot_ws/src/install/arduinobot_msgs/lib/python3.12/site-packages/arduinobot_msgs/arduinobot_msgs_s__rosidl_typesupport_fastrtps_c.so
[7.122s] -- Set non-toolchain portion of runtime path of "/home/theo/arduinobot_ws/src/install/arduinobot_msgs/lib/python3.12/site-packages/arduinobot_msgs/arduinobot_msgs_s__rosidl_typesupport_fastrtps_c.so" to ""
[7.123s] -- Installing: /home/theo/arduinobot_ws/src/install/arduinobot_msgs/lib/python3.12/site-packages/arduinobot_msgs/arduinobot_msgs_s__rosidl_typesupport_introspection_c.so
[7.123s] -- Set non-toolchain portion of runtime path of "/home/theo/arduinobot_ws/src/install/arduinobot_msgs/lib/python3.12/site-packages/arduinobot_msgs/arduinobot_msgs_s__rosidl_typesupport_introspection_c.so" to ""
[7.123s] -- Installing: /home/theo/arduinobot_ws/src/install/arduinobot_msgs/lib/python3.12/site-packages/arduinobot_msgs/arduinobot_msgs_s__rosidl_typesupport_c.so
[7.123s] -- Set non-toolchain portion of runtime path of "/home/theo/arduinobot_ws/src/install/arduinobot_msgs/lib/python3.12/site-packages/arduinobot_msgs/arduinobot_msgs_s__rosidl_typesupport_c.so" to ""
[7.123s] -- Installing: /home/theo/arduinobot_ws/src/install/arduinobot_msgs/lib/libarduinobot_msgs__rosidl_generator_py.so
[7.123s] -- Set non-toolchain portion of runtime path of "/home/theo/arduinobot_ws/src/install/arduinobot_msgs/lib/libarduinobot_msgs__rosidl_generator_py.so" to ""
[7.123s] -- Installing: /home/theo/arduinobot_ws/src/install/arduinobot_msgs/share/arduinobot_msgs/srv/AddTwoInts.idl
[7.123s] -- Installing: /home/theo/arduinobot_ws/src/install/arduinobot_msgs/share/arduinobot_msgs/srv/EulerToQuaternion.idl
[7.123s] -- Installing: /home/theo/arduinobot_ws/src/install/arduinobot_msgs/share/arduinobot_msgs/srv/QuaternionToEuler.idl
[7.124s] -- Installing: /home/theo/arduinobot_ws/src/install/arduinobot_msgs/share/arduinobot_msgs/action/Fibonacci.idl
[7.124s] -- Installing: /home/theo/arduinobot_ws/src/install/arduinobot_msgs/share/arduinobot_msgs/action/ArduinobotTask.idl
[7.124s] -- Installing: /home/theo/arduinobot_ws/src/install/arduinobot_msgs/share/arduinobot_msgs/srv/AddTwoInts.srv
[7.124s] -- Installing: /home/theo/arduinobot_ws/src/install/arduinobot_msgs/share/arduinobot_msgs/srv/EulerToQuaternion.srv
[7.124s] -- Installing: /home/theo/arduinobot_ws/src/install/arduinobot_msgs/share/arduinobot_msgs/srv/QuaternionToEuler.srv
[7.124s] -- Installing: /home/theo/arduinobot_ws/src/install/arduinobot_msgs/share/arduinobot_msgs/action/Fibonacci.action
[7.124s] -- Installing: /home/theo/arduinobot_ws/src/install/arduinobot_msgs/share/arduinobot_msgs/action/ArduinobotTask.action
[7.124s] -- Installing: /home/theo/arduinobot_ws/src/install/arduinobot_msgs/share/ament_index/resource_index/package_run_dependencies/arduinobot_msgs
[7.124s] -- Installing: /home/theo/arduinobot_ws/src/install/arduinobot_msgs/share/ament_index/resource_index/parent_prefix_path/arduinobot_msgs
[7.124s] -- Installing: /home/theo/arduinobot_ws/src/install/arduinobot_msgs/share/arduinobot_msgs/environment/ament_prefix_path.sh
[7.124s] -- Installing: /home/theo/arduinobot_ws/src/install/arduinobot_msgs/share/arduinobot_msgs/environment/ament_prefix_path.dsv
[7.124s] -- Installing: /home/theo/arduinobot_ws/src/install/arduinobot_msgs/share/arduinobot_msgs/environment/path.sh
[7.125s] -- Installing: /home/theo/arduinobot_ws/src/install/arduinobot_msgs/share/arduinobot_msgs/environment/path.dsv
[7.125s] -- Installing: /home/theo/arduinobot_ws/src/install/arduinobot_msgs/share/arduinobot_msgs/local_setup.bash
[7.125s] -- Installing: /home/theo/arduinobot_ws/src/install/arduinobot_msgs/share/arduinobot_msgs/local_setup.sh
[7.125s] -- Installing: /home/theo/arduinobot_ws/src/install/arduinobot_msgs/share/arduinobot_msgs/local_setup.zsh
[7.125s] -- Installing: /home/theo/arduinobot_ws/src/install/arduinobot_msgs/share/arduinobot_msgs/local_setup.dsv
[7.125s] -- Installing: /home/theo/arduinobot_ws/src/install/arduinobot_msgs/share/arduinobot_msgs/package.dsv
[7.125s] -- Installing: /home/theo/arduinobot_ws/src/install/arduinobot_msgs/share/ament_index/resource_index/packages/arduinobot_msgs
[7.125s] -- Installing: /home/theo/arduinobot_ws/src/install/arduinobot_msgs/share/arduinobot_msgs/cmake/export_arduinobot_msgs__rosidl_generator_cExport.cmake
[7.126s] -- Installing: /home/theo/arduinobot_ws/src/install/arduinobot_msgs/share/arduinobot_msgs/cmake/export_arduinobot_msgs__rosidl_generator_cExport-noconfig.cmake
[7.126s] -- Installing: /home/theo/arduinobot_ws/src/install/arduinobot_msgs/share/arduinobot_msgs/cmake/export_arduinobot_msgs__rosidl_typesupport_fastrtps_cExport.cmake
[7.126s] -- Installing: /home/theo/arduinobot_ws/src/install/arduinobot_msgs/share/arduinobot_msgs/cmake/export_arduinobot_msgs__rosidl_typesupport_fastrtps_cExport-noconfig.cmake
[7.126s] -- Installing: /home/theo/arduinobot_ws/src/install/arduinobot_msgs/share/arduinobot_msgs/cmake/export_arduinobot_msgs__rosidl_generator_cppExport.cmake
[7.126s] -- Installing: /home/theo/arduinobot_ws/src/install/arduinobot_msgs/share/arduinobot_msgs/cmake/export_arduinobot_msgs__rosidl_typesupport_fastrtps_cppExport.cmake
[7.126s] -- Installing: /home/theo/arduinobot_ws/src/install/arduinobot_msgs/share/arduinobot_msgs/cmake/export_arduinobot_msgs__rosidl_typesupport_fastrtps_cppExport-noconfig.cmake
[7.126s] -- Installing: /home/theo/arduinobot_ws/src/install/arduinobot_msgs/share/arduinobot_msgs/cmake/arduinobot_msgs__rosidl_typesupport_introspection_cExport.cmake
[7.126s] -- Installing: /home/theo/arduinobot_ws/src/install/arduinobot_msgs/share/arduinobot_msgs/cmake/arduinobot_msgs__rosidl_typesupport_introspection_cExport-noconfig.cmake
[7.126s] -- Installing: /home/theo/arduinobot_ws/src/install/arduinobot_msgs/share/arduinobot_msgs/cmake/arduinobot_msgs__rosidl_typesupport_cExport.cmake
[7.126s] -- Installing: /home/theo/arduinobot_ws/src/install/arduinobot_msgs/share/arduinobot_msgs/cmake/arduinobot_msgs__rosidl_typesupport_cExport-noconfig.cmake
[7.127s] -- Installing: /home/theo/arduinobot_ws/src/install/arduinobot_msgs/share/arduinobot_msgs/cmake/arduinobot_msgs__rosidl_typesupport_introspection_cppExport.cmake
[7.127s] -- Installing: /home/theo/arduinobot_ws/src/install/arduinobot_msgs/share/arduinobot_msgs/cmake/arduinobot_msgs__rosidl_typesupport_introspection_cppExport-noconfig.cmake
[7.127s] -- Installing: /home/theo/arduinobot_ws/src/install/arduinobot_msgs/share/arduinobot_msgs/cmake/arduinobot_msgs__rosidl_typesupport_cppExport.cmake
[7.127s] -- Installing: /home/theo/arduinobot_ws/src/install/arduinobot_msgs/share/arduinobot_msgs/cmake/arduinobot_msgs__rosidl_typesupport_cppExport-noconfig.cmake
[7.127s] -- Installing: /home/theo/arduinobot_ws/src/install/arduinobot_msgs/share/arduinobot_msgs/cmake/export_arduinobot_msgs__rosidl_generator_pyExport.cmake
[7.127s] -- Installing: /home/theo/arduinobot_ws/src/install/arduinobot_msgs/share/arduinobot_msgs/cmake/export_arduinobot_msgs__rosidl_generator_pyExport-noconfig.cmake
[7.127s] -- Installing: /home/theo/arduinobot_ws/src/install/arduinobot_msgs/share/arduinobot_msgs/cmake/rosidl_cmake-extras.cmake
[7.127s] -- Installing: /home/theo/arduinobot_ws/src/install/arduinobot_msgs/share/arduinobot_msgs/cmake/ament_cmake_export_dependencies-extras.cmake
[7.127s] -- Installing: /home/theo/arduinobot_ws/src/install/arduinobot_msgs/share/arduinobot_msgs/cmake/ament_cmake_export_include_directories-extras.cmake
[7.127s] -- Installing: /home/theo/arduinobot_ws/src/install/arduinobot_msgs/share/arduinobot_msgs/cmake/ament_cmake_export_libraries-extras.cmake
[7.127s] -- Installing: /home/theo/arduinobot_ws/src/install/arduinobot_msgs/share/arduinobot_msgs/cmake/ament_cmake_export_targets-extras.cmake
[7.127s] -- Installing: /home/theo/arduinobot_ws/src/install/arduinobot_msgs/share/arduinobot_msgs/cmake/rosidl_cmake_export_typesupport_targets-extras.cmake
[7.127s] -- Installing: /home/theo/arduinobot_ws/src/install/arduinobot_msgs/share/arduinobot_msgs/cmake/rosidl_cmake_export_typesupport_libraries-extras.cmake
[7.127s] -- Installing: /home/theo/arduinobot_ws/src/install/arduinobot_msgs/share/arduinobot_msgs/cmake/arduinobot_msgsConfig.cmake
[7.127s] -- Installing: /home/theo/arduinobot_ws/src/install/arduinobot_msgs/share/arduinobot_msgs/cmake/arduinobot_msgsConfig-version.cmake
[7.127s] -- Installing: /home/theo/arduinobot_ws/src/install/arduinobot_msgs/share/arduinobot_msgs/package.xml
[7.128s] Invoked command in '/home/theo/arduinobot_ws/src/build/arduinobot_msgs' returned '0': CMAKE_PREFIX_PATH=${CMAKE_PREFIX_PATH}:/opt/ros/jazzy /usr/bin/cmake --install /home/theo/arduinobot_ws/src/build/arduinobot_msgs
