[  1%] Built target arduinobot_msgs__rosidl_generator_type_description
[  1%] Built target ament_cmake_python_copy_arduinobot_msgs
[  2%] Built target arduinobot_msgs__cpp
[ 25%] Built target arduinobot_msgs__rosidl_generator_c
[ 35%] Built target arduinobot_msgs__rosidl_typesupport_introspection_c
[ 44%] Built target arduinobot_msgs__rosidl_typesupport_cpp
[ 54%] Built target arduinobot_msgs__rosidl_typesupport_c
[ 63%] Built target arduinobot_msgs__rosidl_typesupport_fastrtps_cpp
[ 77%] Built target arduinobot_msgs__rosidl_typesupport_introspection_cpp
[ 82%] Built target arduinobot_msgs__rosidl_typesupport_fastrtps_c
[ 82%] Built target arduinobot_msgs
[ 83%] Built target arduinobot_msgs__py
[ 91%] Built target arduinobot_msgs__rosidl_generator_py
[ 94%] Built target arduinobot_msgs_s__rosidl_typesupport_introspection_c
[ 97%] Built target arduinobot_msgs_s__rosidl_typesupport_c
[100%] Built target arduinobot_msgs_s__rosidl_typesupport_fastrtps_c
running egg_info
writing arduinobot_msgs.egg-info/PKG-INFO
writing dependency_links to arduinobot_msgs.egg-info/dependency_links.txt
writing top-level names to arduinobot_msgs.egg-info/top_level.txt
reading manifest file 'arduinobot_msgs.egg-info/SOURCES.txt'
writing manifest file 'arduinobot_msgs.egg-info/SOURCES.txt'
[100%] Built target ament_cmake_python_build_arduinobot_msgs_egg
