[0.030s] Invoking command in '/home/theo/arduinobot_ws/build/arduinobot_firmware': CMAKE_PREFIX_PATH=${CMAKE_PREFIX_PATH}:/opt/ros/jazzy /usr/bin/cmake /home/theo/arduinobot_ws/src/arduinobot_firmware -DCMAKE_INSTALL_PREFIX=/home/theo/arduinobot_ws/install/arduinobot_firmware
[0.206s] -- The C compiler identification is GNU 13.3.0
[0.724s] -- The CXX compiler identification is GNU 13.3.0
[1.100s] -- Detecting C compiler ABI info
[1.234s] -- Detecting C compiler ABI info - done
[1.240s] -- Check for working C compiler: /usr/bin/cc - skipped
[1.240s] -- Detecting C compile features
[1.240s] -- Detecting C compile features - done
[1.290s] -- Detecting CXX compiler ABI info
[1.438s] -- Detecting CXX compiler ABI info - done
[1.442s] -- Check for working CXX compiler: /usr/bin/c++ - skipped
[1.442s] -- Detecting CXX compile features
[1.443s] -- Detecting CXX compile features - done
[1.447s] -- Found ament_cmake: 2.5.4 (/opt/ros/jazzy/share/ament_cmake/cmake)
[1.533s] -- Found Python3: /usr/bin/python3 (found version "3.12.3") found components: Interpreter 
[1.612s] -- Found ament_lint_auto: 0.17.2 (/opt/ros/jazzy/share/ament_lint_auto/cmake)
[1.679s] -- Added test 'lint_cmake' to check CMake code style
[1.680s] -- Added test 'xmllint' to check XML markup files
[1.681s] -- Configuring done (1.6s)
[1.683s] -- Generating done (0.0s)
[1.683s] -- Build files have been written to: /home/theo/arduinobot_ws/build/arduinobot_firmware
[1.687s] Invoked command in '/home/theo/arduinobot_ws/build/arduinobot_firmware' returned '0': CMAKE_PREFIX_PATH=${CMAKE_PREFIX_PATH}:/opt/ros/jazzy /usr/bin/cmake /home/theo/arduinobot_ws/src/arduinobot_firmware -DCMAKE_INSTALL_PREFIX=/home/theo/arduinobot_ws/install/arduinobot_firmware
[1.688s] Invoking command in '/home/theo/arduinobot_ws/build/arduinobot_firmware': CMAKE_PREFIX_PATH=${CMAKE_PREFIX_PATH}:/opt/ros/jazzy /usr/bin/cmake --build /home/theo/arduinobot_ws/build/arduinobot_firmware -- -j20 -l20
[1.706s] Invoked command in '/home/theo/arduinobot_ws/build/arduinobot_firmware' returned '0': CMAKE_PREFIX_PATH=${CMAKE_PREFIX_PATH}:/opt/ros/jazzy /usr/bin/cmake --build /home/theo/arduinobot_ws/build/arduinobot_firmware -- -j20 -l20
[1.707s] Invoking command in '/home/theo/arduinobot_ws/build/arduinobot_firmware': CMAKE_PREFIX_PATH=${CMAKE_PREFIX_PATH}:/opt/ros/jazzy /usr/bin/cmake --install /home/theo/arduinobot_ws/build/arduinobot_firmware
[1.710s] -- Install configuration: ""
[1.711s] -- Installing: /home/theo/arduinobot_ws/install/arduinobot_firmware/share/ament_index/resource_index/package_run_dependencies/arduinobot_firmware
[1.711s] -- Installing: /home/theo/arduinobot_ws/install/arduinobot_firmware/share/ament_index/resource_index/parent_prefix_path/arduinobot_firmware
[1.711s] -- Installing: /home/theo/arduinobot_ws/install/arduinobot_firmware/share/arduinobot_firmware/environment/ament_prefix_path.sh
[1.711s] -- Installing: /home/theo/arduinobot_ws/install/arduinobot_firmware/share/arduinobot_firmware/environment/ament_prefix_path.dsv
[1.711s] -- Installing: /home/theo/arduinobot_ws/install/arduinobot_firmware/share/arduinobot_firmware/environment/path.sh
[1.711s] -- Installing: /home/theo/arduinobot_ws/install/arduinobot_firmware/share/arduinobot_firmware/environment/path.dsv
[1.711s] -- Installing: /home/theo/arduinobot_ws/install/arduinobot_firmware/share/arduinobot_firmware/local_setup.bash
[1.711s] -- Installing: /home/theo/arduinobot_ws/install/arduinobot_firmware/share/arduinobot_firmware/local_setup.sh
[1.711s] -- Installing: /home/theo/arduinobot_ws/install/arduinobot_firmware/share/arduinobot_firmware/local_setup.zsh
[1.711s] -- Installing: /home/theo/arduinobot_ws/install/arduinobot_firmware/share/arduinobot_firmware/local_setup.dsv
[1.712s] -- Installing: /home/theo/arduinobot_ws/install/arduinobot_firmware/share/arduinobot_firmware/package.dsv
[1.712s] -- Installing: /home/theo/arduinobot_ws/install/arduinobot_firmware/share/ament_index/resource_index/packages/arduinobot_firmware
[1.712s] -- Installing: /home/theo/arduinobot_ws/install/arduinobot_firmware/share/arduinobot_firmware/cmake/arduinobot_firmwareConfig.cmake
[1.712s] -- Installing: /home/theo/arduinobot_ws/install/arduinobot_firmware/share/arduinobot_firmware/cmake/arduinobot_firmwareConfig-version.cmake
[1.712s] -- Installing: /home/theo/arduinobot_ws/install/arduinobot_firmware/share/arduinobot_firmware/package.xml
[1.714s] Invoked command in '/home/theo/arduinobot_ws/build/arduinobot_firmware' returned '0': CMAKE_PREFIX_PATH=${CMAKE_PREFIX_PATH}:/opt/ros/jazzy /usr/bin/cmake --install /home/theo/arduinobot_ws/build/arduinobot_firmware
