[0.069s] Invoking command in '/home/theo/arduinobot_ws/src/build/arduinobot_utils': AMENT_PREFIX_PATH=/home/theo/arduinobot_ws/src/install/arduinobot_msgs:${AMENT_PREFIX_PATH} CMAKE_PREFIX_PATH=/home/theo/arduinobot_ws/src/install/arduinobot_msgs:/opt/ros/jazzy/opt/gz_sim_vendor:/opt/ros/jazzy/opt/gz_sensors_vendor:/opt/ros/jazzy/opt/gz_physics_vendor:/opt/ros/jazzy/opt/sdformat_vendor:/opt/ros/jazzy/opt/gz_gui_vendor:/opt/ros/jazzy/opt/gz_transport_vendor:/opt/ros/jazzy/opt/gz_rendering_vendor:/opt/ros/jazzy/opt/gz_plugin_vendor:/opt/ros/jazzy/opt/gz_fuel_tools_vendor:/opt/ros/jazzy/opt/gz_msgs_vendor:/opt/ros/jazzy/opt/gz_common_vendor:/opt/ros/jazzy/opt/gz_math_vendor:/opt/ros/jazzy/opt/gz_utils_vendor:/opt/ros/jazzy/opt/gz_tools_vendor:/opt/ros/jazzy/opt/gz_ogre_next_vendor:/opt/ros/jazzy/opt/gz_dartsim_vendor:/opt/ros/jazzy/opt/gz_cmake_vendor:/opt/ros/jazzy LD_LIBRARY_PATH=/home/theo/arduinobot_ws/src/install/arduinobot_msgs/lib:${LD_LIBRARY_PATH} PYTHONPATH=/home/theo/arduinobot_ws/src/install/arduinobot_msgs/lib/python3.12/site-packages:${PYTHONPATH} /usr/bin/cmake /home/theo/arduinobot_ws/src/arduinobot_utils -DCMAKE_INSTALL_PREFIX=/home/theo/arduinobot_ws/src/install/arduinobot_utils
[0.192s] -- The C compiler identification is GNU 13.3.0
[0.620s] -- The CXX compiler identification is GNU 13.3.0
[1.091s] -- Detecting C compiler ABI info
[1.243s] -- Detecting C compiler ABI info - done
[1.248s] -- Check for working C compiler: /usr/bin/cc - skipped
[1.248s] -- Detecting C compile features
[1.248s] -- Detecting C compile features - done
[1.313s] -- Detecting CXX compiler ABI info
[1.472s] -- Detecting CXX compiler ABI info - done
[1.477s] -- Check for working CXX compiler: /usr/bin/c++ - skipped
[1.477s] -- Detecting CXX compile features
[1.477s] -- Detecting CXX compile features - done
[1.480s] -- Found ament_cmake: 2.5.4 (/opt/ros/jazzy/share/ament_cmake/cmake)
[1.571s] -- Found Python3: /usr/bin/python3 (found version "3.12.3") found components: Interpreter 
[1.645s] -- Found rclcpp: 28.1.9 (/opt/ros/jazzy/share/rclcpp/cmake)
[1.775s] -- Found rosidl_generator_c: 4.6.5 (/opt/ros/jazzy/share/rosidl_generator_c/cmake)
[1.786s] -- Found rosidl_generator_cpp: 4.6.5 (/opt/ros/jazzy/share/rosidl_generator_cpp/cmake)
[1.800s] -- Using all available rosidl_typesupport_c: rosidl_typesupport_fastrtps_c;rosidl_typesupport_introspection_c
[1.813s] -- Using all available rosidl_typesupport_cpp: rosidl_typesupport_fastrtps_cpp;rosidl_typesupport_introspection_cpp
[1.883s] -- Found rmw_implementation_cmake: 7.3.2 (/opt/ros/jazzy/share/rmw_implementation_cmake/cmake)
[1.887s] -- Found rmw_cyclonedds_cpp: 2.2.3 (/opt/ros/jazzy/share/rmw_cyclonedds_cpp/cmake)
[2.011s] -- Using RMW implementation 'rmw_cyclonedds_cpp' as default
[2.080s] -- Found rclpy: 7.1.4 (/opt/ros/jazzy/share/rclpy/cmake)
[2.081s] -- Found arduinobot_msgs: 0.0.0 (/home/theo/arduinobot_ws/src/install/arduinobot_msgs/share/arduinobot_msgs/cmake)
[2.124s] -- Found tf2: 0.36.10 (/opt/ros/jazzy/share/tf2/cmake)
[2.287s] -- Configuring done (2.2s)
[2.291s] -- Generating done (0.0s)
[2.292s] -- Build files have been written to: /home/theo/arduinobot_ws/src/build/arduinobot_utils
[2.298s] Invoked command in '/home/theo/arduinobot_ws/src/build/arduinobot_utils' returned '0': AMENT_PREFIX_PATH=/home/theo/arduinobot_ws/src/install/arduinobot_msgs:${AMENT_PREFIX_PATH} CMAKE_PREFIX_PATH=/home/theo/arduinobot_ws/src/install/arduinobot_msgs:/opt/ros/jazzy/opt/gz_sim_vendor:/opt/ros/jazzy/opt/gz_sensors_vendor:/opt/ros/jazzy/opt/gz_physics_vendor:/opt/ros/jazzy/opt/sdformat_vendor:/opt/ros/jazzy/opt/gz_gui_vendor:/opt/ros/jazzy/opt/gz_transport_vendor:/opt/ros/jazzy/opt/gz_rendering_vendor:/opt/ros/jazzy/opt/gz_plugin_vendor:/opt/ros/jazzy/opt/gz_fuel_tools_vendor:/opt/ros/jazzy/opt/gz_msgs_vendor:/opt/ros/jazzy/opt/gz_common_vendor:/opt/ros/jazzy/opt/gz_math_vendor:/opt/ros/jazzy/opt/gz_utils_vendor:/opt/ros/jazzy/opt/gz_tools_vendor:/opt/ros/jazzy/opt/gz_ogre_next_vendor:/opt/ros/jazzy/opt/gz_dartsim_vendor:/opt/ros/jazzy/opt/gz_cmake_vendor:/opt/ros/jazzy LD_LIBRARY_PATH=/home/theo/arduinobot_ws/src/install/arduinobot_msgs/lib:${LD_LIBRARY_PATH} PYTHONPATH=/home/theo/arduinobot_ws/src/install/arduinobot_msgs/lib/python3.12/site-packages:${PYTHONPATH} /usr/bin/cmake /home/theo/arduinobot_ws/src/arduinobot_utils -DCMAKE_INSTALL_PREFIX=/home/theo/arduinobot_ws/src/install/arduinobot_utils
[2.298s] Invoking command in '/home/theo/arduinobot_ws/src/build/arduinobot_utils': AMENT_PREFIX_PATH=/home/theo/arduinobot_ws/src/install/arduinobot_msgs:${AMENT_PREFIX_PATH} CMAKE_PREFIX_PATH=/home/theo/arduinobot_ws/src/install/arduinobot_msgs:/opt/ros/jazzy/opt/gz_sim_vendor:/opt/ros/jazzy/opt/gz_sensors_vendor:/opt/ros/jazzy/opt/gz_physics_vendor:/opt/ros/jazzy/opt/sdformat_vendor:/opt/ros/jazzy/opt/gz_gui_vendor:/opt/ros/jazzy/opt/gz_transport_vendor:/opt/ros/jazzy/opt/gz_rendering_vendor:/opt/ros/jazzy/opt/gz_plugin_vendor:/opt/ros/jazzy/opt/gz_fuel_tools_vendor:/opt/ros/jazzy/opt/gz_msgs_vendor:/opt/ros/jazzy/opt/gz_common_vendor:/opt/ros/jazzy/opt/gz_math_vendor:/opt/ros/jazzy/opt/gz_utils_vendor:/opt/ros/jazzy/opt/gz_tools_vendor:/opt/ros/jazzy/opt/gz_ogre_next_vendor:/opt/ros/jazzy/opt/gz_dartsim_vendor:/opt/ros/jazzy/opt/gz_cmake_vendor:/opt/ros/jazzy LD_LIBRARY_PATH=/home/theo/arduinobot_ws/src/install/arduinobot_msgs/lib:${LD_LIBRARY_PATH} PYTHONPATH=/home/theo/arduinobot_ws/src/install/arduinobot_msgs/lib/python3.12/site-packages:${PYTHONPATH} /usr/bin/cmake --build /home/theo/arduinobot_ws/src/build/arduinobot_utils -- -j20 -l20
[2.330s] Built target ament_cmake_python_copy_arduinobot_utils
[2.457s] running egg_info
[2.457s] creating arduinobot_utils.egg-info
[2.467s] writing arduinobot_utils.egg-info/PKG-INFO
[2.468s] writing dependency_links to arduinobot_utils.egg-info/dependency_links.txt
[2.468s] writing top-level names to arduinobot_utils.egg-info/top_level.txt
[2.468s] writing manifest file 'arduinobot_utils.egg-info/SOURCES.txt'
[2.500s] reading manifest file 'arduinobot_utils.egg-info/SOURCES.txt'
[2.500s] writing manifest file 'arduinobot_utils.egg-info/SOURCES.txt'
[2.515s] Built target ament_cmake_python_build_arduinobot_utils_egg
[2.521s] Invoked command in '/home/theo/arduinobot_ws/src/build/arduinobot_utils' returned '0': AMENT_PREFIX_PATH=/home/theo/arduinobot_ws/src/install/arduinobot_msgs:${AMENT_PREFIX_PATH} CMAKE_PREFIX_PATH=/home/theo/arduinobot_ws/src/install/arduinobot_msgs:/opt/ros/jazzy/opt/gz_sim_vendor:/opt/ros/jazzy/opt/gz_sensors_vendor:/opt/ros/jazzy/opt/gz_physics_vendor:/opt/ros/jazzy/opt/sdformat_vendor:/opt/ros/jazzy/opt/gz_gui_vendor:/opt/ros/jazzy/opt/gz_transport_vendor:/opt/ros/jazzy/opt/gz_rendering_vendor:/opt/ros/jazzy/opt/gz_plugin_vendor:/opt/ros/jazzy/opt/gz_fuel_tools_vendor:/opt/ros/jazzy/opt/gz_msgs_vendor:/opt/ros/jazzy/opt/gz_common_vendor:/opt/ros/jazzy/opt/gz_math_vendor:/opt/ros/jazzy/opt/gz_utils_vendor:/opt/ros/jazzy/opt/gz_tools_vendor:/opt/ros/jazzy/opt/gz_ogre_next_vendor:/opt/ros/jazzy/opt/gz_dartsim_vendor:/opt/ros/jazzy/opt/gz_cmake_vendor:/opt/ros/jazzy LD_LIBRARY_PATH=/home/theo/arduinobot_ws/src/install/arduinobot_msgs/lib:${LD_LIBRARY_PATH} PYTHONPATH=/home/theo/arduinobot_ws/src/install/arduinobot_msgs/lib/python3.12/site-packages:${PYTHONPATH} /usr/bin/cmake --build /home/theo/arduinobot_ws/src/build/arduinobot_utils -- -j20 -l20
[2.522s] Invoking command in '/home/theo/arduinobot_ws/src/build/arduinobot_utils': AMENT_PREFIX_PATH=/home/theo/arduinobot_ws/src/install/arduinobot_msgs:${AMENT_PREFIX_PATH} CMAKE_PREFIX_PATH=/home/theo/arduinobot_ws/src/install/arduinobot_msgs:/opt/ros/jazzy/opt/gz_sim_vendor:/opt/ros/jazzy/opt/gz_sensors_vendor:/opt/ros/jazzy/opt/gz_physics_vendor:/opt/ros/jazzy/opt/sdformat_vendor:/opt/ros/jazzy/opt/gz_gui_vendor:/opt/ros/jazzy/opt/gz_transport_vendor:/opt/ros/jazzy/opt/gz_rendering_vendor:/opt/ros/jazzy/opt/gz_plugin_vendor:/opt/ros/jazzy/opt/gz_fuel_tools_vendor:/opt/ros/jazzy/opt/gz_msgs_vendor:/opt/ros/jazzy/opt/gz_common_vendor:/opt/ros/jazzy/opt/gz_math_vendor:/opt/ros/jazzy/opt/gz_utils_vendor:/opt/ros/jazzy/opt/gz_tools_vendor:/opt/ros/jazzy/opt/gz_ogre_next_vendor:/opt/ros/jazzy/opt/gz_dartsim_vendor:/opt/ros/jazzy/opt/gz_cmake_vendor:/opt/ros/jazzy LD_LIBRARY_PATH=/home/theo/arduinobot_ws/src/install/arduinobot_msgs/lib:${LD_LIBRARY_PATH} PYTHONPATH=/home/theo/arduinobot_ws/src/install/arduinobot_msgs/lib/python3.12/site-packages:${PYTHONPATH} /usr/bin/cmake --install /home/theo/arduinobot_ws/src/build/arduinobot_utils
[2.526s] -- Install configuration: ""
[2.526s] -- Installing: /home/theo/arduinobot_ws/src/install/arduinobot_utils/share/arduinobot_utils/environment/pythonpath.sh
[2.526s] -- Installing: /home/theo/arduinobot_ws/src/install/arduinobot_utils/share/arduinobot_utils/environment/pythonpath.dsv
[2.526s] -- Installing: /home/theo/arduinobot_ws/src/install/arduinobot_utils/lib/python3.12/site-packages/arduinobot_utils-0.0.0-py3.12.egg-info
[2.527s] -- Installing: /home/theo/arduinobot_ws/src/install/arduinobot_utils/lib/python3.12/site-packages/arduinobot_utils-0.0.0-py3.12.egg-info/dependency_links.txt
[2.527s] -- Installing: /home/theo/arduinobot_ws/src/install/arduinobot_utils/lib/python3.12/site-packages/arduinobot_utils-0.0.0-py3.12.egg-info/top_level.txt
[2.527s] -- Installing: /home/theo/arduinobot_ws/src/install/arduinobot_utils/lib/python3.12/site-packages/arduinobot_utils-0.0.0-py3.12.egg-info/SOURCES.txt
[2.527s] -- Installing: /home/theo/arduinobot_ws/src/install/arduinobot_utils/lib/python3.12/site-packages/arduinobot_utils-0.0.0-py3.12.egg-info/PKG-INFO
[2.527s] -- Installing: /home/theo/arduinobot_ws/src/install/arduinobot_utils/lib/python3.12/site-packages/arduinobot_utils
[2.527s] -- Installing: /home/theo/arduinobot_ws/src/install/arduinobot_utils/lib/python3.12/site-packages/arduinobot_utils/angle_conversion.py
[2.527s] -- Installing: /home/theo/arduinobot_ws/src/install/arduinobot_utils/lib/python3.12/site-packages/arduinobot_utils/__init__.py
[2.549s] Listing '/home/theo/arduinobot_ws/src/install/arduinobot_utils/lib/python3.12/site-packages/arduinobot_utils'...
[2.549s] Compiling '/home/theo/arduinobot_ws/src/install/arduinobot_utils/lib/python3.12/site-packages/arduinobot_utils/__init__.py'...
[2.549s] Compiling '/home/theo/arduinobot_ws/src/install/arduinobot_utils/lib/python3.12/site-packages/arduinobot_utils/angle_conversion.py'...
[2.552s] -- Installing: /home/theo/arduinobot_ws/src/install/arduinobot_utils/lib/arduinobot_utils/angle_conversion.py
[2.552s] -- Installing: /home/theo/arduinobot_ws/src/install/arduinobot_utils/share/ament_index/resource_index/package_run_dependencies/arduinobot_utils
[2.552s] -- Installing: /home/theo/arduinobot_ws/src/install/arduinobot_utils/share/ament_index/resource_index/parent_prefix_path/arduinobot_utils
[2.552s] -- Installing: /home/theo/arduinobot_ws/src/install/arduinobot_utils/share/arduinobot_utils/environment/ament_prefix_path.sh
[2.552s] -- Installing: /home/theo/arduinobot_ws/src/install/arduinobot_utils/share/arduinobot_utils/environment/ament_prefix_path.dsv
[2.552s] -- Installing: /home/theo/arduinobot_ws/src/install/arduinobot_utils/share/arduinobot_utils/environment/path.sh
[2.552s] -- Installing: /home/theo/arduinobot_ws/src/install/arduinobot_utils/share/arduinobot_utils/environment/path.dsv
[2.552s] -- Installing: /home/theo/arduinobot_ws/src/install/arduinobot_utils/share/arduinobot_utils/local_setup.bash
[2.552s] -- Installing: /home/theo/arduinobot_ws/src/install/arduinobot_utils/share/arduinobot_utils/local_setup.sh
[2.553s] -- Installing: /home/theo/arduinobot_ws/src/install/arduinobot_utils/share/arduinobot_utils/local_setup.zsh
[2.553s] -- Installing: /home/theo/arduinobot_ws/src/install/arduinobot_utils/share/arduinobot_utils/local_setup.dsv
[2.553s] -- Installing: /home/theo/arduinobot_ws/src/install/arduinobot_utils/share/arduinobot_utils/package.dsv
[2.553s] -- Installing: /home/theo/arduinobot_ws/src/install/arduinobot_utils/share/ament_index/resource_index/packages/arduinobot_utils
[2.553s] -- Installing: /home/theo/arduinobot_ws/src/install/arduinobot_utils/share/arduinobot_utils/cmake/arduinobot_utilsConfig.cmake
[2.553s] -- Installing: /home/theo/arduinobot_ws/src/install/arduinobot_utils/share/arduinobot_utils/cmake/arduinobot_utilsConfig-version.cmake
[2.553s] -- Installing: /home/theo/arduinobot_ws/src/install/arduinobot_utils/share/arduinobot_utils/package.xml
[2.554s] Invoked command in '/home/theo/arduinobot_ws/src/build/arduinobot_utils' returned '0': AMENT_PREFIX_PATH=/home/theo/arduinobot_ws/src/install/arduinobot_msgs:${AMENT_PREFIX_PATH} CMAKE_PREFIX_PATH=/home/theo/arduinobot_ws/src/install/arduinobot_msgs:/opt/ros/jazzy/opt/gz_sim_vendor:/opt/ros/jazzy/opt/gz_sensors_vendor:/opt/ros/jazzy/opt/gz_physics_vendor:/opt/ros/jazzy/opt/sdformat_vendor:/opt/ros/jazzy/opt/gz_gui_vendor:/opt/ros/jazzy/opt/gz_transport_vendor:/opt/ros/jazzy/opt/gz_rendering_vendor:/opt/ros/jazzy/opt/gz_plugin_vendor:/opt/ros/jazzy/opt/gz_fuel_tools_vendor:/opt/ros/jazzy/opt/gz_msgs_vendor:/opt/ros/jazzy/opt/gz_common_vendor:/opt/ros/jazzy/opt/gz_math_vendor:/opt/ros/jazzy/opt/gz_utils_vendor:/opt/ros/jazzy/opt/gz_tools_vendor:/opt/ros/jazzy/opt/gz_ogre_next_vendor:/opt/ros/jazzy/opt/gz_dartsim_vendor:/opt/ros/jazzy/opt/gz_cmake_vendor:/opt/ros/jazzy LD_LIBRARY_PATH=/home/theo/arduinobot_ws/src/install/arduinobot_msgs/lib:${LD_LIBRARY_PATH} PYTHONPATH=/home/theo/arduinobot_ws/src/install/arduinobot_msgs/lib/python3.12/site-packages:${PYTHONPATH} /usr/bin/cmake --install /home/theo/arduinobot_ws/src/build/arduinobot_utils
