[0.022s] Invoking command in '/home/theo/arduinobot_ws/build/arduinobot_firmware': CMAKE_PREFIX_PATH=${CMAKE_PREFIX_PATH}:/home/theo/arduinobot_ws/install/arduinobot_py_examples:/opt/ros/jazzy /usr/bin/cmake --build /home/theo/arduinobot_ws/build/arduinobot_firmware -- -j20 -l20
[0.046s] -- Found ament_cmake: 2.5.4 (/opt/ros/jazzy/share/ament_cmake/cmake)
[0.193s] -- Found rclpy: 7.1.4 (/opt/ros/jazzy/share/rclpy/cmake)
[0.244s] -- Found ament_lint_auto: 0.17.2 (/opt/ros/jazzy/share/ament_lint_auto/cmake)
[0.303s] -- Added test 'flake8' to check Python code syntax and style conventions
[0.303s] -- Configured 'flake8' exclude dirs and/or files: 
[0.303s] -- Added test 'lint_cmake' to check CMake code style
[0.304s] -- Added test 'pep257' to check Python code against some of the docstring style conventions in PEP 257
[0.305s] -- Added test 'xmllint' to check XML markup files
[0.306s] -- Configuring done (0.3s)
[0.312s] -- Generating done (0.0s)
[0.313s] -- Build files have been written to: /home/theo/arduinobot_ws/build/arduinobot_firmware
[0.333s] Built target ament_cmake_python_copy_arduinobot_firmware
[0.452s] running egg_info
[0.463s] writing arduinobot_firmware.egg-info/PKG-INFO
[0.463s] writing dependency_links to arduinobot_firmware.egg-info/dependency_links.txt
[0.463s] writing top-level names to arduinobot_firmware.egg-info/top_level.txt
[0.495s] reading manifest file 'arduinobot_firmware.egg-info/SOURCES.txt'
[0.495s] writing manifest file 'arduinobot_firmware.egg-info/SOURCES.txt'
[0.511s] Built target ament_cmake_python_build_arduinobot_firmware_egg
[0.516s] Invoked command in '/home/theo/arduinobot_ws/build/arduinobot_firmware' returned '0': CMAKE_PREFIX_PATH=${CMAKE_PREFIX_PATH}:/home/theo/arduinobot_ws/install/arduinobot_py_examples:/opt/ros/jazzy /usr/bin/cmake --build /home/theo/arduinobot_ws/build/arduinobot_firmware -- -j20 -l20
[0.517s] Invoking command in '/home/theo/arduinobot_ws/build/arduinobot_firmware': CMAKE_PREFIX_PATH=${CMAKE_PREFIX_PATH}:/home/theo/arduinobot_ws/install/arduinobot_py_examples:/opt/ros/jazzy /usr/bin/cmake --install /home/theo/arduinobot_ws/build/arduinobot_firmware
[0.521s] -- Install configuration: ""
[0.521s] -- Up-to-date: /home/theo/arduinobot_ws/install/arduinobot_firmware/share/arduinobot_firmware/environment/pythonpath.sh
[0.521s] -- Up-to-date: /home/theo/arduinobot_ws/install/arduinobot_firmware/share/arduinobot_firmware/environment/pythonpath.dsv
[0.521s] -- Up-to-date: /home/theo/arduinobot_ws/install/arduinobot_firmware/lib/python3.12/site-packages/arduinobot_firmware-0.0.0-py3.12.egg-info
[0.521s] -- Installing: /home/theo/arduinobot_ws/install/arduinobot_firmware/lib/python3.12/site-packages/arduinobot_firmware-0.0.0-py3.12.egg-info/dependency_links.txt
[0.521s] -- Installing: /home/theo/arduinobot_ws/install/arduinobot_firmware/lib/python3.12/site-packages/arduinobot_firmware-0.0.0-py3.12.egg-info/top_level.txt
[0.521s] -- Installing: /home/theo/arduinobot_ws/install/arduinobot_firmware/lib/python3.12/site-packages/arduinobot_firmware-0.0.0-py3.12.egg-info/SOURCES.txt
[0.522s] -- Installing: /home/theo/arduinobot_ws/install/arduinobot_firmware/lib/python3.12/site-packages/arduinobot_firmware-0.0.0-py3.12.egg-info/PKG-INFO
[0.522s] -- Up-to-date: /home/theo/arduinobot_ws/install/arduinobot_firmware/lib/python3.12/site-packages/arduinobot_firmware
[0.522s] -- Up-to-date: /home/theo/arduinobot_ws/install/arduinobot_firmware/lib/python3.12/site-packages/arduinobot_firmware/simple_serial_transmitter.py
[0.522s] -- Up-to-date: /home/theo/arduinobot_ws/install/arduinobot_firmware/lib/python3.12/site-packages/arduinobot_firmware/simple_serial_receiver
[0.522s] -- Up-to-date: /home/theo/arduinobot_ws/install/arduinobot_firmware/lib/python3.12/site-packages/arduinobot_firmware/simple_serial_receiver/simple_serial_receiver.ino
[0.522s] -- Up-to-date: /home/theo/arduinobot_ws/install/arduinobot_firmware/lib/python3.12/site-packages/arduinobot_firmware/__init__.py
[0.522s] -- Installing: /home/theo/arduinobot_ws/install/arduinobot_firmware/lib/python3.12/site-packages/arduinobot_firmware/simple_serial_receiver.py
[0.522s] -- Up-to-date: /home/theo/arduinobot_ws/install/arduinobot_firmware/lib/python3.12/site-packages/arduinobot_firmware/simple_serial_transmitter
[0.522s] -- Up-to-date: /home/theo/arduinobot_ws/install/arduinobot_firmware/lib/python3.12/site-packages/arduinobot_firmware/simple_serial_transmitter/simple_serial_transmitter.ino
[0.543s] Listing '/home/theo/arduinobot_ws/install/arduinobot_firmware/lib/python3.12/site-packages/arduinobot_firmware'...
[0.543s] Listing '/home/theo/arduinobot_ws/install/arduinobot_firmware/lib/python3.12/site-packages/arduinobot_firmware/simple_serial_receiver'...
[0.543s] Compiling '/home/theo/arduinobot_ws/install/arduinobot_firmware/lib/python3.12/site-packages/arduinobot_firmware/simple_serial_receiver.py'...
[0.543s] Listing '/home/theo/arduinobot_ws/install/arduinobot_firmware/lib/python3.12/site-packages/arduinobot_firmware/simple_serial_transmitter'...
[0.546s] -- Up-to-date: /home/theo/arduinobot_ws/install/arduinobot_firmware/lib/arduinobot_firmware/simple_serial_transmitter.py
[0.547s] -- Installing: /home/theo/arduinobot_ws/install/arduinobot_firmware/lib/arduinobot_firmware/simple_serial_receiver.py
[0.547s] -- Up-to-date: /home/theo/arduinobot_ws/install/arduinobot_firmware/share/ament_index/resource_index/package_run_dependencies/arduinobot_firmware
[0.547s] -- Installing: /home/theo/arduinobot_ws/install/arduinobot_firmware/share/ament_index/resource_index/parent_prefix_path/arduinobot_firmware
[0.547s] -- Up-to-date: /home/theo/arduinobot_ws/install/arduinobot_firmware/share/arduinobot_firmware/environment/ament_prefix_path.sh
[0.547s] -- Up-to-date: /home/theo/arduinobot_ws/install/arduinobot_firmware/share/arduinobot_firmware/environment/ament_prefix_path.dsv
[0.547s] -- Up-to-date: /home/theo/arduinobot_ws/install/arduinobot_firmware/share/arduinobot_firmware/environment/path.sh
[0.547s] -- Up-to-date: /home/theo/arduinobot_ws/install/arduinobot_firmware/share/arduinobot_firmware/environment/path.dsv
[0.547s] -- Up-to-date: /home/theo/arduinobot_ws/install/arduinobot_firmware/share/arduinobot_firmware/local_setup.bash
[0.547s] -- Up-to-date: /home/theo/arduinobot_ws/install/arduinobot_firmware/share/arduinobot_firmware/local_setup.sh
[0.547s] -- Up-to-date: /home/theo/arduinobot_ws/install/arduinobot_firmware/share/arduinobot_firmware/local_setup.zsh
[0.547s] -- Up-to-date: /home/theo/arduinobot_ws/install/arduinobot_firmware/share/arduinobot_firmware/local_setup.dsv
[0.547s] -- Installing: /home/theo/arduinobot_ws/install/arduinobot_firmware/share/arduinobot_firmware/package.dsv
[0.547s] -- Up-to-date: /home/theo/arduinobot_ws/install/arduinobot_firmware/share/ament_index/resource_index/packages/arduinobot_firmware
[0.547s] -- Up-to-date: /home/theo/arduinobot_ws/install/arduinobot_firmware/share/arduinobot_firmware/cmake/arduinobot_firmwareConfig.cmake
[0.548s] -- Up-to-date: /home/theo/arduinobot_ws/install/arduinobot_firmware/share/arduinobot_firmware/cmake/arduinobot_firmwareConfig-version.cmake
[0.548s] -- Up-to-date: /home/theo/arduinobot_ws/install/arduinobot_firmware/share/arduinobot_firmware/package.xml
[0.549s] Invoked command in '/home/theo/arduinobot_ws/build/arduinobot_firmware' returned '0': CMAKE_PREFIX_PATH=${CMAKE_PREFIX_PATH}:/home/theo/arduinobot_ws/install/arduinobot_py_examples:/opt/ros/jazzy /usr/bin/cmake --install /home/theo/arduinobot_ws/build/arduinobot_firmware
