[0.013s] Invoking command in '/home/theo/arduinobot_ws/src/build/arduinobot_bringup': CMAKE_PREFIX_PATH=${CMAKE_PREFIX_PATH}:/opt/ros/jazzy /usr/bin/cmake /home/theo/arduinobot_ws/src/arduinobot_bringup -DCMAKE_INSTALL_PREFIX=/home/theo/arduinobot_ws/src/install/arduinobot_bringup
[0.198s] -- The C compiler identification is GNU 13.3.0
[0.581s] -- The CXX compiler identification is GNU 13.3.0
[0.989s] -- Detecting C compiler ABI info
[1.151s] -- Detecting C compiler ABI info - done
[1.156s] -- Check for working C compiler: /usr/bin/cc - skipped
[1.156s] -- Detecting C compile features
[1.157s] -- Detecting C compile features - done
[1.219s] -- Detecting CXX compiler ABI info
[1.354s] -- Detecting CXX compiler ABI info - done
[1.359s] -- Check for working CXX compiler: /usr/bin/c++ - skipped
[1.359s] -- Detecting CXX compile features
[1.360s] -- Detecting CXX compile features - done
[1.361s] -- Found ament_cmake: 2.5.4 (/opt/ros/jazzy/share/ament_cmake/cmake)
[1.450s] -- Found Python3: /usr/bin/python3 (found version "3.12.3") found components: Interpreter 
[1.545s] -- Found ament_lint_auto: 0.17.2 (/opt/ros/jazzy/share/ament_lint_auto/cmake)
[1.619s] -- Added test 'lint_cmake' to check CMake code style
[1.621s] -- Added test 'xmllint' to check XML markup files
[1.623s] -- Configuring done (1.6s)
[1.626s] -- Generating done (0.0s)
[1.627s] -- Build files have been written to: /home/theo/arduinobot_ws/src/build/arduinobot_bringup
[1.631s] Invoked command in '/home/theo/arduinobot_ws/src/build/arduinobot_bringup' returned '0': CMAKE_PREFIX_PATH=${CMAKE_PREFIX_PATH}:/opt/ros/jazzy /usr/bin/cmake /home/theo/arduinobot_ws/src/arduinobot_bringup -DCMAKE_INSTALL_PREFIX=/home/theo/arduinobot_ws/src/install/arduinobot_bringup
[1.632s] Invoking command in '/home/theo/arduinobot_ws/src/build/arduinobot_bringup': CMAKE_PREFIX_PATH=${CMAKE_PREFIX_PATH}:/opt/ros/jazzy /usr/bin/cmake --build /home/theo/arduinobot_ws/src/build/arduinobot_bringup -- -j20 -l20
[1.658s] Invoked command in '/home/theo/arduinobot_ws/src/build/arduinobot_bringup' returned '0': CMAKE_PREFIX_PATH=${CMAKE_PREFIX_PATH}:/opt/ros/jazzy /usr/bin/cmake --build /home/theo/arduinobot_ws/src/build/arduinobot_bringup -- -j20 -l20
[1.658s] Invoking command in '/home/theo/arduinobot_ws/src/build/arduinobot_bringup': CMAKE_PREFIX_PATH=${CMAKE_PREFIX_PATH}:/opt/ros/jazzy /usr/bin/cmake --install /home/theo/arduinobot_ws/src/build/arduinobot_bringup
[1.664s] -- Install configuration: ""
[1.664s] -- Installing: /home/theo/arduinobot_ws/src/install/arduinobot_bringup/share/ament_index/resource_index/package_run_dependencies/arduinobot_bringup
[1.664s] -- Installing: /home/theo/arduinobot_ws/src/install/arduinobot_bringup/share/ament_index/resource_index/parent_prefix_path/arduinobot_bringup
[1.664s] -- Installing: /home/theo/arduinobot_ws/src/install/arduinobot_bringup/share/arduinobot_bringup/environment/ament_prefix_path.sh
[1.664s] -- Installing: /home/theo/arduinobot_ws/src/install/arduinobot_bringup/share/arduinobot_bringup/environment/ament_prefix_path.dsv
[1.664s] -- Installing: /home/theo/arduinobot_ws/src/install/arduinobot_bringup/share/arduinobot_bringup/environment/path.sh
[1.664s] -- Installing: /home/theo/arduinobot_ws/src/install/arduinobot_bringup/share/arduinobot_bringup/environment/path.dsv
[1.664s] -- Installing: /home/theo/arduinobot_ws/src/install/arduinobot_bringup/share/arduinobot_bringup/local_setup.bash
[1.664s] -- Installing: /home/theo/arduinobot_ws/src/install/arduinobot_bringup/share/arduinobot_bringup/local_setup.sh
[1.664s] -- Installing: /home/theo/arduinobot_ws/src/install/arduinobot_bringup/share/arduinobot_bringup/local_setup.zsh
[1.664s] -- Installing: /home/theo/arduinobot_ws/src/install/arduinobot_bringup/share/arduinobot_bringup/local_setup.dsv
[1.664s] -- Installing: /home/theo/arduinobot_ws/src/install/arduinobot_bringup/share/arduinobot_bringup/package.dsv
[1.665s] -- Installing: /home/theo/arduinobot_ws/src/install/arduinobot_bringup/share/ament_index/resource_index/packages/arduinobot_bringup
[1.665s] -- Installing: /home/theo/arduinobot_ws/src/install/arduinobot_bringup/share/arduinobot_bringup/cmake/arduinobot_bringupConfig.cmake
[1.665s] -- Installing: /home/theo/arduinobot_ws/src/install/arduinobot_bringup/share/arduinobot_bringup/cmake/arduinobot_bringupConfig-version.cmake
[1.665s] -- Installing: /home/theo/arduinobot_ws/src/install/arduinobot_bringup/share/arduinobot_bringup/package.xml
[1.669s] Invoked command in '/home/theo/arduinobot_ws/src/build/arduinobot_bringup' returned '0': CMAKE_PREFIX_PATH=${CMAKE_PREFIX_PATH}:/opt/ros/jazzy /usr/bin/cmake --install /home/theo/arduinobot_ws/src/build/arduinobot_bringup
