[0.829s] Invoking command in '/home/theo/arduinobot_ws/src/arduinobot_py_examples': CMAKE_PREFIX_PATH=/home/theo/arduinobot_ws/install/arduinobot_msgs:/home/theo/arduinobot_ws/install/arduinobot_utils:/home/theo/arduinobot_ws/install/arduinobot_moveit:/home/theo/arduinobot_ws/install/arduinobot_description:/home/theo/arduinobot_ws/install/arduinobot_cpp_examples:/home/theo/arduinobot_ws/install/arduinobot_controller:/opt/ros/jazzy/opt/gz_sim_vendor:/opt/ros/jazzy/opt/gz_sensors_vendor:/opt/ros/jazzy/opt/gz_physics_vendor:/opt/ros/jazzy/opt/sdformat_vendor:/opt/ros/jazzy/opt/gz_gui_vendor:/opt/ros/jazzy/opt/gz_transport_vendor:/opt/ros/jazzy/opt/gz_rendering_vendor:/opt/ros/jazzy/opt/gz_plugin_vendor:/opt/ros/jazzy/opt/gz_fuel_tools_vendor:/opt/ros/jazzy/opt/gz_msgs_vendor:/opt/ros/jazzy/opt/gz_common_vendor:/opt/ros/jazzy/opt/gz_math_vendor:/opt/ros/jazzy/opt/gz_utils_vendor:/opt/ros/jazzy/opt/gz_tools_vendor:/opt/ros/jazzy/opt/gz_ogre_next_vendor:/opt/ros/jazzy/opt/gz_dartsim_vendor:/opt/ros/jazzy/opt/gz_cmake_vendor PYTHONPATH=/home/theo/arduinobot_ws/build/arduinobot_py_examples/prefix_override:/usr/lib/python3/dist-packages/colcon_core/task/python/colcon_distutils_commands:/home/theo/arduinobot_ws/install/arduinobot_py_examples/lib/python3.12/site-packages:/home/theo/arduinobot_ws/install/arduinobot_msgs/lib/python3.12/site-packages:/home/theo/arduinobot_ws/install/arduinobot_utils/lib/python3.12/site-packages:/home/theo/arduinobot_ws/install/arduinobot_py_examples/lib/python3.12/site-packages:/opt/ros/jazzy/lib/python3.12/site-packages /usr/bin/python3 -W ignore:setup.py install is deprecated -W ignore:easy_install command is deprecated setup.py egg_info --egg-base ../../build/arduinobot_py_examples build --build-base /home/theo/arduinobot_ws/build/arduinobot_py_examples/build install --record /home/theo/arduinobot_ws/build/arduinobot_py_examples/install.log --single-version-externally-managed install_data
[0.981s] running egg_info
[0.991s] writing ../../build/arduinobot_py_examples/arduinobot_py_examples.egg-info/PKG-INFO
[0.991s] writing dependency_links to ../../build/arduinobot_py_examples/arduinobot_py_examples.egg-info/dependency_links.txt
[0.991s] writing entry points to ../../build/arduinobot_py_examples/arduinobot_py_examples.egg-info/entry_points.txt
[0.992s] writing requirements to ../../build/arduinobot_py_examples/arduinobot_py_examples.egg-info/requires.txt
[0.992s] writing top-level names to ../../build/arduinobot_py_examples/arduinobot_py_examples.egg-info/top_level.txt
[1.011s] reading manifest file '../../build/arduinobot_py_examples/arduinobot_py_examples.egg-info/SOURCES.txt'
[1.012s] writing manifest file '../../build/arduinobot_py_examples/arduinobot_py_examples.egg-info/SOURCES.txt'
[1.012s] running build
[1.012s] running build_py
[1.012s] copying arduinobot_py_examples/simple_moveit_interface.py -> /home/theo/arduinobot_ws/build/arduinobot_py_examples/build/lib/arduinobot_py_examples
[1.013s] running install
[1.016s] running install_lib
[1.026s] copying /home/theo/arduinobot_ws/build/arduinobot_py_examples/build/lib/arduinobot_py_examples/simple_moveit_interface.py -> /home/theo/arduinobot_ws/install/arduinobot_py_examples/lib/python3.12/site-packages/arduinobot_py_examples
[1.026s] byte-compiling /home/theo/arduinobot_ws/install/arduinobot_py_examples/lib/python3.12/site-packages/arduinobot_py_examples/simple_moveit_interface.py to simple_moveit_interface.cpython-312.pyc
[1.026s] running install_data
[1.027s] copying package.xml -> /home/theo/arduinobot_ws/install/arduinobot_py_examples/share/arduinobot_py_examples
[1.027s] creating /home/theo/arduinobot_ws/install/arduinobot_py_examples/share/arduinobot_py_examples/launch
[1.027s] copying launch/simple_moveit_interface.launch.py -> /home/theo/arduinobot_ws/install/arduinobot_py_examples/share/arduinobot_py_examples/launch
[1.027s] running install_egg_info
[1.038s] removing '/home/theo/arduinobot_ws/install/arduinobot_py_examples/lib/python3.12/site-packages/arduinobot_py_examples-0.0.0-py3.12.egg-info' (and everything under it)
[1.038s] Copying ../../build/arduinobot_py_examples/arduinobot_py_examples.egg-info to /home/theo/arduinobot_ws/install/arduinobot_py_examples/lib/python3.12/site-packages/arduinobot_py_examples-0.0.0-py3.12.egg-info
[1.039s] running install_scripts
[1.112s] Installing simple_action_client script to /home/theo/arduinobot_ws/install/arduinobot_py_examples/lib/arduinobot_py_examples
[1.112s] Installing simple_action_server script to /home/theo/arduinobot_ws/install/arduinobot_py_examples/lib/arduinobot_py_examples
[1.112s] Installing simple_moveit_interface script to /home/theo/arduinobot_ws/install/arduinobot_py_examples/lib/arduinobot_py_examples
[1.112s] Installing simple_parameter script to /home/theo/arduinobot_ws/install/arduinobot_py_examples/lib/arduinobot_py_examples
[1.113s] Installing simple_publisher script to /home/theo/arduinobot_ws/install/arduinobot_py_examples/lib/arduinobot_py_examples
[1.113s] Installing simple_service_client script to /home/theo/arduinobot_ws/install/arduinobot_py_examples/lib/arduinobot_py_examples
[1.113s] Installing simple_service_server script to /home/theo/arduinobot_ws/install/arduinobot_py_examples/lib/arduinobot_py_examples
[1.113s] Installing simple_subscriber script to /home/theo/arduinobot_ws/install/arduinobot_py_examples/lib/arduinobot_py_examples
[1.113s] writing list of installed files to '/home/theo/arduinobot_ws/build/arduinobot_py_examples/install.log'
[1.129s] Invoked command in '/home/theo/arduinobot_ws/src/arduinobot_py_examples' returned '0': CMAKE_PREFIX_PATH=/home/theo/arduinobot_ws/install/arduinobot_msgs:/home/theo/arduinobot_ws/install/arduinobot_utils:/home/theo/arduinobot_ws/install/arduinobot_moveit:/home/theo/arduinobot_ws/install/arduinobot_description:/home/theo/arduinobot_ws/install/arduinobot_cpp_examples:/home/theo/arduinobot_ws/install/arduinobot_controller:/opt/ros/jazzy/opt/gz_sim_vendor:/opt/ros/jazzy/opt/gz_sensors_vendor:/opt/ros/jazzy/opt/gz_physics_vendor:/opt/ros/jazzy/opt/sdformat_vendor:/opt/ros/jazzy/opt/gz_gui_vendor:/opt/ros/jazzy/opt/gz_transport_vendor:/opt/ros/jazzy/opt/gz_rendering_vendor:/opt/ros/jazzy/opt/gz_plugin_vendor:/opt/ros/jazzy/opt/gz_fuel_tools_vendor:/opt/ros/jazzy/opt/gz_msgs_vendor:/opt/ros/jazzy/opt/gz_common_vendor:/opt/ros/jazzy/opt/gz_math_vendor:/opt/ros/jazzy/opt/gz_utils_vendor:/opt/ros/jazzy/opt/gz_tools_vendor:/opt/ros/jazzy/opt/gz_ogre_next_vendor:/opt/ros/jazzy/opt/gz_dartsim_vendor:/opt/ros/jazzy/opt/gz_cmake_vendor PYTHONPATH=/home/theo/arduinobot_ws/build/arduinobot_py_examples/prefix_override:/usr/lib/python3/dist-packages/colcon_core/task/python/colcon_distutils_commands:/home/theo/arduinobot_ws/install/arduinobot_py_examples/lib/python3.12/site-packages:/home/theo/arduinobot_ws/install/arduinobot_msgs/lib/python3.12/site-packages:/home/theo/arduinobot_ws/install/arduinobot_utils/lib/python3.12/site-packages:/home/theo/arduinobot_ws/install/arduinobot_py_examples/lib/python3.12/site-packages:/opt/ros/jazzy/lib/python3.12/site-packages /usr/bin/python3 -W ignore:setup.py install is deprecated -W ignore:easy_install command is deprecated setup.py egg_info --egg-base ../../build/arduinobot_py_examples build --build-base /home/theo/arduinobot_ws/build/arduinobot_py_examples/build install --record /home/theo/arduinobot_ws/build/arduinobot_py_examples/install.log --single-version-externally-managed install_data
