[0.012s] Invoking command in '/home/theo/arduinobot_ws/build/arduinobot_description': CMAKE_PREFIX_PATH=${CMAKE_PREFIX_PATH}:/home/theo/arduinobot_ws/install/arduinobot_py_examples:/opt/ros/jazzy /usr/bin/cmake --build /home/theo/arduinobot_ws/build/arduinobot_description -- -j20 -l20
[0.130s] Invoked command in '/home/theo/arduinobot_ws/build/arduinobot_description' returned '0': CMAKE_PREFIX_PATH=${CMAKE_PREFIX_PATH}:/home/theo/arduinobot_ws/install/arduinobot_py_examples:/opt/ros/jazzy /usr/bin/cmake --build /home/theo/arduinobot_ws/build/arduinobot_description -- -j20 -l20
[0.137s] Invoking command in '/home/theo/arduinobot_ws/build/arduinobot_description': CMAKE_PREFIX_PATH=${CMAKE_PREFIX_PATH}:/home/theo/arduinobot_ws/install/arduinobot_py_examples:/opt/ros/jazzy /usr/bin/cmake --install /home/theo/arduinobot_ws/build/arduinobot_description
[0.141s] -- Install configuration: ""
[0.143s] -- Up-to-date: /home/theo/arduinobot_ws/install/arduinobot_description/share/$(PROJECT_NAME)/meshes
[0.143s] -- Up-to-date: /home/theo/arduinobot_ws/install/arduinobot_description/share/$(PROJECT_NAME)/meshes/forward_drive_arm.STL
[0.143s] -- Up-to-date: /home/theo/arduinobot_ws/install/arduinobot_description/share/$(PROJECT_NAME)/meshes/triangular_link.STL
[0.144s] -- Up-to-date: /home/theo/arduinobot_ws/install/arduinobot_description/share/$(PROJECT_NAME)/meshes/plate.STL
[0.145s] -- Up-to-date: /home/theo/arduinobot_ws/install/arduinobot_description/share/$(PROJECT_NAME)/meshes/round_plate.STL
[0.146s] -- Up-to-date: /home/theo/arduinobot_ws/install/arduinobot_description/share/$(PROJECT_NAME)/meshes/link.STL
[0.146s] -- Up-to-date: /home/theo/arduinobot_ws/install/arduinobot_description/share/$(PROJECT_NAME)/meshes/servo_plate.STL
[0.146s] -- Up-to-date: /home/theo/arduinobot_ws/install/arduinobot_description/share/$(PROJECT_NAME)/meshes/vertical_drive_arm.STL
[0.146s] -- Up-to-date: /home/theo/arduinobot_ws/install/arduinobot_description/share/$(PROJECT_NAME)/meshes/claw_support.STL
[0.146s] -- Up-to-date: /home/theo/arduinobot_ws/install/arduinobot_description/share/$(PROJECT_NAME)/meshes/base_plate.STL
[0.146s] -- Up-to-date: /home/theo/arduinobot_ws/install/arduinobot_description/share/$(PROJECT_NAME)/meshes/horizontal_arm.STL
[0.146s] -- Up-to-date: /home/theo/arduinobot_ws/install/arduinobot_description/share/$(PROJECT_NAME)/meshes/basement.STL
[0.146s] -- Up-to-date: /home/theo/arduinobot_ws/install/arduinobot_description/share/$(PROJECT_NAME)/meshes/right_finger.STL
[0.146s] -- Up-to-date: /home/theo/arduinobot_ws/install/arduinobot_description/share/$(PROJECT_NAME)/meshes/left_finger.STL
[0.146s] -- Up-to-date: /home/theo/arduinobot_ws/install/arduinobot_description/share/$(PROJECT_NAME)/urdf
[0.146s] -- Installing: /home/theo/arduinobot_ws/install/arduinobot_description/share/$(PROJECT_NAME)/urdf/arduinobot.urdf.xacro
[0.147s] -- Up-to-date: /home/theo/arduinobot_ws/install/arduinobot_description/share/ament_index/resource_index/package_run_dependencies/arduinobot_description
[0.147s] -- Up-to-date: /home/theo/arduinobot_ws/install/arduinobot_description/share/ament_index/resource_index/parent_prefix_path/arduinobot_description
[0.147s] -- Up-to-date: /home/theo/arduinobot_ws/install/arduinobot_description/share/arduinobot_description/environment/ament_prefix_path.sh
[0.147s] -- Up-to-date: /home/theo/arduinobot_ws/install/arduinobot_description/share/arduinobot_description/environment/ament_prefix_path.dsv
[0.147s] -- Up-to-date: /home/theo/arduinobot_ws/install/arduinobot_description/share/arduinobot_description/environment/path.sh
[0.147s] -- Up-to-date: /home/theo/arduinobot_ws/install/arduinobot_description/share/arduinobot_description/environment/path.dsv
[0.147s] -- Up-to-date: /home/theo/arduinobot_ws/install/arduinobot_description/share/arduinobot_description/local_setup.bash
[0.147s] -- Up-to-date: /home/theo/arduinobot_ws/install/arduinobot_description/share/arduinobot_description/local_setup.sh
[0.147s] -- Up-to-date: /home/theo/arduinobot_ws/install/arduinobot_description/share/arduinobot_description/local_setup.zsh
[0.147s] -- Up-to-date: /home/theo/arduinobot_ws/install/arduinobot_description/share/arduinobot_description/local_setup.dsv
[0.147s] -- Installing: /home/theo/arduinobot_ws/install/arduinobot_description/share/arduinobot_description/package.dsv
[0.147s] -- Up-to-date: /home/theo/arduinobot_ws/install/arduinobot_description/share/ament_index/resource_index/packages/arduinobot_description
[0.147s] -- Up-to-date: /home/theo/arduinobot_ws/install/arduinobot_description/share/arduinobot_description/cmake/arduinobot_descriptionConfig.cmake
[0.147s] -- Up-to-date: /home/theo/arduinobot_ws/install/arduinobot_description/share/arduinobot_description/cmake/arduinobot_descriptionConfig-version.cmake
[0.147s] -- Up-to-date: /home/theo/arduinobot_ws/install/arduinobot_description/share/arduinobot_description/package.xml
[0.163s] Invoked command in '/home/theo/arduinobot_ws/build/arduinobot_description' returned '0': CMAKE_PREFIX_PATH=${CMAKE_PREFIX_PATH}:/home/theo/arduinobot_ws/install/arduinobot_py_examples:/opt/ros/jazzy /usr/bin/cmake --install /home/theo/arduinobot_ws/build/arduinobot_description
