[0.172s] DEBUG:colcon:Command line arguments: ['/usr/bin/colcon', 'build']
[0.172s] DEBUG:colcon:Parsed command line arguments: Namespace(log_base=None, log_level=None, verb_name='build', build_base='build', install_base='install', merge_install=False, symlink_install=False, test_result_base=None, continue_on_error=False, executor='parallel', parallel_workers=20, event_handlers=None, ignore_user_meta=False, metas=['./colcon.meta'], base_paths=['.'], packages_ignore=None, packages_ignore_regex=None, paths=None, packages_up_to=None, packages_up_to_regex=None, packages_above=None, packages_above_and_dependencies=None, packages_above_depth=None, packages_select_by_dep=None, packages_skip_by_dep=None, packages_skip_up_to=None, packages_select_build_failed=False, packages_skip_build_finished=False, packages_select_test_failures=False, packages_skip_test_passed=False, packages_select=None, packages_skip=None, packages_select_regex=None, packages_skip_regex=None, packages_start=None, packages_end=None, allow_overriding=[], cmake_args=None, cmake_target=None, cmake_target_skip_unavailable=False, cmake_clean_cache=False, cmake_clean_first=False, cmake_force_configure=False, ament_cmake_args=None, catkin_cmake_args=None, catkin_skip_building_tests=False, mixin_files=None, mixin=None, verb_parser=<colcon_mixin.mixin.mixin_argument.MixinArgumentDecorator object at 0x7fdb34a3a2d0>, verb_extension=<colcon_core.verb.build.BuildVerb object at 0x7fdb34a3a000>, main=<bound method BuildVerb.main of <colcon_core.verb.build.BuildVerb object at 0x7fdb34a3a000>>, mixin_verb=('build',))
[0.197s] Level 1:colcon.colcon_core.package_discovery:discover_packages(colcon_meta) check parameters
[0.197s] Level 1:colcon.colcon_core.package_discovery:discover_packages(recursive) check parameters
[0.197s] Level 1:colcon.colcon_core.package_discovery:discover_packages(ignore) check parameters
[0.197s] Level 1:colcon.colcon_core.package_discovery:discover_packages(path) check parameters
[0.197s] Level 1:colcon.colcon_core.package_discovery:discover_packages(colcon_meta) discover
[0.197s] Level 1:colcon.colcon_core.package_discovery:discover_packages(recursive) discover
[0.197s] INFO:colcon.colcon_core.package_discovery:Crawling recursively for packages in '/home/theo/arduinobot_ws'
[0.197s] Level 1:colcon.colcon_core.package_identification:_identify(.) by extensions ['ignore', 'ignore_ament_install']
[0.197s] Level 1:colcon.colcon_core.package_identification:_identify(.) by extension 'ignore'
[0.197s] Level 1:colcon.colcon_core.package_identification:_identify(.) by extension 'ignore_ament_install'
[0.197s] Level 1:colcon.colcon_core.package_identification:_identify(.) by extensions ['colcon_pkg']
[0.197s] Level 1:colcon.colcon_core.package_identification:_identify(.) by extension 'colcon_pkg'
[0.197s] Level 1:colcon.colcon_core.package_identification:_identify(.) by extensions ['colcon_meta']
[0.197s] Level 1:colcon.colcon_core.package_identification:_identify(.) by extension 'colcon_meta'
[0.197s] Level 1:colcon.colcon_core.package_identification:_identify(.) by extensions ['ros']
[0.197s] Level 1:colcon.colcon_core.package_identification:_identify(.) by extension 'ros'
[0.212s] Level 1:colcon.colcon_core.package_identification:_identify(.) by extensions ['cmake', 'python']
[0.212s] Level 1:colcon.colcon_core.package_identification:_identify(.) by extension 'cmake'
[0.212s] Level 1:colcon.colcon_core.package_identification:_identify(.) by extension 'python'
[0.212s] Level 1:colcon.colcon_core.package_identification:_identify(.) by extensions ['python_setup_py']
[0.212s] Level 1:colcon.colcon_core.package_identification:_identify(.) by extension 'python_setup_py'
[0.212s] Level 1:colcon.colcon_core.package_identification:_identify(build) by extensions ['ignore', 'ignore_ament_install']
[0.212s] Level 1:colcon.colcon_core.package_identification:_identify(build) by extension 'ignore'
[0.212s] Level 1:colcon.colcon_core.package_identification:_identify(build) ignored
[0.212s] Level 1:colcon.colcon_core.package_identification:_identify(install) by extensions ['ignore', 'ignore_ament_install']
[0.212s] Level 1:colcon.colcon_core.package_identification:_identify(install) by extension 'ignore'
[0.212s] Level 1:colcon.colcon_core.package_identification:_identify(install) ignored
[0.212s] Level 1:colcon.colcon_core.package_identification:_identify(log) by extensions ['ignore', 'ignore_ament_install']
[0.212s] Level 1:colcon.colcon_core.package_identification:_identify(log) by extension 'ignore'
[0.212s] Level 1:colcon.colcon_core.package_identification:_identify(log) ignored
[0.212s] Level 1:colcon.colcon_core.package_identification:_identify(src) by extensions ['ignore', 'ignore_ament_install']
[0.212s] Level 1:colcon.colcon_core.package_identification:_identify(src) by extension 'ignore'
[0.212s] Level 1:colcon.colcon_core.package_identification:_identify(src) by extension 'ignore_ament_install'
[0.212s] Level 1:colcon.colcon_core.package_identification:_identify(src) by extensions ['colcon_pkg']
[0.212s] Level 1:colcon.colcon_core.package_identification:_identify(src) by extension 'colcon_pkg'
[0.212s] Level 1:colcon.colcon_core.package_identification:_identify(src) by extensions ['colcon_meta']
[0.212s] Level 1:colcon.colcon_core.package_identification:_identify(src) by extension 'colcon_meta'
[0.212s] Level 1:colcon.colcon_core.package_identification:_identify(src) by extensions ['ros']
[0.213s] Level 1:colcon.colcon_core.package_identification:_identify(src) by extension 'ros'
[0.213s] Level 1:colcon.colcon_core.package_identification:_identify(src) by extensions ['cmake', 'python']
[0.213s] Level 1:colcon.colcon_core.package_identification:_identify(src) by extension 'cmake'
[0.213s] Level 1:colcon.colcon_core.package_identification:_identify(src) by extension 'python'
[0.213s] Level 1:colcon.colcon_core.package_identification:_identify(src) by extensions ['python_setup_py']
[0.213s] Level 1:colcon.colcon_core.package_identification:_identify(src) by extension 'python_setup_py'
[0.213s] Level 1:colcon.colcon_core.package_identification:_identify(src/arduinobot_controller) by extensions ['ignore', 'ignore_ament_install']
[0.213s] Level 1:colcon.colcon_core.package_identification:_identify(src/arduinobot_controller) by extension 'ignore'
[0.213s] Level 1:colcon.colcon_core.package_identification:_identify(src/arduinobot_controller) by extension 'ignore_ament_install'
[0.213s] Level 1:colcon.colcon_core.package_identification:_identify(src/arduinobot_controller) by extensions ['colcon_pkg']
[0.213s] Level 1:colcon.colcon_core.package_identification:_identify(src/arduinobot_controller) by extension 'colcon_pkg'
[0.213s] Level 1:colcon.colcon_core.package_identification:_identify(src/arduinobot_controller) by extensions ['colcon_meta']
[0.213s] Level 1:colcon.colcon_core.package_identification:_identify(src/arduinobot_controller) by extension 'colcon_meta'
[0.213s] Level 1:colcon.colcon_core.package_identification:_identify(src/arduinobot_controller) by extensions ['ros']
[0.213s] Level 1:colcon.colcon_core.package_identification:_identify(src/arduinobot_controller) by extension 'ros'
[0.215s] DEBUG:colcon.colcon_core.package_identification:Package 'src/arduinobot_controller' with type 'ros.ament_cmake' and name 'arduinobot_controller'
[0.216s] Level 1:colcon.colcon_core.package_identification:_identify(src/arduinobot_cpp_examples) by extensions ['ignore', 'ignore_ament_install']
[0.216s] Level 1:colcon.colcon_core.package_identification:_identify(src/arduinobot_cpp_examples) by extension 'ignore'
[0.216s] Level 1:colcon.colcon_core.package_identification:_identify(src/arduinobot_cpp_examples) by extension 'ignore_ament_install'
[0.216s] Level 1:colcon.colcon_core.package_identification:_identify(src/arduinobot_cpp_examples) by extensions ['colcon_pkg']
[0.216s] Level 1:colcon.colcon_core.package_identification:_identify(src/arduinobot_cpp_examples) by extension 'colcon_pkg'
[0.216s] Level 1:colcon.colcon_core.package_identification:_identify(src/arduinobot_cpp_examples) by extensions ['colcon_meta']
[0.216s] Level 1:colcon.colcon_core.package_identification:_identify(src/arduinobot_cpp_examples) by extension 'colcon_meta'
[0.216s] Level 1:colcon.colcon_core.package_identification:_identify(src/arduinobot_cpp_examples) by extensions ['ros']
[0.216s] Level 1:colcon.colcon_core.package_identification:_identify(src/arduinobot_cpp_examples) by extension 'ros'
[0.216s] DEBUG:colcon.colcon_core.package_identification:Package 'src/arduinobot_cpp_examples' with type 'ros.ament_cmake' and name 'arduinobot_cpp_examples'
[0.217s] Level 1:colcon.colcon_core.package_identification:_identify(src/arduinobot_description) by extensions ['ignore', 'ignore_ament_install']
[0.217s] Level 1:colcon.colcon_core.package_identification:_identify(src/arduinobot_description) by extension 'ignore'
[0.217s] Level 1:colcon.colcon_core.package_identification:_identify(src/arduinobot_description) by extension 'ignore_ament_install'
[0.217s] Level 1:colcon.colcon_core.package_identification:_identify(src/arduinobot_description) by extensions ['colcon_pkg']
[0.217s] Level 1:colcon.colcon_core.package_identification:_identify(src/arduinobot_description) by extension 'colcon_pkg'
[0.217s] Level 1:colcon.colcon_core.package_identification:_identify(src/arduinobot_description) by extensions ['colcon_meta']
[0.217s] Level 1:colcon.colcon_core.package_identification:_identify(src/arduinobot_description) by extension 'colcon_meta'
[0.217s] Level 1:colcon.colcon_core.package_identification:_identify(src/arduinobot_description) by extensions ['ros']
[0.217s] Level 1:colcon.colcon_core.package_identification:_identify(src/arduinobot_description) by extension 'ros'
[0.219s] DEBUG:colcon.colcon_core.package_identification:Package 'src/arduinobot_description' with type 'ros.ament_cmake' and name 'arduinobot_description'
[0.219s] Level 1:colcon.colcon_core.package_identification:_identify(src/arduinobot_moveit) by extensions ['ignore', 'ignore_ament_install']
[0.219s] Level 1:colcon.colcon_core.package_identification:_identify(src/arduinobot_moveit) by extension 'ignore'
[0.219s] Level 1:colcon.colcon_core.package_identification:_identify(src/arduinobot_moveit) by extension 'ignore_ament_install'
[0.219s] Level 1:colcon.colcon_core.package_identification:_identify(src/arduinobot_moveit) by extensions ['colcon_pkg']
[0.220s] Level 1:colcon.colcon_core.package_identification:_identify(src/arduinobot_moveit) by extension 'colcon_pkg'
[0.220s] Level 1:colcon.colcon_core.package_identification:_identify(src/arduinobot_moveit) by extensions ['colcon_meta']
[0.220s] Level 1:colcon.colcon_core.package_identification:_identify(src/arduinobot_moveit) by extension 'colcon_meta'
[0.220s] Level 1:colcon.colcon_core.package_identification:_identify(src/arduinobot_moveit) by extensions ['ros']
[0.220s] Level 1:colcon.colcon_core.package_identification:_identify(src/arduinobot_moveit) by extension 'ros'
[0.220s] DEBUG:colcon.colcon_core.package_identification:Package 'src/arduinobot_moveit' with type 'ros.ament_cmake' and name 'arduinobot_moveit'
[0.220s] Level 1:colcon.colcon_core.package_identification:_identify(src/arduinobot_msgs) by extensions ['ignore', 'ignore_ament_install']
[0.220s] Level 1:colcon.colcon_core.package_identification:_identify(src/arduinobot_msgs) by extension 'ignore'
[0.220s] Level 1:colcon.colcon_core.package_identification:_identify(src/arduinobot_msgs) by extension 'ignore_ament_install'
[0.220s] Level 1:colcon.colcon_core.package_identification:_identify(src/arduinobot_msgs) by extensions ['colcon_pkg']
[0.220s] Level 1:colcon.colcon_core.package_identification:_identify(src/arduinobot_msgs) by extension 'colcon_pkg'
[0.220s] Level 1:colcon.colcon_core.package_identification:_identify(src/arduinobot_msgs) by extensions ['colcon_meta']
[0.220s] Level 1:colcon.colcon_core.package_identification:_identify(src/arduinobot_msgs) by extension 'colcon_meta'
[0.221s] Level 1:colcon.colcon_core.package_identification:_identify(src/arduinobot_msgs) by extensions ['ros']
[0.221s] Level 1:colcon.colcon_core.package_identification:_identify(src/arduinobot_msgs) by extension 'ros'
[0.221s] DEBUG:colcon.colcon_core.package_identification:Package 'src/arduinobot_msgs' with type 'ros.ament_cmake' and name 'arduinobot_msgs'
[0.221s] Level 1:colcon.colcon_core.package_identification:_identify(src/arduinobot_py_examples) by extensions ['ignore', 'ignore_ament_install']
[0.221s] Level 1:colcon.colcon_core.package_identification:_identify(src/arduinobot_py_examples) by extension 'ignore'
[0.221s] Level 1:colcon.colcon_core.package_identification:_identify(src/arduinobot_py_examples) by extension 'ignore_ament_install'
[0.221s] Level 1:colcon.colcon_core.package_identification:_identify(src/arduinobot_py_examples) by extensions ['colcon_pkg']
[0.221s] Level 1:colcon.colcon_core.package_identification:_identify(src/arduinobot_py_examples) by extension 'colcon_pkg'
[0.221s] Level 1:colcon.colcon_core.package_identification:_identify(src/arduinobot_py_examples) by extensions ['colcon_meta']
[0.221s] Level 1:colcon.colcon_core.package_identification:_identify(src/arduinobot_py_examples) by extension 'colcon_meta'
[0.221s] Level 1:colcon.colcon_core.package_identification:_identify(src/arduinobot_py_examples) by extensions ['ros']
[0.221s] Level 1:colcon.colcon_core.package_identification:_identify(src/arduinobot_py_examples) by extension 'ros'
[0.222s] DEBUG:colcon.colcon_core.package_identification:Package 'src/arduinobot_py_examples' with type 'ros.ament_python' and name 'arduinobot_py_examples'
[0.222s] Level 1:colcon.colcon_core.package_identification:_identify(src/arduinobot_remote) by extensions ['ignore', 'ignore_ament_install']
[0.222s] Level 1:colcon.colcon_core.package_identification:_identify(src/arduinobot_remote) by extension 'ignore'
[0.222s] Level 1:colcon.colcon_core.package_identification:_identify(src/arduinobot_remote) by extension 'ignore_ament_install'
[0.222s] Level 1:colcon.colcon_core.package_identification:_identify(src/arduinobot_remote) by extensions ['colcon_pkg']
[0.222s] Level 1:colcon.colcon_core.package_identification:_identify(src/arduinobot_remote) by extension 'colcon_pkg'
[0.222s] Level 1:colcon.colcon_core.package_identification:_identify(src/arduinobot_remote) by extensions ['colcon_meta']
[0.222s] Level 1:colcon.colcon_core.package_identification:_identify(src/arduinobot_remote) by extension 'colcon_meta'
[0.222s] Level 1:colcon.colcon_core.package_identification:_identify(src/arduinobot_remote) by extensions ['ros']
[0.222s] Level 1:colcon.colcon_core.package_identification:_identify(src/arduinobot_remote) by extension 'ros'
[0.222s] DEBUG:colcon.colcon_core.package_identification:Package 'src/arduinobot_remote' with type 'ros.ament_cmake' and name 'arduinobot_remote'
[0.222s] Level 1:colcon.colcon_core.package_identification:_identify(src/arduinobot_utils) by extensions ['ignore', 'ignore_ament_install']
[0.222s] Level 1:colcon.colcon_core.package_identification:_identify(src/arduinobot_utils) by extension 'ignore'
[0.222s] Level 1:colcon.colcon_core.package_identification:_identify(src/arduinobot_utils) by extension 'ignore_ament_install'
[0.222s] Level 1:colcon.colcon_core.package_identification:_identify(src/arduinobot_utils) by extensions ['colcon_pkg']
[0.222s] Level 1:colcon.colcon_core.package_identification:_identify(src/arduinobot_utils) by extension 'colcon_pkg'
[0.222s] Level 1:colcon.colcon_core.package_identification:_identify(src/arduinobot_utils) by extensions ['colcon_meta']
[0.222s] Level 1:colcon.colcon_core.package_identification:_identify(src/arduinobot_utils) by extension 'colcon_meta'
[0.222s] Level 1:colcon.colcon_core.package_identification:_identify(src/arduinobot_utils) by extensions ['ros']
[0.223s] Level 1:colcon.colcon_core.package_identification:_identify(src/arduinobot_utils) by extension 'ros'
[0.223s] DEBUG:colcon.colcon_core.package_identification:Package 'src/arduinobot_utils' with type 'ros.ament_cmake' and name 'arduinobot_utils'
[0.223s] Level 1:colcon.colcon_core.package_discovery:discover_packages(recursive) using defaults
[0.223s] Level 1:colcon.colcon_core.package_discovery:discover_packages(ignore) discover
[0.223s] Level 1:colcon.colcon_core.package_discovery:discover_packages(ignore) using defaults
[0.223s] Level 1:colcon.colcon_core.package_discovery:discover_packages(path) discover
[0.223s] Level 1:colcon.colcon_core.package_discovery:discover_packages(path) using defaults
[0.240s] Level 1:colcon.colcon_core.package_discovery:discover_packages(prefix_path) check parameters
[0.240s] Level 1:colcon.colcon_core.package_discovery:discover_packages(prefix_path) discover
[0.243s] DEBUG:colcon.colcon_installed_package_information.package_discovery:Found 435 installed packages in /opt/ros/jazzy
[0.243s] Level 1:colcon.colcon_core.package_discovery:discover_packages(prefix_path) using defaults
[0.270s] Level 5:colcon.colcon_core.verb:set package 'arduinobot_controller' build argument 'cmake_args' from command line to 'None'
[0.270s] Level 5:colcon.colcon_core.verb:set package 'arduinobot_controller' build argument 'cmake_target' from command line to 'None'
[0.270s] Level 5:colcon.colcon_core.verb:set package 'arduinobot_controller' build argument 'cmake_target_skip_unavailable' from command line to 'False'
[0.270s] Level 5:colcon.colcon_core.verb:set package 'arduinobot_controller' build argument 'cmake_clean_cache' from command line to 'False'
[0.270s] Level 5:colcon.colcon_core.verb:set package 'arduinobot_controller' build argument 'cmake_clean_first' from command line to 'False'
[0.270s] Level 5:colcon.colcon_core.verb:set package 'arduinobot_controller' build argument 'cmake_force_configure' from command line to 'False'
[0.270s] Level 5:colcon.colcon_core.verb:set package 'arduinobot_controller' build argument 'ament_cmake_args' from command line to 'None'
[0.270s] Level 5:colcon.colcon_core.verb:set package 'arduinobot_controller' build argument 'catkin_cmake_args' from command line to 'None'
[0.270s] Level 5:colcon.colcon_core.verb:set package 'arduinobot_controller' build argument 'catkin_skip_building_tests' from command line to 'False'
[0.270s] DEBUG:colcon.colcon_core.verb:Building package 'arduinobot_controller' with the following arguments: {'ament_cmake_args': None, 'build_base': '/home/theo/arduinobot_ws/build/arduinobot_controller', 'catkin_cmake_args': None, 'catkin_skip_building_tests': False, 'cmake_args': None, 'cmake_clean_cache': False, 'cmake_clean_first': False, 'cmake_force_configure': False, 'cmake_target': None, 'cmake_target_skip_unavailable': False, 'install_base': '/home/theo/arduinobot_ws/install/arduinobot_controller', 'merge_install': False, 'path': '/home/theo/arduinobot_ws/src/arduinobot_controller', 'symlink_install': False, 'test_result_base': None}
[0.270s] Level 5:colcon.colcon_core.verb:set package 'arduinobot_cpp_examples' build argument 'cmake_args' from command line to 'None'
[0.270s] Level 5:colcon.colcon_core.verb:set package 'arduinobot_cpp_examples' build argument 'cmake_target' from command line to 'None'
[0.270s] Level 5:colcon.colcon_core.verb:set package 'arduinobot_cpp_examples' build argument 'cmake_target_skip_unavailable' from command line to 'False'
[0.270s] Level 5:colcon.colcon_core.verb:set package 'arduinobot_cpp_examples' build argument 'cmake_clean_cache' from command line to 'False'
[0.270s] Level 5:colcon.colcon_core.verb:set package 'arduinobot_cpp_examples' build argument 'cmake_clean_first' from command line to 'False'
[0.270s] Level 5:colcon.colcon_core.verb:set package 'arduinobot_cpp_examples' build argument 'cmake_force_configure' from command line to 'False'
[0.270s] Level 5:colcon.colcon_core.verb:set package 'arduinobot_cpp_examples' build argument 'ament_cmake_args' from command line to 'None'
[0.270s] Level 5:colcon.colcon_core.verb:set package 'arduinobot_cpp_examples' build argument 'catkin_cmake_args' from command line to 'None'
[0.270s] Level 5:colcon.colcon_core.verb:set package 'arduinobot_cpp_examples' build argument 'catkin_skip_building_tests' from command line to 'False'
[0.270s] DEBUG:colcon.colcon_core.verb:Building package 'arduinobot_cpp_examples' with the following arguments: {'ament_cmake_args': None, 'build_base': '/home/theo/arduinobot_ws/build/arduinobot_cpp_examples', 'catkin_cmake_args': None, 'catkin_skip_building_tests': False, 'cmake_args': None, 'cmake_clean_cache': False, 'cmake_clean_first': False, 'cmake_force_configure': False, 'cmake_target': None, 'cmake_target_skip_unavailable': False, 'install_base': '/home/theo/arduinobot_ws/install/arduinobot_cpp_examples', 'merge_install': False, 'path': '/home/theo/arduinobot_ws/src/arduinobot_cpp_examples', 'symlink_install': False, 'test_result_base': None}
[0.271s] Level 5:colcon.colcon_core.verb:set package 'arduinobot_description' build argument 'cmake_args' from command line to 'None'
[0.271s] Level 5:colcon.colcon_core.verb:set package 'arduinobot_description' build argument 'cmake_target' from command line to 'None'
[0.271s] Level 5:colcon.colcon_core.verb:set package 'arduinobot_description' build argument 'cmake_target_skip_unavailable' from command line to 'False'
[0.271s] Level 5:colcon.colcon_core.verb:set package 'arduinobot_description' build argument 'cmake_clean_cache' from command line to 'False'
[0.271s] Level 5:colcon.colcon_core.verb:set package 'arduinobot_description' build argument 'cmake_clean_first' from command line to 'False'
[0.271s] Level 5:colcon.colcon_core.verb:set package 'arduinobot_description' build argument 'cmake_force_configure' from command line to 'False'
[0.271s] Level 5:colcon.colcon_core.verb:set package 'arduinobot_description' build argument 'ament_cmake_args' from command line to 'None'
[0.271s] Level 5:colcon.colcon_core.verb:set package 'arduinobot_description' build argument 'catkin_cmake_args' from command line to 'None'
[0.271s] Level 5:colcon.colcon_core.verb:set package 'arduinobot_description' build argument 'catkin_skip_building_tests' from command line to 'False'
[0.271s] DEBUG:colcon.colcon_core.verb:Building package 'arduinobot_description' with the following arguments: {'ament_cmake_args': None, 'build_base': '/home/theo/arduinobot_ws/build/arduinobot_description', 'catkin_cmake_args': None, 'catkin_skip_building_tests': False, 'cmake_args': None, 'cmake_clean_cache': False, 'cmake_clean_first': False, 'cmake_force_configure': False, 'cmake_target': None, 'cmake_target_skip_unavailable': False, 'install_base': '/home/theo/arduinobot_ws/install/arduinobot_description', 'merge_install': False, 'path': '/home/theo/arduinobot_ws/src/arduinobot_description', 'symlink_install': False, 'test_result_base': None}
[0.271s] Level 5:colcon.colcon_core.verb:set package 'arduinobot_msgs' build argument 'cmake_args' from command line to 'None'
[0.271s] Level 5:colcon.colcon_core.verb:set package 'arduinobot_msgs' build argument 'cmake_target' from command line to 'None'
[0.271s] Level 5:colcon.colcon_core.verb:set package 'arduinobot_msgs' build argument 'cmake_target_skip_unavailable' from command line to 'False'
[0.271s] Level 5:colcon.colcon_core.verb:set package 'arduinobot_msgs' build argument 'cmake_clean_cache' from command line to 'False'
[0.271s] Level 5:colcon.colcon_core.verb:set package 'arduinobot_msgs' build argument 'cmake_clean_first' from command line to 'False'
[0.271s] Level 5:colcon.colcon_core.verb:set package 'arduinobot_msgs' build argument 'cmake_force_configure' from command line to 'False'
[0.271s] Level 5:colcon.colcon_core.verb:set package 'arduinobot_msgs' build argument 'ament_cmake_args' from command line to 'None'
[0.271s] Level 5:colcon.colcon_core.verb:set package 'arduinobot_msgs' build argument 'catkin_cmake_args' from command line to 'None'
[0.271s] Level 5:colcon.colcon_core.verb:set package 'arduinobot_msgs' build argument 'catkin_skip_building_tests' from command line to 'False'
[0.271s] DEBUG:colcon.colcon_core.verb:Building package 'arduinobot_msgs' with the following arguments: {'ament_cmake_args': None, 'build_base': '/home/theo/arduinobot_ws/build/arduinobot_msgs', 'catkin_cmake_args': None, 'catkin_skip_building_tests': False, 'cmake_args': None, 'cmake_clean_cache': False, 'cmake_clean_first': False, 'cmake_force_configure': False, 'cmake_target': None, 'cmake_target_skip_unavailable': False, 'install_base': '/home/theo/arduinobot_ws/install/arduinobot_msgs', 'merge_install': False, 'path': '/home/theo/arduinobot_ws/src/arduinobot_msgs', 'symlink_install': False, 'test_result_base': None}
[0.271s] Level 5:colcon.colcon_core.verb:set package 'arduinobot_remote' build argument 'cmake_args' from command line to 'None'
[0.271s] Level 5:colcon.colcon_core.verb:set package 'arduinobot_remote' build argument 'cmake_target' from command line to 'None'
[0.271s] Level 5:colcon.colcon_core.verb:set package 'arduinobot_remote' build argument 'cmake_target_skip_unavailable' from command line to 'False'
[0.271s] Level 5:colcon.colcon_core.verb:set package 'arduinobot_remote' build argument 'cmake_clean_cache' from command line to 'False'
[0.271s] Level 5:colcon.colcon_core.verb:set package 'arduinobot_remote' build argument 'cmake_clean_first' from command line to 'False'
[0.271s] Level 5:colcon.colcon_core.verb:set package 'arduinobot_remote' build argument 'cmake_force_configure' from command line to 'False'
[0.271s] Level 5:colcon.colcon_core.verb:set package 'arduinobot_remote' build argument 'ament_cmake_args' from command line to 'None'
[0.271s] Level 5:colcon.colcon_core.verb:set package 'arduinobot_remote' build argument 'catkin_cmake_args' from command line to 'None'
[0.271s] Level 5:colcon.colcon_core.verb:set package 'arduinobot_remote' build argument 'catkin_skip_building_tests' from command line to 'False'
[0.271s] DEBUG:colcon.colcon_core.verb:Building package 'arduinobot_remote' with the following arguments: {'ament_cmake_args': None, 'build_base': '/home/theo/arduinobot_ws/build/arduinobot_remote', 'catkin_cmake_args': None, 'catkin_skip_building_tests': False, 'cmake_args': None, 'cmake_clean_cache': False, 'cmake_clean_first': False, 'cmake_force_configure': False, 'cmake_target': None, 'cmake_target_skip_unavailable': False, 'install_base': '/home/theo/arduinobot_ws/install/arduinobot_remote', 'merge_install': False, 'path': '/home/theo/arduinobot_ws/src/arduinobot_remote', 'symlink_install': False, 'test_result_base': None}
[0.271s] Level 5:colcon.colcon_core.verb:set package 'arduinobot_moveit' build argument 'cmake_args' from command line to 'None'
[0.271s] Level 5:colcon.colcon_core.verb:set package 'arduinobot_moveit' build argument 'cmake_target' from command line to 'None'
[0.271s] Level 5:colcon.colcon_core.verb:set package 'arduinobot_moveit' build argument 'cmake_target_skip_unavailable' from command line to 'False'
[0.271s] Level 5:colcon.colcon_core.verb:set package 'arduinobot_moveit' build argument 'cmake_clean_cache' from command line to 'False'
[0.271s] Level 5:colcon.colcon_core.verb:set package 'arduinobot_moveit' build argument 'cmake_clean_first' from command line to 'False'
[0.271s] Level 5:colcon.colcon_core.verb:set package 'arduinobot_moveit' build argument 'cmake_force_configure' from command line to 'False'
[0.271s] Level 5:colcon.colcon_core.verb:set package 'arduinobot_moveit' build argument 'ament_cmake_args' from command line to 'None'
[0.271s] Level 5:colcon.colcon_core.verb:set package 'arduinobot_moveit' build argument 'catkin_cmake_args' from command line to 'None'
[0.271s] Level 5:colcon.colcon_core.verb:set package 'arduinobot_moveit' build argument 'catkin_skip_building_tests' from command line to 'False'
[0.271s] DEBUG:colcon.colcon_core.verb:Building package 'arduinobot_moveit' with the following arguments: {'ament_cmake_args': None, 'build_base': '/home/theo/arduinobot_ws/build/arduinobot_moveit', 'catkin_cmake_args': None, 'catkin_skip_building_tests': False, 'cmake_args': None, 'cmake_clean_cache': False, 'cmake_clean_first': False, 'cmake_force_configure': False, 'cmake_target': None, 'cmake_target_skip_unavailable': False, 'install_base': '/home/theo/arduinobot_ws/install/arduinobot_moveit', 'merge_install': False, 'path': '/home/theo/arduinobot_ws/src/arduinobot_moveit', 'symlink_install': False, 'test_result_base': None}
[0.271s] Level 5:colcon.colcon_core.verb:set package 'arduinobot_py_examples' build argument 'cmake_args' from command line to 'None'
[0.271s] Level 5:colcon.colcon_core.verb:set package 'arduinobot_py_examples' build argument 'cmake_target' from command line to 'None'
[0.271s] Level 5:colcon.colcon_core.verb:set package 'arduinobot_py_examples' build argument 'cmake_target_skip_unavailable' from command line to 'False'
[0.271s] Level 5:colcon.colcon_core.verb:set package 'arduinobot_py_examples' build argument 'cmake_clean_cache' from command line to 'False'
[0.271s] Level 5:colcon.colcon_core.verb:set package 'arduinobot_py_examples' build argument 'cmake_clean_first' from command line to 'False'
[0.271s] Level 5:colcon.colcon_core.verb:set package 'arduinobot_py_examples' build argument 'cmake_force_configure' from command line to 'False'
[0.271s] Level 5:colcon.colcon_core.verb:set package 'arduinobot_py_examples' build argument 'ament_cmake_args' from command line to 'None'
[0.271s] Level 5:colcon.colcon_core.verb:set package 'arduinobot_py_examples' build argument 'catkin_cmake_args' from command line to 'None'
[0.271s] Level 5:colcon.colcon_core.verb:set package 'arduinobot_py_examples' build argument 'catkin_skip_building_tests' from command line to 'False'
[0.271s] DEBUG:colcon.colcon_core.verb:Building package 'arduinobot_py_examples' with the following arguments: {'ament_cmake_args': None, 'build_base': '/home/theo/arduinobot_ws/build/arduinobot_py_examples', 'catkin_cmake_args': None, 'catkin_skip_building_tests': False, 'cmake_args': None, 'cmake_clean_cache': False, 'cmake_clean_first': False, 'cmake_force_configure': False, 'cmake_target': None, 'cmake_target_skip_unavailable': False, 'install_base': '/home/theo/arduinobot_ws/install/arduinobot_py_examples', 'merge_install': False, 'path': '/home/theo/arduinobot_ws/src/arduinobot_py_examples', 'symlink_install': False, 'test_result_base': None}
[0.272s] Level 5:colcon.colcon_core.verb:set package 'arduinobot_utils' build argument 'cmake_args' from command line to 'None'
[0.272s] Level 5:colcon.colcon_core.verb:set package 'arduinobot_utils' build argument 'cmake_target' from command line to 'None'
[0.272s] Level 5:colcon.colcon_core.verb:set package 'arduinobot_utils' build argument 'cmake_target_skip_unavailable' from command line to 'False'
[0.272s] Level 5:colcon.colcon_core.verb:set package 'arduinobot_utils' build argument 'cmake_clean_cache' from command line to 'False'
[0.272s] Level 5:colcon.colcon_core.verb:set package 'arduinobot_utils' build argument 'cmake_clean_first' from command line to 'False'
[0.272s] Level 5:colcon.colcon_core.verb:set package 'arduinobot_utils' build argument 'cmake_force_configure' from command line to 'False'
[0.272s] Level 5:colcon.colcon_core.verb:set package 'arduinobot_utils' build argument 'ament_cmake_args' from command line to 'None'
[0.272s] Level 5:colcon.colcon_core.verb:set package 'arduinobot_utils' build argument 'catkin_cmake_args' from command line to 'None'
[0.272s] Level 5:colcon.colcon_core.verb:set package 'arduinobot_utils' build argument 'catkin_skip_building_tests' from command line to 'False'
[0.272s] DEBUG:colcon.colcon_core.verb:Building package 'arduinobot_utils' with the following arguments: {'ament_cmake_args': None, 'build_base': '/home/theo/arduinobot_ws/build/arduinobot_utils', 'catkin_cmake_args': None, 'catkin_skip_building_tests': False, 'cmake_args': None, 'cmake_clean_cache': False, 'cmake_clean_first': False, 'cmake_force_configure': False, 'cmake_target': None, 'cmake_target_skip_unavailable': False, 'install_base': '/home/theo/arduinobot_ws/install/arduinobot_utils', 'merge_install': False, 'path': '/home/theo/arduinobot_ws/src/arduinobot_utils', 'symlink_install': False, 'test_result_base': None}
[0.272s] INFO:colcon.colcon_core.executor:Executing jobs using 'parallel' executor
[0.272s] DEBUG:colcon.colcon_parallel_executor.executor.parallel:run_until_complete
[0.272s] INFO:colcon.colcon_ros.task.ament_cmake.build:Building ROS package in '/home/theo/arduinobot_ws/src/arduinobot_msgs' with build type 'ament_cmake'
[0.273s] INFO:colcon.colcon_cmake.task.cmake.build:Building CMake package in '/home/theo/arduinobot_ws/src/arduinobot_msgs'
[0.276s] INFO:colcon.colcon_core.plugin_system:Skipping extension 'colcon_core.shell.bat': Not used on non-Windows systems
[0.276s] INFO:colcon.colcon_core.shell:Skip shell extension 'powershell' for command environment: Not usable outside of PowerShell
[0.276s] DEBUG:colcon.colcon_core.shell:Skip shell extension 'dsv' for command environment
[0.278s] INFO:colcon.colcon_ros.task.ament_cmake.build:Building ROS package in '/home/theo/arduinobot_ws/src/arduinobot_description' with build type 'ament_cmake'
[0.279s] INFO:colcon.colcon_cmake.task.cmake.build:Building CMake package in '/home/theo/arduinobot_ws/src/arduinobot_description'
[0.279s] INFO:colcon.colcon_core.shell:Skip shell extension 'powershell' for command environment: Not usable outside of PowerShell
[0.279s] DEBUG:colcon.colcon_core.shell:Skip shell extension 'dsv' for command environment
[0.280s] INFO:colcon.colcon_ros.task.ament_cmake.build:Building ROS package in '/home/theo/arduinobot_ws/src/arduinobot_controller' with build type 'ament_cmake'
[0.280s] INFO:colcon.colcon_cmake.task.cmake.build:Building CMake package in '/home/theo/arduinobot_ws/src/arduinobot_controller'
[0.281s] INFO:colcon.colcon_core.shell:Skip shell extension 'powershell' for command environment: Not usable outside of PowerShell
[0.281s] DEBUG:colcon.colcon_core.shell:Skip shell extension 'dsv' for command environment
[0.282s] INFO:colcon.colcon_ros.task.ament_cmake.build:Building ROS package in '/home/theo/arduinobot_ws/src/arduinobot_cpp_examples' with build type 'ament_cmake'
[0.282s] INFO:colcon.colcon_cmake.task.cmake.build:Building CMake package in '/home/theo/arduinobot_ws/src/arduinobot_cpp_examples'
[0.282s] INFO:colcon.colcon_core.shell:Skip shell extension 'powershell' for command environment: Not usable outside of PowerShell
[0.282s] DEBUG:colcon.colcon_core.shell:Skip shell extension 'dsv' for command environment
[0.284s] INFO:colcon.colcon_ros.task.ament_cmake.build:Building ROS package in '/home/theo/arduinobot_ws/src/arduinobot_remote' with build type 'ament_cmake'
[0.284s] INFO:colcon.colcon_cmake.task.cmake.build:Building CMake package in '/home/theo/arduinobot_ws/src/arduinobot_remote'
[0.285s] INFO:colcon.colcon_core.shell:Skip shell extension 'powershell' for command environment: Not usable outside of PowerShell
[0.285s] DEBUG:colcon.colcon_core.shell:Skip shell extension 'dsv' for command environment
[0.289s] DEBUG:colcon.colcon_core.event_handler.log_command:Invoking command in '/home/theo/arduinobot_ws/build/arduinobot_msgs': CMAKE_PREFIX_PATH=${CMAKE_PREFIX_PATH}:/opt/ros/jazzy /usr/bin/cmake --build /home/theo/arduinobot_ws/build/arduinobot_msgs -- -j20 -l20
[0.291s] DEBUG:colcon.colcon_core.event_handler.log_command:Invoking command in '/home/theo/arduinobot_ws/build/arduinobot_description': CMAKE_PREFIX_PATH=${CMAKE_PREFIX_PATH}:/opt/ros/jazzy /usr/bin/cmake --build /home/theo/arduinobot_ws/build/arduinobot_description -- -j20 -l20
[0.292s] DEBUG:colcon.colcon_core.event_handler.log_command:Invoking command in '/home/theo/arduinobot_ws/build/arduinobot_controller': CMAKE_PREFIX_PATH=${CMAKE_PREFIX_PATH}:/opt/ros/jazzy /usr/bin/cmake --build /home/theo/arduinobot_ws/build/arduinobot_controller -- -j20 -l20
[0.296s] DEBUG:colcon.colcon_core.event_handler.log_command:Invoking command in '/home/theo/arduinobot_ws/build/arduinobot_cpp_examples': CMAKE_PREFIX_PATH=${CMAKE_PREFIX_PATH}:/opt/ros/jazzy /usr/bin/cmake --build /home/theo/arduinobot_ws/build/arduinobot_cpp_examples -- -j20 -l20
[0.301s] DEBUG:colcon.colcon_core.event_handler.log_command:Invoking command in '/home/theo/arduinobot_ws/build/arduinobot_remote': CMAKE_PREFIX_PATH=${CMAKE_PREFIX_PATH}:/opt/ros/jazzy /usr/bin/cmake /home/theo/arduinobot_ws/src/arduinobot_remote -DCMAKE_INSTALL_PREFIX=/home/theo/arduinobot_ws/install/arduinobot_remote
[0.345s] DEBUG:colcon.colcon_core.event_handler.log_command:Invoked command in '/home/theo/arduinobot_ws/build/arduinobot_cpp_examples' returned '0': CMAKE_PREFIX_PATH=${CMAKE_PREFIX_PATH}:/opt/ros/jazzy /usr/bin/cmake --build /home/theo/arduinobot_ws/build/arduinobot_cpp_examples -- -j20 -l20
[0.351s] DEBUG:colcon.colcon_core.event_handler.log_command:Invoking command in '/home/theo/arduinobot_ws/build/arduinobot_cpp_examples': CMAKE_PREFIX_PATH=${CMAKE_PREFIX_PATH}:/opt/ros/jazzy /usr/bin/cmake --install /home/theo/arduinobot_ws/build/arduinobot_cpp_examples
[0.352s] DEBUG:colcon.colcon_core.event_handler.log_command:Invoked command in '/home/theo/arduinobot_ws/build/arduinobot_description' returned '0': CMAKE_PREFIX_PATH=${CMAKE_PREFIX_PATH}:/opt/ros/jazzy /usr/bin/cmake --build /home/theo/arduinobot_ws/build/arduinobot_description -- -j20 -l20
[0.353s] DEBUG:colcon.colcon_core.event_handler.log_command:Invoking command in '/home/theo/arduinobot_ws/build/arduinobot_description': CMAKE_PREFIX_PATH=${CMAKE_PREFIX_PATH}:/opt/ros/jazzy /usr/bin/cmake --install /home/theo/arduinobot_ws/build/arduinobot_description
[0.354s] DEBUG:colcon.colcon_core.event_handler.log_command:Invoked command in '/home/theo/arduinobot_ws/build/arduinobot_controller' returned '0': CMAKE_PREFIX_PATH=${CMAKE_PREFIX_PATH}:/opt/ros/jazzy /usr/bin/cmake --build /home/theo/arduinobot_ws/build/arduinobot_controller -- -j20 -l20
[0.355s] DEBUG:colcon.colcon_core.event_handler.log_command:Invoking command in '/home/theo/arduinobot_ws/build/arduinobot_controller': CMAKE_PREFIX_PATH=${CMAKE_PREFIX_PATH}:/opt/ros/jazzy /usr/bin/cmake --install /home/theo/arduinobot_ws/build/arduinobot_controller
[0.362s] Level 1:colcon.colcon_core.environment:create_environment_scripts_only(arduinobot_cpp_examples)
[0.364s] DEBUG:colcon.colcon_core.event_handler.log_command:Invoked command in '/home/theo/arduinobot_ws/build/arduinobot_cpp_examples' returned '0': CMAKE_PREFIX_PATH=${CMAKE_PREFIX_PATH}:/opt/ros/jazzy /usr/bin/cmake --install /home/theo/arduinobot_ws/build/arduinobot_cpp_examples
[0.371s] Level 1:colcon.colcon_core.environment:checking '/home/theo/arduinobot_ws/install/arduinobot_cpp_examples' for CMake module files
[0.371s] Level 1:colcon.colcon_core.environment:checking '/home/theo/arduinobot_ws/install/arduinobot_cpp_examples' for CMake config files
[0.372s] Level 1:colcon.colcon_core.shell:create_environment_hook('arduinobot_cpp_examples', 'cmake_prefix_path')
[0.372s] INFO:colcon.colcon_core.shell:Creating environment hook '/home/theo/arduinobot_ws/install/arduinobot_cpp_examples/share/arduinobot_cpp_examples/hook/cmake_prefix_path.ps1'
[0.372s] INFO:colcon.colcon_core.shell:Creating environment descriptor '/home/theo/arduinobot_ws/install/arduinobot_cpp_examples/share/arduinobot_cpp_examples/hook/cmake_prefix_path.dsv'
[0.373s] INFO:colcon.colcon_core.shell:Creating environment hook '/home/theo/arduinobot_ws/install/arduinobot_cpp_examples/share/arduinobot_cpp_examples/hook/cmake_prefix_path.sh'
[0.374s] Level 1:colcon.colcon_core.environment:checking '/home/theo/arduinobot_ws/install/arduinobot_cpp_examples/bin'
[0.374s] Level 1:colcon.colcon_core.environment:checking '/home/theo/arduinobot_ws/install/arduinobot_cpp_examples/lib/pkgconfig/arduinobot_cpp_examples.pc'
[0.374s] Level 1:colcon.colcon_core.environment:checking '/home/theo/arduinobot_ws/install/arduinobot_cpp_examples/lib/python3.12/site-packages'
[0.374s] Level 1:colcon.colcon_core.environment:checking '/home/theo/arduinobot_ws/install/arduinobot_cpp_examples/bin'
[0.374s] INFO:colcon.colcon_core.shell:Creating package script '/home/theo/arduinobot_ws/install/arduinobot_cpp_examples/share/arduinobot_cpp_examples/package.ps1'
[0.375s] INFO:colcon.colcon_core.shell:Creating package descriptor '/home/theo/arduinobot_ws/install/arduinobot_cpp_examples/share/arduinobot_cpp_examples/package.dsv'
[0.375s] INFO:colcon.colcon_core.shell:Creating package script '/home/theo/arduinobot_ws/install/arduinobot_cpp_examples/share/arduinobot_cpp_examples/package.sh'
[0.375s] INFO:colcon.colcon_core.shell:Creating package script '/home/theo/arduinobot_ws/install/arduinobot_cpp_examples/share/arduinobot_cpp_examples/package.bash'
[0.376s] INFO:colcon.colcon_core.shell:Creating package script '/home/theo/arduinobot_ws/install/arduinobot_cpp_examples/share/arduinobot_cpp_examples/package.zsh'
[0.377s] Level 1:colcon.colcon_core.environment:create_file_with_runtime_dependencies(/home/theo/arduinobot_ws/install/arduinobot_cpp_examples/share/colcon-core/packages/arduinobot_cpp_examples)
[0.377s] Level 1:colcon.colcon_core.environment:create_environment_scripts_only(arduinobot_cpp_examples)
[0.377s] Level 1:colcon.colcon_core.environment:checking '/home/theo/arduinobot_ws/install/arduinobot_cpp_examples' for CMake module files
[0.377s] Level 1:colcon.colcon_core.environment:checking '/home/theo/arduinobot_ws/install/arduinobot_cpp_examples' for CMake config files
[0.377s] Level 1:colcon.colcon_core.shell:create_environment_hook('arduinobot_cpp_examples', 'cmake_prefix_path')
[0.377s] INFO:colcon.colcon_core.shell:Creating environment hook '/home/theo/arduinobot_ws/install/arduinobot_cpp_examples/share/arduinobot_cpp_examples/hook/cmake_prefix_path.ps1'
[0.378s] INFO:colcon.colcon_core.shell:Creating environment descriptor '/home/theo/arduinobot_ws/install/arduinobot_cpp_examples/share/arduinobot_cpp_examples/hook/cmake_prefix_path.dsv'
[0.378s] INFO:colcon.colcon_core.shell:Creating environment hook '/home/theo/arduinobot_ws/install/arduinobot_cpp_examples/share/arduinobot_cpp_examples/hook/cmake_prefix_path.sh'
[0.378s] Level 1:colcon.colcon_core.environment:checking '/home/theo/arduinobot_ws/install/arduinobot_cpp_examples/bin'
[0.378s] Level 1:colcon.colcon_core.environment:checking '/home/theo/arduinobot_ws/install/arduinobot_cpp_examples/lib/pkgconfig/arduinobot_cpp_examples.pc'
[0.378s] Level 1:colcon.colcon_core.environment:checking '/home/theo/arduinobot_ws/install/arduinobot_cpp_examples/lib/python3.12/site-packages'
[0.378s] Level 1:colcon.colcon_core.environment:checking '/home/theo/arduinobot_ws/install/arduinobot_cpp_examples/bin'
[0.378s] INFO:colcon.colcon_core.shell:Creating package script '/home/theo/arduinobot_ws/install/arduinobot_cpp_examples/share/arduinobot_cpp_examples/package.ps1'
[0.379s] INFO:colcon.colcon_core.shell:Creating package descriptor '/home/theo/arduinobot_ws/install/arduinobot_cpp_examples/share/arduinobot_cpp_examples/package.dsv'
[0.379s] INFO:colcon.colcon_core.shell:Creating package script '/home/theo/arduinobot_ws/install/arduinobot_cpp_examples/share/arduinobot_cpp_examples/package.sh'
[0.379s] INFO:colcon.colcon_core.shell:Creating package script '/home/theo/arduinobot_ws/install/arduinobot_cpp_examples/share/arduinobot_cpp_examples/package.bash'
[0.379s] INFO:colcon.colcon_core.shell:Creating package script '/home/theo/arduinobot_ws/install/arduinobot_cpp_examples/share/arduinobot_cpp_examples/package.zsh'
[0.379s] Level 1:colcon.colcon_core.environment:create_file_with_runtime_dependencies(/home/theo/arduinobot_ws/install/arduinobot_cpp_examples/share/colcon-core/packages/arduinobot_cpp_examples)
[0.380s] Level 1:colcon.colcon_core.environment:create_environment_scripts_only(arduinobot_description)
[0.380s] Level 1:colcon.colcon_core.environment:checking '/home/theo/arduinobot_ws/install/arduinobot_description' for CMake module files
[0.381s] DEBUG:colcon.colcon_core.event_handler.log_command:Invoked command in '/home/theo/arduinobot_ws/build/arduinobot_description' returned '0': CMAKE_PREFIX_PATH=${CMAKE_PREFIX_PATH}:/opt/ros/jazzy /usr/bin/cmake --install /home/theo/arduinobot_ws/build/arduinobot_description
[0.381s] Level 1:colcon.colcon_core.environment:checking '/home/theo/arduinobot_ws/install/arduinobot_description' for CMake config files
[0.383s] Level 1:colcon.colcon_core.shell:create_environment_hook('arduinobot_description', 'cmake_prefix_path')
[0.383s] INFO:colcon.colcon_core.shell:Creating environment hook '/home/theo/arduinobot_ws/install/arduinobot_description/share/arduinobot_description/hook/cmake_prefix_path.ps1'
[0.383s] INFO:colcon.colcon_core.shell:Creating environment descriptor '/home/theo/arduinobot_ws/install/arduinobot_description/share/arduinobot_description/hook/cmake_prefix_path.dsv'
[0.383s] INFO:colcon.colcon_core.shell:Creating environment hook '/home/theo/arduinobot_ws/install/arduinobot_description/share/arduinobot_description/hook/cmake_prefix_path.sh'
[0.384s] Level 1:colcon.colcon_core.environment:checking '/home/theo/arduinobot_ws/install/arduinobot_description/bin'
[0.384s] Level 1:colcon.colcon_core.environment:checking '/home/theo/arduinobot_ws/install/arduinobot_description/lib/pkgconfig/arduinobot_description.pc'
[0.384s] Level 1:colcon.colcon_core.environment:checking '/home/theo/arduinobot_ws/install/arduinobot_description/lib/python3.12/site-packages'
[0.384s] Level 1:colcon.colcon_core.environment:checking '/home/theo/arduinobot_ws/install/arduinobot_description/bin'
[0.384s] INFO:colcon.colcon_core.shell:Creating package script '/home/theo/arduinobot_ws/install/arduinobot_description/share/arduinobot_description/package.ps1'
[0.384s] INFO:colcon.colcon_core.shell:Creating package descriptor '/home/theo/arduinobot_ws/install/arduinobot_description/share/arduinobot_description/package.dsv'
[0.385s] INFO:colcon.colcon_core.shell:Creating package script '/home/theo/arduinobot_ws/install/arduinobot_description/share/arduinobot_description/package.sh'
[0.385s] INFO:colcon.colcon_core.shell:Creating package script '/home/theo/arduinobot_ws/install/arduinobot_description/share/arduinobot_description/package.bash'
[0.385s] INFO:colcon.colcon_core.shell:Creating package script '/home/theo/arduinobot_ws/install/arduinobot_description/share/arduinobot_description/package.zsh'
[0.385s] Level 1:colcon.colcon_core.environment:create_file_with_runtime_dependencies(/home/theo/arduinobot_ws/install/arduinobot_description/share/colcon-core/packages/arduinobot_description)
[0.385s] Level 1:colcon.colcon_core.environment:create_environment_scripts_only(arduinobot_description)
[0.386s] Level 1:colcon.colcon_core.environment:checking '/home/theo/arduinobot_ws/install/arduinobot_description' for CMake module files
[0.386s] Level 1:colcon.colcon_core.environment:checking '/home/theo/arduinobot_ws/install/arduinobot_description' for CMake config files
[0.386s] Level 1:colcon.colcon_core.shell:create_environment_hook('arduinobot_description', 'cmake_prefix_path')
[0.386s] INFO:colcon.colcon_core.shell:Creating environment hook '/home/theo/arduinobot_ws/install/arduinobot_description/share/arduinobot_description/hook/cmake_prefix_path.ps1'
[0.386s] INFO:colcon.colcon_core.shell:Creating environment descriptor '/home/theo/arduinobot_ws/install/arduinobot_description/share/arduinobot_description/hook/cmake_prefix_path.dsv'
[0.386s] INFO:colcon.colcon_core.shell:Creating environment hook '/home/theo/arduinobot_ws/install/arduinobot_description/share/arduinobot_description/hook/cmake_prefix_path.sh'
[0.387s] Level 1:colcon.colcon_core.environment:checking '/home/theo/arduinobot_ws/install/arduinobot_description/bin'
[0.387s] Level 1:colcon.colcon_core.environment:checking '/home/theo/arduinobot_ws/install/arduinobot_description/lib/pkgconfig/arduinobot_description.pc'
[0.387s] Level 1:colcon.colcon_core.environment:checking '/home/theo/arduinobot_ws/install/arduinobot_description/lib/python3.12/site-packages'
[0.387s] Level 1:colcon.colcon_core.environment:checking '/home/theo/arduinobot_ws/install/arduinobot_description/bin'
[0.387s] INFO:colcon.colcon_core.shell:Creating package script '/home/theo/arduinobot_ws/install/arduinobot_description/share/arduinobot_description/package.ps1'
[0.388s] INFO:colcon.colcon_core.shell:Creating package descriptor '/home/theo/arduinobot_ws/install/arduinobot_description/share/arduinobot_description/package.dsv'
[0.388s] INFO:colcon.colcon_core.shell:Creating package script '/home/theo/arduinobot_ws/install/arduinobot_description/share/arduinobot_description/package.sh'
[0.388s] INFO:colcon.colcon_core.shell:Creating package script '/home/theo/arduinobot_ws/install/arduinobot_description/share/arduinobot_description/package.bash'
[0.389s] INFO:colcon.colcon_core.shell:Creating package script '/home/theo/arduinobot_ws/install/arduinobot_description/share/arduinobot_description/package.zsh'
[0.389s] Level 1:colcon.colcon_core.environment:create_file_with_runtime_dependencies(/home/theo/arduinobot_ws/install/arduinobot_description/share/colcon-core/packages/arduinobot_description)
[0.389s] Level 1:colcon.colcon_core.environment:create_environment_scripts_only(arduinobot_controller)
[0.389s] Level 1:colcon.colcon_core.environment:checking '/home/theo/arduinobot_ws/install/arduinobot_controller' for CMake module files
[0.390s] DEBUG:colcon.colcon_core.event_handler.log_command:Invoked command in '/home/theo/arduinobot_ws/build/arduinobot_controller' returned '0': CMAKE_PREFIX_PATH=${CMAKE_PREFIX_PATH}:/opt/ros/jazzy /usr/bin/cmake --install /home/theo/arduinobot_ws/build/arduinobot_controller
[0.390s] Level 1:colcon.colcon_core.environment:checking '/home/theo/arduinobot_ws/install/arduinobot_controller' for CMake config files
[0.391s] Level 1:colcon.colcon_core.shell:create_environment_hook('arduinobot_controller', 'cmake_prefix_path')
[0.392s] INFO:colcon.colcon_core.shell:Creating environment hook '/home/theo/arduinobot_ws/install/arduinobot_controller/share/arduinobot_controller/hook/cmake_prefix_path.ps1'
[0.392s] INFO:colcon.colcon_core.shell:Creating environment descriptor '/home/theo/arduinobot_ws/install/arduinobot_controller/share/arduinobot_controller/hook/cmake_prefix_path.dsv'
[0.392s] INFO:colcon.colcon_core.shell:Creating environment hook '/home/theo/arduinobot_ws/install/arduinobot_controller/share/arduinobot_controller/hook/cmake_prefix_path.sh'
[0.392s] Level 1:colcon.colcon_core.environment:checking '/home/theo/arduinobot_ws/install/arduinobot_controller/bin'
[0.393s] Level 1:colcon.colcon_core.environment:checking '/home/theo/arduinobot_ws/install/arduinobot_controller/lib/pkgconfig/arduinobot_controller.pc'
[0.393s] Level 1:colcon.colcon_core.environment:checking '/home/theo/arduinobot_ws/install/arduinobot_controller/lib/python3.12/site-packages'
[0.393s] Level 1:colcon.colcon_core.environment:checking '/home/theo/arduinobot_ws/install/arduinobot_controller/bin'
[0.393s] INFO:colcon.colcon_core.shell:Creating package script '/home/theo/arduinobot_ws/install/arduinobot_controller/share/arduinobot_controller/package.ps1'
[0.393s] INFO:colcon.colcon_core.shell:Creating package descriptor '/home/theo/arduinobot_ws/install/arduinobot_controller/share/arduinobot_controller/package.dsv'
[0.393s] INFO:colcon.colcon_core.shell:Creating package script '/home/theo/arduinobot_ws/install/arduinobot_controller/share/arduinobot_controller/package.sh'
[0.394s] INFO:colcon.colcon_core.shell:Creating package script '/home/theo/arduinobot_ws/install/arduinobot_controller/share/arduinobot_controller/package.bash'
[0.394s] INFO:colcon.colcon_core.shell:Creating package script '/home/theo/arduinobot_ws/install/arduinobot_controller/share/arduinobot_controller/package.zsh'
[0.394s] Level 1:colcon.colcon_core.environment:create_file_with_runtime_dependencies(/home/theo/arduinobot_ws/install/arduinobot_controller/share/colcon-core/packages/arduinobot_controller)
[0.394s] Level 1:colcon.colcon_core.environment:create_environment_scripts_only(arduinobot_controller)
[0.394s] Level 1:colcon.colcon_core.environment:checking '/home/theo/arduinobot_ws/install/arduinobot_controller' for CMake module files
[0.394s] Level 1:colcon.colcon_core.environment:checking '/home/theo/arduinobot_ws/install/arduinobot_controller' for CMake config files
[0.394s] Level 1:colcon.colcon_core.shell:create_environment_hook('arduinobot_controller', 'cmake_prefix_path')
[0.395s] INFO:colcon.colcon_core.shell:Creating environment hook '/home/theo/arduinobot_ws/install/arduinobot_controller/share/arduinobot_controller/hook/cmake_prefix_path.ps1'
[0.395s] INFO:colcon.colcon_core.shell:Creating environment descriptor '/home/theo/arduinobot_ws/install/arduinobot_controller/share/arduinobot_controller/hook/cmake_prefix_path.dsv'
[0.395s] INFO:colcon.colcon_core.shell:Creating environment hook '/home/theo/arduinobot_ws/install/arduinobot_controller/share/arduinobot_controller/hook/cmake_prefix_path.sh'
[0.395s] Level 1:colcon.colcon_core.environment:checking '/home/theo/arduinobot_ws/install/arduinobot_controller/bin'
[0.395s] Level 1:colcon.colcon_core.environment:checking '/home/theo/arduinobot_ws/install/arduinobot_controller/lib/pkgconfig/arduinobot_controller.pc'
[0.395s] Level 1:colcon.colcon_core.environment:checking '/home/theo/arduinobot_ws/install/arduinobot_controller/lib/python3.12/site-packages'
[0.395s] Level 1:colcon.colcon_core.environment:checking '/home/theo/arduinobot_ws/install/arduinobot_controller/bin'
[0.396s] INFO:colcon.colcon_core.shell:Creating package script '/home/theo/arduinobot_ws/install/arduinobot_controller/share/arduinobot_controller/package.ps1'
[0.396s] INFO:colcon.colcon_core.shell:Creating package descriptor '/home/theo/arduinobot_ws/install/arduinobot_controller/share/arduinobot_controller/package.dsv'
[0.396s] INFO:colcon.colcon_core.shell:Creating package script '/home/theo/arduinobot_ws/install/arduinobot_controller/share/arduinobot_controller/package.sh'
[0.396s] INFO:colcon.colcon_core.shell:Creating package script '/home/theo/arduinobot_ws/install/arduinobot_controller/share/arduinobot_controller/package.bash'
[0.396s] INFO:colcon.colcon_core.shell:Creating package script '/home/theo/arduinobot_ws/install/arduinobot_controller/share/arduinobot_controller/package.zsh'
[0.397s] Level 1:colcon.colcon_core.environment:create_file_with_runtime_dependencies(/home/theo/arduinobot_ws/install/arduinobot_controller/share/colcon-core/packages/arduinobot_controller)
[0.397s] INFO:colcon.colcon_ros.task.ament_cmake.build:Building ROS package in '/home/theo/arduinobot_ws/src/arduinobot_moveit' with build type 'ament_cmake'
[0.397s] INFO:colcon.colcon_cmake.task.cmake.build:Building CMake package in '/home/theo/arduinobot_ws/src/arduinobot_moveit'
[0.397s] INFO:colcon.colcon_core.shell:Skip shell extension 'powershell' for command environment: Not usable outside of PowerShell
[0.397s] DEBUG:colcon.colcon_core.shell:Skip shell extension 'dsv' for command environment
[0.433s] DEBUG:colcon.colcon_core.event_handler.log_command:Invoking command in '/home/theo/arduinobot_ws/build/arduinobot_moveit': AMENT_PREFIX_PATH=/home/theo/arduinobot_ws/install/arduinobot_description:${AMENT_PREFIX_PATH} CMAKE_PREFIX_PATH=/home/theo/arduinobot_ws/install/arduinobot_description:/opt/ros/jazzy/opt/gz_sim_vendor:/opt/ros/jazzy/opt/gz_sensors_vendor:/opt/ros/jazzy/opt/gz_physics_vendor:/opt/ros/jazzy/opt/sdformat_vendor:/opt/ros/jazzy/opt/gz_gui_vendor:/opt/ros/jazzy/opt/gz_transport_vendor:/opt/ros/jazzy/opt/gz_rendering_vendor:/opt/ros/jazzy/opt/gz_plugin_vendor:/opt/ros/jazzy/opt/gz_fuel_tools_vendor:/opt/ros/jazzy/opt/gz_msgs_vendor:/opt/ros/jazzy/opt/gz_common_vendor:/opt/ros/jazzy/opt/gz_math_vendor:/opt/ros/jazzy/opt/gz_utils_vendor:/opt/ros/jazzy/opt/gz_tools_vendor:/opt/ros/jazzy/opt/gz_ogre_next_vendor:/opt/ros/jazzy/opt/gz_dartsim_vendor:/opt/ros/jazzy/opt/gz_cmake_vendor:/opt/ros/jazzy /usr/bin/cmake --build /home/theo/arduinobot_ws/build/arduinobot_moveit -- -j20 -l20
[0.447s] DEBUG:colcon.colcon_core.event_handler.log_command:Invoked command in '/home/theo/arduinobot_ws/build/arduinobot_moveit' returned '0': AMENT_PREFIX_PATH=/home/theo/arduinobot_ws/install/arduinobot_description:${AMENT_PREFIX_PATH} CMAKE_PREFIX_PATH=/home/theo/arduinobot_ws/install/arduinobot_description:/opt/ros/jazzy/opt/gz_sim_vendor:/opt/ros/jazzy/opt/gz_sensors_vendor:/opt/ros/jazzy/opt/gz_physics_vendor:/opt/ros/jazzy/opt/sdformat_vendor:/opt/ros/jazzy/opt/gz_gui_vendor:/opt/ros/jazzy/opt/gz_transport_vendor:/opt/ros/jazzy/opt/gz_rendering_vendor:/opt/ros/jazzy/opt/gz_plugin_vendor:/opt/ros/jazzy/opt/gz_fuel_tools_vendor:/opt/ros/jazzy/opt/gz_msgs_vendor:/opt/ros/jazzy/opt/gz_common_vendor:/opt/ros/jazzy/opt/gz_math_vendor:/opt/ros/jazzy/opt/gz_utils_vendor:/opt/ros/jazzy/opt/gz_tools_vendor:/opt/ros/jazzy/opt/gz_ogre_next_vendor:/opt/ros/jazzy/opt/gz_dartsim_vendor:/opt/ros/jazzy/opt/gz_cmake_vendor:/opt/ros/jazzy /usr/bin/cmake --build /home/theo/arduinobot_ws/build/arduinobot_moveit -- -j20 -l20
[0.448s] DEBUG:colcon.colcon_core.event_handler.log_command:Invoking command in '/home/theo/arduinobot_ws/build/arduinobot_moveit': AMENT_PREFIX_PATH=/home/theo/arduinobot_ws/install/arduinobot_description:${AMENT_PREFIX_PATH} CMAKE_PREFIX_PATH=/home/theo/arduinobot_ws/install/arduinobot_description:/opt/ros/jazzy/opt/gz_sim_vendor:/opt/ros/jazzy/opt/gz_sensors_vendor:/opt/ros/jazzy/opt/gz_physics_vendor:/opt/ros/jazzy/opt/sdformat_vendor:/opt/ros/jazzy/opt/gz_gui_vendor:/opt/ros/jazzy/opt/gz_transport_vendor:/opt/ros/jazzy/opt/gz_rendering_vendor:/opt/ros/jazzy/opt/gz_plugin_vendor:/opt/ros/jazzy/opt/gz_fuel_tools_vendor:/opt/ros/jazzy/opt/gz_msgs_vendor:/opt/ros/jazzy/opt/gz_common_vendor:/opt/ros/jazzy/opt/gz_math_vendor:/opt/ros/jazzy/opt/gz_utils_vendor:/opt/ros/jazzy/opt/gz_tools_vendor:/opt/ros/jazzy/opt/gz_ogre_next_vendor:/opt/ros/jazzy/opt/gz_dartsim_vendor:/opt/ros/jazzy/opt/gz_cmake_vendor:/opt/ros/jazzy /usr/bin/cmake --install /home/theo/arduinobot_ws/build/arduinobot_moveit
[0.457s] Level 1:colcon.colcon_core.environment:create_environment_scripts_only(arduinobot_moveit)
[0.457s] Level 1:colcon.colcon_core.environment:checking '/home/theo/arduinobot_ws/install/arduinobot_moveit' for CMake module files
[0.458s] DEBUG:colcon.colcon_core.event_handler.log_command:Invoked command in '/home/theo/arduinobot_ws/build/arduinobot_moveit' returned '0': AMENT_PREFIX_PATH=/home/theo/arduinobot_ws/install/arduinobot_description:${AMENT_PREFIX_PATH} CMAKE_PREFIX_PATH=/home/theo/arduinobot_ws/install/arduinobot_description:/opt/ros/jazzy/opt/gz_sim_vendor:/opt/ros/jazzy/opt/gz_sensors_vendor:/opt/ros/jazzy/opt/gz_physics_vendor:/opt/ros/jazzy/opt/sdformat_vendor:/opt/ros/jazzy/opt/gz_gui_vendor:/opt/ros/jazzy/opt/gz_transport_vendor:/opt/ros/jazzy/opt/gz_rendering_vendor:/opt/ros/jazzy/opt/gz_plugin_vendor:/opt/ros/jazzy/opt/gz_fuel_tools_vendor:/opt/ros/jazzy/opt/gz_msgs_vendor:/opt/ros/jazzy/opt/gz_common_vendor:/opt/ros/jazzy/opt/gz_math_vendor:/opt/ros/jazzy/opt/gz_utils_vendor:/opt/ros/jazzy/opt/gz_tools_vendor:/opt/ros/jazzy/opt/gz_ogre_next_vendor:/opt/ros/jazzy/opt/gz_dartsim_vendor:/opt/ros/jazzy/opt/gz_cmake_vendor:/opt/ros/jazzy /usr/bin/cmake --install /home/theo/arduinobot_ws/build/arduinobot_moveit
[0.458s] Level 1:colcon.colcon_core.environment:checking '/home/theo/arduinobot_ws/install/arduinobot_moveit' for CMake config files
[0.459s] Level 1:colcon.colcon_core.shell:create_environment_hook('arduinobot_moveit', 'cmake_prefix_path')
[0.459s] INFO:colcon.colcon_core.shell:Creating environment hook '/home/theo/arduinobot_ws/install/arduinobot_moveit/share/arduinobot_moveit/hook/cmake_prefix_path.ps1'
[0.460s] INFO:colcon.colcon_core.shell:Creating environment descriptor '/home/theo/arduinobot_ws/install/arduinobot_moveit/share/arduinobot_moveit/hook/cmake_prefix_path.dsv'
[0.460s] INFO:colcon.colcon_core.shell:Creating environment hook '/home/theo/arduinobot_ws/install/arduinobot_moveit/share/arduinobot_moveit/hook/cmake_prefix_path.sh'
[0.460s] Level 1:colcon.colcon_core.environment:checking '/home/theo/arduinobot_ws/install/arduinobot_moveit/bin'
[0.460s] Level 1:colcon.colcon_core.environment:checking '/home/theo/arduinobot_ws/install/arduinobot_moveit/lib/pkgconfig/arduinobot_moveit.pc'
[0.460s] Level 1:colcon.colcon_core.environment:checking '/home/theo/arduinobot_ws/install/arduinobot_moveit/lib/python3.12/site-packages'
[0.460s] Level 1:colcon.colcon_core.environment:checking '/home/theo/arduinobot_ws/install/arduinobot_moveit/bin'
[0.461s] INFO:colcon.colcon_core.shell:Creating package script '/home/theo/arduinobot_ws/install/arduinobot_moveit/share/arduinobot_moveit/package.ps1'
[0.461s] INFO:colcon.colcon_core.shell:Creating package descriptor '/home/theo/arduinobot_ws/install/arduinobot_moveit/share/arduinobot_moveit/package.dsv'
[0.461s] INFO:colcon.colcon_core.shell:Creating package script '/home/theo/arduinobot_ws/install/arduinobot_moveit/share/arduinobot_moveit/package.sh'
[0.462s] INFO:colcon.colcon_core.shell:Creating package script '/home/theo/arduinobot_ws/install/arduinobot_moveit/share/arduinobot_moveit/package.bash'
[0.462s] INFO:colcon.colcon_core.shell:Creating package script '/home/theo/arduinobot_ws/install/arduinobot_moveit/share/arduinobot_moveit/package.zsh'
[0.462s] Level 1:colcon.colcon_core.environment:create_file_with_runtime_dependencies(/home/theo/arduinobot_ws/install/arduinobot_moveit/share/colcon-core/packages/arduinobot_moveit)
[0.462s] Level 1:colcon.colcon_core.environment:create_environment_scripts_only(arduinobot_moveit)
[0.462s] Level 1:colcon.colcon_core.environment:checking '/home/theo/arduinobot_ws/install/arduinobot_moveit' for CMake module files
[0.463s] Level 1:colcon.colcon_core.environment:checking '/home/theo/arduinobot_ws/install/arduinobot_moveit' for CMake config files
[0.463s] Level 1:colcon.colcon_core.shell:create_environment_hook('arduinobot_moveit', 'cmake_prefix_path')
[0.463s] INFO:colcon.colcon_core.shell:Creating environment hook '/home/theo/arduinobot_ws/install/arduinobot_moveit/share/arduinobot_moveit/hook/cmake_prefix_path.ps1'
[0.463s] INFO:colcon.colcon_core.shell:Creating environment descriptor '/home/theo/arduinobot_ws/install/arduinobot_moveit/share/arduinobot_moveit/hook/cmake_prefix_path.dsv'
[0.463s] INFO:colcon.colcon_core.shell:Creating environment hook '/home/theo/arduinobot_ws/install/arduinobot_moveit/share/arduinobot_moveit/hook/cmake_prefix_path.sh'
[0.463s] Level 1:colcon.colcon_core.environment:checking '/home/theo/arduinobot_ws/install/arduinobot_moveit/bin'
[0.463s] Level 1:colcon.colcon_core.environment:checking '/home/theo/arduinobot_ws/install/arduinobot_moveit/lib/pkgconfig/arduinobot_moveit.pc'
[0.464s] Level 1:colcon.colcon_core.environment:checking '/home/theo/arduinobot_ws/install/arduinobot_moveit/lib/python3.12/site-packages'
[0.464s] Level 1:colcon.colcon_core.environment:checking '/home/theo/arduinobot_ws/install/arduinobot_moveit/bin'
[0.464s] INFO:colcon.colcon_core.shell:Creating package script '/home/theo/arduinobot_ws/install/arduinobot_moveit/share/arduinobot_moveit/package.ps1'
[0.464s] INFO:colcon.colcon_core.shell:Creating package descriptor '/home/theo/arduinobot_ws/install/arduinobot_moveit/share/arduinobot_moveit/package.dsv'
[0.464s] INFO:colcon.colcon_core.shell:Creating package script '/home/theo/arduinobot_ws/install/arduinobot_moveit/share/arduinobot_moveit/package.sh'
[0.464s] INFO:colcon.colcon_core.shell:Creating package script '/home/theo/arduinobot_ws/install/arduinobot_moveit/share/arduinobot_moveit/package.bash'
[0.464s] INFO:colcon.colcon_core.shell:Creating package script '/home/theo/arduinobot_ws/install/arduinobot_moveit/share/arduinobot_moveit/package.zsh'
[0.465s] Level 1:colcon.colcon_core.environment:create_file_with_runtime_dependencies(/home/theo/arduinobot_ws/install/arduinobot_moveit/share/colcon-core/packages/arduinobot_moveit)
[0.561s] DEBUG:colcon.colcon_core.event_handler.log_command:Invoked command in '/home/theo/arduinobot_ws/build/arduinobot_msgs' returned '0': CMAKE_PREFIX_PATH=${CMAKE_PREFIX_PATH}:/opt/ros/jazzy /usr/bin/cmake --build /home/theo/arduinobot_ws/build/arduinobot_msgs -- -j20 -l20
[0.563s] DEBUG:colcon.colcon_core.event_handler.log_command:Invoking command in '/home/theo/arduinobot_ws/build/arduinobot_msgs': CMAKE_PREFIX_PATH=${CMAKE_PREFIX_PATH}:/opt/ros/jazzy /usr/bin/cmake --install /home/theo/arduinobot_ws/build/arduinobot_msgs
[0.617s] Level 1:colcon.colcon_core.environment:create_environment_scripts_only(arduinobot_msgs)
[0.617s] DEBUG:colcon.colcon_core.event_handler.log_command:Invoked command in '/home/theo/arduinobot_ws/build/arduinobot_msgs' returned '0': CMAKE_PREFIX_PATH=${CMAKE_PREFIX_PATH}:/opt/ros/jazzy /usr/bin/cmake --install /home/theo/arduinobot_ws/build/arduinobot_msgs
[0.617s] Level 1:colcon.colcon_core.environment:checking '/home/theo/arduinobot_ws/install/arduinobot_msgs' for CMake module files
[0.618s] Level 1:colcon.colcon_core.environment:checking '/home/theo/arduinobot_ws/install/arduinobot_msgs' for CMake config files
[0.618s] Level 1:colcon.colcon_core.shell:create_environment_hook('arduinobot_msgs', 'cmake_prefix_path')
[0.619s] INFO:colcon.colcon_core.shell:Creating environment hook '/home/theo/arduinobot_ws/install/arduinobot_msgs/share/arduinobot_msgs/hook/cmake_prefix_path.ps1'
[0.619s] INFO:colcon.colcon_core.shell:Creating environment descriptor '/home/theo/arduinobot_ws/install/arduinobot_msgs/share/arduinobot_msgs/hook/cmake_prefix_path.dsv'
[0.619s] INFO:colcon.colcon_core.shell:Creating environment hook '/home/theo/arduinobot_ws/install/arduinobot_msgs/share/arduinobot_msgs/hook/cmake_prefix_path.sh'
[0.619s] Level 1:colcon.colcon_core.environment:checking '/home/theo/arduinobot_ws/install/arduinobot_msgs/lib'
[0.619s] Level 1:colcon.colcon_core.shell:create_environment_hook('arduinobot_msgs', 'ld_library_path_lib')
[0.619s] INFO:colcon.colcon_core.shell:Creating environment hook '/home/theo/arduinobot_ws/install/arduinobot_msgs/share/arduinobot_msgs/hook/ld_library_path_lib.ps1'
[0.620s] INFO:colcon.colcon_core.shell:Creating environment descriptor '/home/theo/arduinobot_ws/install/arduinobot_msgs/share/arduinobot_msgs/hook/ld_library_path_lib.dsv'
[0.620s] INFO:colcon.colcon_core.shell:Creating environment hook '/home/theo/arduinobot_ws/install/arduinobot_msgs/share/arduinobot_msgs/hook/ld_library_path_lib.sh'
[0.620s] Level 1:colcon.colcon_core.environment:checking '/home/theo/arduinobot_ws/install/arduinobot_msgs/bin'
[0.620s] Level 1:colcon.colcon_core.environment:checking '/home/theo/arduinobot_ws/install/arduinobot_msgs/lib/pkgconfig/arduinobot_msgs.pc'
[0.620s] Level 1:colcon.colcon_core.environment:checking '/home/theo/arduinobot_ws/install/arduinobot_msgs/lib/python3.12/site-packages'
[0.620s] Level 1:colcon.colcon_core.shell:create_environment_hook('arduinobot_msgs', 'pythonpath')
[0.620s] INFO:colcon.colcon_core.shell:Creating environment hook '/home/theo/arduinobot_ws/install/arduinobot_msgs/share/arduinobot_msgs/hook/pythonpath.ps1'
[0.620s] INFO:colcon.colcon_core.shell:Creating environment descriptor '/home/theo/arduinobot_ws/install/arduinobot_msgs/share/arduinobot_msgs/hook/pythonpath.dsv'
[0.621s] INFO:colcon.colcon_core.shell:Creating environment hook '/home/theo/arduinobot_ws/install/arduinobot_msgs/share/arduinobot_msgs/hook/pythonpath.sh'
[0.621s] Level 1:colcon.colcon_core.environment:checking '/home/theo/arduinobot_ws/install/arduinobot_msgs/bin'
[0.621s] INFO:colcon.colcon_core.shell:Creating package script '/home/theo/arduinobot_ws/install/arduinobot_msgs/share/arduinobot_msgs/package.ps1'
[0.621s] INFO:colcon.colcon_core.shell:Creating package descriptor '/home/theo/arduinobot_ws/install/arduinobot_msgs/share/arduinobot_msgs/package.dsv'
[0.621s] INFO:colcon.colcon_core.shell:Creating package script '/home/theo/arduinobot_ws/install/arduinobot_msgs/share/arduinobot_msgs/package.sh'
[0.621s] INFO:colcon.colcon_core.shell:Creating package script '/home/theo/arduinobot_ws/install/arduinobot_msgs/share/arduinobot_msgs/package.bash'
[0.622s] INFO:colcon.colcon_core.shell:Creating package script '/home/theo/arduinobot_ws/install/arduinobot_msgs/share/arduinobot_msgs/package.zsh'
[0.622s] Level 1:colcon.colcon_core.environment:create_file_with_runtime_dependencies(/home/theo/arduinobot_ws/install/arduinobot_msgs/share/colcon-core/packages/arduinobot_msgs)
[0.622s] Level 1:colcon.colcon_core.environment:create_environment_scripts_only(arduinobot_msgs)
[0.622s] Level 1:colcon.colcon_core.environment:checking '/home/theo/arduinobot_ws/install/arduinobot_msgs' for CMake module files
[0.623s] Level 1:colcon.colcon_core.environment:checking '/home/theo/arduinobot_ws/install/arduinobot_msgs' for CMake config files
[0.623s] Level 1:colcon.colcon_core.shell:create_environment_hook('arduinobot_msgs', 'cmake_prefix_path')
[0.623s] INFO:colcon.colcon_core.shell:Creating environment hook '/home/theo/arduinobot_ws/install/arduinobot_msgs/share/arduinobot_msgs/hook/cmake_prefix_path.ps1'
[0.623s] INFO:colcon.colcon_core.shell:Creating environment descriptor '/home/theo/arduinobot_ws/install/arduinobot_msgs/share/arduinobot_msgs/hook/cmake_prefix_path.dsv'
[0.623s] INFO:colcon.colcon_core.shell:Creating environment hook '/home/theo/arduinobot_ws/install/arduinobot_msgs/share/arduinobot_msgs/hook/cmake_prefix_path.sh'
[0.623s] Level 1:colcon.colcon_core.environment:checking '/home/theo/arduinobot_ws/install/arduinobot_msgs/lib'
[0.623s] Level 1:colcon.colcon_core.shell:create_environment_hook('arduinobot_msgs', 'ld_library_path_lib')
[0.623s] INFO:colcon.colcon_core.shell:Creating environment hook '/home/theo/arduinobot_ws/install/arduinobot_msgs/share/arduinobot_msgs/hook/ld_library_path_lib.ps1'
[0.624s] INFO:colcon.colcon_core.shell:Creating environment descriptor '/home/theo/arduinobot_ws/install/arduinobot_msgs/share/arduinobot_msgs/hook/ld_library_path_lib.dsv'
[0.624s] INFO:colcon.colcon_core.shell:Creating environment hook '/home/theo/arduinobot_ws/install/arduinobot_msgs/share/arduinobot_msgs/hook/ld_library_path_lib.sh'
[0.624s] Level 1:colcon.colcon_core.environment:checking '/home/theo/arduinobot_ws/install/arduinobot_msgs/bin'
[0.624s] Level 1:colcon.colcon_core.environment:checking '/home/theo/arduinobot_ws/install/arduinobot_msgs/lib/pkgconfig/arduinobot_msgs.pc'
[0.624s] Level 1:colcon.colcon_core.environment:checking '/home/theo/arduinobot_ws/install/arduinobot_msgs/lib/python3.12/site-packages'
[0.624s] Level 1:colcon.colcon_core.shell:create_environment_hook('arduinobot_msgs', 'pythonpath')
[0.624s] INFO:colcon.colcon_core.shell:Creating environment hook '/home/theo/arduinobot_ws/install/arduinobot_msgs/share/arduinobot_msgs/hook/pythonpath.ps1'
[0.624s] INFO:colcon.colcon_core.shell:Creating environment descriptor '/home/theo/arduinobot_ws/install/arduinobot_msgs/share/arduinobot_msgs/hook/pythonpath.dsv'
[0.624s] INFO:colcon.colcon_core.shell:Creating environment hook '/home/theo/arduinobot_ws/install/arduinobot_msgs/share/arduinobot_msgs/hook/pythonpath.sh'
[0.625s] Level 1:colcon.colcon_core.environment:checking '/home/theo/arduinobot_ws/install/arduinobot_msgs/bin'
[0.625s] INFO:colcon.colcon_core.shell:Creating package script '/home/theo/arduinobot_ws/install/arduinobot_msgs/share/arduinobot_msgs/package.ps1'
[0.625s] INFO:colcon.colcon_core.shell:Creating package descriptor '/home/theo/arduinobot_ws/install/arduinobot_msgs/share/arduinobot_msgs/package.dsv'
[0.625s] INFO:colcon.colcon_core.shell:Creating package script '/home/theo/arduinobot_ws/install/arduinobot_msgs/share/arduinobot_msgs/package.sh'
[0.625s] INFO:colcon.colcon_core.shell:Creating package script '/home/theo/arduinobot_ws/install/arduinobot_msgs/share/arduinobot_msgs/package.bash'
[0.626s] INFO:colcon.colcon_core.shell:Creating package script '/home/theo/arduinobot_ws/install/arduinobot_msgs/share/arduinobot_msgs/package.zsh'
[0.626s] Level 1:colcon.colcon_core.environment:create_file_with_runtime_dependencies(/home/theo/arduinobot_ws/install/arduinobot_msgs/share/colcon-core/packages/arduinobot_msgs)
[0.626s] INFO:colcon.colcon_ros.task.ament_python.build:Building ROS package in '/home/theo/arduinobot_ws/src/arduinobot_py_examples' with build type 'ament_python'
[0.626s] Level 1:colcon.colcon_core.shell:create_environment_hook('arduinobot_py_examples', 'ament_prefix_path')
[0.626s] INFO:colcon.colcon_core.shell:Creating environment hook '/home/theo/arduinobot_ws/install/arduinobot_py_examples/share/arduinobot_py_examples/hook/ament_prefix_path.ps1'
[0.627s] INFO:colcon.colcon_core.shell:Creating environment descriptor '/home/theo/arduinobot_ws/install/arduinobot_py_examples/share/arduinobot_py_examples/hook/ament_prefix_path.dsv'
[0.627s] INFO:colcon.colcon_core.shell:Creating environment hook '/home/theo/arduinobot_ws/install/arduinobot_py_examples/share/arduinobot_py_examples/hook/ament_prefix_path.sh'
[0.627s] INFO:colcon.colcon_core.shell:Skip shell extension 'powershell' for command environment: Not usable outside of PowerShell
[0.627s] DEBUG:colcon.colcon_core.shell:Skip shell extension 'dsv' for command environment
[0.629s] INFO:colcon.colcon_ros.task.ament_cmake.build:Building ROS package in '/home/theo/arduinobot_ws/src/arduinobot_utils' with build type 'ament_cmake'
[0.629s] INFO:colcon.colcon_cmake.task.cmake.build:Building CMake package in '/home/theo/arduinobot_ws/src/arduinobot_utils'
[0.629s] INFO:colcon.colcon_core.shell:Skip shell extension 'powershell' for command environment: Not usable outside of PowerShell
[0.629s] DEBUG:colcon.colcon_core.shell:Skip shell extension 'dsv' for command environment
[0.825s] INFO:colcon.colcon_core.task.python.build:Building Python package in '/home/theo/arduinobot_ws/src/arduinobot_py_examples'
[0.825s] INFO:colcon.colcon_core.shell:Skip shell extension 'powershell' for command environment: Not usable outside of PowerShell
[0.825s] DEBUG:colcon.colcon_core.shell:Skip shell extension 'dsv' for command environment
[0.829s] DEBUG:colcon.colcon_core.event_handler.log_command:Invoking command in '/home/theo/arduinobot_ws/build/arduinobot_utils': AMENT_PREFIX_PATH=/home/theo/arduinobot_ws/install/arduinobot_msgs:${AMENT_PREFIX_PATH} CMAKE_PREFIX_PATH=/home/theo/arduinobot_ws/install/arduinobot_msgs:/opt/ros/jazzy/opt/gz_sim_vendor:/opt/ros/jazzy/opt/gz_sensors_vendor:/opt/ros/jazzy/opt/gz_physics_vendor:/opt/ros/jazzy/opt/sdformat_vendor:/opt/ros/jazzy/opt/gz_gui_vendor:/opt/ros/jazzy/opt/gz_transport_vendor:/opt/ros/jazzy/opt/gz_rendering_vendor:/opt/ros/jazzy/opt/gz_plugin_vendor:/opt/ros/jazzy/opt/gz_fuel_tools_vendor:/opt/ros/jazzy/opt/gz_msgs_vendor:/opt/ros/jazzy/opt/gz_common_vendor:/opt/ros/jazzy/opt/gz_math_vendor:/opt/ros/jazzy/opt/gz_utils_vendor:/opt/ros/jazzy/opt/gz_tools_vendor:/opt/ros/jazzy/opt/gz_ogre_next_vendor:/opt/ros/jazzy/opt/gz_dartsim_vendor:/opt/ros/jazzy/opt/gz_cmake_vendor:/opt/ros/jazzy LD_LIBRARY_PATH=/home/theo/arduinobot_ws/install/arduinobot_msgs/lib:${LD_LIBRARY_PATH} PYTHONPATH=/home/theo/arduinobot_ws/install/arduinobot_msgs/lib/python3.12/site-packages:${PYTHONPATH} /usr/bin/cmake --build /home/theo/arduinobot_ws/build/arduinobot_utils -- -j20 -l20
[1.056s] DEBUG:colcon.colcon_core.event_handler.log_command:Invoked command in '/home/theo/arduinobot_ws/build/arduinobot_utils' returned '0': AMENT_PREFIX_PATH=/home/theo/arduinobot_ws/install/arduinobot_msgs:${AMENT_PREFIX_PATH} CMAKE_PREFIX_PATH=/home/theo/arduinobot_ws/install/arduinobot_msgs:/opt/ros/jazzy/opt/gz_sim_vendor:/opt/ros/jazzy/opt/gz_sensors_vendor:/opt/ros/jazzy/opt/gz_physics_vendor:/opt/ros/jazzy/opt/sdformat_vendor:/opt/ros/jazzy/opt/gz_gui_vendor:/opt/ros/jazzy/opt/gz_transport_vendor:/opt/ros/jazzy/opt/gz_rendering_vendor:/opt/ros/jazzy/opt/gz_plugin_vendor:/opt/ros/jazzy/opt/gz_fuel_tools_vendor:/opt/ros/jazzy/opt/gz_msgs_vendor:/opt/ros/jazzy/opt/gz_common_vendor:/opt/ros/jazzy/opt/gz_math_vendor:/opt/ros/jazzy/opt/gz_utils_vendor:/opt/ros/jazzy/opt/gz_tools_vendor:/opt/ros/jazzy/opt/gz_ogre_next_vendor:/opt/ros/jazzy/opt/gz_dartsim_vendor:/opt/ros/jazzy/opt/gz_cmake_vendor:/opt/ros/jazzy LD_LIBRARY_PATH=/home/theo/arduinobot_ws/install/arduinobot_msgs/lib:${LD_LIBRARY_PATH} PYTHONPATH=/home/theo/arduinobot_ws/install/arduinobot_msgs/lib/python3.12/site-packages:${PYTHONPATH} /usr/bin/cmake --build /home/theo/arduinobot_ws/build/arduinobot_utils -- -j20 -l20
[1.058s] DEBUG:colcon.colcon_core.event_handler.log_command:Invoking command in '/home/theo/arduinobot_ws/build/arduinobot_utils': AMENT_PREFIX_PATH=/home/theo/arduinobot_ws/install/arduinobot_msgs:${AMENT_PREFIX_PATH} CMAKE_PREFIX_PATH=/home/theo/arduinobot_ws/install/arduinobot_msgs:/opt/ros/jazzy/opt/gz_sim_vendor:/opt/ros/jazzy/opt/gz_sensors_vendor:/opt/ros/jazzy/opt/gz_physics_vendor:/opt/ros/jazzy/opt/sdformat_vendor:/opt/ros/jazzy/opt/gz_gui_vendor:/opt/ros/jazzy/opt/gz_transport_vendor:/opt/ros/jazzy/opt/gz_rendering_vendor:/opt/ros/jazzy/opt/gz_plugin_vendor:/opt/ros/jazzy/opt/gz_fuel_tools_vendor:/opt/ros/jazzy/opt/gz_msgs_vendor:/opt/ros/jazzy/opt/gz_common_vendor:/opt/ros/jazzy/opt/gz_math_vendor:/opt/ros/jazzy/opt/gz_utils_vendor:/opt/ros/jazzy/opt/gz_tools_vendor:/opt/ros/jazzy/opt/gz_ogre_next_vendor:/opt/ros/jazzy/opt/gz_dartsim_vendor:/opt/ros/jazzy/opt/gz_cmake_vendor:/opt/ros/jazzy LD_LIBRARY_PATH=/home/theo/arduinobot_ws/install/arduinobot_msgs/lib:${LD_LIBRARY_PATH} PYTHONPATH=/home/theo/arduinobot_ws/install/arduinobot_msgs/lib/python3.12/site-packages:${PYTHONPATH} /usr/bin/cmake --install /home/theo/arduinobot_ws/build/arduinobot_utils
[1.090s] Level 1:colcon.colcon_core.environment:create_environment_scripts_only(arduinobot_utils)
[1.090s] Level 1:colcon.colcon_core.environment:checking '/home/theo/arduinobot_ws/install/arduinobot_utils' for CMake module files
[1.090s] DEBUG:colcon.colcon_core.event_handler.log_command:Invoked command in '/home/theo/arduinobot_ws/build/arduinobot_utils' returned '0': AMENT_PREFIX_PATH=/home/theo/arduinobot_ws/install/arduinobot_msgs:${AMENT_PREFIX_PATH} CMAKE_PREFIX_PATH=/home/theo/arduinobot_ws/install/arduinobot_msgs:/opt/ros/jazzy/opt/gz_sim_vendor:/opt/ros/jazzy/opt/gz_sensors_vendor:/opt/ros/jazzy/opt/gz_physics_vendor:/opt/ros/jazzy/opt/sdformat_vendor:/opt/ros/jazzy/opt/gz_gui_vendor:/opt/ros/jazzy/opt/gz_transport_vendor:/opt/ros/jazzy/opt/gz_rendering_vendor:/opt/ros/jazzy/opt/gz_plugin_vendor:/opt/ros/jazzy/opt/gz_fuel_tools_vendor:/opt/ros/jazzy/opt/gz_msgs_vendor:/opt/ros/jazzy/opt/gz_common_vendor:/opt/ros/jazzy/opt/gz_math_vendor:/opt/ros/jazzy/opt/gz_utils_vendor:/opt/ros/jazzy/opt/gz_tools_vendor:/opt/ros/jazzy/opt/gz_ogre_next_vendor:/opt/ros/jazzy/opt/gz_dartsim_vendor:/opt/ros/jazzy/opt/gz_cmake_vendor:/opt/ros/jazzy LD_LIBRARY_PATH=/home/theo/arduinobot_ws/install/arduinobot_msgs/lib:${LD_LIBRARY_PATH} PYTHONPATH=/home/theo/arduinobot_ws/install/arduinobot_msgs/lib/python3.12/site-packages:${PYTHONPATH} /usr/bin/cmake --install /home/theo/arduinobot_ws/build/arduinobot_utils
[1.091s] Level 1:colcon.colcon_core.environment:checking '/home/theo/arduinobot_ws/install/arduinobot_utils' for CMake config files
[1.091s] Level 1:colcon.colcon_core.shell:create_environment_hook('arduinobot_utils', 'cmake_prefix_path')
[1.091s] INFO:colcon.colcon_core.shell:Creating environment hook '/home/theo/arduinobot_ws/install/arduinobot_utils/share/arduinobot_utils/hook/cmake_prefix_path.ps1'
[1.091s] INFO:colcon.colcon_core.shell:Creating environment descriptor '/home/theo/arduinobot_ws/install/arduinobot_utils/share/arduinobot_utils/hook/cmake_prefix_path.dsv'
[1.092s] INFO:colcon.colcon_core.shell:Creating environment hook '/home/theo/arduinobot_ws/install/arduinobot_utils/share/arduinobot_utils/hook/cmake_prefix_path.sh'
[1.092s] Level 1:colcon.colcon_core.environment:checking '/home/theo/arduinobot_ws/install/arduinobot_utils/lib'
[1.092s] Level 1:colcon.colcon_core.environment:checking '/home/theo/arduinobot_ws/install/arduinobot_utils/bin'
[1.092s] Level 1:colcon.colcon_core.environment:checking '/home/theo/arduinobot_ws/install/arduinobot_utils/lib/pkgconfig/arduinobot_utils.pc'
[1.092s] Level 1:colcon.colcon_core.environment:checking '/home/theo/arduinobot_ws/install/arduinobot_utils/lib/python3.12/site-packages'
[1.092s] Level 1:colcon.colcon_core.shell:create_environment_hook('arduinobot_utils', 'pythonpath')
[1.092s] INFO:colcon.colcon_core.shell:Creating environment hook '/home/theo/arduinobot_ws/install/arduinobot_utils/share/arduinobot_utils/hook/pythonpath.ps1'
[1.093s] INFO:colcon.colcon_core.shell:Creating environment descriptor '/home/theo/arduinobot_ws/install/arduinobot_utils/share/arduinobot_utils/hook/pythonpath.dsv'
[1.093s] INFO:colcon.colcon_core.shell:Creating environment hook '/home/theo/arduinobot_ws/install/arduinobot_utils/share/arduinobot_utils/hook/pythonpath.sh'
[1.093s] Level 1:colcon.colcon_core.environment:checking '/home/theo/arduinobot_ws/install/arduinobot_utils/bin'
[1.093s] INFO:colcon.colcon_core.shell:Creating package script '/home/theo/arduinobot_ws/install/arduinobot_utils/share/arduinobot_utils/package.ps1'
[1.093s] INFO:colcon.colcon_core.shell:Creating package descriptor '/home/theo/arduinobot_ws/install/arduinobot_utils/share/arduinobot_utils/package.dsv'
[1.093s] INFO:colcon.colcon_core.shell:Creating package script '/home/theo/arduinobot_ws/install/arduinobot_utils/share/arduinobot_utils/package.sh'
[1.094s] INFO:colcon.colcon_core.shell:Creating package script '/home/theo/arduinobot_ws/install/arduinobot_utils/share/arduinobot_utils/package.bash'
[1.094s] INFO:colcon.colcon_core.shell:Creating package script '/home/theo/arduinobot_ws/install/arduinobot_utils/share/arduinobot_utils/package.zsh'
[1.094s] Level 1:colcon.colcon_core.environment:create_file_with_runtime_dependencies(/home/theo/arduinobot_ws/install/arduinobot_utils/share/colcon-core/packages/arduinobot_utils)
[1.094s] Level 1:colcon.colcon_core.environment:create_environment_scripts_only(arduinobot_utils)
[1.094s] Level 1:colcon.colcon_core.environment:checking '/home/theo/arduinobot_ws/install/arduinobot_utils' for CMake module files
[1.094s] Level 1:colcon.colcon_core.environment:checking '/home/theo/arduinobot_ws/install/arduinobot_utils' for CMake config files
[1.094s] Level 1:colcon.colcon_core.shell:create_environment_hook('arduinobot_utils', 'cmake_prefix_path')
[1.095s] INFO:colcon.colcon_core.shell:Creating environment hook '/home/theo/arduinobot_ws/install/arduinobot_utils/share/arduinobot_utils/hook/cmake_prefix_path.ps1'
[1.095s] INFO:colcon.colcon_core.shell:Creating environment descriptor '/home/theo/arduinobot_ws/install/arduinobot_utils/share/arduinobot_utils/hook/cmake_prefix_path.dsv'
[1.095s] INFO:colcon.colcon_core.shell:Creating environment hook '/home/theo/arduinobot_ws/install/arduinobot_utils/share/arduinobot_utils/hook/cmake_prefix_path.sh'
[1.095s] Level 1:colcon.colcon_core.environment:checking '/home/theo/arduinobot_ws/install/arduinobot_utils/lib'
[1.095s] Level 1:colcon.colcon_core.environment:checking '/home/theo/arduinobot_ws/install/arduinobot_utils/bin'
[1.095s] Level 1:colcon.colcon_core.environment:checking '/home/theo/arduinobot_ws/install/arduinobot_utils/lib/pkgconfig/arduinobot_utils.pc'
[1.095s] Level 1:colcon.colcon_core.environment:checking '/home/theo/arduinobot_ws/install/arduinobot_utils/lib/python3.12/site-packages'
[1.095s] Level 1:colcon.colcon_core.shell:create_environment_hook('arduinobot_utils', 'pythonpath')
[1.095s] INFO:colcon.colcon_core.shell:Creating environment hook '/home/theo/arduinobot_ws/install/arduinobot_utils/share/arduinobot_utils/hook/pythonpath.ps1'
[1.096s] INFO:colcon.colcon_core.shell:Creating environment descriptor '/home/theo/arduinobot_ws/install/arduinobot_utils/share/arduinobot_utils/hook/pythonpath.dsv'
[1.096s] INFO:colcon.colcon_core.shell:Creating environment hook '/home/theo/arduinobot_ws/install/arduinobot_utils/share/arduinobot_utils/hook/pythonpath.sh'
[1.096s] Level 1:colcon.colcon_core.environment:checking '/home/theo/arduinobot_ws/install/arduinobot_utils/bin'
[1.096s] INFO:colcon.colcon_core.shell:Creating package script '/home/theo/arduinobot_ws/install/arduinobot_utils/share/arduinobot_utils/package.ps1'
[1.096s] INFO:colcon.colcon_core.shell:Creating package descriptor '/home/theo/arduinobot_ws/install/arduinobot_utils/share/arduinobot_utils/package.dsv'
[1.096s] INFO:colcon.colcon_core.shell:Creating package script '/home/theo/arduinobot_ws/install/arduinobot_utils/share/arduinobot_utils/package.sh'
[1.097s] INFO:colcon.colcon_core.shell:Creating package script '/home/theo/arduinobot_ws/install/arduinobot_utils/share/arduinobot_utils/package.bash'
[1.097s] INFO:colcon.colcon_core.shell:Creating package script '/home/theo/arduinobot_ws/install/arduinobot_utils/share/arduinobot_utils/package.zsh'
[1.097s] Level 1:colcon.colcon_core.environment:create_file_with_runtime_dependencies(/home/theo/arduinobot_ws/install/arduinobot_utils/share/colcon-core/packages/arduinobot_utils)
[1.424s] DEBUG:colcon.colcon_core.event_handler.log_command:Invoking command in '/home/theo/arduinobot_ws/src/arduinobot_py_examples': AMENT_PREFIX_PATH=/home/theo/arduinobot_ws/install/arduinobot_msgs:${AMENT_PREFIX_PATH} CMAKE_PREFIX_PATH=/home/theo/arduinobot_ws/install/arduinobot_msgs:${CMAKE_PREFIX_PATH} LD_LIBRARY_PATH=/home/theo/arduinobot_ws/install/arduinobot_msgs/lib:${LD_LIBRARY_PATH} PYTHONPATH=/home/theo/arduinobot_ws/build/arduinobot_py_examples/prefix_override:/usr/lib/python3/dist-packages/colcon_core/task/python/colcon_distutils_commands:/home/theo/arduinobot_ws/install/arduinobot_py_examples/lib/python3.12/site-packages:/home/theo/arduinobot_ws/install/arduinobot_msgs/lib/python3.12/site-packages:${PYTHONPATH} /usr/bin/python3 -W ignore:setup.py install is deprecated -W ignore:easy_install command is deprecated setup.py egg_info --egg-base ../../build/arduinobot_py_examples build --build-base /home/theo/arduinobot_ws/build/arduinobot_py_examples/build install --record /home/theo/arduinobot_ws/build/arduinobot_py_examples/install.log --single-version-externally-managed install_data
[1.712s] Level 1:colcon.colcon_core.environment:checking '/home/theo/arduinobot_ws/install/arduinobot_py_examples' for CMake module files
[1.712s] DEBUG:colcon.colcon_core.event_handler.log_command:Invoked command in '/home/theo/arduinobot_ws/src/arduinobot_py_examples' returned '0': AMENT_PREFIX_PATH=/home/theo/arduinobot_ws/install/arduinobot_msgs:${AMENT_PREFIX_PATH} CMAKE_PREFIX_PATH=/home/theo/arduinobot_ws/install/arduinobot_msgs:${CMAKE_PREFIX_PATH} LD_LIBRARY_PATH=/home/theo/arduinobot_ws/install/arduinobot_msgs/lib:${LD_LIBRARY_PATH} PYTHONPATH=/home/theo/arduinobot_ws/build/arduinobot_py_examples/prefix_override:/usr/lib/python3/dist-packages/colcon_core/task/python/colcon_distutils_commands:/home/theo/arduinobot_ws/install/arduinobot_py_examples/lib/python3.12/site-packages:/home/theo/arduinobot_ws/install/arduinobot_msgs/lib/python3.12/site-packages:${PYTHONPATH} /usr/bin/python3 -W ignore:setup.py install is deprecated -W ignore:easy_install command is deprecated setup.py egg_info --egg-base ../../build/arduinobot_py_examples build --build-base /home/theo/arduinobot_ws/build/arduinobot_py_examples/build install --record /home/theo/arduinobot_ws/build/arduinobot_py_examples/install.log --single-version-externally-managed install_data
[1.712s] Level 1:colcon.colcon_core.environment:checking '/home/theo/arduinobot_ws/install/arduinobot_py_examples' for CMake config files
[1.713s] Level 1:colcon.colcon_core.environment:checking '/home/theo/arduinobot_ws/install/arduinobot_py_examples/lib'
[1.713s] Level 1:colcon.colcon_core.environment:checking '/home/theo/arduinobot_ws/install/arduinobot_py_examples/bin'
[1.713s] Level 1:colcon.colcon_core.environment:checking '/home/theo/arduinobot_ws/install/arduinobot_py_examples/lib/pkgconfig/arduinobot_py_examples.pc'
[1.713s] Level 1:colcon.colcon_core.environment:checking '/home/theo/arduinobot_ws/install/arduinobot_py_examples/lib/python3.12/site-packages'
[1.713s] Level 1:colcon.colcon_core.shell:create_environment_hook('arduinobot_py_examples', 'pythonpath')
[1.713s] INFO:colcon.colcon_core.shell:Creating environment hook '/home/theo/arduinobot_ws/install/arduinobot_py_examples/share/arduinobot_py_examples/hook/pythonpath.ps1'
[1.714s] INFO:colcon.colcon_core.shell:Creating environment descriptor '/home/theo/arduinobot_ws/install/arduinobot_py_examples/share/arduinobot_py_examples/hook/pythonpath.dsv'
[1.714s] INFO:colcon.colcon_core.shell:Creating environment hook '/home/theo/arduinobot_ws/install/arduinobot_py_examples/share/arduinobot_py_examples/hook/pythonpath.sh'
[1.714s] Level 1:colcon.colcon_core.environment:checking '/home/theo/arduinobot_ws/install/arduinobot_py_examples/bin'
[1.714s] Level 1:colcon.colcon_core.environment:create_environment_scripts_only(arduinobot_py_examples)
[1.714s] INFO:colcon.colcon_core.shell:Creating package script '/home/theo/arduinobot_ws/install/arduinobot_py_examples/share/arduinobot_py_examples/package.ps1'
[1.715s] INFO:colcon.colcon_core.shell:Creating package descriptor '/home/theo/arduinobot_ws/install/arduinobot_py_examples/share/arduinobot_py_examples/package.dsv'
[1.715s] INFO:colcon.colcon_core.shell:Creating package script '/home/theo/arduinobot_ws/install/arduinobot_py_examples/share/arduinobot_py_examples/package.sh'
[1.715s] INFO:colcon.colcon_core.shell:Creating package script '/home/theo/arduinobot_ws/install/arduinobot_py_examples/share/arduinobot_py_examples/package.bash'
[1.715s] INFO:colcon.colcon_core.shell:Creating package script '/home/theo/arduinobot_ws/install/arduinobot_py_examples/share/arduinobot_py_examples/package.zsh'
[1.715s] Level 1:colcon.colcon_core.environment:create_file_with_runtime_dependencies(/home/theo/arduinobot_ws/install/arduinobot_py_examples/share/colcon-core/packages/arduinobot_py_examples)
[2.129s] DEBUG:colcon.colcon_core.event_handler.log_command:Invoked command in '/home/theo/arduinobot_ws/build/arduinobot_remote' returned '0': CMAKE_PREFIX_PATH=${CMAKE_PREFIX_PATH}:/opt/ros/jazzy /usr/bin/cmake /home/theo/arduinobot_ws/src/arduinobot_remote -DCMAKE_INSTALL_PREFIX=/home/theo/arduinobot_ws/install/arduinobot_remote
[2.129s] DEBUG:colcon.colcon_core.event_handler.log_command:Invoking command in '/home/theo/arduinobot_ws/build/arduinobot_remote': CMAKE_PREFIX_PATH=${CMAKE_PREFIX_PATH}:/opt/ros/jazzy /usr/bin/cmake --build /home/theo/arduinobot_ws/build/arduinobot_remote -- -j20 -l20
[2.147s] DEBUG:colcon.colcon_core.event_handler.log_command:Invoked command in '/home/theo/arduinobot_ws/build/arduinobot_remote' returned '0': CMAKE_PREFIX_PATH=${CMAKE_PREFIX_PATH}:/opt/ros/jazzy /usr/bin/cmake --build /home/theo/arduinobot_ws/build/arduinobot_remote -- -j20 -l20
[2.149s] DEBUG:colcon.colcon_core.event_handler.log_command:Invoking command in '/home/theo/arduinobot_ws/build/arduinobot_remote': CMAKE_PREFIX_PATH=${CMAKE_PREFIX_PATH}:/opt/ros/jazzy /usr/bin/cmake --install /home/theo/arduinobot_ws/build/arduinobot_remote
[2.154s] Level 1:colcon.colcon_core.environment:create_environment_scripts_only(arduinobot_remote)
[2.155s] DEBUG:colcon.colcon_core.event_handler.log_command:Invoked command in '/home/theo/arduinobot_ws/build/arduinobot_remote' returned '0': CMAKE_PREFIX_PATH=${CMAKE_PREFIX_PATH}:/opt/ros/jazzy /usr/bin/cmake --install /home/theo/arduinobot_ws/build/arduinobot_remote
[2.155s] Level 1:colcon.colcon_core.environment:checking '/home/theo/arduinobot_ws/install/arduinobot_remote' for CMake module files
[2.155s] Level 1:colcon.colcon_core.environment:checking '/home/theo/arduinobot_ws/install/arduinobot_remote' for CMake config files
[2.155s] Level 1:colcon.colcon_core.shell:create_environment_hook('arduinobot_remote', 'cmake_prefix_path')
[2.155s] INFO:colcon.colcon_core.shell:Creating environment hook '/home/theo/arduinobot_ws/install/arduinobot_remote/share/arduinobot_remote/hook/cmake_prefix_path.ps1'
[2.155s] INFO:colcon.colcon_core.shell:Creating environment descriptor '/home/theo/arduinobot_ws/install/arduinobot_remote/share/arduinobot_remote/hook/cmake_prefix_path.dsv'
[2.156s] INFO:colcon.colcon_core.shell:Creating environment hook '/home/theo/arduinobot_ws/install/arduinobot_remote/share/arduinobot_remote/hook/cmake_prefix_path.sh'
[2.156s] Level 1:colcon.colcon_core.environment:checking '/home/theo/arduinobot_ws/install/arduinobot_remote/bin'
[2.156s] Level 1:colcon.colcon_core.environment:checking '/home/theo/arduinobot_ws/install/arduinobot_remote/lib/pkgconfig/arduinobot_remote.pc'
[2.156s] Level 1:colcon.colcon_core.environment:checking '/home/theo/arduinobot_ws/install/arduinobot_remote/lib/python3.12/site-packages'
[2.156s] Level 1:colcon.colcon_core.environment:checking '/home/theo/arduinobot_ws/install/arduinobot_remote/bin'
[2.156s] INFO:colcon.colcon_core.shell:Creating package script '/home/theo/arduinobot_ws/install/arduinobot_remote/share/arduinobot_remote/package.ps1'
[2.156s] INFO:colcon.colcon_core.shell:Creating package descriptor '/home/theo/arduinobot_ws/install/arduinobot_remote/share/arduinobot_remote/package.dsv'
[2.156s] INFO:colcon.colcon_core.shell:Creating package script '/home/theo/arduinobot_ws/install/arduinobot_remote/share/arduinobot_remote/package.sh'
[2.157s] INFO:colcon.colcon_core.shell:Creating package script '/home/theo/arduinobot_ws/install/arduinobot_remote/share/arduinobot_remote/package.bash'
[2.157s] INFO:colcon.colcon_core.shell:Creating package script '/home/theo/arduinobot_ws/install/arduinobot_remote/share/arduinobot_remote/package.zsh'
[2.157s] Level 1:colcon.colcon_core.environment:create_file_with_runtime_dependencies(/home/theo/arduinobot_ws/install/arduinobot_remote/share/colcon-core/packages/arduinobot_remote)
[2.157s] Level 1:colcon.colcon_core.environment:create_environment_scripts_only(arduinobot_remote)
[2.157s] Level 1:colcon.colcon_core.environment:checking '/home/theo/arduinobot_ws/install/arduinobot_remote' for CMake module files
[2.157s] Level 1:colcon.colcon_core.environment:checking '/home/theo/arduinobot_ws/install/arduinobot_remote' for CMake config files
[2.158s] Level 1:colcon.colcon_core.shell:create_environment_hook('arduinobot_remote', 'cmake_prefix_path')
[2.158s] INFO:colcon.colcon_core.shell:Creating environment hook '/home/theo/arduinobot_ws/install/arduinobot_remote/share/arduinobot_remote/hook/cmake_prefix_path.ps1'
[2.158s] INFO:colcon.colcon_core.shell:Creating environment descriptor '/home/theo/arduinobot_ws/install/arduinobot_remote/share/arduinobot_remote/hook/cmake_prefix_path.dsv'
[2.158s] INFO:colcon.colcon_core.shell:Creating environment hook '/home/theo/arduinobot_ws/install/arduinobot_remote/share/arduinobot_remote/hook/cmake_prefix_path.sh'
[2.158s] Level 1:colcon.colcon_core.environment:checking '/home/theo/arduinobot_ws/install/arduinobot_remote/bin'
[2.158s] Level 1:colcon.colcon_core.environment:checking '/home/theo/arduinobot_ws/install/arduinobot_remote/lib/pkgconfig/arduinobot_remote.pc'
[2.158s] Level 1:colcon.colcon_core.environment:checking '/home/theo/arduinobot_ws/install/arduinobot_remote/lib/python3.12/site-packages'
[2.158s] Level 1:colcon.colcon_core.environment:checking '/home/theo/arduinobot_ws/install/arduinobot_remote/bin'
[2.158s] INFO:colcon.colcon_core.shell:Creating package script '/home/theo/arduinobot_ws/install/arduinobot_remote/share/arduinobot_remote/package.ps1'
[2.159s] INFO:colcon.colcon_core.shell:Creating package descriptor '/home/theo/arduinobot_ws/install/arduinobot_remote/share/arduinobot_remote/package.dsv'
[2.159s] INFO:colcon.colcon_core.shell:Creating package script '/home/theo/arduinobot_ws/install/arduinobot_remote/share/arduinobot_remote/package.sh'
[2.159s] INFO:colcon.colcon_core.shell:Creating package script '/home/theo/arduinobot_ws/install/arduinobot_remote/share/arduinobot_remote/package.bash'
[2.159s] INFO:colcon.colcon_core.shell:Creating package script '/home/theo/arduinobot_ws/install/arduinobot_remote/share/arduinobot_remote/package.zsh'
[2.159s] Level 1:colcon.colcon_core.environment:create_file_with_runtime_dependencies(/home/theo/arduinobot_ws/install/arduinobot_remote/share/colcon-core/packages/arduinobot_remote)
[2.160s] DEBUG:colcon.colcon_parallel_executor.executor.parallel:closing loop
[2.160s] DEBUG:colcon.colcon_parallel_executor.executor.parallel:loop closed
[2.160s] DEBUG:colcon.colcon_parallel_executor.executor.parallel:run_until_complete finished with '0'
[2.160s] DEBUG:colcon.colcon_core.event_reactor:joining thread
[2.208s] INFO:colcon.colcon_core.plugin_system:Skipping extension 'colcon_notification.desktop_notification.notify_send': Could not find 'notify-send'
[2.208s] INFO:colcon.colcon_core.plugin_system:Skipping extension 'colcon_notification.desktop_notification.terminal_notifier': Not used on non-Darwin systems
[2.208s] INFO:colcon.colcon_core.plugin_system:Skipping extension 'colcon_notification.desktop_notification.win32': Not used on non-Windows systems
[2.208s] INFO:colcon.colcon_notification.desktop_notification:Sending desktop notification using 'notify2'
[2.214s] DEBUG:colcon.colcon_notification.desktop_notification.notify2:Failed to initialize notify2: org.freedesktop.DBus.Error.ServiceUnknown: The name org.freedesktop.Notifications was not provided by any .service files
[2.214s] DEBUG:colcon.colcon_core.event_reactor:joined thread
[2.214s] INFO:colcon.colcon_core.shell:Creating prefix script '/home/theo/arduinobot_ws/install/local_setup.ps1'
[2.215s] INFO:colcon.colcon_core.shell:Creating prefix util module '/home/theo/arduinobot_ws/install/_local_setup_util_ps1.py'
[2.216s] INFO:colcon.colcon_core.shell:Creating prefix chain script '/home/theo/arduinobot_ws/install/setup.ps1'
[2.216s] INFO:colcon.colcon_core.shell:Creating prefix script '/home/theo/arduinobot_ws/install/local_setup.sh'
[2.217s] INFO:colcon.colcon_core.shell:Creating prefix util module '/home/theo/arduinobot_ws/install/_local_setup_util_sh.py'
[2.217s] INFO:colcon.colcon_core.shell:Creating prefix chain script '/home/theo/arduinobot_ws/install/setup.sh'
[2.217s] INFO:colcon.colcon_core.shell:Creating prefix script '/home/theo/arduinobot_ws/install/local_setup.bash'
[2.218s] INFO:colcon.colcon_core.shell:Creating prefix chain script '/home/theo/arduinobot_ws/install/setup.bash'
[2.218s] INFO:colcon.colcon_core.shell:Creating prefix script '/home/theo/arduinobot_ws/install/local_setup.zsh'
[2.219s] INFO:colcon.colcon_core.shell:Creating prefix chain script '/home/theo/arduinobot_ws/install/setup.zsh'
