[0.023s] Invoking command in '/home/theo/arduinobot_ws/build/arduinobot_controller': CMAKE_PREFIX_PATH=${CMAKE_PREFIX_PATH}:/home/theo/arduinobot_ws/install/arduinobot_py_examples:/opt/ros/jazzy /usr/bin/cmake --build /home/theo/arduinobot_ws/build/arduinobot_controller -- -j20 -l20
[0.145s] Invoked command in '/home/theo/arduinobot_ws/build/arduinobot_controller' returned '0': CMAKE_PREFIX_PATH=${CMAKE_PREFIX_PATH}:/home/theo/arduinobot_ws/install/arduinobot_py_examples:/opt/ros/jazzy /usr/bin/cmake --build /home/theo/arduinobot_ws/build/arduinobot_controller -- -j20 -l20
[0.150s] Invoking command in '/home/theo/arduinobot_ws/build/arduinobot_controller': CMAKE_PREFIX_PATH=${CMAKE_PREFIX_PATH}:/home/theo/arduinobot_ws/install/arduinobot_py_examples:/opt/ros/jazzy /usr/bin/cmake --install /home/theo/arduinobot_ws/build/arduinobot_controller
[0.155s] -- Install configuration: ""
[0.155s] -- Up-to-date: /home/theo/arduinobot_ws/install/arduinobot_controller/share/arduinobot_controller/config
[0.156s] -- Up-to-date: /home/theo/arduinobot_ws/install/arduinobot_controller/share/arduinobot_controller/config/arduinobot_controllers.yaml
[0.156s] -- Up-to-date: /home/theo/arduinobot_ws/install/arduinobot_controller/share/ament_index/resource_index/package_run_dependencies/arduinobot_controller
[0.156s] -- Up-to-date: /home/theo/arduinobot_ws/install/arduinobot_controller/share/ament_index/resource_index/parent_prefix_path/arduinobot_controller
[0.156s] -- Up-to-date: /home/theo/arduinobot_ws/install/arduinobot_controller/share/arduinobot_controller/environment/ament_prefix_path.sh
[0.156s] -- Up-to-date: /home/theo/arduinobot_ws/install/arduinobot_controller/share/arduinobot_controller/environment/ament_prefix_path.dsv
[0.157s] -- Up-to-date: /home/theo/arduinobot_ws/install/arduinobot_controller/share/arduinobot_controller/environment/path.sh
[0.157s] -- Up-to-date: /home/theo/arduinobot_ws/install/arduinobot_controller/share/arduinobot_controller/environment/path.dsv
[0.157s] -- Up-to-date: /home/theo/arduinobot_ws/install/arduinobot_controller/share/arduinobot_controller/local_setup.bash
[0.158s] -- Up-to-date: /home/theo/arduinobot_ws/install/arduinobot_controller/share/arduinobot_controller/local_setup.sh
[0.158s] -- Up-to-date: /home/theo/arduinobot_ws/install/arduinobot_controller/share/arduinobot_controller/local_setup.zsh
[0.158s] -- Up-to-date: /home/theo/arduinobot_ws/install/arduinobot_controller/share/arduinobot_controller/local_setup.dsv
[0.158s] -- Installing: /home/theo/arduinobot_ws/install/arduinobot_controller/share/arduinobot_controller/package.dsv
[0.158s] -- Up-to-date: /home/theo/arduinobot_ws/install/arduinobot_controller/share/ament_index/resource_index/packages/arduinobot_controller
[0.158s] -- Up-to-date: /home/theo/arduinobot_ws/install/arduinobot_controller/share/arduinobot_controller/cmake/arduinobot_controllerConfig.cmake
[0.158s] -- Up-to-date: /home/theo/arduinobot_ws/install/arduinobot_controller/share/arduinobot_controller/cmake/arduinobot_controllerConfig-version.cmake
[0.159s] -- Up-to-date: /home/theo/arduinobot_ws/install/arduinobot_controller/share/arduinobot_controller/package.xml
[0.164s] Invoked command in '/home/theo/arduinobot_ws/build/arduinobot_controller' returned '0': CMAKE_PREFIX_PATH=${CMAKE_PREFIX_PATH}:/home/theo/arduinobot_ws/install/arduinobot_py_examples:/opt/ros/jazzy /usr/bin/cmake --install /home/theo/arduinobot_ws/build/arduinobot_controller
