[0.011s] Invoking command in '/home/theo/arduinobot_ws/build/arduinobot_description': CMAKE_PREFIX_PATH=${CMAKE_PREFIX_PATH}:/home/theo/arduinobot_ws/install/arduinobot_py_examples:/opt/ros/jazzy /usr/bin/cmake --build /home/theo/arduinobot_ws/build/arduinobot_description -- -j20 -l20
[0.062s] -- Found ament_cmake: 2.5.4 (/opt/ros/jazzy/share/ament_cmake/cmake)
[0.203s] -- Found ament_lint_auto: 0.17.2 (/opt/ros/jazzy/share/ament_lint_auto/cmake)
[0.262s] -- Added test 'flake8' to check Python code syntax and style conventions
[0.262s] -- Configured 'flake8' exclude dirs and/or files: 
[0.266s] -- Added test 'lint_cmake' to check CMake code style
[0.266s] -- Added test 'pep257' to check Python code against some of the docstring style conventions in PEP 257
[0.267s] -- Added test 'xmllint' to check XML markup files
[0.268s] -- Configuring done (0.2s)
[0.274s] -- Generating done (0.0s)
[0.274s] -- Build files have been written to: /home/theo/arduinobot_ws/build/arduinobot_description
[0.286s] Invoked command in '/home/theo/arduinobot_ws/build/arduinobot_description' returned '0': CMAKE_PREFIX_PATH=${CMAKE_PREFIX_PATH}:/home/theo/arduinobot_ws/install/arduinobot_py_examples:/opt/ros/jazzy /usr/bin/cmake --build /home/theo/arduinobot_ws/build/arduinobot_description -- -j20 -l20
[0.287s] Invoking command in '/home/theo/arduinobot_ws/build/arduinobot_description': CMAKE_PREFIX_PATH=${CMAKE_PREFIX_PATH}:/home/theo/arduinobot_ws/install/arduinobot_py_examples:/opt/ros/jazzy /usr/bin/cmake --install /home/theo/arduinobot_ws/build/arduinobot_description
[0.290s] -- Install configuration: ""
[0.290s] -- Up-to-date: /home/theo/arduinobot_ws/install/arduinobot_description/share/arduinobot_description/meshes
[0.291s] -- Up-to-date: /home/theo/arduinobot_ws/install/arduinobot_description/share/arduinobot_description/meshes/forward_drive_arm.STL
[0.291s] -- Up-to-date: /home/theo/arduinobot_ws/install/arduinobot_description/share/arduinobot_description/meshes/triangular_link.STL
[0.291s] -- Up-to-date: /home/theo/arduinobot_ws/install/arduinobot_description/share/arduinobot_description/meshes/plate.STL
[0.291s] -- Up-to-date: /home/theo/arduinobot_ws/install/arduinobot_description/share/arduinobot_description/meshes/round_plate.STL
[0.291s] -- Up-to-date: /home/theo/arduinobot_ws/install/arduinobot_description/share/arduinobot_description/meshes/link.STL
[0.291s] -- Up-to-date: /home/theo/arduinobot_ws/install/arduinobot_description/share/arduinobot_description/meshes/servo_plate.STL
[0.291s] -- Up-to-date: /home/theo/arduinobot_ws/install/arduinobot_description/share/arduinobot_description/meshes/vertical_drive_arm.STL
[0.291s] -- Up-to-date: /home/theo/arduinobot_ws/install/arduinobot_description/share/arduinobot_description/meshes/claw_support.STL
[0.291s] -- Up-to-date: /home/theo/arduinobot_ws/install/arduinobot_description/share/arduinobot_description/meshes/base_plate.STL
[0.291s] -- Up-to-date: /home/theo/arduinobot_ws/install/arduinobot_description/share/arduinobot_description/meshes/horizontal_arm.STL
[0.291s] -- Up-to-date: /home/theo/arduinobot_ws/install/arduinobot_description/share/arduinobot_description/meshes/basement.STL
[0.291s] -- Up-to-date: /home/theo/arduinobot_ws/install/arduinobot_description/share/arduinobot_description/meshes/right_finger.STL
[0.291s] -- Up-to-date: /home/theo/arduinobot_ws/install/arduinobot_description/share/arduinobot_description/meshes/left_finger.STL
[0.291s] -- Up-to-date: /home/theo/arduinobot_ws/install/arduinobot_description/share/arduinobot_description/urdf
[0.292s] -- Up-to-date: /home/theo/arduinobot_ws/install/arduinobot_description/share/arduinobot_description/urdf/arduinobot.urdf.xacro
[0.292s] -- Installing: /home/theo/arduinobot_ws/install/arduinobot_description/share/arduinobot_description/launch
[0.292s] -- Installing: /home/theo/arduinobot_ws/install/arduinobot_description/share/arduinobot_description/launch/display.launch.py
[0.292s] -- Installing: /home/theo/arduinobot_ws/install/arduinobot_description/share/arduinobot_description/rviz
[0.292s] -- Installing: /home/theo/arduinobot_ws/install/arduinobot_description/share/arduinobot_description/rviz/display.rviz
[0.292s] -- Installing: /home/theo/arduinobot_ws/install/arduinobot_description/share/ament_index/resource_index/package_run_dependencies/arduinobot_description
[0.292s] -- Up-to-date: /home/theo/arduinobot_ws/install/arduinobot_description/share/ament_index/resource_index/parent_prefix_path/arduinobot_description
[0.292s] -- Up-to-date: /home/theo/arduinobot_ws/install/arduinobot_description/share/arduinobot_description/environment/ament_prefix_path.sh
[0.292s] -- Up-to-date: /home/theo/arduinobot_ws/install/arduinobot_description/share/arduinobot_description/environment/ament_prefix_path.dsv
[0.292s] -- Up-to-date: /home/theo/arduinobot_ws/install/arduinobot_description/share/arduinobot_description/environment/path.sh
[0.292s] -- Up-to-date: /home/theo/arduinobot_ws/install/arduinobot_description/share/arduinobot_description/environment/path.dsv
[0.292s] -- Up-to-date: /home/theo/arduinobot_ws/install/arduinobot_description/share/arduinobot_description/local_setup.bash
[0.292s] -- Up-to-date: /home/theo/arduinobot_ws/install/arduinobot_description/share/arduinobot_description/local_setup.sh
[0.292s] -- Up-to-date: /home/theo/arduinobot_ws/install/arduinobot_description/share/arduinobot_description/local_setup.zsh
[0.292s] -- Up-to-date: /home/theo/arduinobot_ws/install/arduinobot_description/share/arduinobot_description/local_setup.dsv
[0.292s] -- Installing: /home/theo/arduinobot_ws/install/arduinobot_description/share/arduinobot_description/package.dsv
[0.292s] -- Up-to-date: /home/theo/arduinobot_ws/install/arduinobot_description/share/ament_index/resource_index/packages/arduinobot_description
[0.292s] -- Up-to-date: /home/theo/arduinobot_ws/install/arduinobot_description/share/arduinobot_description/cmake/arduinobot_descriptionConfig.cmake
[0.292s] -- Up-to-date: /home/theo/arduinobot_ws/install/arduinobot_description/share/arduinobot_description/cmake/arduinobot_descriptionConfig-version.cmake
[0.292s] -- Installing: /home/theo/arduinobot_ws/install/arduinobot_description/share/arduinobot_description/package.xml
[0.293s] Invoked command in '/home/theo/arduinobot_ws/build/arduinobot_description' returned '0': CMAKE_PREFIX_PATH=${CMAKE_PREFIX_PATH}:/home/theo/arduinobot_ws/install/arduinobot_py_examples:/opt/ros/jazzy /usr/bin/cmake --install /home/theo/arduinobot_ws/build/arduinobot_description
