[0.635s] Invoking command in '/home/theo/arduinobot_ws/src/arduinobot_py_examples': AMENT_PREFIX_PATH=/home/theo/arduinobot_ws/install/arduinobot_msgs:${AMENT_PREFIX_PATH} CMAKE_PREFIX_PATH=/home/theo/arduinobot_ws/install/arduinobot_msgs:${CMAKE_PREFIX_PATH} LD_LIBRARY_PATH=/home/theo/arduinobot_ws/install/arduinobot_msgs/lib:${LD_LIBRARY_PATH} PYTHONPATH=/home/theo/arduinobot_ws/build/arduinobot_py_examples/prefix_override:/usr/lib/python3/dist-packages/colcon_core/task/python/colcon_distutils_commands:/home/theo/arduinobot_ws/install/arduinobot_py_examples/lib/python3.12/site-packages:/home/theo/arduinobot_ws/install/arduinobot_msgs/lib/python3.12/site-packages:${PYTHONPATH} /usr/bin/python3 -W ignore:setup.py install is deprecated -W ignore:easy_install command is deprecated setup.py egg_info --egg-base ../../build/arduinobot_py_examples build --build-base /home/theo/arduinobot_ws/build/arduinobot_py_examples/build install --record /home/theo/arduinobot_ws/build/arduinobot_py_examples/install.log --single-version-externally-managed install_data
[0.789s] running egg_info
[0.800s] writing ../../build/arduinobot_py_examples/arduinobot_py_examples.egg-info/PKG-INFO
[0.801s] writing dependency_links to ../../build/arduinobot_py_examples/arduinobot_py_examples.egg-info/dependency_links.txt
[0.801s] writing entry points to ../../build/arduinobot_py_examples/arduinobot_py_examples.egg-info/entry_points.txt
[0.801s] writing requirements to ../../build/arduinobot_py_examples/arduinobot_py_examples.egg-info/requires.txt
[0.801s] writing top-level names to ../../build/arduinobot_py_examples/arduinobot_py_examples.egg-info/top_level.txt
[0.823s] reading manifest file '../../build/arduinobot_py_examples/arduinobot_py_examples.egg-info/SOURCES.txt'
[0.823s] writing manifest file '../../build/arduinobot_py_examples/arduinobot_py_examples.egg-info/SOURCES.txt'
[0.823s] running build
[0.823s] running build_py
[0.824s] running install
[0.827s] running install_lib
[0.838s] running install_data
[0.838s] running install_egg_info
[0.850s] removing '/home/theo/arduinobot_ws/install/arduinobot_py_examples/lib/python3.12/site-packages/arduinobot_py_examples-0.0.0-py3.12.egg-info' (and everything under it)
[0.850s] Copying ../../build/arduinobot_py_examples/arduinobot_py_examples.egg-info to /home/theo/arduinobot_ws/install/arduinobot_py_examples/lib/python3.12/site-packages/arduinobot_py_examples-0.0.0-py3.12.egg-info
[0.850s] running install_scripts
[0.924s] Installing simple_action_client script to /home/theo/arduinobot_ws/install/arduinobot_py_examples/lib/arduinobot_py_examples
[0.924s] Installing simple_action_server script to /home/theo/arduinobot_ws/install/arduinobot_py_examples/lib/arduinobot_py_examples
[0.928s] Installing simple_moveit_interface script to /home/theo/arduinobot_ws/install/arduinobot_py_examples/lib/arduinobot_py_examples
[0.928s] Installing simple_parameter script to /home/theo/arduinobot_ws/install/arduinobot_py_examples/lib/arduinobot_py_examples
[0.928s] Installing simple_publisher script to /home/theo/arduinobot_ws/install/arduinobot_py_examples/lib/arduinobot_py_examples
[0.929s] Installing simple_service_client script to /home/theo/arduinobot_ws/install/arduinobot_py_examples/lib/arduinobot_py_examples
[0.930s] Installing simple_service_server script to /home/theo/arduinobot_ws/install/arduinobot_py_examples/lib/arduinobot_py_examples
[0.930s] Installing simple_subscriber script to /home/theo/arduinobot_ws/install/arduinobot_py_examples/lib/arduinobot_py_examples
[0.930s] writing list of installed files to '/home/theo/arduinobot_ws/build/arduinobot_py_examples/install.log'
[0.953s] Invoked command in '/home/theo/arduinobot_ws/src/arduinobot_py_examples' returned '0': AMENT_PREFIX_PATH=/home/theo/arduinobot_ws/install/arduinobot_msgs:${AMENT_PREFIX_PATH} CMAKE_PREFIX_PATH=/home/theo/arduinobot_ws/install/arduinobot_msgs:${CMAKE_PREFIX_PATH} LD_LIBRARY_PATH=/home/theo/arduinobot_ws/install/arduinobot_msgs/lib:${LD_LIBRARY_PATH} PYTHONPATH=/home/theo/arduinobot_ws/build/arduinobot_py_examples/prefix_override:/usr/lib/python3/dist-packages/colcon_core/task/python/colcon_distutils_commands:/home/theo/arduinobot_ws/install/arduinobot_py_examples/lib/python3.12/site-packages:/home/theo/arduinobot_ws/install/arduinobot_msgs/lib/python3.12/site-packages:${PYTHONPATH} /usr/bin/python3 -W ignore:setup.py install is deprecated -W ignore:easy_install command is deprecated setup.py egg_info --egg-base ../../build/arduinobot_py_examples build --build-base /home/theo/arduinobot_ws/build/arduinobot_py_examples/build install --record /home/theo/arduinobot_ws/build/arduinobot_py_examples/install.log --single-version-externally-managed install_data
