[0.876s] Invoking command in '/home/theo/arduinobot_ws/src/arduinobot_py_examples': AMENT_PREFIX_PATH=/home/theo/arduinobot_ws/src/install/arduinobot_msgs:${AMENT_PREFIX_PATH} CMAKE_PREFIX_PATH=/home/theo/arduinobot_ws/src/install/arduinobot_msgs:${CMAKE_PREFIX_PATH} LD_LIBRARY_PATH=/home/theo/arduinobot_ws/src/install/arduinobot_msgs/lib:${LD_LIBRARY_PATH} PYTHONPATH=/home/theo/arduinobot_ws/src/build/arduinobot_py_examples/prefix_override:/usr/lib/python3/dist-packages/colcon_core/task/python/colcon_distutils_commands:/home/theo/arduinobot_ws/src/install/arduinobot_py_examples/lib/python3.12/site-packages:/home/theo/arduinobot_ws/src/install/arduinobot_msgs/lib/python3.12/site-packages:${PYTHONPATH} /usr/bin/python3 -W ignore:setup.py install is deprecated -W ignore:easy_install command is deprecated setup.py egg_info --egg-base ../build/arduinobot_py_examples build --build-base /home/theo/arduinobot_ws/src/build/arduinobot_py_examples/build install --record /home/theo/arduinobot_ws/src/build/arduinobot_py_examples/install.log --single-version-externally-managed install_data
[1.046s] running egg_info
[1.047s] creating ../build/arduinobot_py_examples/arduinobot_py_examples.egg-info
[1.058s] writing ../build/arduinobot_py_examples/arduinobot_py_examples.egg-info/PKG-INFO
[1.058s] writing dependency_links to ../build/arduinobot_py_examples/arduinobot_py_examples.egg-info/dependency_links.txt
[1.059s] writing entry points to ../build/arduinobot_py_examples/arduinobot_py_examples.egg-info/entry_points.txt
[1.059s] writing requirements to ../build/arduinobot_py_examples/arduinobot_py_examples.egg-info/requires.txt
[1.059s] writing top-level names to ../build/arduinobot_py_examples/arduinobot_py_examples.egg-info/top_level.txt
[1.059s] writing manifest file '../build/arduinobot_py_examples/arduinobot_py_examples.egg-info/SOURCES.txt'
[1.080s] reading manifest file '../build/arduinobot_py_examples/arduinobot_py_examples.egg-info/SOURCES.txt'
[1.080s] writing manifest file '../build/arduinobot_py_examples/arduinobot_py_examples.egg-info/SOURCES.txt'
[1.080s] running build
[1.080s] running build_py
[1.080s] creating /home/theo/arduinobot_ws/src/build/arduinobot_py_examples/build
[1.081s] creating /home/theo/arduinobot_ws/src/build/arduinobot_py_examples/build/lib
[1.081s] creating /home/theo/arduinobot_ws/src/build/arduinobot_py_examples/build/lib/arduinobot_py_examples
[1.081s] copying arduinobot_py_examples/simple_service_client.py -> /home/theo/arduinobot_ws/src/build/arduinobot_py_examples/build/lib/arduinobot_py_examples
[1.081s] copying arduinobot_py_examples/simple_action_server.py -> /home/theo/arduinobot_ws/src/build/arduinobot_py_examples/build/lib/arduinobot_py_examples
[1.081s] copying arduinobot_py_examples/simple_action_client.py -> /home/theo/arduinobot_ws/src/build/arduinobot_py_examples/build/lib/arduinobot_py_examples
[1.081s] copying arduinobot_py_examples/simple_subscriber.py -> /home/theo/arduinobot_ws/src/build/arduinobot_py_examples/build/lib/arduinobot_py_examples
[1.081s] copying arduinobot_py_examples/simple_publisher.py -> /home/theo/arduinobot_ws/src/build/arduinobot_py_examples/build/lib/arduinobot_py_examples
[1.081s] copying arduinobot_py_examples/simple_moveit_interface.py -> /home/theo/arduinobot_ws/src/build/arduinobot_py_examples/build/lib/arduinobot_py_examples
[1.081s] copying arduinobot_py_examples/simple_service_server.py -> /home/theo/arduinobot_ws/src/build/arduinobot_py_examples/build/lib/arduinobot_py_examples
[1.081s] copying arduinobot_py_examples/simple_parameter.py -> /home/theo/arduinobot_ws/src/build/arduinobot_py_examples/build/lib/arduinobot_py_examples
[1.081s] copying arduinobot_py_examples/__init__.py -> /home/theo/arduinobot_ws/src/build/arduinobot_py_examples/build/lib/arduinobot_py_examples
[1.082s] running install
[1.085s] running install_lib
[1.095s] creating /home/theo/arduinobot_ws/src/install/arduinobot_py_examples/lib/python3.12/site-packages/arduinobot_py_examples
[1.095s] copying /home/theo/arduinobot_ws/src/build/arduinobot_py_examples/build/lib/arduinobot_py_examples/simple_service_client.py -> /home/theo/arduinobot_ws/src/install/arduinobot_py_examples/lib/python3.12/site-packages/arduinobot_py_examples
[1.095s] copying /home/theo/arduinobot_ws/src/build/arduinobot_py_examples/build/lib/arduinobot_py_examples/simple_action_server.py -> /home/theo/arduinobot_ws/src/install/arduinobot_py_examples/lib/python3.12/site-packages/arduinobot_py_examples
[1.096s] copying /home/theo/arduinobot_ws/src/build/arduinobot_py_examples/build/lib/arduinobot_py_examples/simple_action_client.py -> /home/theo/arduinobot_ws/src/install/arduinobot_py_examples/lib/python3.12/site-packages/arduinobot_py_examples
[1.096s] copying /home/theo/arduinobot_ws/src/build/arduinobot_py_examples/build/lib/arduinobot_py_examples/simple_subscriber.py -> /home/theo/arduinobot_ws/src/install/arduinobot_py_examples/lib/python3.12/site-packages/arduinobot_py_examples
[1.096s] copying /home/theo/arduinobot_ws/src/build/arduinobot_py_examples/build/lib/arduinobot_py_examples/simple_publisher.py -> /home/theo/arduinobot_ws/src/install/arduinobot_py_examples/lib/python3.12/site-packages/arduinobot_py_examples
[1.096s] copying /home/theo/arduinobot_ws/src/build/arduinobot_py_examples/build/lib/arduinobot_py_examples/simple_moveit_interface.py -> /home/theo/arduinobot_ws/src/install/arduinobot_py_examples/lib/python3.12/site-packages/arduinobot_py_examples
[1.096s] copying /home/theo/arduinobot_ws/src/build/arduinobot_py_examples/build/lib/arduinobot_py_examples/simple_service_server.py -> /home/theo/arduinobot_ws/src/install/arduinobot_py_examples/lib/python3.12/site-packages/arduinobot_py_examples
[1.096s] copying /home/theo/arduinobot_ws/src/build/arduinobot_py_examples/build/lib/arduinobot_py_examples/simple_parameter.py -> /home/theo/arduinobot_ws/src/install/arduinobot_py_examples/lib/python3.12/site-packages/arduinobot_py_examples
[1.096s] copying /home/theo/arduinobot_ws/src/build/arduinobot_py_examples/build/lib/arduinobot_py_examples/__init__.py -> /home/theo/arduinobot_ws/src/install/arduinobot_py_examples/lib/python3.12/site-packages/arduinobot_py_examples
[1.096s] byte-compiling /home/theo/arduinobot_ws/src/install/arduinobot_py_examples/lib/python3.12/site-packages/arduinobot_py_examples/simple_service_client.py to simple_service_client.cpython-312.pyc
[1.097s] byte-compiling /home/theo/arduinobot_ws/src/install/arduinobot_py_examples/lib/python3.12/site-packages/arduinobot_py_examples/simple_action_server.py to simple_action_server.cpython-312.pyc
[1.097s] byte-compiling /home/theo/arduinobot_ws/src/install/arduinobot_py_examples/lib/python3.12/site-packages/arduinobot_py_examples/simple_action_client.py to simple_action_client.cpython-312.pyc
[1.098s] byte-compiling /home/theo/arduinobot_ws/src/install/arduinobot_py_examples/lib/python3.12/site-packages/arduinobot_py_examples/simple_subscriber.py to simple_subscriber.cpython-312.pyc
[1.098s] byte-compiling /home/theo/arduinobot_ws/src/install/arduinobot_py_examples/lib/python3.12/site-packages/arduinobot_py_examples/simple_publisher.py to simple_publisher.cpython-312.pyc
[1.098s] byte-compiling /home/theo/arduinobot_ws/src/install/arduinobot_py_examples/lib/python3.12/site-packages/arduinobot_py_examples/simple_moveit_interface.py to simple_moveit_interface.cpython-312.pyc
[1.099s] byte-compiling /home/theo/arduinobot_ws/src/install/arduinobot_py_examples/lib/python3.12/site-packages/arduinobot_py_examples/simple_service_server.py to simple_service_server.cpython-312.pyc
[1.099s] byte-compiling /home/theo/arduinobot_ws/src/install/arduinobot_py_examples/lib/python3.12/site-packages/arduinobot_py_examples/simple_parameter.py to simple_parameter.cpython-312.pyc
[1.099s] byte-compiling /home/theo/arduinobot_ws/src/install/arduinobot_py_examples/lib/python3.12/site-packages/arduinobot_py_examples/__init__.py to __init__.cpython-312.pyc
[1.099s] running install_data
[1.099s] creating /home/theo/arduinobot_ws/src/install/arduinobot_py_examples/share/ament_index
[1.100s] creating /home/theo/arduinobot_ws/src/install/arduinobot_py_examples/share/ament_index/resource_index
[1.100s] creating /home/theo/arduinobot_ws/src/install/arduinobot_py_examples/share/ament_index/resource_index/packages
[1.100s] copying resource/arduinobot_py_examples -> /home/theo/arduinobot_ws/src/install/arduinobot_py_examples/share/ament_index/resource_index/packages
[1.100s] copying package.xml -> /home/theo/arduinobot_ws/src/install/arduinobot_py_examples/share/arduinobot_py_examples
[1.100s] creating /home/theo/arduinobot_ws/src/install/arduinobot_py_examples/share/arduinobot_py_examples/launch
[1.100s] copying launch/simple_moveit_interface.launch.py -> /home/theo/arduinobot_ws/src/install/arduinobot_py_examples/share/arduinobot_py_examples/launch
[1.100s] running install_egg_info
[1.111s] Copying ../build/arduinobot_py_examples/arduinobot_py_examples.egg-info to /home/theo/arduinobot_ws/src/install/arduinobot_py_examples/lib/python3.12/site-packages/arduinobot_py_examples-0.0.0-py3.12.egg-info
[1.112s] running install_scripts
[1.185s] Installing simple_action_client script to /home/theo/arduinobot_ws/src/install/arduinobot_py_examples/lib/arduinobot_py_examples
[1.185s] Installing simple_action_server script to /home/theo/arduinobot_ws/src/install/arduinobot_py_examples/lib/arduinobot_py_examples
[1.185s] Installing simple_moveit_interface script to /home/theo/arduinobot_ws/src/install/arduinobot_py_examples/lib/arduinobot_py_examples
[1.185s] Installing simple_parameter script to /home/theo/arduinobot_ws/src/install/arduinobot_py_examples/lib/arduinobot_py_examples
[1.185s] Installing simple_publisher script to /home/theo/arduinobot_ws/src/install/arduinobot_py_examples/lib/arduinobot_py_examples
[1.185s] Installing simple_service_client script to /home/theo/arduinobot_ws/src/install/arduinobot_py_examples/lib/arduinobot_py_examples
[1.185s] Installing simple_service_server script to /home/theo/arduinobot_ws/src/install/arduinobot_py_examples/lib/arduinobot_py_examples
[1.185s] Installing simple_subscriber script to /home/theo/arduinobot_ws/src/install/arduinobot_py_examples/lib/arduinobot_py_examples
[1.186s] writing list of installed files to '/home/theo/arduinobot_ws/src/build/arduinobot_py_examples/install.log'
[1.205s] Invoked command in '/home/theo/arduinobot_ws/src/arduinobot_py_examples' returned '0': AMENT_PREFIX_PATH=/home/theo/arduinobot_ws/src/install/arduinobot_msgs:${AMENT_PREFIX_PATH} CMAKE_PREFIX_PATH=/home/theo/arduinobot_ws/src/install/arduinobot_msgs:${CMAKE_PREFIX_PATH} LD_LIBRARY_PATH=/home/theo/arduinobot_ws/src/install/arduinobot_msgs/lib:${LD_LIBRARY_PATH} PYTHONPATH=/home/theo/arduinobot_ws/src/build/arduinobot_py_examples/prefix_override:/usr/lib/python3/dist-packages/colcon_core/task/python/colcon_distutils_commands:/home/theo/arduinobot_ws/src/install/arduinobot_py_examples/lib/python3.12/site-packages:/home/theo/arduinobot_ws/src/install/arduinobot_msgs/lib/python3.12/site-packages:${PYTHONPATH} /usr/bin/python3 -W ignore:setup.py install is deprecated -W ignore:easy_install command is deprecated setup.py egg_info --egg-base ../build/arduinobot_py_examples build --build-base /home/theo/arduinobot_ws/src/build/arduinobot_py_examples/build install --record /home/theo/arduinobot_ws/src/build/arduinobot_py_examples/install.log --single-version-externally-managed install_data
