[0.018s] Invoking command in '/home/theo/arduinobot_ws/build/arduinobot_bringup': CMAKE_PREFIX_PATH=${CMAKE_PREFIX_PATH}:/home/theo/arduinobot_ws/install/arduinobot_py_examples:/opt/ros/jazzy /usr/bin/cmake --build /home/theo/arduinobot_ws/build/arduinobot_bringup -- -j20 -l20
[0.077s] Invoked command in '/home/theo/arduinobot_ws/build/arduinobot_bringup' returned '0': CMAKE_PREFIX_PATH=${CMAKE_PREFIX_PATH}:/home/theo/arduinobot_ws/install/arduinobot_py_examples:/opt/ros/jazzy /usr/bin/cmake --build /home/theo/arduinobot_ws/build/arduinobot_bringup -- -j20 -l20
[0.082s] Invoking command in '/home/theo/arduinobot_ws/build/arduinobot_bringup': CMAKE_PREFIX_PATH=${CMAKE_PREFIX_PATH}:/home/theo/arduinobot_ws/install/arduinobot_py_examples:/opt/ros/jazzy /usr/bin/cmake --install /home/theo/arduinobot_ws/build/arduinobot_bringup
[0.087s] -- Install configuration: ""
[0.088s] -- Up-to-date: /home/theo/arduinobot_ws/install/arduinobot_bringup/share/arduinobot_bringup/launch
[0.089s] -- Up-to-date: /home/theo/arduinobot_ws/install/arduinobot_bringup/share/arduinobot_bringup/launch/simulated_robot.launch.py
[0.089s] -- Up-to-date: /home/theo/arduinobot_ws/install/arduinobot_bringup/share/ament_index/resource_index/package_run_dependencies/arduinobot_bringup
[0.089s] -- Up-to-date: /home/theo/arduinobot_ws/install/arduinobot_bringup/share/ament_index/resource_index/parent_prefix_path/arduinobot_bringup
[0.089s] -- Up-to-date: /home/theo/arduinobot_ws/install/arduinobot_bringup/share/arduinobot_bringup/environment/ament_prefix_path.sh
[0.090s] -- Up-to-date: /home/theo/arduinobot_ws/install/arduinobot_bringup/share/arduinobot_bringup/environment/ament_prefix_path.dsv
[0.091s] -- Up-to-date: /home/theo/arduinobot_ws/install/arduinobot_bringup/share/arduinobot_bringup/environment/path.sh
[0.091s] -- Up-to-date: /home/theo/arduinobot_ws/install/arduinobot_bringup/share/arduinobot_bringup/environment/path.dsv
[0.091s] -- Up-to-date: /home/theo/arduinobot_ws/install/arduinobot_bringup/share/arduinobot_bringup/local_setup.bash
[0.091s] -- Up-to-date: /home/theo/arduinobot_ws/install/arduinobot_bringup/share/arduinobot_bringup/local_setup.sh
[0.091s] -- Up-to-date: /home/theo/arduinobot_ws/install/arduinobot_bringup/share/arduinobot_bringup/local_setup.zsh
[0.091s] -- Up-to-date: /home/theo/arduinobot_ws/install/arduinobot_bringup/share/arduinobot_bringup/local_setup.dsv
[0.091s] -- Installing: /home/theo/arduinobot_ws/install/arduinobot_bringup/share/arduinobot_bringup/package.dsv
[0.092s] -- Up-to-date: /home/theo/arduinobot_ws/install/arduinobot_bringup/share/ament_index/resource_index/packages/arduinobot_bringup
[0.092s] -- Up-to-date: /home/theo/arduinobot_ws/install/arduinobot_bringup/share/arduinobot_bringup/cmake/arduinobot_bringupConfig.cmake
[0.092s] -- Up-to-date: /home/theo/arduinobot_ws/install/arduinobot_bringup/share/arduinobot_bringup/cmake/arduinobot_bringupConfig-version.cmake
[0.092s] -- Up-to-date: /home/theo/arduinobot_ws/install/arduinobot_bringup/share/arduinobot_bringup/package.xml
[0.103s] Invoked command in '/home/theo/arduinobot_ws/build/arduinobot_bringup' returned '0': CMAKE_PREFIX_PATH=${CMAKE_PREFIX_PATH}:/home/theo/arduinobot_ws/install/arduinobot_py_examples:/opt/ros/jazzy /usr/bin/cmake --install /home/theo/arduinobot_ws/build/arduinobot_bringup
