[0.019s] Invoking command in '/home/theo/arduinobot_ws/build/arduinobot_controller': CMAKE_PREFIX_PATH=${CMAKE_PREFIX_PATH}:/home/theo/arduinobot_ws/install/arduinobot_py_examples:/opt/ros/jazzy /usr/bin/cmake --build /home/theo/arduinobot_ws/build/arduinobot_controller -- -j20 -l20
[0.147s] -- Found ament_cmake: 2.5.4 (/opt/ros/jazzy/share/ament_cmake/cmake)
[0.221s] -- Found ament_lint_auto: 0.17.2 (/opt/ros/jazzy/share/ament_lint_auto/cmake)
[0.282s] -- Added test 'lint_cmake' to check CMake code style
[0.283s] -- Added test 'xmllint' to check XML markup files
[0.284s] -- Configuring done (0.2s)
[0.292s] -- Generating done (0.0s)
[0.293s] -- Build files have been written to: /home/theo/arduinobot_ws/build/arduinobot_controller
[0.304s] Invoked command in '/home/theo/arduinobot_ws/build/arduinobot_controller' returned '0': CMAKE_PREFIX_PATH=${CMAKE_PREFIX_PATH}:/home/theo/arduinobot_ws/install/arduinobot_py_examples:/opt/ros/jazzy /usr/bin/cmake --build /home/theo/arduinobot_ws/build/arduinobot_controller -- -j20 -l20
[0.305s] Invoking command in '/home/theo/arduinobot_ws/build/arduinobot_controller': CMAKE_PREFIX_PATH=${CMAKE_PREFIX_PATH}:/home/theo/arduinobot_ws/install/arduinobot_py_examples:/opt/ros/jazzy /usr/bin/cmake --install /home/theo/arduinobot_ws/build/arduinobot_controller
[0.308s] -- Install configuration: ""
[0.308s] -- Installing: /home/theo/arduinobot_ws/install/arduinobot_controller/share/arduinobot_controller/config
[0.309s] -- Installing: /home/theo/arduinobot_ws/install/arduinobot_controller/share/arduinobot_controller/config/arduinobot_controllers.yaml
[0.309s] -- Up-to-date: /home/theo/arduinobot_ws/install/arduinobot_controller/share/ament_index/resource_index/package_run_dependencies/arduinobot_controller
[0.309s] -- Up-to-date: /home/theo/arduinobot_ws/install/arduinobot_controller/share/ament_index/resource_index/parent_prefix_path/arduinobot_controller
[0.309s] -- Up-to-date: /home/theo/arduinobot_ws/install/arduinobot_controller/share/arduinobot_controller/environment/ament_prefix_path.sh
[0.309s] -- Up-to-date: /home/theo/arduinobot_ws/install/arduinobot_controller/share/arduinobot_controller/environment/ament_prefix_path.dsv
[0.309s] -- Up-to-date: /home/theo/arduinobot_ws/install/arduinobot_controller/share/arduinobot_controller/environment/path.sh
[0.309s] -- Up-to-date: /home/theo/arduinobot_ws/install/arduinobot_controller/share/arduinobot_controller/environment/path.dsv
[0.309s] -- Up-to-date: /home/theo/arduinobot_ws/install/arduinobot_controller/share/arduinobot_controller/local_setup.bash
[0.309s] -- Up-to-date: /home/theo/arduinobot_ws/install/arduinobot_controller/share/arduinobot_controller/local_setup.sh
[0.309s] -- Up-to-date: /home/theo/arduinobot_ws/install/arduinobot_controller/share/arduinobot_controller/local_setup.zsh
[0.309s] -- Up-to-date: /home/theo/arduinobot_ws/install/arduinobot_controller/share/arduinobot_controller/local_setup.dsv
[0.309s] -- Up-to-date: /home/theo/arduinobot_ws/install/arduinobot_controller/share/arduinobot_controller/package.dsv
[0.310s] -- Up-to-date: /home/theo/arduinobot_ws/install/arduinobot_controller/share/ament_index/resource_index/packages/arduinobot_controller
[0.310s] -- Up-to-date: /home/theo/arduinobot_ws/install/arduinobot_controller/share/arduinobot_controller/cmake/arduinobot_controllerConfig.cmake
[0.310s] -- Up-to-date: /home/theo/arduinobot_ws/install/arduinobot_controller/share/arduinobot_controller/cmake/arduinobot_controllerConfig-version.cmake
[0.310s] -- Up-to-date: /home/theo/arduinobot_ws/install/arduinobot_controller/share/arduinobot_controller/package.xml
[0.310s] Invoked command in '/home/theo/arduinobot_ws/build/arduinobot_controller' returned '0': CMAKE_PREFIX_PATH=${CMAKE_PREFIX_PATH}:/home/theo/arduinobot_ws/install/arduinobot_py_examples:/opt/ros/jazzy /usr/bin/cmake --install /home/theo/arduinobot_ws/build/arduinobot_controller
