[0.010s] Invoking command in '/home/theo/arduinobot_ws/build/arduinobot_description': CMAKE_PREFIX_PATH=${CMAKE_PREFIX_PATH}:/opt/ros/jazzy /usr/bin/cmake --build /home/theo/arduinobot_ws/build/arduinobot_description -- -j20 -l20
[0.060s] -- Found ament_cmake: 2.5.4 (/opt/ros/jazzy/share/ament_cmake/cmake)
[0.198s] -- Found ament_lint_auto: 0.17.2 (/opt/ros/jazzy/share/ament_lint_auto/cmake)
[0.256s] -- Added test 'lint_cmake' to check CMake code style
[0.257s] -- Added test 'xmllint' to check XML markup files
[0.259s] -- Configuring done (0.2s)
[0.264s] -- Generating done (0.0s)
[0.265s] -- Build files have been written to: /home/theo/arduinobot_ws/build/arduinobot_description
[0.276s] Invoked command in '/home/theo/arduinobot_ws/build/arduinobot_description' returned '0': CMAKE_PREFIX_PATH=${CMAKE_PREFIX_PATH}:/opt/ros/jazzy /usr/bin/cmake --build /home/theo/arduinobot_ws/build/arduinobot_description -- -j20 -l20
[0.277s] Invoking command in '/home/theo/arduinobot_ws/build/arduinobot_description': CMAKE_PREFIX_PATH=${CMAKE_PREFIX_PATH}:/opt/ros/jazzy /usr/bin/cmake --install /home/theo/arduinobot_ws/build/arduinobot_description
[0.281s] -- Install configuration: ""
[0.281s] -- Installing: /home/theo/arduinobot_ws/install/arduinobot_description/share/$(PROJECT_NAME)/meshes
[0.281s] -- Installing: /home/theo/arduinobot_ws/install/arduinobot_description/share/$(PROJECT_NAME)/meshes/forward_drive_arm.STL
[0.284s] -- Installing: /home/theo/arduinobot_ws/install/arduinobot_description/share/$(PROJECT_NAME)/meshes/triangular_link.STL
[0.285s] -- Installing: /home/theo/arduinobot_ws/install/arduinobot_description/share/$(PROJECT_NAME)/meshes/plate.STL
[0.288s] -- Installing: /home/theo/arduinobot_ws/install/arduinobot_description/share/$(PROJECT_NAME)/meshes/round_plate.STL
[0.288s] -- Installing: /home/theo/arduinobot_ws/install/arduinobot_description/share/$(PROJECT_NAME)/meshes/link.STL
[0.289s] -- Installing: /home/theo/arduinobot_ws/install/arduinobot_description/share/$(PROJECT_NAME)/meshes/servo_plate.STL
[0.290s] -- Installing: /home/theo/arduinobot_ws/install/arduinobot_description/share/$(PROJECT_NAME)/meshes/vertical_drive_arm.STL
[0.292s] -- Installing: /home/theo/arduinobot_ws/install/arduinobot_description/share/$(PROJECT_NAME)/meshes/claw_support.STL
[0.293s] -- Installing: /home/theo/arduinobot_ws/install/arduinobot_description/share/$(PROJECT_NAME)/meshes/base_plate.STL
[0.296s] -- Installing: /home/theo/arduinobot_ws/install/arduinobot_description/share/$(PROJECT_NAME)/meshes/horizontal_arm.STL
[0.299s] -- Installing: /home/theo/arduinobot_ws/install/arduinobot_description/share/$(PROJECT_NAME)/meshes/basement.STL
[0.300s] -- Installing: /home/theo/arduinobot_ws/install/arduinobot_description/share/$(PROJECT_NAME)/meshes/right_finger.STL
[0.301s] -- Installing: /home/theo/arduinobot_ws/install/arduinobot_description/share/$(PROJECT_NAME)/meshes/left_finger.STL
[0.301s] -- Installing: /home/theo/arduinobot_ws/install/arduinobot_description/share/$(PROJECT_NAME)/urdf
[0.301s] -- Installing: /home/theo/arduinobot_ws/install/arduinobot_description/share/$(PROJECT_NAME)/urdf/arduinobot.urdf.xacro
[0.302s] -- Up-to-date: /home/theo/arduinobot_ws/install/arduinobot_description/share/ament_index/resource_index/package_run_dependencies/arduinobot_description
[0.302s] -- Up-to-date: /home/theo/arduinobot_ws/install/arduinobot_description/share/ament_index/resource_index/parent_prefix_path/arduinobot_description
[0.302s] -- Up-to-date: /home/theo/arduinobot_ws/install/arduinobot_description/share/arduinobot_description/environment/ament_prefix_path.sh
[0.302s] -- Up-to-date: /home/theo/arduinobot_ws/install/arduinobot_description/share/arduinobot_description/environment/ament_prefix_path.dsv
[0.302s] -- Up-to-date: /home/theo/arduinobot_ws/install/arduinobot_description/share/arduinobot_description/environment/path.sh
[0.303s] -- Up-to-date: /home/theo/arduinobot_ws/install/arduinobot_description/share/arduinobot_description/environment/path.dsv
[0.303s] -- Up-to-date: /home/theo/arduinobot_ws/install/arduinobot_description/share/arduinobot_description/local_setup.bash
[0.304s] -- Up-to-date: /home/theo/arduinobot_ws/install/arduinobot_description/share/arduinobot_description/local_setup.sh
[0.304s] -- Up-to-date: /home/theo/arduinobot_ws/install/arduinobot_description/share/arduinobot_description/local_setup.zsh
[0.304s] -- Up-to-date: /home/theo/arduinobot_ws/install/arduinobot_description/share/arduinobot_description/local_setup.dsv
[0.304s] -- Up-to-date: /home/theo/arduinobot_ws/install/arduinobot_description/share/arduinobot_description/package.dsv
[0.304s] -- Up-to-date: /home/theo/arduinobot_ws/install/arduinobot_description/share/ament_index/resource_index/packages/arduinobot_description
[0.304s] -- Up-to-date: /home/theo/arduinobot_ws/install/arduinobot_description/share/arduinobot_description/cmake/arduinobot_descriptionConfig.cmake
[0.304s] -- Up-to-date: /home/theo/arduinobot_ws/install/arduinobot_description/share/arduinobot_description/cmake/arduinobot_descriptionConfig-version.cmake
[0.304s] -- Up-to-date: /home/theo/arduinobot_ws/install/arduinobot_description/share/arduinobot_description/package.xml
[0.305s] Invoked command in '/home/theo/arduinobot_ws/build/arduinobot_description' returned '0': CMAKE_PREFIX_PATH=${CMAKE_PREFIX_PATH}:/opt/ros/jazzy /usr/bin/cmake --install /home/theo/arduinobot_ws/build/arduinobot_description
