-- Found ament_cmake: 2.5.4 (/opt/ros/jazzy/share/ament_cmake/cmake)
-- Found rclpy: 7.1.4 (/opt/ros/jazzy/share/rclpy/cmake)
-- Found arduinobot_msgs: 0.0.0 (/home/theo/arduinobot_ws/install/arduinobot_msgs/share/arduinobot_msgs/cmake)
-- Found rosidl_generator_c: 4.6.5 (/opt/ros/jazzy/share/rosidl_generator_c/cmake)
-- Found rosidl_generator_cpp: 4.6.5 (/opt/ros/jazzy/share/rosidl_generator_cpp/cmake)
-- Using all available rosidl_typesupport_c: rosidl_typesupport_fastrtps_c;rosidl_typesupport_introspection_c
-- Using all available rosidl_typesupport_cpp: rosidl_typesupport_fastrtps_cpp;rosidl_typesupport_introspection_cpp
-- Found ament_lint_auto: 0.17.2 (/opt/ros/jazzy/share/ament_lint_auto/cmake)
-- Added test 'flake8' to check Python code syntax and style conventions
-- Configured 'flake8' exclude dirs and/or files: 
-- Added test 'lint_cmake' to check CMake code style
-- Added test 'pep257' to check Python code against some of the docstring style conventions in PEP 257
-- Added test 'xmllint' to check XML markup files
-- Configuring done (0.5s)
-- Generating done (0.0s)
-- Build files have been written to: /home/theo/arduinobot_ws/build/arduinobot_remote
Built target ament_cmake_python_copy_arduinobot_remote
running egg_info
writing arduinobot_remote.egg-info/PKG-INFO
writing dependency_links to arduinobot_remote.egg-info/dependency_links.txt
writing top-level names to arduinobot_remote.egg-info/top_level.txt
reading manifest file 'arduinobot_remote.egg-info/SOURCES.txt'
writing manifest file 'arduinobot_remote.egg-info/SOURCES.txt'
Built target ament_cmake_python_build_arduinobot_remote_egg
-- Install configuration: ""
-- Up-to-date: /home/theo/arduinobot_ws/install/arduinobot_remote/share/arduinobot_remote/environment/pythonpath.sh
-- Up-to-date: /home/theo/arduinobot_ws/install/arduinobot_remote/share/arduinobot_remote/environment/pythonpath.dsv
-- Up-to-date: /home/theo/arduinobot_ws/install/arduinobot_remote/lib/python3.12/site-packages/arduinobot_remote-0.0.0-py3.12.egg-info
-- Installing: /home/theo/arduinobot_ws/install/arduinobot_remote/lib/python3.12/site-packages/arduinobot_remote-0.0.0-py3.12.egg-info/dependency_links.txt
-- Installing: /home/theo/arduinobot_ws/install/arduinobot_remote/lib/python3.12/site-packages/arduinobot_remote-0.0.0-py3.12.egg-info/top_level.txt
-- Installing: /home/theo/arduinobot_ws/install/arduinobot_remote/lib/python3.12/site-packages/arduinobot_remote-0.0.0-py3.12.egg-info/SOURCES.txt
-- Installing: /home/theo/arduinobot_ws/install/arduinobot_remote/lib/python3.12/site-packages/arduinobot_remote-0.0.0-py3.12.egg-info/PKG-INFO
-- Up-to-date: /home/theo/arduinobot_ws/install/arduinobot_remote/lib/python3.12/site-packages/arduinobot_remote
-- Up-to-date: /home/theo/arduinobot_ws/install/arduinobot_remote/lib/python3.12/site-packages/arduinobot_remote/task_server.py
-- Installing: /home/theo/arduinobot_ws/install/arduinobot_remote/lib/python3.12/site-packages/arduinobot_remote/alexa_interface.py
-- Up-to-date: /home/theo/arduinobot_ws/install/arduinobot_remote/lib/python3.12/site-packages/arduinobot_remote/__init__.py
Listing '/home/theo/arduinobot_ws/install/arduinobot_remote/lib/python3.12/site-packages/arduinobot_remote'...
Compiling '/home/theo/arduinobot_ws/install/arduinobot_remote/lib/python3.12/site-packages/arduinobot_remote/alexa_interface.py'...
-- Up-to-date: /home/theo/arduinobot_ws/install/arduinobot_remote/lib/arduinobot_remote/task_server.py
-- Installing: /home/theo/arduinobot_ws/install/arduinobot_remote/lib/arduinobot_remote/alexa_interface.py
-- Up-to-date: /home/theo/arduinobot_ws/install/arduinobot_remote/share/arduinobot_remote/launch
-- Installing: /home/theo/arduinobot_ws/install/arduinobot_remote/share/arduinobot_remote/launch/remote_interface.launch.py
-- Up-to-date: /home/theo/arduinobot_ws/install/arduinobot_remote/share/ament_index/resource_index/package_run_dependencies/arduinobot_remote
-- Installing: /home/theo/arduinobot_ws/install/arduinobot_remote/share/ament_index/resource_index/parent_prefix_path/arduinobot_remote
-- Up-to-date: /home/theo/arduinobot_ws/install/arduinobot_remote/share/arduinobot_remote/environment/ament_prefix_path.sh
-- Up-to-date: /home/theo/arduinobot_ws/install/arduinobot_remote/share/arduinobot_remote/environment/ament_prefix_path.dsv
-- Up-to-date: /home/theo/arduinobot_ws/install/arduinobot_remote/share/arduinobot_remote/environment/path.sh
-- Up-to-date: /home/theo/arduinobot_ws/install/arduinobot_remote/share/arduinobot_remote/environment/path.dsv
-- Up-to-date: /home/theo/arduinobot_ws/install/arduinobot_remote/share/arduinobot_remote/local_setup.bash
-- Up-to-date: /home/theo/arduinobot_ws/install/arduinobot_remote/share/arduinobot_remote/local_setup.sh
-- Up-to-date: /home/theo/arduinobot_ws/install/arduinobot_remote/share/arduinobot_remote/local_setup.zsh
-- Up-to-date: /home/theo/arduinobot_ws/install/arduinobot_remote/share/arduinobot_remote/local_setup.dsv
-- Installing: /home/theo/arduinobot_ws/install/arduinobot_remote/share/arduinobot_remote/package.dsv
-- Up-to-date: /home/theo/arduinobot_ws/install/arduinobot_remote/share/ament_index/resource_index/packages/arduinobot_remote
-- Up-to-date: /home/theo/arduinobot_ws/install/arduinobot_remote/share/arduinobot_remote/cmake/arduinobot_remoteConfig.cmake
-- Up-to-date: /home/theo/arduinobot_ws/install/arduinobot_remote/share/arduinobot_remote/cmake/arduinobot_remoteConfig-version.cmake
-- Up-to-date: /home/theo/arduinobot_ws/install/arduinobot_remote/share/arduinobot_remote/package.xml
