[0.015s] Invoking command in '/home/theo/arduinobot_ws/build/arduinobot_moveit': CMAKE_PREFIX_PATH=${CMAKE_PREFIX_PATH}:/home/theo/arduinobot_ws/install/arduinobot_py_examples:/opt/ros/jazzy /usr/bin/cmake --build /home/theo/arduinobot_ws/build/arduinobot_moveit -- -j20 -l20
[0.028s] -- Found ament_cmake: 2.5.4 (/opt/ros/jazzy/share/ament_cmake/cmake)
[0.157s] -- Found ament_lint_auto: 0.17.2 (/opt/ros/jazzy/share/ament_lint_auto/cmake)
[0.209s] -- Added test 'flake8' to check Python code syntax and style conventions
[0.209s] -- Configured 'flake8' exclude dirs and/or files: 
[0.209s] -- Added test 'lint_cmake' to check CMake code style
[0.209s] -- Added test 'pep257' to check Python code against some of the docstring style conventions in PEP 257
[0.209s] -- Added test 'xmllint' to check XML markup files
[0.210s] -- Configuring done (0.2s)
[0.211s] -- Generating done (0.0s)
[0.212s] -- Build files have been written to: /home/theo/arduinobot_ws/build/arduinobot_moveit
[0.223s] Invoked command in '/home/theo/arduinobot_ws/build/arduinobot_moveit' returned '0': CMAKE_PREFIX_PATH=${CMAKE_PREFIX_PATH}:/home/theo/arduinobot_ws/install/arduinobot_py_examples:/opt/ros/jazzy /usr/bin/cmake --build /home/theo/arduinobot_ws/build/arduinobot_moveit -- -j20 -l20
[0.224s] Invoking command in '/home/theo/arduinobot_ws/build/arduinobot_moveit': CMAKE_PREFIX_PATH=${CMAKE_PREFIX_PATH}:/home/theo/arduinobot_ws/install/arduinobot_py_examples:/opt/ros/jazzy /usr/bin/cmake --install /home/theo/arduinobot_ws/build/arduinobot_moveit
[0.229s] -- Install configuration: ""
[0.229s] -- Up-to-date: /home/theo/arduinobot_ws/install/arduinobot_moveit/share/arduinobot_moveit/launch
[0.229s] -- Up-to-date: /home/theo/arduinobot_ws/install/arduinobot_moveit/share/arduinobot_moveit/launch/moveit.launch.py
[0.229s] -- Up-to-date: /home/theo/arduinobot_ws/install/arduinobot_moveit/share/arduinobot_moveit/config
[0.230s] -- Up-to-date: /home/theo/arduinobot_ws/install/arduinobot_moveit/share/arduinobot_moveit/config/moveit_controllers.yaml
[0.230s] -- Up-to-date: /home/theo/arduinobot_ws/install/arduinobot_moveit/share/arduinobot_moveit/config/joint_limits.yaml
[0.230s] -- Up-to-date: /home/theo/arduinobot_ws/install/arduinobot_moveit/share/arduinobot_moveit/config/arduinobot.srdf
[0.230s] -- Installing: /home/theo/arduinobot_ws/install/arduinobot_moveit/share/arduinobot_moveit/config/pilz_cartesian_limits.yaml
[0.233s] -- Up-to-date: /home/theo/arduinobot_ws/install/arduinobot_moveit/share/arduinobot_moveit/config/kinematics.yaml
[0.233s] -- Up-to-date: /home/theo/arduinobot_ws/install/arduinobot_moveit/share/arduinobot_moveit/config/initial_positions.yaml
[0.233s] -- Up-to-date: /home/theo/arduinobot_ws/install/arduinobot_moveit/share/ament_index/resource_index/package_run_dependencies/arduinobot_moveit
[0.233s] -- Up-to-date: /home/theo/arduinobot_ws/install/arduinobot_moveit/share/ament_index/resource_index/parent_prefix_path/arduinobot_moveit
[0.233s] -- Up-to-date: /home/theo/arduinobot_ws/install/arduinobot_moveit/share/arduinobot_moveit/environment/ament_prefix_path.sh
[0.233s] -- Up-to-date: /home/theo/arduinobot_ws/install/arduinobot_moveit/share/arduinobot_moveit/environment/ament_prefix_path.dsv
[0.233s] -- Up-to-date: /home/theo/arduinobot_ws/install/arduinobot_moveit/share/arduinobot_moveit/environment/path.sh
[0.233s] -- Up-to-date: /home/theo/arduinobot_ws/install/arduinobot_moveit/share/arduinobot_moveit/environment/path.dsv
[0.233s] -- Up-to-date: /home/theo/arduinobot_ws/install/arduinobot_moveit/share/arduinobot_moveit/local_setup.bash
[0.234s] -- Up-to-date: /home/theo/arduinobot_ws/install/arduinobot_moveit/share/arduinobot_moveit/local_setup.sh
[0.234s] -- Up-to-date: /home/theo/arduinobot_ws/install/arduinobot_moveit/share/arduinobot_moveit/local_setup.zsh
[0.234s] -- Up-to-date: /home/theo/arduinobot_ws/install/arduinobot_moveit/share/arduinobot_moveit/local_setup.dsv
[0.234s] -- Installing: /home/theo/arduinobot_ws/install/arduinobot_moveit/share/arduinobot_moveit/package.dsv
[0.234s] -- Up-to-date: /home/theo/arduinobot_ws/install/arduinobot_moveit/share/ament_index/resource_index/packages/arduinobot_moveit
[0.234s] -- Up-to-date: /home/theo/arduinobot_ws/install/arduinobot_moveit/share/arduinobot_moveit/cmake/arduinobot_moveitConfig.cmake
[0.234s] -- Up-to-date: /home/theo/arduinobot_ws/install/arduinobot_moveit/share/arduinobot_moveit/cmake/arduinobot_moveitConfig-version.cmake
[0.234s] -- Installing: /home/theo/arduinobot_ws/install/arduinobot_moveit/share/arduinobot_moveit/package.xml
[0.241s] Invoked command in '/home/theo/arduinobot_ws/build/arduinobot_moveit' returned '0': CMAKE_PREFIX_PATH=${CMAKE_PREFIX_PATH}:/home/theo/arduinobot_ws/install/arduinobot_py_examples:/opt/ros/jazzy /usr/bin/cmake --install /home/theo/arduinobot_ws/build/arduinobot_moveit
