[0.021s] Invoking command in '/home/theo/arduinobot_ws/build/arduinobot_firmware': CMAKE_PREFIX_PATH=${CMAKE_PREFIX_PATH}:/opt/ros/jazzy /usr/bin/cmake --build /home/theo/arduinobot_ws/build/arduinobot_firmware -- -j20 -l20
[0.095s] Invoked command in '/home/theo/arduinobot_ws/build/arduinobot_firmware' returned '0': CMAKE_PREFIX_PATH=${CMAKE_PREFIX_PATH}:/opt/ros/jazzy /usr/bin/cmake --build /home/theo/arduinobot_ws/build/arduinobot_firmware -- -j20 -l20
[0.105s] Invoking command in '/home/theo/arduinobot_ws/build/arduinobot_firmware': CMAKE_PREFIX_PATH=${CMAKE_PREFIX_PATH}:/opt/ros/jazzy /usr/bin/cmake --install /home/theo/arduinobot_ws/build/arduinobot_firmware
[0.113s] -- Install configuration: ""
[0.114s] -- Up-to-date: /home/theo/arduinobot_ws/install/arduinobot_firmware/share/ament_index/resource_index/package_run_dependencies/arduinobot_firmware
[0.114s] -- Up-to-date: /home/theo/arduinobot_ws/install/arduinobot_firmware/share/ament_index/resource_index/parent_prefix_path/arduinobot_firmware
[0.114s] -- Up-to-date: /home/theo/arduinobot_ws/install/arduinobot_firmware/share/arduinobot_firmware/environment/ament_prefix_path.sh
[0.114s] -- Up-to-date: /home/theo/arduinobot_ws/install/arduinobot_firmware/share/arduinobot_firmware/environment/ament_prefix_path.dsv
[0.114s] -- Up-to-date: /home/theo/arduinobot_ws/install/arduinobot_firmware/share/arduinobot_firmware/environment/path.sh
[0.114s] -- Up-to-date: /home/theo/arduinobot_ws/install/arduinobot_firmware/share/arduinobot_firmware/environment/path.dsv
[0.114s] -- Up-to-date: /home/theo/arduinobot_ws/install/arduinobot_firmware/share/arduinobot_firmware/local_setup.bash
[0.114s] -- Up-to-date: /home/theo/arduinobot_ws/install/arduinobot_firmware/share/arduinobot_firmware/local_setup.sh
[0.114s] -- Up-to-date: /home/theo/arduinobot_ws/install/arduinobot_firmware/share/arduinobot_firmware/local_setup.zsh
[0.114s] -- Up-to-date: /home/theo/arduinobot_ws/install/arduinobot_firmware/share/arduinobot_firmware/local_setup.dsv
[0.115s] -- Up-to-date: /home/theo/arduinobot_ws/install/arduinobot_firmware/share/arduinobot_firmware/package.dsv
[0.115s] -- Up-to-date: /home/theo/arduinobot_ws/install/arduinobot_firmware/share/ament_index/resource_index/packages/arduinobot_firmware
[0.115s] -- Up-to-date: /home/theo/arduinobot_ws/install/arduinobot_firmware/share/arduinobot_firmware/cmake/arduinobot_firmwareConfig.cmake
[0.115s] -- Up-to-date: /home/theo/arduinobot_ws/install/arduinobot_firmware/share/arduinobot_firmware/cmake/arduinobot_firmwareConfig-version.cmake
[0.116s] -- Up-to-date: /home/theo/arduinobot_ws/install/arduinobot_firmware/share/arduinobot_firmware/package.xml
[0.148s] Invoked command in '/home/theo/arduinobot_ws/build/arduinobot_firmware' returned '0': CMAKE_PREFIX_PATH=${CMAKE_PREFIX_PATH}:/opt/ros/jazzy /usr/bin/cmake --install /home/theo/arduinobot_ws/build/arduinobot_firmware
