[0.016s] Invoking command in '/home/theo/arduinobot_ws/build/arduinobot_controller': CMAKE_PREFIX_PATH=${CMAKE_PREFIX_PATH}:/home/theo/arduinobot_ws/install/arduinobot_py_examples:/opt/ros/jazzy /usr/bin/cmake /home/theo/arduinobot_ws/src/arduinobot_controller -DCMAKE_INSTALL_PREFIX=/home/theo/arduinobot_ws/install/arduinobot_controller
[0.141s] -- The C compiler identification is GNU 13.3.0
[0.528s] -- The CXX compiler identification is GNU 13.3.0
[0.841s] -- Detecting C compiler ABI info
[0.971s] -- Detecting C compiler ABI info - done
[0.976s] -- Check for working C compiler: /usr/bin/cc - skipped
[0.977s] -- Detecting C compile features
[0.977s] -- Detecting C compile features - done
[1.024s] -- Detecting CXX compiler ABI info
[1.166s] -- Detecting CXX compiler ABI info - done
[1.170s] -- Check for working CXX compiler: /usr/bin/c++ - skipped
[1.171s] -- Detecting CXX compile features
[1.171s] -- Detecting CXX compile features - done
[1.177s] -- Found ament_cmake: 2.5.4 (/opt/ros/jazzy/share/ament_cmake/cmake)
[1.263s] -- Found Python3: /usr/bin/python3 (found version "3.12.3") found components: Interpreter 
[1.329s] -- Found ament_lint_auto: 0.17.2 (/opt/ros/jazzy/share/ament_lint_auto/cmake)
[1.393s] -- Added test 'lint_cmake' to check CMake code style
[1.394s] -- Added test 'xmllint' to check XML markup files
[1.395s] -- Configuring done (1.4s)
[1.396s] -- Generating done (0.0s)
[1.397s] -- Build files have been written to: /home/theo/arduinobot_ws/build/arduinobot_controller
[1.400s] Invoked command in '/home/theo/arduinobot_ws/build/arduinobot_controller' returned '0': CMAKE_PREFIX_PATH=${CMAKE_PREFIX_PATH}:/home/theo/arduinobot_ws/install/arduinobot_py_examples:/opt/ros/jazzy /usr/bin/cmake /home/theo/arduinobot_ws/src/arduinobot_controller -DCMAKE_INSTALL_PREFIX=/home/theo/arduinobot_ws/install/arduinobot_controller
[1.401s] Invoking command in '/home/theo/arduinobot_ws/build/arduinobot_controller': CMAKE_PREFIX_PATH=${CMAKE_PREFIX_PATH}:/home/theo/arduinobot_ws/install/arduinobot_py_examples:/opt/ros/jazzy /usr/bin/cmake --build /home/theo/arduinobot_ws/build/arduinobot_controller -- -j20 -l20
[1.420s] Invoked command in '/home/theo/arduinobot_ws/build/arduinobot_controller' returned '0': CMAKE_PREFIX_PATH=${CMAKE_PREFIX_PATH}:/home/theo/arduinobot_ws/install/arduinobot_py_examples:/opt/ros/jazzy /usr/bin/cmake --build /home/theo/arduinobot_ws/build/arduinobot_controller -- -j20 -l20
[1.420s] Invoking command in '/home/theo/arduinobot_ws/build/arduinobot_controller': CMAKE_PREFIX_PATH=${CMAKE_PREFIX_PATH}:/home/theo/arduinobot_ws/install/arduinobot_py_examples:/opt/ros/jazzy /usr/bin/cmake --install /home/theo/arduinobot_ws/build/arduinobot_controller
[1.424s] -- Install configuration: ""
[1.424s] -- Installing: /home/theo/arduinobot_ws/install/arduinobot_controller/share/ament_index/resource_index/package_run_dependencies/arduinobot_controller
[1.424s] -- Installing: /home/theo/arduinobot_ws/install/arduinobot_controller/share/ament_index/resource_index/parent_prefix_path/arduinobot_controller
[1.425s] -- Installing: /home/theo/arduinobot_ws/install/arduinobot_controller/share/arduinobot_controller/environment/ament_prefix_path.sh
[1.425s] -- Installing: /home/theo/arduinobot_ws/install/arduinobot_controller/share/arduinobot_controller/environment/ament_prefix_path.dsv
[1.425s] -- Installing: /home/theo/arduinobot_ws/install/arduinobot_controller/share/arduinobot_controller/environment/path.sh
[1.425s] -- Installing: /home/theo/arduinobot_ws/install/arduinobot_controller/share/arduinobot_controller/environment/path.dsv
[1.425s] -- Installing: /home/theo/arduinobot_ws/install/arduinobot_controller/share/arduinobot_controller/local_setup.bash
[1.425s] -- Installing: /home/theo/arduinobot_ws/install/arduinobot_controller/share/arduinobot_controller/local_setup.sh
[1.425s] -- Installing: /home/theo/arduinobot_ws/install/arduinobot_controller/share/arduinobot_controller/local_setup.zsh
[1.425s] -- Installing: /home/theo/arduinobot_ws/install/arduinobot_controller/share/arduinobot_controller/local_setup.dsv
[1.425s] -- Installing: /home/theo/arduinobot_ws/install/arduinobot_controller/share/arduinobot_controller/package.dsv
[1.425s] -- Installing: /home/theo/arduinobot_ws/install/arduinobot_controller/share/ament_index/resource_index/packages/arduinobot_controller
[1.425s] -- Installing: /home/theo/arduinobot_ws/install/arduinobot_controller/share/arduinobot_controller/cmake/arduinobot_controllerConfig.cmake
[1.425s] -- Installing: /home/theo/arduinobot_ws/install/arduinobot_controller/share/arduinobot_controller/cmake/arduinobot_controllerConfig-version.cmake
[1.425s] -- Installing: /home/theo/arduinobot_ws/install/arduinobot_controller/share/arduinobot_controller/package.xml
[1.426s] Invoked command in '/home/theo/arduinobot_ws/build/arduinobot_controller' returned '0': CMAKE_PREFIX_PATH=${CMAKE_PREFIX_PATH}:/home/theo/arduinobot_ws/install/arduinobot_py_examples:/opt/ros/jazzy /usr/bin/cmake --install /home/theo/arduinobot_ws/build/arduinobot_controller
