[0.012s] Invoking command in '/home/theo/arduinobot_ws/src/build/arduinobot_description': CMAKE_PREFIX_PATH=${CMAKE_PREFIX_PATH}:/opt/ros/jazzy /usr/bin/cmake /home/theo/arduinobot_ws/src/arduinobot_description -DCMAKE_INSTALL_PREFIX=/home/theo/arduinobot_ws/src/install/arduinobot_description
[0.202s] -- The C compiler identification is GNU 13.3.0
[0.575s] -- The CXX compiler identification is GNU 13.3.0
[0.972s] -- Detecting C compiler ABI info
[1.110s] -- Detecting C compiler ABI info - done
[1.115s] -- Check for working C compiler: /usr/bin/cc - skipped
[1.115s] -- Detecting C compile features
[1.116s] -- Detecting C compile features - done
[1.191s] -- Detecting CXX compiler ABI info
[1.326s] -- Detecting CXX compiler ABI info - done
[1.331s] -- Check for working CXX compiler: /usr/bin/c++ - skipped
[1.332s] -- Detecting CXX compile features
[1.332s] -- Detecting CXX compile features - done
[1.356s] -- Found ament_cmake: 2.5.4 (/opt/ros/jazzy/share/ament_cmake/cmake)
[1.452s] -- Found Python3: /usr/bin/python3 (found version "3.12.3") found components: Interpreter 
[1.546s] -- Found ament_lint_auto: 0.17.2 (/opt/ros/jazzy/share/ament_lint_auto/cmake)
[1.621s] -- Added test 'copyright' to check source files copyright and LICENSE
[1.622s] -- Added test 'flake8' to check Python code syntax and style conventions
[1.622s] -- Configured 'flake8' exclude dirs and/or files: 
[1.623s] -- Added test 'lint_cmake' to check CMake code style
[1.623s] -- Added test 'pep257' to check Python code against some of the docstring style conventions in PEP 257
[1.625s] -- Added test 'xmllint' to check XML markup files
[1.626s] -- Configuring done (1.6s)
[1.628s] -- Generating done (0.0s)
[1.629s] -- Build files have been written to: /home/theo/arduinobot_ws/src/build/arduinobot_description
[1.634s] Invoked command in '/home/theo/arduinobot_ws/src/build/arduinobot_description' returned '0': CMAKE_PREFIX_PATH=${CMAKE_PREFIX_PATH}:/opt/ros/jazzy /usr/bin/cmake /home/theo/arduinobot_ws/src/arduinobot_description -DCMAKE_INSTALL_PREFIX=/home/theo/arduinobot_ws/src/install/arduinobot_description
[1.635s] Invoking command in '/home/theo/arduinobot_ws/src/build/arduinobot_description': CMAKE_PREFIX_PATH=${CMAKE_PREFIX_PATH}:/opt/ros/jazzy /usr/bin/cmake --build /home/theo/arduinobot_ws/src/build/arduinobot_description -- -j20 -l20
[1.654s] Invoked command in '/home/theo/arduinobot_ws/src/build/arduinobot_description' returned '0': CMAKE_PREFIX_PATH=${CMAKE_PREFIX_PATH}:/opt/ros/jazzy /usr/bin/cmake --build /home/theo/arduinobot_ws/src/build/arduinobot_description -- -j20 -l20
[1.658s] Invoking command in '/home/theo/arduinobot_ws/src/build/arduinobot_description': CMAKE_PREFIX_PATH=${CMAKE_PREFIX_PATH}:/opt/ros/jazzy /usr/bin/cmake --install /home/theo/arduinobot_ws/src/build/arduinobot_description
[1.664s] -- Install configuration: ""
[1.664s] -- Installing: /home/theo/arduinobot_ws/src/install/arduinobot_description/share/arduinobot_description/launch
[1.664s] -- Installing: /home/theo/arduinobot_ws/src/install/arduinobot_description/share/arduinobot_description/launch/gazebo.launch.py
[1.665s] -- Installing: /home/theo/arduinobot_ws/src/install/arduinobot_description/share/arduinobot_description/launch/display.launch.py
[1.665s] -- Installing: /home/theo/arduinobot_ws/src/install/arduinobot_description/share/arduinobot_description/meshes
[1.665s] -- Installing: /home/theo/arduinobot_ws/src/install/arduinobot_description/share/arduinobot_description/meshes/forward_drive_arm.STL
[1.668s] -- Installing: /home/theo/arduinobot_ws/src/install/arduinobot_description/share/arduinobot_description/meshes/pi_camera.STL
[1.670s] -- Installing: /home/theo/arduinobot_ws/src/install/arduinobot_description/share/arduinobot_description/meshes/triangular_link.STL
[1.671s] -- Installing: /home/theo/arduinobot_ws/src/install/arduinobot_description/share/arduinobot_description/meshes/plate.STL
[1.673s] -- Installing: /home/theo/arduinobot_ws/src/install/arduinobot_description/share/arduinobot_description/meshes/round_plate.STL
[1.673s] -- Installing: /home/theo/arduinobot_ws/src/install/arduinobot_description/share/arduinobot_description/meshes/link.STL
[1.675s] -- Installing: /home/theo/arduinobot_ws/src/install/arduinobot_description/share/arduinobot_description/meshes/servo_plate.STL
[1.676s] -- Installing: /home/theo/arduinobot_ws/src/install/arduinobot_description/share/arduinobot_description/meshes/vertical_drive_arm.STL
[1.685s] -- Installing: /home/theo/arduinobot_ws/src/install/arduinobot_description/share/arduinobot_description/meshes/claw_support.STL
[1.685s] -- Installing: /home/theo/arduinobot_ws/src/install/arduinobot_description/share/arduinobot_description/meshes/base_plate.STL
[1.685s] -- Installing: /home/theo/arduinobot_ws/src/install/arduinobot_description/share/arduinobot_description/meshes/horizontal_arm.STL
[1.685s] -- Installing: /home/theo/arduinobot_ws/src/install/arduinobot_description/share/arduinobot_description/meshes/basement.STL
[1.688s] -- Installing: /home/theo/arduinobot_ws/src/install/arduinobot_description/share/arduinobot_description/meshes/right_finger.STL
[1.688s] -- Installing: /home/theo/arduinobot_ws/src/install/arduinobot_description/share/arduinobot_description/meshes/left_finger.STL
[1.689s] -- Installing: /home/theo/arduinobot_ws/src/install/arduinobot_description/share/arduinobot_description/urdf
[1.689s] -- Installing: /home/theo/arduinobot_ws/src/install/arduinobot_description/share/arduinobot_description/urdf/arduinobot_gazebo.xacro
[1.689s] -- Installing: /home/theo/arduinobot_ws/src/install/arduinobot_description/share/arduinobot_description/urdf/arduinobot_ros2_control.xacro
[1.690s] -- Installing: /home/theo/arduinobot_ws/src/install/arduinobot_description/share/arduinobot_description/urdf/arduinobot.urdf.xacro
[1.690s] -- Installing: /home/theo/arduinobot_ws/src/install/arduinobot_description/share/arduinobot_description/rviz
[1.690s] -- Installing: /home/theo/arduinobot_ws/src/install/arduinobot_description/share/arduinobot_description/rviz/display.rviz
[1.691s] -- Installing: /home/theo/arduinobot_ws/src/install/arduinobot_description/share/ament_index/resource_index/package_run_dependencies/arduinobot_description
[1.691s] -- Installing: /home/theo/arduinobot_ws/src/install/arduinobot_description/share/ament_index/resource_index/parent_prefix_path/arduinobot_description
[1.691s] -- Installing: /home/theo/arduinobot_ws/src/install/arduinobot_description/share/arduinobot_description/environment/ament_prefix_path.sh
[1.691s] -- Installing: /home/theo/arduinobot_ws/src/install/arduinobot_description/share/arduinobot_description/environment/ament_prefix_path.dsv
[1.691s] -- Installing: /home/theo/arduinobot_ws/src/install/arduinobot_description/share/arduinobot_description/environment/path.sh
[1.691s] -- Installing: /home/theo/arduinobot_ws/src/install/arduinobot_description/share/arduinobot_description/environment/path.dsv
[1.691s] -- Installing: /home/theo/arduinobot_ws/src/install/arduinobot_description/share/arduinobot_description/local_setup.bash
[1.691s] -- Installing: /home/theo/arduinobot_ws/src/install/arduinobot_description/share/arduinobot_description/local_setup.sh
[1.692s] -- Installing: /home/theo/arduinobot_ws/src/install/arduinobot_description/share/arduinobot_description/local_setup.zsh
[1.692s] -- Installing: /home/theo/arduinobot_ws/src/install/arduinobot_description/share/arduinobot_description/local_setup.dsv
[1.692s] -- Installing: /home/theo/arduinobot_ws/src/install/arduinobot_description/share/arduinobot_description/package.dsv
[1.692s] -- Installing: /home/theo/arduinobot_ws/src/install/arduinobot_description/share/ament_index/resource_index/packages/arduinobot_description
[1.692s] -- Installing: /home/theo/arduinobot_ws/src/install/arduinobot_description/share/arduinobot_description/cmake/arduinobot_descriptionConfig.cmake
[1.692s] -- Installing: /home/theo/arduinobot_ws/src/install/arduinobot_description/share/arduinobot_description/cmake/arduinobot_descriptionConfig-version.cmake
[1.692s] -- Installing: /home/theo/arduinobot_ws/src/install/arduinobot_description/share/arduinobot_description/package.xml
[1.713s] Invoked command in '/home/theo/arduinobot_ws/src/build/arduinobot_description' returned '0': CMAKE_PREFIX_PATH=${CMAKE_PREFIX_PATH}:/opt/ros/jazzy /usr/bin/cmake --install /home/theo/arduinobot_ws/src/build/arduinobot_description
