[0.020s] Invoking command in '/home/theo/arduinobot_ws/build/arduinobot_utils': CMAKE_PREFIX_PATH=${CMAKE_PREFIX_PATH}:/home/theo/arduinobot_ws/install/arduinobot_py_examples:/opt/ros/jazzy /usr/bin/cmake /home/theo/arduinobot_ws/src/arduinobot_utils -DCMAKE_INSTALL_PREFIX=/home/theo/arduinobot_ws/install/arduinobot_utils
[0.183s] -- The C compiler identification is GNU 13.3.0
[0.602s] -- The CXX compiler identification is GNU 13.3.0
[0.959s] -- Detecting C compiler ABI info
[1.111s] -- Detecting C compiler ABI info - done
[1.115s] -- Check for working C compiler: /usr/bin/cc - skipped
[1.116s] -- Detecting C compile features
[1.116s] -- Detecting C compile features - done
[1.168s] -- Detecting CXX compiler ABI info
[1.337s] -- Detecting CXX compiler ABI info - done
[1.342s] -- Check for working CXX compiler: /usr/bin/c++ - skipped
[1.342s] -- Detecting CXX compile features
[1.343s] -- Detecting CXX compile features - done
[1.360s] -- Found ament_cmake: 2.5.4 (/opt/ros/jazzy/share/ament_cmake/cmake)
[1.464s] -- Found Python3: /usr/bin/python3 (found version "3.12.3") found components: Interpreter 
[1.562s] -- Found ament_lint_auto: 0.17.2 (/opt/ros/jazzy/share/ament_lint_auto/cmake)
[1.639s] -- Added test 'lint_cmake' to check CMake code style
[1.640s] -- Added test 'xmllint' to check XML markup files
[1.642s] -- Configuring done (1.6s)
[1.644s] -- Generating done (0.0s)
[1.645s] -- Build files have been written to: /home/theo/arduinobot_ws/build/arduinobot_utils
[1.648s] Invoked command in '/home/theo/arduinobot_ws/build/arduinobot_utils' returned '0': CMAKE_PREFIX_PATH=${CMAKE_PREFIX_PATH}:/home/theo/arduinobot_ws/install/arduinobot_py_examples:/opt/ros/jazzy /usr/bin/cmake /home/theo/arduinobot_ws/src/arduinobot_utils -DCMAKE_INSTALL_PREFIX=/home/theo/arduinobot_ws/install/arduinobot_utils
[1.649s] Invoking command in '/home/theo/arduinobot_ws/build/arduinobot_utils': CMAKE_PREFIX_PATH=${CMAKE_PREFIX_PATH}:/home/theo/arduinobot_ws/install/arduinobot_py_examples:/opt/ros/jazzy /usr/bin/cmake --build /home/theo/arduinobot_ws/build/arduinobot_utils -- -j20 -l20
[1.670s] Invoked command in '/home/theo/arduinobot_ws/build/arduinobot_utils' returned '0': CMAKE_PREFIX_PATH=${CMAKE_PREFIX_PATH}:/home/theo/arduinobot_ws/install/arduinobot_py_examples:/opt/ros/jazzy /usr/bin/cmake --build /home/theo/arduinobot_ws/build/arduinobot_utils -- -j20 -l20
[1.671s] Invoking command in '/home/theo/arduinobot_ws/build/arduinobot_utils': CMAKE_PREFIX_PATH=${CMAKE_PREFIX_PATH}:/home/theo/arduinobot_ws/install/arduinobot_py_examples:/opt/ros/jazzy /usr/bin/cmake --install /home/theo/arduinobot_ws/build/arduinobot_utils
[1.675s] -- Install configuration: ""
[1.676s] -- Installing: /home/theo/arduinobot_ws/install/arduinobot_utils/share/ament_index/resource_index/package_run_dependencies/arduinobot_utils
[1.677s] -- Installing: /home/theo/arduinobot_ws/install/arduinobot_utils/share/ament_index/resource_index/parent_prefix_path/arduinobot_utils
[1.677s] -- Installing: /home/theo/arduinobot_ws/install/arduinobot_utils/share/arduinobot_utils/environment/ament_prefix_path.sh
[1.677s] -- Installing: /home/theo/arduinobot_ws/install/arduinobot_utils/share/arduinobot_utils/environment/ament_prefix_path.dsv
[1.677s] -- Installing: /home/theo/arduinobot_ws/install/arduinobot_utils/share/arduinobot_utils/environment/path.sh
[1.677s] -- Installing: /home/theo/arduinobot_ws/install/arduinobot_utils/share/arduinobot_utils/environment/path.dsv
[1.677s] -- Installing: /home/theo/arduinobot_ws/install/arduinobot_utils/share/arduinobot_utils/local_setup.bash
[1.677s] -- Installing: /home/theo/arduinobot_ws/install/arduinobot_utils/share/arduinobot_utils/local_setup.sh
[1.677s] -- Installing: /home/theo/arduinobot_ws/install/arduinobot_utils/share/arduinobot_utils/local_setup.zsh
[1.678s] -- Installing: /home/theo/arduinobot_ws/install/arduinobot_utils/share/arduinobot_utils/local_setup.dsv
[1.678s] -- Installing: /home/theo/arduinobot_ws/install/arduinobot_utils/share/arduinobot_utils/package.dsv
[1.678s] -- Installing: /home/theo/arduinobot_ws/install/arduinobot_utils/share/ament_index/resource_index/packages/arduinobot_utils
[1.678s] -- Installing: /home/theo/arduinobot_ws/install/arduinobot_utils/share/arduinobot_utils/cmake/arduinobot_utilsConfig.cmake
[1.678s] -- Installing: /home/theo/arduinobot_ws/install/arduinobot_utils/share/arduinobot_utils/cmake/arduinobot_utilsConfig-version.cmake
[1.678s] -- Installing: /home/theo/arduinobot_ws/install/arduinobot_utils/share/arduinobot_utils/package.xml
[1.679s] Invoked command in '/home/theo/arduinobot_ws/build/arduinobot_utils' returned '0': CMAKE_PREFIX_PATH=${CMAKE_PREFIX_PATH}:/home/theo/arduinobot_ws/install/arduinobot_py_examples:/opt/ros/jazzy /usr/bin/cmake --install /home/theo/arduinobot_ws/build/arduinobot_utils
