[0.431s] Invoking command in '/home/theo/arduinobot_ws/src/arduinobot_py_examples': PYTHONPATH=/home/theo/arduinobot_ws/build/arduinobot_py_examples/prefix_override:/usr/lib/python3/dist-packages/colcon_core/task/python/colcon_distutils_commands:/home/theo/arduinobot_ws/install/arduinobot_py_examples/lib/python3.12/site-packages:${PYTHONPATH} /usr/bin/python3 -W ignore:setup.py install is deprecated -W ignore:easy_install command is deprecated setup.py egg_info --egg-base ../../build/arduinobot_py_examples build --build-base /home/theo/arduinobot_ws/build/arduinobot_py_examples/build install --record /home/theo/arduinobot_ws/build/arduinobot_py_examples/install.log --single-version-externally-managed install_data
[0.572s] running egg_info
[0.582s] writing ../../build/arduinobot_py_examples/arduinobot_py_examples.egg-info/PKG-INFO
[0.582s] writing dependency_links to ../../build/arduinobot_py_examples/arduinobot_py_examples.egg-info/dependency_links.txt
[0.582s] writing entry points to ../../build/arduinobot_py_examples/arduinobot_py_examples.egg-info/entry_points.txt
[0.582s] writing requirements to ../../build/arduinobot_py_examples/arduinobot_py_examples.egg-info/requires.txt
[0.582s] writing top-level names to ../../build/arduinobot_py_examples/arduinobot_py_examples.egg-info/top_level.txt
[0.601s] reading manifest file '../../build/arduinobot_py_examples/arduinobot_py_examples.egg-info/SOURCES.txt'
[0.601s] writing manifest file '../../build/arduinobot_py_examples/arduinobot_py_examples.egg-info/SOURCES.txt'
[0.602s] running build
[0.602s] running build_py
[0.602s] running install
[0.607s] running install_lib
[0.625s] running install_data
[0.625s] running install_egg_info
[0.646s] removing '/home/theo/arduinobot_ws/install/arduinobot_py_examples/lib/python3.12/site-packages/arduinobot_py_examples-0.0.0-py3.12.egg-info' (and everything under it)
[0.646s] Copying ../../build/arduinobot_py_examples/arduinobot_py_examples.egg-info to /home/theo/arduinobot_ws/install/arduinobot_py_examples/lib/python3.12/site-packages/arduinobot_py_examples-0.0.0-py3.12.egg-info
[0.647s] running install_scripts
[0.729s] Installing simple_parameter script to /home/theo/arduinobot_ws/install/arduinobot_py_examples/lib/arduinobot_py_examples
[0.730s] Installing simple_publisher script to /home/theo/arduinobot_ws/install/arduinobot_py_examples/lib/arduinobot_py_examples
[0.730s] Installing simple_subscriber script to /home/theo/arduinobot_ws/install/arduinobot_py_examples/lib/arduinobot_py_examples
[0.730s] writing list of installed files to '/home/theo/arduinobot_ws/build/arduinobot_py_examples/install.log'
[0.746s] Invoked command in '/home/theo/arduinobot_ws/src/arduinobot_py_examples' returned '0': PYTHONPATH=/home/theo/arduinobot_ws/build/arduinobot_py_examples/prefix_override:/usr/lib/python3/dist-packages/colcon_core/task/python/colcon_distutils_commands:/home/theo/arduinobot_ws/install/arduinobot_py_examples/lib/python3.12/site-packages:${PYTHONPATH} /usr/bin/python3 -W ignore:setup.py install is deprecated -W ignore:easy_install command is deprecated setup.py egg_info --egg-base ../../build/arduinobot_py_examples build --build-base /home/theo/arduinobot_ws/build/arduinobot_py_examples/build install --record /home/theo/arduinobot_ws/build/arduinobot_py_examples/install.log --single-version-externally-managed install_data
