[0.070s] Invoking command in '/home/theo/arduinobot_ws/build/arduinobot_utils': CMAKE_PREFIX_PATH=/home/theo/arduinobot_ws/install/arduinobot_msgs:/home/theo/arduinobot_ws/install/arduinobot_utils:/home/theo/arduinobot_ws/install/arduinobot_moveit:/home/theo/arduinobot_ws/install/arduinobot_description:/home/theo/arduinobot_ws/install/arduinobot_cpp_examples:/home/theo/arduinobot_ws/install/arduinobot_controller:/opt/ros/jazzy/opt/gz_sim_vendor:/opt/ros/jazzy/opt/gz_sensors_vendor:/opt/ros/jazzy/opt/gz_physics_vendor:/opt/ros/jazzy/opt/sdformat_vendor:/opt/ros/jazzy/opt/gz_gui_vendor:/opt/ros/jazzy/opt/gz_transport_vendor:/opt/ros/jazzy/opt/gz_rendering_vendor:/opt/ros/jazzy/opt/gz_plugin_vendor:/opt/ros/jazzy/opt/gz_fuel_tools_vendor:/opt/ros/jazzy/opt/gz_msgs_vendor:/opt/ros/jazzy/opt/gz_common_vendor:/opt/ros/jazzy/opt/gz_math_vendor:/opt/ros/jazzy/opt/gz_utils_vendor:/opt/ros/jazzy/opt/gz_tools_vendor:/opt/ros/jazzy/opt/gz_ogre_next_vendor:/opt/ros/jazzy/opt/gz_dartsim_vendor:/opt/ros/jazzy/opt/gz_cmake_vendor:/home/theo/arduinobot_ws/install/arduinobot_py_examples:/opt/ros/jazzy PYTHONPATH=/home/theo/arduinobot_ws/install/arduinobot_msgs/lib/python3.12/site-packages:/home/theo/arduinobot_ws/install/arduinobot_utils/lib/python3.12/site-packages:/home/theo/arduinobot_ws/install/arduinobot_py_examples/lib/python3.12/site-packages:/opt/ros/jazzy/lib/python3.12/site-packages /usr/bin/cmake --build /home/theo/arduinobot_ws/build/arduinobot_utils -- -j20 -l20
[0.184s] -- Found ament_cmake: 2.5.4 (/opt/ros/jazzy/share/ament_cmake/cmake)
[0.200s] -- Found rclcpp: 28.1.9 (/opt/ros/jazzy/share/rclcpp/cmake)
[0.295s] -- Found rosidl_generator_c: 4.6.5 (/opt/ros/jazzy/share/rosidl_generator_c/cmake)
[0.300s] -- Found rosidl_generator_cpp: 4.6.5 (/opt/ros/jazzy/share/rosidl_generator_cpp/cmake)
[0.306s] -- Using all available rosidl_typesupport_c: rosidl_typesupport_fastrtps_c;rosidl_typesupport_introspection_c
[0.313s] -- Using all available rosidl_typesupport_cpp: rosidl_typesupport_fastrtps_cpp;rosidl_typesupport_introspection_cpp
[0.346s] -- Found rmw_implementation_cmake: 7.3.2 (/opt/ros/jazzy/share/rmw_implementation_cmake/cmake)
[0.347s] -- Found rmw_cyclonedds_cpp: 2.2.3 (/opt/ros/jazzy/share/rmw_cyclonedds_cpp/cmake)
[0.441s] -- Using RMW implementation 'rmw_cyclonedds_cpp' as default
[0.473s] -- Found rclpy: 7.1.4 (/opt/ros/jazzy/share/rclpy/cmake)
[0.473s] -- Found arduinobot_msgs: 0.0.0 (/home/theo/arduinobot_ws/install/arduinobot_msgs/share/arduinobot_msgs/cmake)
[0.504s] -- Found tf2: 0.36.10 (/opt/ros/jazzy/share/tf2/cmake)
[0.630s] -- Configuring done (0.6s)
[0.636s] -- Generating done (0.0s)
[0.638s] -- Build files have been written to: /home/theo/arduinobot_ws/build/arduinobot_utils
[0.662s] Built target ament_cmake_python_copy_arduinobot_utils
[0.780s] running egg_info
[0.790s] writing arduinobot_utils.egg-info/PKG-INFO
[0.790s] writing dependency_links to arduinobot_utils.egg-info/dependency_links.txt
[0.790s] writing top-level names to arduinobot_utils.egg-info/top_level.txt
[0.818s] reading manifest file 'arduinobot_utils.egg-info/SOURCES.txt'
[0.819s] writing manifest file 'arduinobot_utils.egg-info/SOURCES.txt'
[0.835s] Built target ament_cmake_python_build_arduinobot_utils_egg
[0.843s] Invoked command in '/home/theo/arduinobot_ws/build/arduinobot_utils' returned '0': CMAKE_PREFIX_PATH=/home/theo/arduinobot_ws/install/arduinobot_msgs:/home/theo/arduinobot_ws/install/arduinobot_utils:/home/theo/arduinobot_ws/install/arduinobot_moveit:/home/theo/arduinobot_ws/install/arduinobot_description:/home/theo/arduinobot_ws/install/arduinobot_cpp_examples:/home/theo/arduinobot_ws/install/arduinobot_controller:/opt/ros/jazzy/opt/gz_sim_vendor:/opt/ros/jazzy/opt/gz_sensors_vendor:/opt/ros/jazzy/opt/gz_physics_vendor:/opt/ros/jazzy/opt/sdformat_vendor:/opt/ros/jazzy/opt/gz_gui_vendor:/opt/ros/jazzy/opt/gz_transport_vendor:/opt/ros/jazzy/opt/gz_rendering_vendor:/opt/ros/jazzy/opt/gz_plugin_vendor:/opt/ros/jazzy/opt/gz_fuel_tools_vendor:/opt/ros/jazzy/opt/gz_msgs_vendor:/opt/ros/jazzy/opt/gz_common_vendor:/opt/ros/jazzy/opt/gz_math_vendor:/opt/ros/jazzy/opt/gz_utils_vendor:/opt/ros/jazzy/opt/gz_tools_vendor:/opt/ros/jazzy/opt/gz_ogre_next_vendor:/opt/ros/jazzy/opt/gz_dartsim_vendor:/opt/ros/jazzy/opt/gz_cmake_vendor:/home/theo/arduinobot_ws/install/arduinobot_py_examples:/opt/ros/jazzy PYTHONPATH=/home/theo/arduinobot_ws/install/arduinobot_msgs/lib/python3.12/site-packages:/home/theo/arduinobot_ws/install/arduinobot_utils/lib/python3.12/site-packages:/home/theo/arduinobot_ws/install/arduinobot_py_examples/lib/python3.12/site-packages:/opt/ros/jazzy/lib/python3.12/site-packages /usr/bin/cmake --build /home/theo/arduinobot_ws/build/arduinobot_utils -- -j20 -l20
[0.844s] Invoking command in '/home/theo/arduinobot_ws/build/arduinobot_utils': CMAKE_PREFIX_PATH=/home/theo/arduinobot_ws/install/arduinobot_msgs:/home/theo/arduinobot_ws/install/arduinobot_utils:/home/theo/arduinobot_ws/install/arduinobot_moveit:/home/theo/arduinobot_ws/install/arduinobot_description:/home/theo/arduinobot_ws/install/arduinobot_cpp_examples:/home/theo/arduinobot_ws/install/arduinobot_controller:/opt/ros/jazzy/opt/gz_sim_vendor:/opt/ros/jazzy/opt/gz_sensors_vendor:/opt/ros/jazzy/opt/gz_physics_vendor:/opt/ros/jazzy/opt/sdformat_vendor:/opt/ros/jazzy/opt/gz_gui_vendor:/opt/ros/jazzy/opt/gz_transport_vendor:/opt/ros/jazzy/opt/gz_rendering_vendor:/opt/ros/jazzy/opt/gz_plugin_vendor:/opt/ros/jazzy/opt/gz_fuel_tools_vendor:/opt/ros/jazzy/opt/gz_msgs_vendor:/opt/ros/jazzy/opt/gz_common_vendor:/opt/ros/jazzy/opt/gz_math_vendor:/opt/ros/jazzy/opt/gz_utils_vendor:/opt/ros/jazzy/opt/gz_tools_vendor:/opt/ros/jazzy/opt/gz_ogre_next_vendor:/opt/ros/jazzy/opt/gz_dartsim_vendor:/opt/ros/jazzy/opt/gz_cmake_vendor:/home/theo/arduinobot_ws/install/arduinobot_py_examples:/opt/ros/jazzy PYTHONPATH=/home/theo/arduinobot_ws/install/arduinobot_msgs/lib/python3.12/site-packages:/home/theo/arduinobot_ws/install/arduinobot_utils/lib/python3.12/site-packages:/home/theo/arduinobot_ws/install/arduinobot_py_examples/lib/python3.12/site-packages:/opt/ros/jazzy/lib/python3.12/site-packages /usr/bin/cmake --install /home/theo/arduinobot_ws/build/arduinobot_utils
[0.850s] -- Install configuration: ""
[0.850s] -- Up-to-date: /home/theo/arduinobot_ws/install/arduinobot_utils/share/arduinobot_utils/environment/pythonpath.sh
[0.850s] -- Up-to-date: /home/theo/arduinobot_ws/install/arduinobot_utils/share/arduinobot_utils/environment/pythonpath.dsv
[0.850s] -- Up-to-date: /home/theo/arduinobot_ws/install/arduinobot_utils/lib/python3.12/site-packages/arduinobot_utils-0.0.0-py3.12.egg-info
[0.850s] -- Installing: /home/theo/arduinobot_ws/install/arduinobot_utils/lib/python3.12/site-packages/arduinobot_utils-0.0.0-py3.12.egg-info/dependency_links.txt
[0.851s] -- Installing: /home/theo/arduinobot_ws/install/arduinobot_utils/lib/python3.12/site-packages/arduinobot_utils-0.0.0-py3.12.egg-info/top_level.txt
[0.852s] -- Installing: /home/theo/arduinobot_ws/install/arduinobot_utils/lib/python3.12/site-packages/arduinobot_utils-0.0.0-py3.12.egg-info/SOURCES.txt
[0.852s] -- Installing: /home/theo/arduinobot_ws/install/arduinobot_utils/lib/python3.12/site-packages/arduinobot_utils-0.0.0-py3.12.egg-info/PKG-INFO
[0.852s] -- Up-to-date: /home/theo/arduinobot_ws/install/arduinobot_utils/lib/python3.12/site-packages/arduinobot_utils
[0.852s] -- Up-to-date: /home/theo/arduinobot_ws/install/arduinobot_utils/lib/python3.12/site-packages/arduinobot_utils/angle_conversion.py
[0.852s] -- Up-to-date: /home/theo/arduinobot_ws/install/arduinobot_utils/lib/python3.12/site-packages/arduinobot_utils/__init__.py
[0.877s] Listing '/home/theo/arduinobot_ws/install/arduinobot_utils/lib/python3.12/site-packages/arduinobot_utils'...
[0.883s] -- Up-to-date: /home/theo/arduinobot_ws/install/arduinobot_utils/lib/arduinobot_utils/angle_conversion.py
[0.883s] -- Up-to-date: /home/theo/arduinobot_ws/install/arduinobot_utils/share/ament_index/resource_index/package_run_dependencies/arduinobot_utils
[0.883s] -- Up-to-date: /home/theo/arduinobot_ws/install/arduinobot_utils/share/ament_index/resource_index/parent_prefix_path/arduinobot_utils
[0.883s] -- Up-to-date: /home/theo/arduinobot_ws/install/arduinobot_utils/share/arduinobot_utils/environment/ament_prefix_path.sh
[0.883s] -- Up-to-date: /home/theo/arduinobot_ws/install/arduinobot_utils/share/arduinobot_utils/environment/ament_prefix_path.dsv
[0.883s] -- Up-to-date: /home/theo/arduinobot_ws/install/arduinobot_utils/share/arduinobot_utils/environment/path.sh
[0.883s] -- Up-to-date: /home/theo/arduinobot_ws/install/arduinobot_utils/share/arduinobot_utils/environment/path.dsv
[0.884s] -- Up-to-date: /home/theo/arduinobot_ws/install/arduinobot_utils/share/arduinobot_utils/local_setup.bash
[0.884s] -- Up-to-date: /home/theo/arduinobot_ws/install/arduinobot_utils/share/arduinobot_utils/local_setup.sh
[0.884s] -- Up-to-date: /home/theo/arduinobot_ws/install/arduinobot_utils/share/arduinobot_utils/local_setup.zsh
[0.884s] -- Up-to-date: /home/theo/arduinobot_ws/install/arduinobot_utils/share/arduinobot_utils/local_setup.dsv
[0.884s] -- Installing: /home/theo/arduinobot_ws/install/arduinobot_utils/share/arduinobot_utils/package.dsv
[0.884s] -- Up-to-date: /home/theo/arduinobot_ws/install/arduinobot_utils/share/ament_index/resource_index/packages/arduinobot_utils
[0.884s] -- Up-to-date: /home/theo/arduinobot_ws/install/arduinobot_utils/share/arduinobot_utils/cmake/arduinobot_utilsConfig.cmake
[0.884s] -- Up-to-date: /home/theo/arduinobot_ws/install/arduinobot_utils/share/arduinobot_utils/cmake/arduinobot_utilsConfig-version.cmake
[0.884s] -- Up-to-date: /home/theo/arduinobot_ws/install/arduinobot_utils/share/arduinobot_utils/package.xml
[0.885s] Invoked command in '/home/theo/arduinobot_ws/build/arduinobot_utils' returned '0': CMAKE_PREFIX_PATH=/home/theo/arduinobot_ws/install/arduinobot_msgs:/home/theo/arduinobot_ws/install/arduinobot_utils:/home/theo/arduinobot_ws/install/arduinobot_moveit:/home/theo/arduinobot_ws/install/arduinobot_description:/home/theo/arduinobot_ws/install/arduinobot_cpp_examples:/home/theo/arduinobot_ws/install/arduinobot_controller:/opt/ros/jazzy/opt/gz_sim_vendor:/opt/ros/jazzy/opt/gz_sensors_vendor:/opt/ros/jazzy/opt/gz_physics_vendor:/opt/ros/jazzy/opt/sdformat_vendor:/opt/ros/jazzy/opt/gz_gui_vendor:/opt/ros/jazzy/opt/gz_transport_vendor:/opt/ros/jazzy/opt/gz_rendering_vendor:/opt/ros/jazzy/opt/gz_plugin_vendor:/opt/ros/jazzy/opt/gz_fuel_tools_vendor:/opt/ros/jazzy/opt/gz_msgs_vendor:/opt/ros/jazzy/opt/gz_common_vendor:/opt/ros/jazzy/opt/gz_math_vendor:/opt/ros/jazzy/opt/gz_utils_vendor:/opt/ros/jazzy/opt/gz_tools_vendor:/opt/ros/jazzy/opt/gz_ogre_next_vendor:/opt/ros/jazzy/opt/gz_dartsim_vendor:/opt/ros/jazzy/opt/gz_cmake_vendor:/home/theo/arduinobot_ws/install/arduinobot_py_examples:/opt/ros/jazzy PYTHONPATH=/home/theo/arduinobot_ws/install/arduinobot_msgs/lib/python3.12/site-packages:/home/theo/arduinobot_ws/install/arduinobot_utils/lib/python3.12/site-packages:/home/theo/arduinobot_ws/install/arduinobot_py_examples/lib/python3.12/site-packages:/opt/ros/jazzy/lib/python3.12/site-packages /usr/bin/cmake --install /home/theo/arduinobot_ws/build/arduinobot_utils
