[0.209s] DEBUG:colcon:Command line arguments: ['/usr/bin/colcon', 'build']
[0.209s] DEBUG:colcon:Parsed command line arguments: Namespace(log_base=None, log_level=None, verb_name='build', build_base='build', install_base='install', merge_install=False, symlink_install=False, test_result_base=None, continue_on_error=False, executor='parallel', parallel_workers=20, event_handlers=None, ignore_user_meta=False, metas=['./colcon.meta'], base_paths=['.'], packages_ignore=None, packages_ignore_regex=None, paths=None, packages_up_to=None, packages_up_to_regex=None, packages_above=None, packages_above_and_dependencies=None, packages_above_depth=None, packages_select_by_dep=None, packages_skip_by_dep=None, packages_skip_up_to=None, packages_select_build_failed=False, packages_skip_build_finished=False, packages_select_test_failures=False, packages_skip_test_passed=False, packages_select=None, packages_skip=None, packages_select_regex=None, packages_skip_regex=None, packages_start=None, packages_end=None, allow_overriding=[], cmake_args=None, cmake_target=None, cmake_target_skip_unavailable=False, cmake_clean_cache=False, cmake_clean_first=False, cmake_force_configure=False, ament_cmake_args=None, catkin_cmake_args=None, catkin_skip_building_tests=False, mixin_files=None, mixin=None, verb_parser=<colcon_mixin.mixin.mixin_argument.MixinArgumentDecorator object at 0x7faa11faed50>, verb_extension=<colcon_core.verb.build.BuildVerb object at 0x7faa11faea50>, main=<bound method BuildVerb.main of <colcon_core.verb.build.BuildVerb object at 0x7faa11faea50>>, mixin_verb=('build',))
[0.250s] Level 1:colcon.colcon_core.package_discovery:discover_packages(colcon_meta) check parameters
[0.250s] Level 1:colcon.colcon_core.package_discovery:discover_packages(recursive) check parameters
[0.250s] Level 1:colcon.colcon_core.package_discovery:discover_packages(ignore) check parameters
[0.250s] Level 1:colcon.colcon_core.package_discovery:discover_packages(path) check parameters
[0.250s] Level 1:colcon.colcon_core.package_discovery:discover_packages(colcon_meta) discover
[0.250s] Level 1:colcon.colcon_core.package_discovery:discover_packages(recursive) discover
[0.250s] INFO:colcon.colcon_core.package_discovery:Crawling recursively for packages in '/home/theo/arduinobot_ws'
[0.250s] Level 1:colcon.colcon_core.package_identification:_identify(.) by extensions ['ignore', 'ignore_ament_install']
[0.250s] Level 1:colcon.colcon_core.package_identification:_identify(.) by extension 'ignore'
[0.250s] Level 1:colcon.colcon_core.package_identification:_identify(.) by extension 'ignore_ament_install'
[0.250s] Level 1:colcon.colcon_core.package_identification:_identify(.) by extensions ['colcon_pkg']
[0.250s] Level 1:colcon.colcon_core.package_identification:_identify(.) by extension 'colcon_pkg'
[0.250s] Level 1:colcon.colcon_core.package_identification:_identify(.) by extensions ['colcon_meta']
[0.250s] Level 1:colcon.colcon_core.package_identification:_identify(.) by extension 'colcon_meta'
[0.250s] Level 1:colcon.colcon_core.package_identification:_identify(.) by extensions ['ros']
[0.250s] Level 1:colcon.colcon_core.package_identification:_identify(.) by extension 'ros'
[0.268s] Level 1:colcon.colcon_core.package_identification:_identify(.) by extensions ['cmake', 'python']
[0.268s] Level 1:colcon.colcon_core.package_identification:_identify(.) by extension 'cmake'
[0.268s] Level 1:colcon.colcon_core.package_identification:_identify(.) by extension 'python'
[0.269s] Level 1:colcon.colcon_core.package_identification:_identify(.) by extensions ['python_setup_py']
[0.269s] Level 1:colcon.colcon_core.package_identification:_identify(.) by extension 'python_setup_py'
[0.269s] Level 1:colcon.colcon_core.package_identification:_identify(build) by extensions ['ignore', 'ignore_ament_install']
[0.269s] Level 1:colcon.colcon_core.package_identification:_identify(build) by extension 'ignore'
[0.269s] Level 1:colcon.colcon_core.package_identification:_identify(build) ignored
[0.269s] Level 1:colcon.colcon_core.package_identification:_identify(install) by extensions ['ignore', 'ignore_ament_install']
[0.270s] Level 1:colcon.colcon_core.package_identification:_identify(install) by extension 'ignore'
[0.270s] Level 1:colcon.colcon_core.package_identification:_identify(install) ignored
[0.270s] Level 1:colcon.colcon_core.package_identification:_identify(log) by extensions ['ignore', 'ignore_ament_install']
[0.270s] Level 1:colcon.colcon_core.package_identification:_identify(log) by extension 'ignore'
[0.270s] Level 1:colcon.colcon_core.package_identification:_identify(log) ignored
[0.270s] Level 1:colcon.colcon_core.package_identification:_identify(src) by extensions ['ignore', 'ignore_ament_install']
[0.270s] Level 1:colcon.colcon_core.package_identification:_identify(src) by extension 'ignore'
[0.270s] Level 1:colcon.colcon_core.package_identification:_identify(src) by extension 'ignore_ament_install'
[0.270s] Level 1:colcon.colcon_core.package_identification:_identify(src) by extensions ['colcon_pkg']
[0.270s] Level 1:colcon.colcon_core.package_identification:_identify(src) by extension 'colcon_pkg'
[0.270s] Level 1:colcon.colcon_core.package_identification:_identify(src) by extensions ['colcon_meta']
[0.270s] Level 1:colcon.colcon_core.package_identification:_identify(src) by extension 'colcon_meta'
[0.270s] Level 1:colcon.colcon_core.package_identification:_identify(src) by extensions ['ros']
[0.270s] Level 1:colcon.colcon_core.package_identification:_identify(src) by extension 'ros'
[0.270s] Level 1:colcon.colcon_core.package_identification:_identify(src) by extensions ['cmake', 'python']
[0.270s] Level 1:colcon.colcon_core.package_identification:_identify(src) by extension 'cmake'
[0.270s] Level 1:colcon.colcon_core.package_identification:_identify(src) by extension 'python'
[0.270s] Level 1:colcon.colcon_core.package_identification:_identify(src) by extensions ['python_setup_py']
[0.270s] Level 1:colcon.colcon_core.package_identification:_identify(src) by extension 'python_setup_py'
[0.270s] Level 1:colcon.colcon_core.package_identification:_identify(src/arduinobot_controller) by extensions ['ignore', 'ignore_ament_install']
[0.271s] Level 1:colcon.colcon_core.package_identification:_identify(src/arduinobot_controller) by extension 'ignore'
[0.271s] Level 1:colcon.colcon_core.package_identification:_identify(src/arduinobot_controller) by extension 'ignore_ament_install'
[0.271s] Level 1:colcon.colcon_core.package_identification:_identify(src/arduinobot_controller) by extensions ['colcon_pkg']
[0.271s] Level 1:colcon.colcon_core.package_identification:_identify(src/arduinobot_controller) by extension 'colcon_pkg'
[0.271s] Level 1:colcon.colcon_core.package_identification:_identify(src/arduinobot_controller) by extensions ['colcon_meta']
[0.271s] Level 1:colcon.colcon_core.package_identification:_identify(src/arduinobot_controller) by extension 'colcon_meta'
[0.271s] Level 1:colcon.colcon_core.package_identification:_identify(src/arduinobot_controller) by extensions ['ros']
[0.271s] Level 1:colcon.colcon_core.package_identification:_identify(src/arduinobot_controller) by extension 'ros'
[0.272s] DEBUG:colcon.colcon_core.package_identification:Package 'src/arduinobot_controller' with type 'ros.ament_cmake' and name 'arduinobot_controller'
[0.273s] Level 1:colcon.colcon_core.package_identification:_identify(src/arduinobot_cpp_examples) by extensions ['ignore', 'ignore_ament_install']
[0.273s] Level 1:colcon.colcon_core.package_identification:_identify(src/arduinobot_cpp_examples) by extension 'ignore'
[0.273s] Level 1:colcon.colcon_core.package_identification:_identify(src/arduinobot_cpp_examples) by extension 'ignore_ament_install'
[0.273s] Level 1:colcon.colcon_core.package_identification:_identify(src/arduinobot_cpp_examples) by extensions ['colcon_pkg']
[0.273s] Level 1:colcon.colcon_core.package_identification:_identify(src/arduinobot_cpp_examples) by extension 'colcon_pkg'
[0.273s] Level 1:colcon.colcon_core.package_identification:_identify(src/arduinobot_cpp_examples) by extensions ['colcon_meta']
[0.273s] Level 1:colcon.colcon_core.package_identification:_identify(src/arduinobot_cpp_examples) by extension 'colcon_meta'
[0.273s] Level 1:colcon.colcon_core.package_identification:_identify(src/arduinobot_cpp_examples) by extensions ['ros']
[0.273s] Level 1:colcon.colcon_core.package_identification:_identify(src/arduinobot_cpp_examples) by extension 'ros'
[0.273s] DEBUG:colcon.colcon_core.package_identification:Package 'src/arduinobot_cpp_examples' with type 'ros.ament_cmake' and name 'arduinobot_cpp_examples'
[0.273s] Level 1:colcon.colcon_core.package_identification:_identify(src/arduinobot_description) by extensions ['ignore', 'ignore_ament_install']
[0.274s] Level 1:colcon.colcon_core.package_identification:_identify(src/arduinobot_description) by extension 'ignore'
[0.274s] Level 1:colcon.colcon_core.package_identification:_identify(src/arduinobot_description) by extension 'ignore_ament_install'
[0.274s] Level 1:colcon.colcon_core.package_identification:_identify(src/arduinobot_description) by extensions ['colcon_pkg']
[0.274s] Level 1:colcon.colcon_core.package_identification:_identify(src/arduinobot_description) by extension 'colcon_pkg'
[0.274s] Level 1:colcon.colcon_core.package_identification:_identify(src/arduinobot_description) by extensions ['colcon_meta']
[0.274s] Level 1:colcon.colcon_core.package_identification:_identify(src/arduinobot_description) by extension 'colcon_meta'
[0.274s] Level 1:colcon.colcon_core.package_identification:_identify(src/arduinobot_description) by extensions ['ros']
[0.274s] Level 1:colcon.colcon_core.package_identification:_identify(src/arduinobot_description) by extension 'ros'
[0.276s] DEBUG:colcon.colcon_core.package_identification:Package 'src/arduinobot_description' with type 'ros.ament_cmake' and name 'arduinobot_description'
[0.276s] Level 1:colcon.colcon_core.package_identification:_identify(src/arduinobot_moveit) by extensions ['ignore', 'ignore_ament_install']
[0.276s] Level 1:colcon.colcon_core.package_identification:_identify(src/arduinobot_moveit) by extension 'ignore'
[0.276s] Level 1:colcon.colcon_core.package_identification:_identify(src/arduinobot_moveit) by extension 'ignore_ament_install'
[0.276s] Level 1:colcon.colcon_core.package_identification:_identify(src/arduinobot_moveit) by extensions ['colcon_pkg']
[0.276s] Level 1:colcon.colcon_core.package_identification:_identify(src/arduinobot_moveit) by extension 'colcon_pkg'
[0.276s] Level 1:colcon.colcon_core.package_identification:_identify(src/arduinobot_moveit) by extensions ['colcon_meta']
[0.276s] Level 1:colcon.colcon_core.package_identification:_identify(src/arduinobot_moveit) by extension 'colcon_meta'
[0.276s] Level 1:colcon.colcon_core.package_identification:_identify(src/arduinobot_moveit) by extensions ['ros']
[0.276s] Level 1:colcon.colcon_core.package_identification:_identify(src/arduinobot_moveit) by extension 'ros'
[0.277s] DEBUG:colcon.colcon_core.package_identification:Package 'src/arduinobot_moveit' with type 'ros.ament_cmake' and name 'arduinobot_moveit'
[0.277s] Level 1:colcon.colcon_core.package_identification:_identify(src/arduinobot_msgs) by extensions ['ignore', 'ignore_ament_install']
[0.277s] Level 1:colcon.colcon_core.package_identification:_identify(src/arduinobot_msgs) by extension 'ignore'
[0.277s] Level 1:colcon.colcon_core.package_identification:_identify(src/arduinobot_msgs) by extension 'ignore_ament_install'
[0.277s] Level 1:colcon.colcon_core.package_identification:_identify(src/arduinobot_msgs) by extensions ['colcon_pkg']
[0.277s] Level 1:colcon.colcon_core.package_identification:_identify(src/arduinobot_msgs) by extension 'colcon_pkg'
[0.277s] Level 1:colcon.colcon_core.package_identification:_identify(src/arduinobot_msgs) by extensions ['colcon_meta']
[0.277s] Level 1:colcon.colcon_core.package_identification:_identify(src/arduinobot_msgs) by extension 'colcon_meta'
[0.277s] Level 1:colcon.colcon_core.package_identification:_identify(src/arduinobot_msgs) by extensions ['ros']
[0.277s] Level 1:colcon.colcon_core.package_identification:_identify(src/arduinobot_msgs) by extension 'ros'
[0.277s] DEBUG:colcon.colcon_core.package_identification:Package 'src/arduinobot_msgs' with type 'ros.ament_cmake' and name 'arduinobot_msgs'
[0.278s] Level 1:colcon.colcon_core.package_identification:_identify(src/arduinobot_py_examples) by extensions ['ignore', 'ignore_ament_install']
[0.278s] Level 1:colcon.colcon_core.package_identification:_identify(src/arduinobot_py_examples) by extension 'ignore'
[0.278s] Level 1:colcon.colcon_core.package_identification:_identify(src/arduinobot_py_examples) by extension 'ignore_ament_install'
[0.278s] Level 1:colcon.colcon_core.package_identification:_identify(src/arduinobot_py_examples) by extensions ['colcon_pkg']
[0.278s] Level 1:colcon.colcon_core.package_identification:_identify(src/arduinobot_py_examples) by extension 'colcon_pkg'
[0.278s] Level 1:colcon.colcon_core.package_identification:_identify(src/arduinobot_py_examples) by extensions ['colcon_meta']
[0.278s] Level 1:colcon.colcon_core.package_identification:_identify(src/arduinobot_py_examples) by extension 'colcon_meta'
[0.278s] Level 1:colcon.colcon_core.package_identification:_identify(src/arduinobot_py_examples) by extensions ['ros']
[0.278s] Level 1:colcon.colcon_core.package_identification:_identify(src/arduinobot_py_examples) by extension 'ros'
[0.278s] DEBUG:colcon.colcon_core.package_identification:Package 'src/arduinobot_py_examples' with type 'ros.ament_python' and name 'arduinobot_py_examples'
[0.278s] Level 1:colcon.colcon_core.package_identification:_identify(src/arduinobot_utils) by extensions ['ignore', 'ignore_ament_install']
[0.278s] Level 1:colcon.colcon_core.package_identification:_identify(src/arduinobot_utils) by extension 'ignore'
[0.278s] Level 1:colcon.colcon_core.package_identification:_identify(src/arduinobot_utils) by extension 'ignore_ament_install'
[0.278s] Level 1:colcon.colcon_core.package_identification:_identify(src/arduinobot_utils) by extensions ['colcon_pkg']
[0.278s] Level 1:colcon.colcon_core.package_identification:_identify(src/arduinobot_utils) by extension 'colcon_pkg'
[0.278s] Level 1:colcon.colcon_core.package_identification:_identify(src/arduinobot_utils) by extensions ['colcon_meta']
[0.278s] Level 1:colcon.colcon_core.package_identification:_identify(src/arduinobot_utils) by extension 'colcon_meta'
[0.278s] Level 1:colcon.colcon_core.package_identification:_identify(src/arduinobot_utils) by extensions ['ros']
[0.279s] Level 1:colcon.colcon_core.package_identification:_identify(src/arduinobot_utils) by extension 'ros'
[0.279s] DEBUG:colcon.colcon_core.package_identification:Package 'src/arduinobot_utils' with type 'ros.ament_cmake' and name 'arduinobot_utils'
[0.279s] Level 1:colcon.colcon_core.package_discovery:discover_packages(recursive) using defaults
[0.279s] Level 1:colcon.colcon_core.package_discovery:discover_packages(ignore) discover
[0.279s] Level 1:colcon.colcon_core.package_discovery:discover_packages(ignore) using defaults
[0.279s] Level 1:colcon.colcon_core.package_discovery:discover_packages(path) discover
[0.279s] Level 1:colcon.colcon_core.package_discovery:discover_packages(path) using defaults
[0.295s] Level 1:colcon.colcon_core.package_discovery:discover_packages(prefix_path) check parameters
[0.296s] Level 1:colcon.colcon_core.package_discovery:discover_packages(prefix_path) discover
[0.298s] DEBUG:colcon.colcon_installed_package_information.package_discovery:Found 7 installed packages in /home/theo/arduinobot_ws/install
[0.300s] DEBUG:colcon.colcon_installed_package_information.package_discovery:Found 435 installed packages in /opt/ros/jazzy
[0.300s] Level 1:colcon.colcon_core.package_discovery:discover_packages(prefix_path) using defaults
[0.389s] Level 5:colcon.colcon_core.verb:set package 'arduinobot_controller' build argument 'cmake_args' from command line to 'None'
[0.389s] Level 5:colcon.colcon_core.verb:set package 'arduinobot_controller' build argument 'cmake_target' from command line to 'None'
[0.389s] Level 5:colcon.colcon_core.verb:set package 'arduinobot_controller' build argument 'cmake_target_skip_unavailable' from command line to 'False'
[0.389s] Level 5:colcon.colcon_core.verb:set package 'arduinobot_controller' build argument 'cmake_clean_cache' from command line to 'False'
[0.389s] Level 5:colcon.colcon_core.verb:set package 'arduinobot_controller' build argument 'cmake_clean_first' from command line to 'False'
[0.389s] Level 5:colcon.colcon_core.verb:set package 'arduinobot_controller' build argument 'cmake_force_configure' from command line to 'False'
[0.389s] Level 5:colcon.colcon_core.verb:set package 'arduinobot_controller' build argument 'ament_cmake_args' from command line to 'None'
[0.389s] Level 5:colcon.colcon_core.verb:set package 'arduinobot_controller' build argument 'catkin_cmake_args' from command line to 'None'
[0.389s] Level 5:colcon.colcon_core.verb:set package 'arduinobot_controller' build argument 'catkin_skip_building_tests' from command line to 'False'
[0.389s] DEBUG:colcon.colcon_core.verb:Building package 'arduinobot_controller' with the following arguments: {'ament_cmake_args': None, 'build_base': '/home/theo/arduinobot_ws/build/arduinobot_controller', 'catkin_cmake_args': None, 'catkin_skip_building_tests': False, 'cmake_args': None, 'cmake_clean_cache': False, 'cmake_clean_first': False, 'cmake_force_configure': False, 'cmake_target': None, 'cmake_target_skip_unavailable': False, 'install_base': '/home/theo/arduinobot_ws/install/arduinobot_controller', 'merge_install': False, 'path': '/home/theo/arduinobot_ws/src/arduinobot_controller', 'symlink_install': False, 'test_result_base': None}
[0.390s] Level 5:colcon.colcon_core.verb:set package 'arduinobot_cpp_examples' build argument 'cmake_args' from command line to 'None'
[0.390s] Level 5:colcon.colcon_core.verb:set package 'arduinobot_cpp_examples' build argument 'cmake_target' from command line to 'None'
[0.390s] Level 5:colcon.colcon_core.verb:set package 'arduinobot_cpp_examples' build argument 'cmake_target_skip_unavailable' from command line to 'False'
[0.390s] Level 5:colcon.colcon_core.verb:set package 'arduinobot_cpp_examples' build argument 'cmake_clean_cache' from command line to 'False'
[0.390s] Level 5:colcon.colcon_core.verb:set package 'arduinobot_cpp_examples' build argument 'cmake_clean_first' from command line to 'False'
[0.390s] Level 5:colcon.colcon_core.verb:set package 'arduinobot_cpp_examples' build argument 'cmake_force_configure' from command line to 'False'
[0.390s] Level 5:colcon.colcon_core.verb:set package 'arduinobot_cpp_examples' build argument 'ament_cmake_args' from command line to 'None'
[0.390s] Level 5:colcon.colcon_core.verb:set package 'arduinobot_cpp_examples' build argument 'catkin_cmake_args' from command line to 'None'
[0.390s] Level 5:colcon.colcon_core.verb:set package 'arduinobot_cpp_examples' build argument 'catkin_skip_building_tests' from command line to 'False'
[0.390s] DEBUG:colcon.colcon_core.verb:Building package 'arduinobot_cpp_examples' with the following arguments: {'ament_cmake_args': None, 'build_base': '/home/theo/arduinobot_ws/build/arduinobot_cpp_examples', 'catkin_cmake_args': None, 'catkin_skip_building_tests': False, 'cmake_args': None, 'cmake_clean_cache': False, 'cmake_clean_first': False, 'cmake_force_configure': False, 'cmake_target': None, 'cmake_target_skip_unavailable': False, 'install_base': '/home/theo/arduinobot_ws/install/arduinobot_cpp_examples', 'merge_install': False, 'path': '/home/theo/arduinobot_ws/src/arduinobot_cpp_examples', 'symlink_install': False, 'test_result_base': None}
[0.390s] Level 5:colcon.colcon_core.verb:set package 'arduinobot_description' build argument 'cmake_args' from command line to 'None'
[0.390s] Level 5:colcon.colcon_core.verb:set package 'arduinobot_description' build argument 'cmake_target' from command line to 'None'
[0.390s] Level 5:colcon.colcon_core.verb:set package 'arduinobot_description' build argument 'cmake_target_skip_unavailable' from command line to 'False'
[0.390s] Level 5:colcon.colcon_core.verb:set package 'arduinobot_description' build argument 'cmake_clean_cache' from command line to 'False'
[0.390s] Level 5:colcon.colcon_core.verb:set package 'arduinobot_description' build argument 'cmake_clean_first' from command line to 'False'
[0.390s] Level 5:colcon.colcon_core.verb:set package 'arduinobot_description' build argument 'cmake_force_configure' from command line to 'False'
[0.390s] Level 5:colcon.colcon_core.verb:set package 'arduinobot_description' build argument 'ament_cmake_args' from command line to 'None'
[0.390s] Level 5:colcon.colcon_core.verb:set package 'arduinobot_description' build argument 'catkin_cmake_args' from command line to 'None'
[0.390s] Level 5:colcon.colcon_core.verb:set package 'arduinobot_description' build argument 'catkin_skip_building_tests' from command line to 'False'
[0.390s] DEBUG:colcon.colcon_core.verb:Building package 'arduinobot_description' with the following arguments: {'ament_cmake_args': None, 'build_base': '/home/theo/arduinobot_ws/build/arduinobot_description', 'catkin_cmake_args': None, 'catkin_skip_building_tests': False, 'cmake_args': None, 'cmake_clean_cache': False, 'cmake_clean_first': False, 'cmake_force_configure': False, 'cmake_target': None, 'cmake_target_skip_unavailable': False, 'install_base': '/home/theo/arduinobot_ws/install/arduinobot_description', 'merge_install': False, 'path': '/home/theo/arduinobot_ws/src/arduinobot_description', 'symlink_install': False, 'test_result_base': None}
[0.390s] Level 5:colcon.colcon_core.verb:set package 'arduinobot_msgs' build argument 'cmake_args' from command line to 'None'
[0.390s] Level 5:colcon.colcon_core.verb:set package 'arduinobot_msgs' build argument 'cmake_target' from command line to 'None'
[0.390s] Level 5:colcon.colcon_core.verb:set package 'arduinobot_msgs' build argument 'cmake_target_skip_unavailable' from command line to 'False'
[0.390s] Level 5:colcon.colcon_core.verb:set package 'arduinobot_msgs' build argument 'cmake_clean_cache' from command line to 'False'
[0.390s] Level 5:colcon.colcon_core.verb:set package 'arduinobot_msgs' build argument 'cmake_clean_first' from command line to 'False'
[0.390s] Level 5:colcon.colcon_core.verb:set package 'arduinobot_msgs' build argument 'cmake_force_configure' from command line to 'False'
[0.390s] Level 5:colcon.colcon_core.verb:set package 'arduinobot_msgs' build argument 'ament_cmake_args' from command line to 'None'
[0.390s] Level 5:colcon.colcon_core.verb:set package 'arduinobot_msgs' build argument 'catkin_cmake_args' from command line to 'None'
[0.390s] Level 5:colcon.colcon_core.verb:set package 'arduinobot_msgs' build argument 'catkin_skip_building_tests' from command line to 'False'
[0.390s] DEBUG:colcon.colcon_core.verb:Building package 'arduinobot_msgs' with the following arguments: {'ament_cmake_args': None, 'build_base': '/home/theo/arduinobot_ws/build/arduinobot_msgs', 'catkin_cmake_args': None, 'catkin_skip_building_tests': False, 'cmake_args': None, 'cmake_clean_cache': False, 'cmake_clean_first': False, 'cmake_force_configure': False, 'cmake_target': None, 'cmake_target_skip_unavailable': False, 'install_base': '/home/theo/arduinobot_ws/install/arduinobot_msgs', 'merge_install': False, 'path': '/home/theo/arduinobot_ws/src/arduinobot_msgs', 'symlink_install': False, 'test_result_base': None}
[0.390s] Level 5:colcon.colcon_core.verb:set package 'arduinobot_moveit' build argument 'cmake_args' from command line to 'None'
[0.390s] Level 5:colcon.colcon_core.verb:set package 'arduinobot_moveit' build argument 'cmake_target' from command line to 'None'
[0.390s] Level 5:colcon.colcon_core.verb:set package 'arduinobot_moveit' build argument 'cmake_target_skip_unavailable' from command line to 'False'
[0.390s] Level 5:colcon.colcon_core.verb:set package 'arduinobot_moveit' build argument 'cmake_clean_cache' from command line to 'False'
[0.390s] Level 5:colcon.colcon_core.verb:set package 'arduinobot_moveit' build argument 'cmake_clean_first' from command line to 'False'
[0.390s] Level 5:colcon.colcon_core.verb:set package 'arduinobot_moveit' build argument 'cmake_force_configure' from command line to 'False'
[0.390s] Level 5:colcon.colcon_core.verb:set package 'arduinobot_moveit' build argument 'ament_cmake_args' from command line to 'None'
[0.390s] Level 5:colcon.colcon_core.verb:set package 'arduinobot_moveit' build argument 'catkin_cmake_args' from command line to 'None'
[0.390s] Level 5:colcon.colcon_core.verb:set package 'arduinobot_moveit' build argument 'catkin_skip_building_tests' from command line to 'False'
[0.390s] DEBUG:colcon.colcon_core.verb:Building package 'arduinobot_moveit' with the following arguments: {'ament_cmake_args': None, 'build_base': '/home/theo/arduinobot_ws/build/arduinobot_moveit', 'catkin_cmake_args': None, 'catkin_skip_building_tests': False, 'cmake_args': None, 'cmake_clean_cache': False, 'cmake_clean_first': False, 'cmake_force_configure': False, 'cmake_target': None, 'cmake_target_skip_unavailable': False, 'install_base': '/home/theo/arduinobot_ws/install/arduinobot_moveit', 'merge_install': False, 'path': '/home/theo/arduinobot_ws/src/arduinobot_moveit', 'symlink_install': False, 'test_result_base': None}
[0.390s] Level 5:colcon.colcon_core.verb:set package 'arduinobot_py_examples' build argument 'cmake_args' from command line to 'None'
[0.390s] Level 5:colcon.colcon_core.verb:set package 'arduinobot_py_examples' build argument 'cmake_target' from command line to 'None'
[0.391s] Level 5:colcon.colcon_core.verb:set package 'arduinobot_py_examples' build argument 'cmake_target_skip_unavailable' from command line to 'False'
[0.391s] Level 5:colcon.colcon_core.verb:set package 'arduinobot_py_examples' build argument 'cmake_clean_cache' from command line to 'False'
[0.391s] Level 5:colcon.colcon_core.verb:set package 'arduinobot_py_examples' build argument 'cmake_clean_first' from command line to 'False'
[0.391s] Level 5:colcon.colcon_core.verb:set package 'arduinobot_py_examples' build argument 'cmake_force_configure' from command line to 'False'
[0.391s] Level 5:colcon.colcon_core.verb:set package 'arduinobot_py_examples' build argument 'ament_cmake_args' from command line to 'None'
[0.391s] Level 5:colcon.colcon_core.verb:set package 'arduinobot_py_examples' build argument 'catkin_cmake_args' from command line to 'None'
[0.391s] Level 5:colcon.colcon_core.verb:set package 'arduinobot_py_examples' build argument 'catkin_skip_building_tests' from command line to 'False'
[0.391s] DEBUG:colcon.colcon_core.verb:Building package 'arduinobot_py_examples' with the following arguments: {'ament_cmake_args': None, 'build_base': '/home/theo/arduinobot_ws/build/arduinobot_py_examples', 'catkin_cmake_args': None, 'catkin_skip_building_tests': False, 'cmake_args': None, 'cmake_clean_cache': False, 'cmake_clean_first': False, 'cmake_force_configure': False, 'cmake_target': None, 'cmake_target_skip_unavailable': False, 'install_base': '/home/theo/arduinobot_ws/install/arduinobot_py_examples', 'merge_install': False, 'path': '/home/theo/arduinobot_ws/src/arduinobot_py_examples', 'symlink_install': False, 'test_result_base': None}
[0.391s] Level 5:colcon.colcon_core.verb:set package 'arduinobot_utils' build argument 'cmake_args' from command line to 'None'
[0.391s] Level 5:colcon.colcon_core.verb:set package 'arduinobot_utils' build argument 'cmake_target' from command line to 'None'
[0.391s] Level 5:colcon.colcon_core.verb:set package 'arduinobot_utils' build argument 'cmake_target_skip_unavailable' from command line to 'False'
[0.391s] Level 5:colcon.colcon_core.verb:set package 'arduinobot_utils' build argument 'cmake_clean_cache' from command line to 'False'
[0.391s] Level 5:colcon.colcon_core.verb:set package 'arduinobot_utils' build argument 'cmake_clean_first' from command line to 'False'
[0.391s] Level 5:colcon.colcon_core.verb:set package 'arduinobot_utils' build argument 'cmake_force_configure' from command line to 'False'
[0.391s] Level 5:colcon.colcon_core.verb:set package 'arduinobot_utils' build argument 'ament_cmake_args' from command line to 'None'
[0.391s] Level 5:colcon.colcon_core.verb:set package 'arduinobot_utils' build argument 'catkin_cmake_args' from command line to 'None'
[0.391s] Level 5:colcon.colcon_core.verb:set package 'arduinobot_utils' build argument 'catkin_skip_building_tests' from command line to 'False'
[0.391s] DEBUG:colcon.colcon_core.verb:Building package 'arduinobot_utils' with the following arguments: {'ament_cmake_args': None, 'build_base': '/home/theo/arduinobot_ws/build/arduinobot_utils', 'catkin_cmake_args': None, 'catkin_skip_building_tests': False, 'cmake_args': None, 'cmake_clean_cache': False, 'cmake_clean_first': False, 'cmake_force_configure': False, 'cmake_target': None, 'cmake_target_skip_unavailable': False, 'install_base': '/home/theo/arduinobot_ws/install/arduinobot_utils', 'merge_install': False, 'path': '/home/theo/arduinobot_ws/src/arduinobot_utils', 'symlink_install': False, 'test_result_base': None}
[0.391s] INFO:colcon.colcon_core.executor:Executing jobs using 'parallel' executor
[0.391s] DEBUG:colcon.colcon_parallel_executor.executor.parallel:run_until_complete
[0.392s] INFO:colcon.colcon_ros.task.ament_cmake.build:Building ROS package in '/home/theo/arduinobot_ws/src/arduinobot_msgs' with build type 'ament_cmake'
[0.392s] INFO:colcon.colcon_cmake.task.cmake.build:Building CMake package in '/home/theo/arduinobot_ws/src/arduinobot_msgs'
[0.394s] INFO:colcon.colcon_core.plugin_system:Skipping extension 'colcon_core.shell.bat': Not used on non-Windows systems
[0.395s] INFO:colcon.colcon_core.shell:Skip shell extension 'powershell' for command environment: Not usable outside of PowerShell
[0.395s] DEBUG:colcon.colcon_core.shell:Skip shell extension 'dsv' for command environment
[0.405s] INFO:colcon.colcon_ros.task.ament_cmake.build:Building ROS package in '/home/theo/arduinobot_ws/src/arduinobot_description' with build type 'ament_cmake'
[0.405s] INFO:colcon.colcon_cmake.task.cmake.build:Building CMake package in '/home/theo/arduinobot_ws/src/arduinobot_description'
[0.405s] INFO:colcon.colcon_core.shell:Skip shell extension 'powershell' for command environment: Not usable outside of PowerShell
[0.405s] DEBUG:colcon.colcon_core.shell:Skip shell extension 'dsv' for command environment
[0.407s] INFO:colcon.colcon_ros.task.ament_cmake.build:Building ROS package in '/home/theo/arduinobot_ws/src/arduinobot_controller' with build type 'ament_cmake'
[0.408s] INFO:colcon.colcon_cmake.task.cmake.build:Building CMake package in '/home/theo/arduinobot_ws/src/arduinobot_controller'
[0.408s] INFO:colcon.colcon_core.shell:Skip shell extension 'powershell' for command environment: Not usable outside of PowerShell
[0.408s] DEBUG:colcon.colcon_core.shell:Skip shell extension 'dsv' for command environment
[0.410s] INFO:colcon.colcon_ros.task.ament_cmake.build:Building ROS package in '/home/theo/arduinobot_ws/src/arduinobot_cpp_examples' with build type 'ament_cmake'
[0.410s] INFO:colcon.colcon_cmake.task.cmake.build:Building CMake package in '/home/theo/arduinobot_ws/src/arduinobot_cpp_examples'
[0.411s] INFO:colcon.colcon_core.shell:Skip shell extension 'powershell' for command environment: Not usable outside of PowerShell
[0.411s] DEBUG:colcon.colcon_core.shell:Skip shell extension 'dsv' for command environment
[0.416s] DEBUG:colcon.colcon_core.event_handler.log_command:Invoking command in '/home/theo/arduinobot_ws/build/arduinobot_msgs': CMAKE_PREFIX_PATH=${CMAKE_PREFIX_PATH}:/home/theo/arduinobot_ws/install/arduinobot_py_examples:/opt/ros/jazzy /usr/bin/cmake --build /home/theo/arduinobot_ws/build/arduinobot_msgs -- -j20 -l20
[0.418s] DEBUG:colcon.colcon_core.event_handler.log_command:Invoking command in '/home/theo/arduinobot_ws/build/arduinobot_description': CMAKE_PREFIX_PATH=${CMAKE_PREFIX_PATH}:/home/theo/arduinobot_ws/install/arduinobot_py_examples:/opt/ros/jazzy /usr/bin/cmake --build /home/theo/arduinobot_ws/build/arduinobot_description -- -j20 -l20
[0.419s] DEBUG:colcon.colcon_core.event_handler.log_command:Invoking command in '/home/theo/arduinobot_ws/build/arduinobot_controller': CMAKE_PREFIX_PATH=${CMAKE_PREFIX_PATH}:/home/theo/arduinobot_ws/install/arduinobot_py_examples:/opt/ros/jazzy /usr/bin/cmake --build /home/theo/arduinobot_ws/build/arduinobot_controller -- -j20 -l20
[0.424s] DEBUG:colcon.colcon_core.event_handler.log_command:Invoking command in '/home/theo/arduinobot_ws/build/arduinobot_cpp_examples': CMAKE_PREFIX_PATH=${CMAKE_PREFIX_PATH}:/home/theo/arduinobot_ws/install/arduinobot_py_examples:/opt/ros/jazzy /usr/bin/cmake --build /home/theo/arduinobot_ws/build/arduinobot_cpp_examples -- -j20 -l20
[0.471s] DEBUG:colcon.colcon_core.event_handler.log_command:Invoked command in '/home/theo/arduinobot_ws/build/arduinobot_cpp_examples' returned '0': CMAKE_PREFIX_PATH=${CMAKE_PREFIX_PATH}:/home/theo/arduinobot_ws/install/arduinobot_py_examples:/opt/ros/jazzy /usr/bin/cmake --build /home/theo/arduinobot_ws/build/arduinobot_cpp_examples -- -j20 -l20
[0.477s] DEBUG:colcon.colcon_core.event_handler.log_command:Invoking command in '/home/theo/arduinobot_ws/build/arduinobot_cpp_examples': CMAKE_PREFIX_PATH=${CMAKE_PREFIX_PATH}:/home/theo/arduinobot_ws/install/arduinobot_py_examples:/opt/ros/jazzy /usr/bin/cmake --install /home/theo/arduinobot_ws/build/arduinobot_cpp_examples
[0.477s] DEBUG:colcon.colcon_core.event_handler.log_command:Invoked command in '/home/theo/arduinobot_ws/build/arduinobot_description' returned '0': CMAKE_PREFIX_PATH=${CMAKE_PREFIX_PATH}:/home/theo/arduinobot_ws/install/arduinobot_py_examples:/opt/ros/jazzy /usr/bin/cmake --build /home/theo/arduinobot_ws/build/arduinobot_description -- -j20 -l20
[0.478s] DEBUG:colcon.colcon_core.event_handler.log_command:Invoking command in '/home/theo/arduinobot_ws/build/arduinobot_description': CMAKE_PREFIX_PATH=${CMAKE_PREFIX_PATH}:/home/theo/arduinobot_ws/install/arduinobot_py_examples:/opt/ros/jazzy /usr/bin/cmake --install /home/theo/arduinobot_ws/build/arduinobot_description
[0.479s] DEBUG:colcon.colcon_core.event_handler.log_command:Invoked command in '/home/theo/arduinobot_ws/build/arduinobot_controller' returned '0': CMAKE_PREFIX_PATH=${CMAKE_PREFIX_PATH}:/home/theo/arduinobot_ws/install/arduinobot_py_examples:/opt/ros/jazzy /usr/bin/cmake --build /home/theo/arduinobot_ws/build/arduinobot_controller -- -j20 -l20
[0.480s] DEBUG:colcon.colcon_core.event_handler.log_command:Invoking command in '/home/theo/arduinobot_ws/build/arduinobot_controller': CMAKE_PREFIX_PATH=${CMAKE_PREFIX_PATH}:/home/theo/arduinobot_ws/install/arduinobot_py_examples:/opt/ros/jazzy /usr/bin/cmake --install /home/theo/arduinobot_ws/build/arduinobot_controller
[0.489s] Level 1:colcon.colcon_core.environment:create_environment_scripts_only(arduinobot_cpp_examples)
[0.493s] DEBUG:colcon.colcon_core.event_handler.log_command:Invoked command in '/home/theo/arduinobot_ws/build/arduinobot_cpp_examples' returned '0': CMAKE_PREFIX_PATH=${CMAKE_PREFIX_PATH}:/home/theo/arduinobot_ws/install/arduinobot_py_examples:/opt/ros/jazzy /usr/bin/cmake --install /home/theo/arduinobot_ws/build/arduinobot_cpp_examples
[0.497s] Level 1:colcon.colcon_core.environment:checking '/home/theo/arduinobot_ws/install/arduinobot_cpp_examples' for CMake module files
[0.498s] Level 1:colcon.colcon_core.environment:checking '/home/theo/arduinobot_ws/install/arduinobot_cpp_examples' for CMake config files
[0.501s] Level 1:colcon.colcon_core.shell:create_environment_hook('arduinobot_cpp_examples', 'cmake_prefix_path')
[0.501s] INFO:colcon.colcon_core.shell:Creating environment hook '/home/theo/arduinobot_ws/install/arduinobot_cpp_examples/share/arduinobot_cpp_examples/hook/cmake_prefix_path.ps1'
[0.501s] INFO:colcon.colcon_core.shell:Creating environment descriptor '/home/theo/arduinobot_ws/install/arduinobot_cpp_examples/share/arduinobot_cpp_examples/hook/cmake_prefix_path.dsv'
[0.502s] INFO:colcon.colcon_core.shell:Creating environment hook '/home/theo/arduinobot_ws/install/arduinobot_cpp_examples/share/arduinobot_cpp_examples/hook/cmake_prefix_path.sh'
[0.503s] Level 1:colcon.colcon_core.environment:checking '/home/theo/arduinobot_ws/install/arduinobot_cpp_examples/bin'
[0.503s] Level 1:colcon.colcon_core.environment:checking '/home/theo/arduinobot_ws/install/arduinobot_cpp_examples/lib/pkgconfig/arduinobot_cpp_examples.pc'
[0.503s] Level 1:colcon.colcon_core.environment:checking '/home/theo/arduinobot_ws/install/arduinobot_cpp_examples/lib/python3.12/site-packages'
[0.503s] Level 1:colcon.colcon_core.environment:checking '/home/theo/arduinobot_ws/install/arduinobot_cpp_examples/bin'
[0.503s] INFO:colcon.colcon_core.shell:Creating package script '/home/theo/arduinobot_ws/install/arduinobot_cpp_examples/share/arduinobot_cpp_examples/package.ps1'
[0.505s] INFO:colcon.colcon_core.shell:Creating package descriptor '/home/theo/arduinobot_ws/install/arduinobot_cpp_examples/share/arduinobot_cpp_examples/package.dsv'
[0.506s] INFO:colcon.colcon_core.shell:Creating package script '/home/theo/arduinobot_ws/install/arduinobot_cpp_examples/share/arduinobot_cpp_examples/package.sh'
[0.506s] INFO:colcon.colcon_core.shell:Creating package script '/home/theo/arduinobot_ws/install/arduinobot_cpp_examples/share/arduinobot_cpp_examples/package.bash'
[0.507s] INFO:colcon.colcon_core.shell:Creating package script '/home/theo/arduinobot_ws/install/arduinobot_cpp_examples/share/arduinobot_cpp_examples/package.zsh'
[0.507s] Level 1:colcon.colcon_core.environment:create_file_with_runtime_dependencies(/home/theo/arduinobot_ws/install/arduinobot_cpp_examples/share/colcon-core/packages/arduinobot_cpp_examples)
[0.508s] Level 1:colcon.colcon_core.environment:create_environment_scripts_only(arduinobot_cpp_examples)
[0.508s] Level 1:colcon.colcon_core.environment:checking '/home/theo/arduinobot_ws/install/arduinobot_cpp_examples' for CMake module files
[0.516s] Level 1:colcon.colcon_core.environment:checking '/home/theo/arduinobot_ws/install/arduinobot_cpp_examples' for CMake config files
[0.516s] Level 1:colcon.colcon_core.shell:create_environment_hook('arduinobot_cpp_examples', 'cmake_prefix_path')
[0.516s] INFO:colcon.colcon_core.shell:Creating environment hook '/home/theo/arduinobot_ws/install/arduinobot_cpp_examples/share/arduinobot_cpp_examples/hook/cmake_prefix_path.ps1'
[0.516s] INFO:colcon.colcon_core.shell:Creating environment descriptor '/home/theo/arduinobot_ws/install/arduinobot_cpp_examples/share/arduinobot_cpp_examples/hook/cmake_prefix_path.dsv'
[0.516s] INFO:colcon.colcon_core.shell:Creating environment hook '/home/theo/arduinobot_ws/install/arduinobot_cpp_examples/share/arduinobot_cpp_examples/hook/cmake_prefix_path.sh'
[0.517s] Level 1:colcon.colcon_core.environment:checking '/home/theo/arduinobot_ws/install/arduinobot_cpp_examples/bin'
[0.517s] Level 1:colcon.colcon_core.environment:checking '/home/theo/arduinobot_ws/install/arduinobot_cpp_examples/lib/pkgconfig/arduinobot_cpp_examples.pc'
[0.517s] Level 1:colcon.colcon_core.environment:checking '/home/theo/arduinobot_ws/install/arduinobot_cpp_examples/lib/python3.12/site-packages'
[0.517s] Level 1:colcon.colcon_core.environment:checking '/home/theo/arduinobot_ws/install/arduinobot_cpp_examples/bin'
[0.517s] INFO:colcon.colcon_core.shell:Creating package script '/home/theo/arduinobot_ws/install/arduinobot_cpp_examples/share/arduinobot_cpp_examples/package.ps1'
[0.517s] INFO:colcon.colcon_core.shell:Creating package descriptor '/home/theo/arduinobot_ws/install/arduinobot_cpp_examples/share/arduinobot_cpp_examples/package.dsv'
[0.517s] INFO:colcon.colcon_core.shell:Creating package script '/home/theo/arduinobot_ws/install/arduinobot_cpp_examples/share/arduinobot_cpp_examples/package.sh'
[0.518s] INFO:colcon.colcon_core.shell:Creating package script '/home/theo/arduinobot_ws/install/arduinobot_cpp_examples/share/arduinobot_cpp_examples/package.bash'
[0.518s] INFO:colcon.colcon_core.shell:Creating package script '/home/theo/arduinobot_ws/install/arduinobot_cpp_examples/share/arduinobot_cpp_examples/package.zsh'
[0.518s] Level 1:colcon.colcon_core.environment:create_file_with_runtime_dependencies(/home/theo/arduinobot_ws/install/arduinobot_cpp_examples/share/colcon-core/packages/arduinobot_cpp_examples)
[0.519s] Level 1:colcon.colcon_core.environment:create_environment_scripts_only(arduinobot_controller)
[0.519s] Level 1:colcon.colcon_core.environment:checking '/home/theo/arduinobot_ws/install/arduinobot_controller' for CMake module files
[0.519s] Level 1:colcon.colcon_core.environment:checking '/home/theo/arduinobot_ws/install/arduinobot_controller' for CMake config files
[0.520s] DEBUG:colcon.colcon_core.event_handler.log_command:Invoked command in '/home/theo/arduinobot_ws/build/arduinobot_controller' returned '0': CMAKE_PREFIX_PATH=${CMAKE_PREFIX_PATH}:/home/theo/arduinobot_ws/install/arduinobot_py_examples:/opt/ros/jazzy /usr/bin/cmake --install /home/theo/arduinobot_ws/build/arduinobot_controller
[0.520s] Level 1:colcon.colcon_core.shell:create_environment_hook('arduinobot_controller', 'cmake_prefix_path')
[0.520s] INFO:colcon.colcon_core.shell:Creating environment hook '/home/theo/arduinobot_ws/install/arduinobot_controller/share/arduinobot_controller/hook/cmake_prefix_path.ps1'
[0.520s] INFO:colcon.colcon_core.shell:Creating environment descriptor '/home/theo/arduinobot_ws/install/arduinobot_controller/share/arduinobot_controller/hook/cmake_prefix_path.dsv'
[0.520s] INFO:colcon.colcon_core.shell:Creating environment hook '/home/theo/arduinobot_ws/install/arduinobot_controller/share/arduinobot_controller/hook/cmake_prefix_path.sh'
[0.520s] Level 1:colcon.colcon_core.environment:checking '/home/theo/arduinobot_ws/install/arduinobot_controller/bin'
[0.521s] Level 1:colcon.colcon_core.environment:checking '/home/theo/arduinobot_ws/install/arduinobot_controller/lib/pkgconfig/arduinobot_controller.pc'
[0.521s] Level 1:colcon.colcon_core.environment:checking '/home/theo/arduinobot_ws/install/arduinobot_controller/lib/python3.12/site-packages'
[0.521s] Level 1:colcon.colcon_core.environment:checking '/home/theo/arduinobot_ws/install/arduinobot_controller/bin'
[0.521s] INFO:colcon.colcon_core.shell:Creating package script '/home/theo/arduinobot_ws/install/arduinobot_controller/share/arduinobot_controller/package.ps1'
[0.521s] INFO:colcon.colcon_core.shell:Creating package descriptor '/home/theo/arduinobot_ws/install/arduinobot_controller/share/arduinobot_controller/package.dsv'
[0.521s] INFO:colcon.colcon_core.shell:Creating package script '/home/theo/arduinobot_ws/install/arduinobot_controller/share/arduinobot_controller/package.sh'
[0.521s] INFO:colcon.colcon_core.shell:Creating package script '/home/theo/arduinobot_ws/install/arduinobot_controller/share/arduinobot_controller/package.bash'
[0.522s] INFO:colcon.colcon_core.shell:Creating package script '/home/theo/arduinobot_ws/install/arduinobot_controller/share/arduinobot_controller/package.zsh'
[0.522s] Level 1:colcon.colcon_core.environment:create_file_with_runtime_dependencies(/home/theo/arduinobot_ws/install/arduinobot_controller/share/colcon-core/packages/arduinobot_controller)
[0.522s] Level 1:colcon.colcon_core.environment:create_environment_scripts_only(arduinobot_controller)
[0.522s] Level 1:colcon.colcon_core.environment:checking '/home/theo/arduinobot_ws/install/arduinobot_controller' for CMake module files
[0.522s] Level 1:colcon.colcon_core.environment:checking '/home/theo/arduinobot_ws/install/arduinobot_controller' for CMake config files
[0.522s] Level 1:colcon.colcon_core.shell:create_environment_hook('arduinobot_controller', 'cmake_prefix_path')
[0.522s] INFO:colcon.colcon_core.shell:Creating environment hook '/home/theo/arduinobot_ws/install/arduinobot_controller/share/arduinobot_controller/hook/cmake_prefix_path.ps1'
[0.523s] INFO:colcon.colcon_core.shell:Creating environment descriptor '/home/theo/arduinobot_ws/install/arduinobot_controller/share/arduinobot_controller/hook/cmake_prefix_path.dsv'
[0.523s] INFO:colcon.colcon_core.shell:Creating environment hook '/home/theo/arduinobot_ws/install/arduinobot_controller/share/arduinobot_controller/hook/cmake_prefix_path.sh'
[0.523s] Level 1:colcon.colcon_core.environment:checking '/home/theo/arduinobot_ws/install/arduinobot_controller/bin'
[0.523s] Level 1:colcon.colcon_core.environment:checking '/home/theo/arduinobot_ws/install/arduinobot_controller/lib/pkgconfig/arduinobot_controller.pc'
[0.523s] Level 1:colcon.colcon_core.environment:checking '/home/theo/arduinobot_ws/install/arduinobot_controller/lib/python3.12/site-packages'
[0.523s] Level 1:colcon.colcon_core.environment:checking '/home/theo/arduinobot_ws/install/arduinobot_controller/bin'
[0.523s] INFO:colcon.colcon_core.shell:Creating package script '/home/theo/arduinobot_ws/install/arduinobot_controller/share/arduinobot_controller/package.ps1'
[0.524s] INFO:colcon.colcon_core.shell:Creating package descriptor '/home/theo/arduinobot_ws/install/arduinobot_controller/share/arduinobot_controller/package.dsv'
[0.524s] INFO:colcon.colcon_core.shell:Creating package script '/home/theo/arduinobot_ws/install/arduinobot_controller/share/arduinobot_controller/package.sh'
[0.524s] INFO:colcon.colcon_core.shell:Creating package script '/home/theo/arduinobot_ws/install/arduinobot_controller/share/arduinobot_controller/package.bash'
[0.524s] INFO:colcon.colcon_core.shell:Creating package script '/home/theo/arduinobot_ws/install/arduinobot_controller/share/arduinobot_controller/package.zsh'
[0.524s] Level 1:colcon.colcon_core.environment:create_file_with_runtime_dependencies(/home/theo/arduinobot_ws/install/arduinobot_controller/share/colcon-core/packages/arduinobot_controller)
[0.525s] Level 1:colcon.colcon_core.environment:create_environment_scripts_only(arduinobot_description)
[0.525s] Level 1:colcon.colcon_core.environment:checking '/home/theo/arduinobot_ws/install/arduinobot_description' for CMake module files
[0.526s] DEBUG:colcon.colcon_core.event_handler.log_command:Invoked command in '/home/theo/arduinobot_ws/build/arduinobot_description' returned '0': CMAKE_PREFIX_PATH=${CMAKE_PREFIX_PATH}:/home/theo/arduinobot_ws/install/arduinobot_py_examples:/opt/ros/jazzy /usr/bin/cmake --install /home/theo/arduinobot_ws/build/arduinobot_description
[0.526s] Level 1:colcon.colcon_core.environment:checking '/home/theo/arduinobot_ws/install/arduinobot_description' for CMake config files
[0.529s] Level 1:colcon.colcon_core.shell:create_environment_hook('arduinobot_description', 'cmake_prefix_path')
[0.529s] INFO:colcon.colcon_core.shell:Creating environment hook '/home/theo/arduinobot_ws/install/arduinobot_description/share/arduinobot_description/hook/cmake_prefix_path.ps1'
[0.529s] INFO:colcon.colcon_core.shell:Creating environment descriptor '/home/theo/arduinobot_ws/install/arduinobot_description/share/arduinobot_description/hook/cmake_prefix_path.dsv'
[0.529s] INFO:colcon.colcon_core.shell:Creating environment hook '/home/theo/arduinobot_ws/install/arduinobot_description/share/arduinobot_description/hook/cmake_prefix_path.sh'
[0.530s] Level 1:colcon.colcon_core.environment:checking '/home/theo/arduinobot_ws/install/arduinobot_description/bin'
[0.530s] Level 1:colcon.colcon_core.environment:checking '/home/theo/arduinobot_ws/install/arduinobot_description/lib/pkgconfig/arduinobot_description.pc'
[0.530s] Level 1:colcon.colcon_core.environment:checking '/home/theo/arduinobot_ws/install/arduinobot_description/lib/python3.12/site-packages'
[0.530s] Level 1:colcon.colcon_core.environment:checking '/home/theo/arduinobot_ws/install/arduinobot_description/bin'
[0.530s] INFO:colcon.colcon_core.shell:Creating package script '/home/theo/arduinobot_ws/install/arduinobot_description/share/arduinobot_description/package.ps1'
[0.530s] INFO:colcon.colcon_core.shell:Creating package descriptor '/home/theo/arduinobot_ws/install/arduinobot_description/share/arduinobot_description/package.dsv'
[0.531s] INFO:colcon.colcon_core.shell:Creating package script '/home/theo/arduinobot_ws/install/arduinobot_description/share/arduinobot_description/package.sh'
[0.531s] INFO:colcon.colcon_core.shell:Creating package script '/home/theo/arduinobot_ws/install/arduinobot_description/share/arduinobot_description/package.bash'
[0.531s] INFO:colcon.colcon_core.shell:Creating package script '/home/theo/arduinobot_ws/install/arduinobot_description/share/arduinobot_description/package.zsh'
[0.531s] Level 1:colcon.colcon_core.environment:create_file_with_runtime_dependencies(/home/theo/arduinobot_ws/install/arduinobot_description/share/colcon-core/packages/arduinobot_description)
[0.531s] Level 1:colcon.colcon_core.environment:create_environment_scripts_only(arduinobot_description)
[0.531s] Level 1:colcon.colcon_core.environment:checking '/home/theo/arduinobot_ws/install/arduinobot_description' for CMake module files
[0.532s] Level 1:colcon.colcon_core.environment:checking '/home/theo/arduinobot_ws/install/arduinobot_description' for CMake config files
[0.532s] Level 1:colcon.colcon_core.shell:create_environment_hook('arduinobot_description', 'cmake_prefix_path')
[0.532s] INFO:colcon.colcon_core.shell:Creating environment hook '/home/theo/arduinobot_ws/install/arduinobot_description/share/arduinobot_description/hook/cmake_prefix_path.ps1'
[0.532s] INFO:colcon.colcon_core.shell:Creating environment descriptor '/home/theo/arduinobot_ws/install/arduinobot_description/share/arduinobot_description/hook/cmake_prefix_path.dsv'
[0.532s] INFO:colcon.colcon_core.shell:Creating environment hook '/home/theo/arduinobot_ws/install/arduinobot_description/share/arduinobot_description/hook/cmake_prefix_path.sh'
[0.532s] Level 1:colcon.colcon_core.environment:checking '/home/theo/arduinobot_ws/install/arduinobot_description/bin'
[0.532s] Level 1:colcon.colcon_core.environment:checking '/home/theo/arduinobot_ws/install/arduinobot_description/lib/pkgconfig/arduinobot_description.pc'
[0.533s] Level 1:colcon.colcon_core.environment:checking '/home/theo/arduinobot_ws/install/arduinobot_description/lib/python3.12/site-packages'
[0.533s] Level 1:colcon.colcon_core.environment:checking '/home/theo/arduinobot_ws/install/arduinobot_description/bin'
[0.533s] INFO:colcon.colcon_core.shell:Creating package script '/home/theo/arduinobot_ws/install/arduinobot_description/share/arduinobot_description/package.ps1'
[0.533s] INFO:colcon.colcon_core.shell:Creating package descriptor '/home/theo/arduinobot_ws/install/arduinobot_description/share/arduinobot_description/package.dsv'
[0.533s] INFO:colcon.colcon_core.shell:Creating package script '/home/theo/arduinobot_ws/install/arduinobot_description/share/arduinobot_description/package.sh'
[0.533s] INFO:colcon.colcon_core.shell:Creating package script '/home/theo/arduinobot_ws/install/arduinobot_description/share/arduinobot_description/package.bash'
[0.534s] INFO:colcon.colcon_core.shell:Creating package script '/home/theo/arduinobot_ws/install/arduinobot_description/share/arduinobot_description/package.zsh'
[0.534s] Level 1:colcon.colcon_core.environment:create_file_with_runtime_dependencies(/home/theo/arduinobot_ws/install/arduinobot_description/share/colcon-core/packages/arduinobot_description)
[0.534s] INFO:colcon.colcon_ros.task.ament_cmake.build:Building ROS package in '/home/theo/arduinobot_ws/src/arduinobot_moveit' with build type 'ament_cmake'
[0.534s] INFO:colcon.colcon_cmake.task.cmake.build:Building CMake package in '/home/theo/arduinobot_ws/src/arduinobot_moveit'
[0.535s] INFO:colcon.colcon_core.shell:Skip shell extension 'powershell' for command environment: Not usable outside of PowerShell
[0.535s] DEBUG:colcon.colcon_core.shell:Skip shell extension 'dsv' for command environment
[0.564s] DEBUG:colcon.colcon_core.event_handler.log_command:Invoking command in '/home/theo/arduinobot_ws/build/arduinobot_moveit': CMAKE_PREFIX_PATH=/home/theo/arduinobot_ws/install/arduinobot_description:/home/theo/arduinobot_ws/install/arduinobot_utils:/home/theo/arduinobot_ws/install/arduinobot_msgs:/home/theo/arduinobot_ws/install/arduinobot_moveit:/home/theo/arduinobot_ws/install/arduinobot_cpp_examples:/home/theo/arduinobot_ws/install/arduinobot_controller:/opt/ros/jazzy/opt/gz_sim_vendor:/opt/ros/jazzy/opt/gz_sensors_vendor:/opt/ros/jazzy/opt/gz_physics_vendor:/opt/ros/jazzy/opt/sdformat_vendor:/opt/ros/jazzy/opt/gz_gui_vendor:/opt/ros/jazzy/opt/gz_transport_vendor:/opt/ros/jazzy/opt/gz_rendering_vendor:/opt/ros/jazzy/opt/gz_plugin_vendor:/opt/ros/jazzy/opt/gz_fuel_tools_vendor:/opt/ros/jazzy/opt/gz_msgs_vendor:/opt/ros/jazzy/opt/gz_common_vendor:/opt/ros/jazzy/opt/gz_math_vendor:/opt/ros/jazzy/opt/gz_utils_vendor:/opt/ros/jazzy/opt/gz_tools_vendor:/opt/ros/jazzy/opt/gz_ogre_next_vendor:/opt/ros/jazzy/opt/gz_dartsim_vendor:/opt/ros/jazzy/opt/gz_cmake_vendor:/home/theo/arduinobot_ws/install/arduinobot_py_examples:/opt/ros/jazzy /usr/bin/cmake --build /home/theo/arduinobot_ws/build/arduinobot_moveit -- -j20 -l20
[0.581s] DEBUG:colcon.colcon_core.event_handler.log_command:Invoked command in '/home/theo/arduinobot_ws/build/arduinobot_moveit' returned '0': CMAKE_PREFIX_PATH=/home/theo/arduinobot_ws/install/arduinobot_description:/home/theo/arduinobot_ws/install/arduinobot_utils:/home/theo/arduinobot_ws/install/arduinobot_msgs:/home/theo/arduinobot_ws/install/arduinobot_moveit:/home/theo/arduinobot_ws/install/arduinobot_cpp_examples:/home/theo/arduinobot_ws/install/arduinobot_controller:/opt/ros/jazzy/opt/gz_sim_vendor:/opt/ros/jazzy/opt/gz_sensors_vendor:/opt/ros/jazzy/opt/gz_physics_vendor:/opt/ros/jazzy/opt/sdformat_vendor:/opt/ros/jazzy/opt/gz_gui_vendor:/opt/ros/jazzy/opt/gz_transport_vendor:/opt/ros/jazzy/opt/gz_rendering_vendor:/opt/ros/jazzy/opt/gz_plugin_vendor:/opt/ros/jazzy/opt/gz_fuel_tools_vendor:/opt/ros/jazzy/opt/gz_msgs_vendor:/opt/ros/jazzy/opt/gz_common_vendor:/opt/ros/jazzy/opt/gz_math_vendor:/opt/ros/jazzy/opt/gz_utils_vendor:/opt/ros/jazzy/opt/gz_tools_vendor:/opt/ros/jazzy/opt/gz_ogre_next_vendor:/opt/ros/jazzy/opt/gz_dartsim_vendor:/opt/ros/jazzy/opt/gz_cmake_vendor:/home/theo/arduinobot_ws/install/arduinobot_py_examples:/opt/ros/jazzy /usr/bin/cmake --build /home/theo/arduinobot_ws/build/arduinobot_moveit -- -j20 -l20
[0.582s] DEBUG:colcon.colcon_core.event_handler.log_command:Invoking command in '/home/theo/arduinobot_ws/build/arduinobot_moveit': CMAKE_PREFIX_PATH=/home/theo/arduinobot_ws/install/arduinobot_description:/home/theo/arduinobot_ws/install/arduinobot_utils:/home/theo/arduinobot_ws/install/arduinobot_msgs:/home/theo/arduinobot_ws/install/arduinobot_moveit:/home/theo/arduinobot_ws/install/arduinobot_cpp_examples:/home/theo/arduinobot_ws/install/arduinobot_controller:/opt/ros/jazzy/opt/gz_sim_vendor:/opt/ros/jazzy/opt/gz_sensors_vendor:/opt/ros/jazzy/opt/gz_physics_vendor:/opt/ros/jazzy/opt/sdformat_vendor:/opt/ros/jazzy/opt/gz_gui_vendor:/opt/ros/jazzy/opt/gz_transport_vendor:/opt/ros/jazzy/opt/gz_rendering_vendor:/opt/ros/jazzy/opt/gz_plugin_vendor:/opt/ros/jazzy/opt/gz_fuel_tools_vendor:/opt/ros/jazzy/opt/gz_msgs_vendor:/opt/ros/jazzy/opt/gz_common_vendor:/opt/ros/jazzy/opt/gz_math_vendor:/opt/ros/jazzy/opt/gz_utils_vendor:/opt/ros/jazzy/opt/gz_tools_vendor:/opt/ros/jazzy/opt/gz_ogre_next_vendor:/opt/ros/jazzy/opt/gz_dartsim_vendor:/opt/ros/jazzy/opt/gz_cmake_vendor:/home/theo/arduinobot_ws/install/arduinobot_py_examples:/opt/ros/jazzy /usr/bin/cmake --install /home/theo/arduinobot_ws/build/arduinobot_moveit
[0.589s] Level 1:colcon.colcon_core.environment:create_environment_scripts_only(arduinobot_moveit)
[0.589s] Level 1:colcon.colcon_core.environment:checking '/home/theo/arduinobot_ws/install/arduinobot_moveit' for CMake module files
[0.589s] DEBUG:colcon.colcon_core.event_handler.log_command:Invoked command in '/home/theo/arduinobot_ws/build/arduinobot_moveit' returned '0': CMAKE_PREFIX_PATH=/home/theo/arduinobot_ws/install/arduinobot_description:/home/theo/arduinobot_ws/install/arduinobot_utils:/home/theo/arduinobot_ws/install/arduinobot_msgs:/home/theo/arduinobot_ws/install/arduinobot_moveit:/home/theo/arduinobot_ws/install/arduinobot_cpp_examples:/home/theo/arduinobot_ws/install/arduinobot_controller:/opt/ros/jazzy/opt/gz_sim_vendor:/opt/ros/jazzy/opt/gz_sensors_vendor:/opt/ros/jazzy/opt/gz_physics_vendor:/opt/ros/jazzy/opt/sdformat_vendor:/opt/ros/jazzy/opt/gz_gui_vendor:/opt/ros/jazzy/opt/gz_transport_vendor:/opt/ros/jazzy/opt/gz_rendering_vendor:/opt/ros/jazzy/opt/gz_plugin_vendor:/opt/ros/jazzy/opt/gz_fuel_tools_vendor:/opt/ros/jazzy/opt/gz_msgs_vendor:/opt/ros/jazzy/opt/gz_common_vendor:/opt/ros/jazzy/opt/gz_math_vendor:/opt/ros/jazzy/opt/gz_utils_vendor:/opt/ros/jazzy/opt/gz_tools_vendor:/opt/ros/jazzy/opt/gz_ogre_next_vendor:/opt/ros/jazzy/opt/gz_dartsim_vendor:/opt/ros/jazzy/opt/gz_cmake_vendor:/home/theo/arduinobot_ws/install/arduinobot_py_examples:/opt/ros/jazzy /usr/bin/cmake --install /home/theo/arduinobot_ws/build/arduinobot_moveit
[0.590s] Level 1:colcon.colcon_core.environment:checking '/home/theo/arduinobot_ws/install/arduinobot_moveit' for CMake config files
[0.591s] Level 1:colcon.colcon_core.shell:create_environment_hook('arduinobot_moveit', 'cmake_prefix_path')
[0.591s] INFO:colcon.colcon_core.shell:Creating environment hook '/home/theo/arduinobot_ws/install/arduinobot_moveit/share/arduinobot_moveit/hook/cmake_prefix_path.ps1'
[0.591s] INFO:colcon.colcon_core.shell:Creating environment descriptor '/home/theo/arduinobot_ws/install/arduinobot_moveit/share/arduinobot_moveit/hook/cmake_prefix_path.dsv'
[0.591s] INFO:colcon.colcon_core.shell:Creating environment hook '/home/theo/arduinobot_ws/install/arduinobot_moveit/share/arduinobot_moveit/hook/cmake_prefix_path.sh'
[0.592s] Level 1:colcon.colcon_core.environment:checking '/home/theo/arduinobot_ws/install/arduinobot_moveit/bin'
[0.592s] Level 1:colcon.colcon_core.environment:checking '/home/theo/arduinobot_ws/install/arduinobot_moveit/lib/pkgconfig/arduinobot_moveit.pc'
[0.592s] Level 1:colcon.colcon_core.environment:checking '/home/theo/arduinobot_ws/install/arduinobot_moveit/lib/python3.12/site-packages'
[0.592s] Level 1:colcon.colcon_core.environment:checking '/home/theo/arduinobot_ws/install/arduinobot_moveit/bin'
[0.592s] INFO:colcon.colcon_core.shell:Creating package script '/home/theo/arduinobot_ws/install/arduinobot_moveit/share/arduinobot_moveit/package.ps1'
[0.592s] INFO:colcon.colcon_core.shell:Creating package descriptor '/home/theo/arduinobot_ws/install/arduinobot_moveit/share/arduinobot_moveit/package.dsv'
[0.592s] INFO:colcon.colcon_core.shell:Creating package script '/home/theo/arduinobot_ws/install/arduinobot_moveit/share/arduinobot_moveit/package.sh'
[0.593s] INFO:colcon.colcon_core.shell:Creating package script '/home/theo/arduinobot_ws/install/arduinobot_moveit/share/arduinobot_moveit/package.bash'
[0.593s] INFO:colcon.colcon_core.shell:Creating package script '/home/theo/arduinobot_ws/install/arduinobot_moveit/share/arduinobot_moveit/package.zsh'
[0.593s] Level 1:colcon.colcon_core.environment:create_file_with_runtime_dependencies(/home/theo/arduinobot_ws/install/arduinobot_moveit/share/colcon-core/packages/arduinobot_moveit)
[0.593s] Level 1:colcon.colcon_core.environment:create_environment_scripts_only(arduinobot_moveit)
[0.593s] Level 1:colcon.colcon_core.environment:checking '/home/theo/arduinobot_ws/install/arduinobot_moveit' for CMake module files
[0.593s] Level 1:colcon.colcon_core.environment:checking '/home/theo/arduinobot_ws/install/arduinobot_moveit' for CMake config files
[0.593s] Level 1:colcon.colcon_core.shell:create_environment_hook('arduinobot_moveit', 'cmake_prefix_path')
[0.593s] INFO:colcon.colcon_core.shell:Creating environment hook '/home/theo/arduinobot_ws/install/arduinobot_moveit/share/arduinobot_moveit/hook/cmake_prefix_path.ps1'
[0.594s] INFO:colcon.colcon_core.shell:Creating environment descriptor '/home/theo/arduinobot_ws/install/arduinobot_moveit/share/arduinobot_moveit/hook/cmake_prefix_path.dsv'
[0.594s] INFO:colcon.colcon_core.shell:Creating environment hook '/home/theo/arduinobot_ws/install/arduinobot_moveit/share/arduinobot_moveit/hook/cmake_prefix_path.sh'
[0.594s] Level 1:colcon.colcon_core.environment:checking '/home/theo/arduinobot_ws/install/arduinobot_moveit/bin'
[0.594s] Level 1:colcon.colcon_core.environment:checking '/home/theo/arduinobot_ws/install/arduinobot_moveit/lib/pkgconfig/arduinobot_moveit.pc'
[0.594s] Level 1:colcon.colcon_core.environment:checking '/home/theo/arduinobot_ws/install/arduinobot_moveit/lib/python3.12/site-packages'
[0.594s] Level 1:colcon.colcon_core.environment:checking '/home/theo/arduinobot_ws/install/arduinobot_moveit/bin'
[0.594s] INFO:colcon.colcon_core.shell:Creating package script '/home/theo/arduinobot_ws/install/arduinobot_moveit/share/arduinobot_moveit/package.ps1'
[0.595s] INFO:colcon.colcon_core.shell:Creating package descriptor '/home/theo/arduinobot_ws/install/arduinobot_moveit/share/arduinobot_moveit/package.dsv'
[0.595s] INFO:colcon.colcon_core.shell:Creating package script '/home/theo/arduinobot_ws/install/arduinobot_moveit/share/arduinobot_moveit/package.sh'
[0.595s] INFO:colcon.colcon_core.shell:Creating package script '/home/theo/arduinobot_ws/install/arduinobot_moveit/share/arduinobot_moveit/package.bash'
[0.595s] INFO:colcon.colcon_core.shell:Creating package script '/home/theo/arduinobot_ws/install/arduinobot_moveit/share/arduinobot_moveit/package.zsh'
[0.595s] Level 1:colcon.colcon_core.environment:create_file_with_runtime_dependencies(/home/theo/arduinobot_ws/install/arduinobot_moveit/share/colcon-core/packages/arduinobot_moveit)
[0.664s] DEBUG:colcon.colcon_core.event_handler.log_command:Invoked command in '/home/theo/arduinobot_ws/build/arduinobot_msgs' returned '0': CMAKE_PREFIX_PATH=${CMAKE_PREFIX_PATH}:/home/theo/arduinobot_ws/install/arduinobot_py_examples:/opt/ros/jazzy /usr/bin/cmake --build /home/theo/arduinobot_ws/build/arduinobot_msgs -- -j20 -l20
[0.665s] DEBUG:colcon.colcon_core.event_handler.log_command:Invoking command in '/home/theo/arduinobot_ws/build/arduinobot_msgs': CMAKE_PREFIX_PATH=${CMAKE_PREFIX_PATH}:/home/theo/arduinobot_ws/install/arduinobot_py_examples:/opt/ros/jazzy /usr/bin/cmake --install /home/theo/arduinobot_ws/build/arduinobot_msgs
[0.718s] Level 1:colcon.colcon_core.environment:create_environment_scripts_only(arduinobot_msgs)
[0.718s] Level 1:colcon.colcon_core.environment:checking '/home/theo/arduinobot_ws/install/arduinobot_msgs' for CMake module files
[0.718s] DEBUG:colcon.colcon_core.event_handler.log_command:Invoked command in '/home/theo/arduinobot_ws/build/arduinobot_msgs' returned '0': CMAKE_PREFIX_PATH=${CMAKE_PREFIX_PATH}:/home/theo/arduinobot_ws/install/arduinobot_py_examples:/opt/ros/jazzy /usr/bin/cmake --install /home/theo/arduinobot_ws/build/arduinobot_msgs
[0.719s] Level 1:colcon.colcon_core.environment:checking '/home/theo/arduinobot_ws/install/arduinobot_msgs' for CMake config files
[0.720s] Level 1:colcon.colcon_core.shell:create_environment_hook('arduinobot_msgs', 'cmake_prefix_path')
[0.721s] INFO:colcon.colcon_core.shell:Creating environment hook '/home/theo/arduinobot_ws/install/arduinobot_msgs/share/arduinobot_msgs/hook/cmake_prefix_path.ps1'
[0.721s] INFO:colcon.colcon_core.shell:Creating environment descriptor '/home/theo/arduinobot_ws/install/arduinobot_msgs/share/arduinobot_msgs/hook/cmake_prefix_path.dsv'
[0.721s] INFO:colcon.colcon_core.shell:Creating environment hook '/home/theo/arduinobot_ws/install/arduinobot_msgs/share/arduinobot_msgs/hook/cmake_prefix_path.sh'
[0.721s] Level 1:colcon.colcon_core.environment:checking '/home/theo/arduinobot_ws/install/arduinobot_msgs/lib'
[0.721s] Level 1:colcon.colcon_core.shell:create_environment_hook('arduinobot_msgs', 'ld_library_path_lib')
[0.722s] INFO:colcon.colcon_core.shell:Creating environment hook '/home/theo/arduinobot_ws/install/arduinobot_msgs/share/arduinobot_msgs/hook/ld_library_path_lib.ps1'
[0.722s] INFO:colcon.colcon_core.shell:Creating environment descriptor '/home/theo/arduinobot_ws/install/arduinobot_msgs/share/arduinobot_msgs/hook/ld_library_path_lib.dsv'
[0.722s] INFO:colcon.colcon_core.shell:Creating environment hook '/home/theo/arduinobot_ws/install/arduinobot_msgs/share/arduinobot_msgs/hook/ld_library_path_lib.sh'
[0.722s] Level 1:colcon.colcon_core.environment:checking '/home/theo/arduinobot_ws/install/arduinobot_msgs/bin'
[0.722s] Level 1:colcon.colcon_core.environment:checking '/home/theo/arduinobot_ws/install/arduinobot_msgs/lib/pkgconfig/arduinobot_msgs.pc'
[0.722s] Level 1:colcon.colcon_core.environment:checking '/home/theo/arduinobot_ws/install/arduinobot_msgs/lib/python3.12/site-packages'
[0.722s] Level 1:colcon.colcon_core.shell:create_environment_hook('arduinobot_msgs', 'pythonpath')
[0.722s] INFO:colcon.colcon_core.shell:Creating environment hook '/home/theo/arduinobot_ws/install/arduinobot_msgs/share/arduinobot_msgs/hook/pythonpath.ps1'
[0.723s] INFO:colcon.colcon_core.shell:Creating environment descriptor '/home/theo/arduinobot_ws/install/arduinobot_msgs/share/arduinobot_msgs/hook/pythonpath.dsv'
[0.723s] INFO:colcon.colcon_core.shell:Creating environment hook '/home/theo/arduinobot_ws/install/arduinobot_msgs/share/arduinobot_msgs/hook/pythonpath.sh'
[0.723s] Level 1:colcon.colcon_core.environment:checking '/home/theo/arduinobot_ws/install/arduinobot_msgs/bin'
[0.723s] INFO:colcon.colcon_core.shell:Creating package script '/home/theo/arduinobot_ws/install/arduinobot_msgs/share/arduinobot_msgs/package.ps1'
[0.723s] INFO:colcon.colcon_core.shell:Creating package descriptor '/home/theo/arduinobot_ws/install/arduinobot_msgs/share/arduinobot_msgs/package.dsv'
[0.723s] INFO:colcon.colcon_core.shell:Creating package script '/home/theo/arduinobot_ws/install/arduinobot_msgs/share/arduinobot_msgs/package.sh'
[0.724s] INFO:colcon.colcon_core.shell:Creating package script '/home/theo/arduinobot_ws/install/arduinobot_msgs/share/arduinobot_msgs/package.bash'
[0.724s] INFO:colcon.colcon_core.shell:Creating package script '/home/theo/arduinobot_ws/install/arduinobot_msgs/share/arduinobot_msgs/package.zsh'
[0.724s] Level 1:colcon.colcon_core.environment:create_file_with_runtime_dependencies(/home/theo/arduinobot_ws/install/arduinobot_msgs/share/colcon-core/packages/arduinobot_msgs)
[0.724s] Level 1:colcon.colcon_core.environment:create_environment_scripts_only(arduinobot_msgs)
[0.724s] Level 1:colcon.colcon_core.environment:checking '/home/theo/arduinobot_ws/install/arduinobot_msgs' for CMake module files
[0.724s] Level 1:colcon.colcon_core.environment:checking '/home/theo/arduinobot_ws/install/arduinobot_msgs' for CMake config files
[0.725s] Level 1:colcon.colcon_core.shell:create_environment_hook('arduinobot_msgs', 'cmake_prefix_path')
[0.725s] INFO:colcon.colcon_core.shell:Creating environment hook '/home/theo/arduinobot_ws/install/arduinobot_msgs/share/arduinobot_msgs/hook/cmake_prefix_path.ps1'
[0.725s] INFO:colcon.colcon_core.shell:Creating environment descriptor '/home/theo/arduinobot_ws/install/arduinobot_msgs/share/arduinobot_msgs/hook/cmake_prefix_path.dsv'
[0.725s] INFO:colcon.colcon_core.shell:Creating environment hook '/home/theo/arduinobot_ws/install/arduinobot_msgs/share/arduinobot_msgs/hook/cmake_prefix_path.sh'
[0.725s] Level 1:colcon.colcon_core.environment:checking '/home/theo/arduinobot_ws/install/arduinobot_msgs/lib'
[0.725s] Level 1:colcon.colcon_core.shell:create_environment_hook('arduinobot_msgs', 'ld_library_path_lib')
[0.725s] INFO:colcon.colcon_core.shell:Creating environment hook '/home/theo/arduinobot_ws/install/arduinobot_msgs/share/arduinobot_msgs/hook/ld_library_path_lib.ps1'
[0.726s] INFO:colcon.colcon_core.shell:Creating environment descriptor '/home/theo/arduinobot_ws/install/arduinobot_msgs/share/arduinobot_msgs/hook/ld_library_path_lib.dsv'
[0.726s] INFO:colcon.colcon_core.shell:Creating environment hook '/home/theo/arduinobot_ws/install/arduinobot_msgs/share/arduinobot_msgs/hook/ld_library_path_lib.sh'
[0.726s] Level 1:colcon.colcon_core.environment:checking '/home/theo/arduinobot_ws/install/arduinobot_msgs/bin'
[0.726s] Level 1:colcon.colcon_core.environment:checking '/home/theo/arduinobot_ws/install/arduinobot_msgs/lib/pkgconfig/arduinobot_msgs.pc'
[0.726s] Level 1:colcon.colcon_core.environment:checking '/home/theo/arduinobot_ws/install/arduinobot_msgs/lib/python3.12/site-packages'
[0.726s] Level 1:colcon.colcon_core.shell:create_environment_hook('arduinobot_msgs', 'pythonpath')
[0.726s] INFO:colcon.colcon_core.shell:Creating environment hook '/home/theo/arduinobot_ws/install/arduinobot_msgs/share/arduinobot_msgs/hook/pythonpath.ps1'
[0.726s] INFO:colcon.colcon_core.shell:Creating environment descriptor '/home/theo/arduinobot_ws/install/arduinobot_msgs/share/arduinobot_msgs/hook/pythonpath.dsv'
[0.726s] INFO:colcon.colcon_core.shell:Creating environment hook '/home/theo/arduinobot_ws/install/arduinobot_msgs/share/arduinobot_msgs/hook/pythonpath.sh'
[0.727s] Level 1:colcon.colcon_core.environment:checking '/home/theo/arduinobot_ws/install/arduinobot_msgs/bin'
[0.727s] INFO:colcon.colcon_core.shell:Creating package script '/home/theo/arduinobot_ws/install/arduinobot_msgs/share/arduinobot_msgs/package.ps1'
[0.727s] INFO:colcon.colcon_core.shell:Creating package descriptor '/home/theo/arduinobot_ws/install/arduinobot_msgs/share/arduinobot_msgs/package.dsv'
[0.727s] INFO:colcon.colcon_core.shell:Creating package script '/home/theo/arduinobot_ws/install/arduinobot_msgs/share/arduinobot_msgs/package.sh'
[0.728s] INFO:colcon.colcon_core.shell:Creating package script '/home/theo/arduinobot_ws/install/arduinobot_msgs/share/arduinobot_msgs/package.bash'
[0.728s] INFO:colcon.colcon_core.shell:Creating package script '/home/theo/arduinobot_ws/install/arduinobot_msgs/share/arduinobot_msgs/package.zsh'
[0.728s] Level 1:colcon.colcon_core.environment:create_file_with_runtime_dependencies(/home/theo/arduinobot_ws/install/arduinobot_msgs/share/colcon-core/packages/arduinobot_msgs)
[0.728s] INFO:colcon.colcon_ros.task.ament_python.build:Building ROS package in '/home/theo/arduinobot_ws/src/arduinobot_py_examples' with build type 'ament_python'
[0.728s] Level 1:colcon.colcon_core.shell:create_environment_hook('arduinobot_py_examples', 'ament_prefix_path')
[0.728s] INFO:colcon.colcon_core.shell:Creating environment hook '/home/theo/arduinobot_ws/install/arduinobot_py_examples/share/arduinobot_py_examples/hook/ament_prefix_path.ps1'
[0.729s] INFO:colcon.colcon_core.shell:Creating environment descriptor '/home/theo/arduinobot_ws/install/arduinobot_py_examples/share/arduinobot_py_examples/hook/ament_prefix_path.dsv'
[0.729s] INFO:colcon.colcon_core.shell:Creating environment hook '/home/theo/arduinobot_ws/install/arduinobot_py_examples/share/arduinobot_py_examples/hook/ament_prefix_path.sh'
[0.729s] INFO:colcon.colcon_core.shell:Skip shell extension 'powershell' for command environment: Not usable outside of PowerShell
[0.729s] DEBUG:colcon.colcon_core.shell:Skip shell extension 'dsv' for command environment
[0.731s] INFO:colcon.colcon_ros.task.ament_cmake.build:Building ROS package in '/home/theo/arduinobot_ws/src/arduinobot_utils' with build type 'ament_cmake'
[0.731s] INFO:colcon.colcon_cmake.task.cmake.build:Building CMake package in '/home/theo/arduinobot_ws/src/arduinobot_utils'
[0.731s] INFO:colcon.colcon_core.shell:Skip shell extension 'powershell' for command environment: Not usable outside of PowerShell
[0.731s] DEBUG:colcon.colcon_core.shell:Skip shell extension 'dsv' for command environment
[0.885s] INFO:colcon.colcon_core.task.python.build:Building Python package in '/home/theo/arduinobot_ws/src/arduinobot_py_examples'
[0.885s] INFO:colcon.colcon_core.shell:Skip shell extension 'powershell' for command environment: Not usable outside of PowerShell
[0.885s] DEBUG:colcon.colcon_core.shell:Skip shell extension 'dsv' for command environment
[0.889s] DEBUG:colcon.colcon_core.event_handler.log_command:Invoking command in '/home/theo/arduinobot_ws/build/arduinobot_utils': CMAKE_PREFIX_PATH=/home/theo/arduinobot_ws/install/arduinobot_msgs:/home/theo/arduinobot_ws/install/arduinobot_utils:/home/theo/arduinobot_ws/install/arduinobot_moveit:/home/theo/arduinobot_ws/install/arduinobot_description:/home/theo/arduinobot_ws/install/arduinobot_cpp_examples:/home/theo/arduinobot_ws/install/arduinobot_controller:/opt/ros/jazzy/opt/gz_sim_vendor:/opt/ros/jazzy/opt/gz_sensors_vendor:/opt/ros/jazzy/opt/gz_physics_vendor:/opt/ros/jazzy/opt/sdformat_vendor:/opt/ros/jazzy/opt/gz_gui_vendor:/opt/ros/jazzy/opt/gz_transport_vendor:/opt/ros/jazzy/opt/gz_rendering_vendor:/opt/ros/jazzy/opt/gz_plugin_vendor:/opt/ros/jazzy/opt/gz_fuel_tools_vendor:/opt/ros/jazzy/opt/gz_msgs_vendor:/opt/ros/jazzy/opt/gz_common_vendor:/opt/ros/jazzy/opt/gz_math_vendor:/opt/ros/jazzy/opt/gz_utils_vendor:/opt/ros/jazzy/opt/gz_tools_vendor:/opt/ros/jazzy/opt/gz_ogre_next_vendor:/opt/ros/jazzy/opt/gz_dartsim_vendor:/opt/ros/jazzy/opt/gz_cmake_vendor:/home/theo/arduinobot_ws/install/arduinobot_py_examples:/opt/ros/jazzy PYTHONPATH=/home/theo/arduinobot_ws/install/arduinobot_msgs/lib/python3.12/site-packages:/home/theo/arduinobot_ws/install/arduinobot_utils/lib/python3.12/site-packages:/home/theo/arduinobot_ws/install/arduinobot_py_examples/lib/python3.12/site-packages:/opt/ros/jazzy/lib/python3.12/site-packages /usr/bin/cmake --build /home/theo/arduinobot_ws/build/arduinobot_utils -- -j20 -l20
[1.079s] DEBUG:colcon.colcon_core.event_handler.log_command:Invoked command in '/home/theo/arduinobot_ws/build/arduinobot_utils' returned '0': CMAKE_PREFIX_PATH=/home/theo/arduinobot_ws/install/arduinobot_msgs:/home/theo/arduinobot_ws/install/arduinobot_utils:/home/theo/arduinobot_ws/install/arduinobot_moveit:/home/theo/arduinobot_ws/install/arduinobot_description:/home/theo/arduinobot_ws/install/arduinobot_cpp_examples:/home/theo/arduinobot_ws/install/arduinobot_controller:/opt/ros/jazzy/opt/gz_sim_vendor:/opt/ros/jazzy/opt/gz_sensors_vendor:/opt/ros/jazzy/opt/gz_physics_vendor:/opt/ros/jazzy/opt/sdformat_vendor:/opt/ros/jazzy/opt/gz_gui_vendor:/opt/ros/jazzy/opt/gz_transport_vendor:/opt/ros/jazzy/opt/gz_rendering_vendor:/opt/ros/jazzy/opt/gz_plugin_vendor:/opt/ros/jazzy/opt/gz_fuel_tools_vendor:/opt/ros/jazzy/opt/gz_msgs_vendor:/opt/ros/jazzy/opt/gz_common_vendor:/opt/ros/jazzy/opt/gz_math_vendor:/opt/ros/jazzy/opt/gz_utils_vendor:/opt/ros/jazzy/opt/gz_tools_vendor:/opt/ros/jazzy/opt/gz_ogre_next_vendor:/opt/ros/jazzy/opt/gz_dartsim_vendor:/opt/ros/jazzy/opt/gz_cmake_vendor:/home/theo/arduinobot_ws/install/arduinobot_py_examples:/opt/ros/jazzy PYTHONPATH=/home/theo/arduinobot_ws/install/arduinobot_msgs/lib/python3.12/site-packages:/home/theo/arduinobot_ws/install/arduinobot_utils/lib/python3.12/site-packages:/home/theo/arduinobot_ws/install/arduinobot_py_examples/lib/python3.12/site-packages:/opt/ros/jazzy/lib/python3.12/site-packages /usr/bin/cmake --build /home/theo/arduinobot_ws/build/arduinobot_utils -- -j20 -l20
[1.080s] DEBUG:colcon.colcon_core.event_handler.log_command:Invoking command in '/home/theo/arduinobot_ws/build/arduinobot_utils': CMAKE_PREFIX_PATH=/home/theo/arduinobot_ws/install/arduinobot_msgs:/home/theo/arduinobot_ws/install/arduinobot_utils:/home/theo/arduinobot_ws/install/arduinobot_moveit:/home/theo/arduinobot_ws/install/arduinobot_description:/home/theo/arduinobot_ws/install/arduinobot_cpp_examples:/home/theo/arduinobot_ws/install/arduinobot_controller:/opt/ros/jazzy/opt/gz_sim_vendor:/opt/ros/jazzy/opt/gz_sensors_vendor:/opt/ros/jazzy/opt/gz_physics_vendor:/opt/ros/jazzy/opt/sdformat_vendor:/opt/ros/jazzy/opt/gz_gui_vendor:/opt/ros/jazzy/opt/gz_transport_vendor:/opt/ros/jazzy/opt/gz_rendering_vendor:/opt/ros/jazzy/opt/gz_plugin_vendor:/opt/ros/jazzy/opt/gz_fuel_tools_vendor:/opt/ros/jazzy/opt/gz_msgs_vendor:/opt/ros/jazzy/opt/gz_common_vendor:/opt/ros/jazzy/opt/gz_math_vendor:/opt/ros/jazzy/opt/gz_utils_vendor:/opt/ros/jazzy/opt/gz_tools_vendor:/opt/ros/jazzy/opt/gz_ogre_next_vendor:/opt/ros/jazzy/opt/gz_dartsim_vendor:/opt/ros/jazzy/opt/gz_cmake_vendor:/home/theo/arduinobot_ws/install/arduinobot_py_examples:/opt/ros/jazzy PYTHONPATH=/home/theo/arduinobot_ws/install/arduinobot_msgs/lib/python3.12/site-packages:/home/theo/arduinobot_ws/install/arduinobot_utils/lib/python3.12/site-packages:/home/theo/arduinobot_ws/install/arduinobot_py_examples/lib/python3.12/site-packages:/opt/ros/jazzy/lib/python3.12/site-packages /usr/bin/cmake --install /home/theo/arduinobot_ws/build/arduinobot_utils
[1.107s] Level 1:colcon.colcon_core.environment:create_environment_scripts_only(arduinobot_utils)
[1.107s] Level 1:colcon.colcon_core.environment:checking '/home/theo/arduinobot_ws/install/arduinobot_utils' for CMake module files
[1.108s] DEBUG:colcon.colcon_core.event_handler.log_command:Invoked command in '/home/theo/arduinobot_ws/build/arduinobot_utils' returned '0': CMAKE_PREFIX_PATH=/home/theo/arduinobot_ws/install/arduinobot_msgs:/home/theo/arduinobot_ws/install/arduinobot_utils:/home/theo/arduinobot_ws/install/arduinobot_moveit:/home/theo/arduinobot_ws/install/arduinobot_description:/home/theo/arduinobot_ws/install/arduinobot_cpp_examples:/home/theo/arduinobot_ws/install/arduinobot_controller:/opt/ros/jazzy/opt/gz_sim_vendor:/opt/ros/jazzy/opt/gz_sensors_vendor:/opt/ros/jazzy/opt/gz_physics_vendor:/opt/ros/jazzy/opt/sdformat_vendor:/opt/ros/jazzy/opt/gz_gui_vendor:/opt/ros/jazzy/opt/gz_transport_vendor:/opt/ros/jazzy/opt/gz_rendering_vendor:/opt/ros/jazzy/opt/gz_plugin_vendor:/opt/ros/jazzy/opt/gz_fuel_tools_vendor:/opt/ros/jazzy/opt/gz_msgs_vendor:/opt/ros/jazzy/opt/gz_common_vendor:/opt/ros/jazzy/opt/gz_math_vendor:/opt/ros/jazzy/opt/gz_utils_vendor:/opt/ros/jazzy/opt/gz_tools_vendor:/opt/ros/jazzy/opt/gz_ogre_next_vendor:/opt/ros/jazzy/opt/gz_dartsim_vendor:/opt/ros/jazzy/opt/gz_cmake_vendor:/home/theo/arduinobot_ws/install/arduinobot_py_examples:/opt/ros/jazzy PYTHONPATH=/home/theo/arduinobot_ws/install/arduinobot_msgs/lib/python3.12/site-packages:/home/theo/arduinobot_ws/install/arduinobot_utils/lib/python3.12/site-packages:/home/theo/arduinobot_ws/install/arduinobot_py_examples/lib/python3.12/site-packages:/opt/ros/jazzy/lib/python3.12/site-packages /usr/bin/cmake --install /home/theo/arduinobot_ws/build/arduinobot_utils
[1.108s] Level 1:colcon.colcon_core.environment:checking '/home/theo/arduinobot_ws/install/arduinobot_utils' for CMake config files
[1.109s] Level 1:colcon.colcon_core.shell:create_environment_hook('arduinobot_utils', 'cmake_prefix_path')
[1.109s] INFO:colcon.colcon_core.shell:Creating environment hook '/home/theo/arduinobot_ws/install/arduinobot_utils/share/arduinobot_utils/hook/cmake_prefix_path.ps1'
[1.110s] INFO:colcon.colcon_core.shell:Creating environment descriptor '/home/theo/arduinobot_ws/install/arduinobot_utils/share/arduinobot_utils/hook/cmake_prefix_path.dsv'
[1.110s] INFO:colcon.colcon_core.shell:Creating environment hook '/home/theo/arduinobot_ws/install/arduinobot_utils/share/arduinobot_utils/hook/cmake_prefix_path.sh'
[1.110s] Level 1:colcon.colcon_core.environment:checking '/home/theo/arduinobot_ws/install/arduinobot_utils/lib'
[1.110s] Level 1:colcon.colcon_core.environment:checking '/home/theo/arduinobot_ws/install/arduinobot_utils/bin'
[1.110s] Level 1:colcon.colcon_core.environment:checking '/home/theo/arduinobot_ws/install/arduinobot_utils/lib/pkgconfig/arduinobot_utils.pc'
[1.111s] Level 1:colcon.colcon_core.environment:checking '/home/theo/arduinobot_ws/install/arduinobot_utils/lib/python3.12/site-packages'
[1.111s] Level 1:colcon.colcon_core.shell:create_environment_hook('arduinobot_utils', 'pythonpath')
[1.111s] INFO:colcon.colcon_core.shell:Creating environment hook '/home/theo/arduinobot_ws/install/arduinobot_utils/share/arduinobot_utils/hook/pythonpath.ps1'
[1.111s] INFO:colcon.colcon_core.shell:Creating environment descriptor '/home/theo/arduinobot_ws/install/arduinobot_utils/share/arduinobot_utils/hook/pythonpath.dsv'
[1.111s] INFO:colcon.colcon_core.shell:Creating environment hook '/home/theo/arduinobot_ws/install/arduinobot_utils/share/arduinobot_utils/hook/pythonpath.sh'
[1.111s] Level 1:colcon.colcon_core.environment:checking '/home/theo/arduinobot_ws/install/arduinobot_utils/bin'
[1.111s] INFO:colcon.colcon_core.shell:Creating package script '/home/theo/arduinobot_ws/install/arduinobot_utils/share/arduinobot_utils/package.ps1'
[1.112s] INFO:colcon.colcon_core.shell:Creating package descriptor '/home/theo/arduinobot_ws/install/arduinobot_utils/share/arduinobot_utils/package.dsv'
[1.112s] INFO:colcon.colcon_core.shell:Creating package script '/home/theo/arduinobot_ws/install/arduinobot_utils/share/arduinobot_utils/package.sh'
[1.112s] INFO:colcon.colcon_core.shell:Creating package script '/home/theo/arduinobot_ws/install/arduinobot_utils/share/arduinobot_utils/package.bash'
[1.112s] INFO:colcon.colcon_core.shell:Creating package script '/home/theo/arduinobot_ws/install/arduinobot_utils/share/arduinobot_utils/package.zsh'
[1.112s] Level 1:colcon.colcon_core.environment:create_file_with_runtime_dependencies(/home/theo/arduinobot_ws/install/arduinobot_utils/share/colcon-core/packages/arduinobot_utils)
[1.113s] Level 1:colcon.colcon_core.environment:create_environment_scripts_only(arduinobot_utils)
[1.113s] Level 1:colcon.colcon_core.environment:checking '/home/theo/arduinobot_ws/install/arduinobot_utils' for CMake module files
[1.113s] Level 1:colcon.colcon_core.environment:checking '/home/theo/arduinobot_ws/install/arduinobot_utils' for CMake config files
[1.113s] Level 1:colcon.colcon_core.shell:create_environment_hook('arduinobot_utils', 'cmake_prefix_path')
[1.113s] INFO:colcon.colcon_core.shell:Creating environment hook '/home/theo/arduinobot_ws/install/arduinobot_utils/share/arduinobot_utils/hook/cmake_prefix_path.ps1'
[1.113s] INFO:colcon.colcon_core.shell:Creating environment descriptor '/home/theo/arduinobot_ws/install/arduinobot_utils/share/arduinobot_utils/hook/cmake_prefix_path.dsv'
[1.113s] INFO:colcon.colcon_core.shell:Creating environment hook '/home/theo/arduinobot_ws/install/arduinobot_utils/share/arduinobot_utils/hook/cmake_prefix_path.sh'
[1.114s] Level 1:colcon.colcon_core.environment:checking '/home/theo/arduinobot_ws/install/arduinobot_utils/lib'
[1.114s] Level 1:colcon.colcon_core.environment:checking '/home/theo/arduinobot_ws/install/arduinobot_utils/bin'
[1.114s] Level 1:colcon.colcon_core.environment:checking '/home/theo/arduinobot_ws/install/arduinobot_utils/lib/pkgconfig/arduinobot_utils.pc'
[1.114s] Level 1:colcon.colcon_core.environment:checking '/home/theo/arduinobot_ws/install/arduinobot_utils/lib/python3.12/site-packages'
[1.114s] Level 1:colcon.colcon_core.shell:create_environment_hook('arduinobot_utils', 'pythonpath')
[1.114s] INFO:colcon.colcon_core.shell:Creating environment hook '/home/theo/arduinobot_ws/install/arduinobot_utils/share/arduinobot_utils/hook/pythonpath.ps1'
[1.114s] INFO:colcon.colcon_core.shell:Creating environment descriptor '/home/theo/arduinobot_ws/install/arduinobot_utils/share/arduinobot_utils/hook/pythonpath.dsv'
[1.114s] INFO:colcon.colcon_core.shell:Creating environment hook '/home/theo/arduinobot_ws/install/arduinobot_utils/share/arduinobot_utils/hook/pythonpath.sh'
[1.115s] Level 1:colcon.colcon_core.environment:checking '/home/theo/arduinobot_ws/install/arduinobot_utils/bin'
[1.115s] INFO:colcon.colcon_core.shell:Creating package script '/home/theo/arduinobot_ws/install/arduinobot_utils/share/arduinobot_utils/package.ps1'
[1.115s] INFO:colcon.colcon_core.shell:Creating package descriptor '/home/theo/arduinobot_ws/install/arduinobot_utils/share/arduinobot_utils/package.dsv'
[1.115s] INFO:colcon.colcon_core.shell:Creating package script '/home/theo/arduinobot_ws/install/arduinobot_utils/share/arduinobot_utils/package.sh'
[1.115s] INFO:colcon.colcon_core.shell:Creating package script '/home/theo/arduinobot_ws/install/arduinobot_utils/share/arduinobot_utils/package.bash'
[1.116s] INFO:colcon.colcon_core.shell:Creating package script '/home/theo/arduinobot_ws/install/arduinobot_utils/share/arduinobot_utils/package.zsh'
[1.116s] Level 1:colcon.colcon_core.environment:create_file_with_runtime_dependencies(/home/theo/arduinobot_ws/install/arduinobot_utils/share/colcon-core/packages/arduinobot_utils)
[1.445s] DEBUG:colcon.colcon_core.event_handler.log_command:Invoking command in '/home/theo/arduinobot_ws/src/arduinobot_py_examples': CMAKE_PREFIX_PATH=/home/theo/arduinobot_ws/install/arduinobot_msgs:/home/theo/arduinobot_ws/install/arduinobot_utils:/home/theo/arduinobot_ws/install/arduinobot_moveit:/home/theo/arduinobot_ws/install/arduinobot_description:/home/theo/arduinobot_ws/install/arduinobot_cpp_examples:/home/theo/arduinobot_ws/install/arduinobot_controller:/opt/ros/jazzy/opt/gz_sim_vendor:/opt/ros/jazzy/opt/gz_sensors_vendor:/opt/ros/jazzy/opt/gz_physics_vendor:/opt/ros/jazzy/opt/sdformat_vendor:/opt/ros/jazzy/opt/gz_gui_vendor:/opt/ros/jazzy/opt/gz_transport_vendor:/opt/ros/jazzy/opt/gz_rendering_vendor:/opt/ros/jazzy/opt/gz_plugin_vendor:/opt/ros/jazzy/opt/gz_fuel_tools_vendor:/opt/ros/jazzy/opt/gz_msgs_vendor:/opt/ros/jazzy/opt/gz_common_vendor:/opt/ros/jazzy/opt/gz_math_vendor:/opt/ros/jazzy/opt/gz_utils_vendor:/opt/ros/jazzy/opt/gz_tools_vendor:/opt/ros/jazzy/opt/gz_ogre_next_vendor:/opt/ros/jazzy/opt/gz_dartsim_vendor:/opt/ros/jazzy/opt/gz_cmake_vendor PYTHONPATH=/home/theo/arduinobot_ws/build/arduinobot_py_examples/prefix_override:/usr/lib/python3/dist-packages/colcon_core/task/python/colcon_distutils_commands:/home/theo/arduinobot_ws/install/arduinobot_py_examples/lib/python3.12/site-packages:/home/theo/arduinobot_ws/install/arduinobot_msgs/lib/python3.12/site-packages:/home/theo/arduinobot_ws/install/arduinobot_utils/lib/python3.12/site-packages:/home/theo/arduinobot_ws/install/arduinobot_py_examples/lib/python3.12/site-packages:/opt/ros/jazzy/lib/python3.12/site-packages /usr/bin/python3 -W ignore:setup.py install is deprecated -W ignore:easy_install command is deprecated setup.py egg_info --egg-base ../../build/arduinobot_py_examples build --build-base /home/theo/arduinobot_ws/build/arduinobot_py_examples/build install --record /home/theo/arduinobot_ws/build/arduinobot_py_examples/install.log --single-version-externally-managed install_data
[1.709s] Level 1:colcon.colcon_core.environment:checking '/home/theo/arduinobot_ws/install/arduinobot_py_examples' for CMake module files
[1.710s] DEBUG:colcon.colcon_core.event_handler.log_command:Invoked command in '/home/theo/arduinobot_ws/src/arduinobot_py_examples' returned '0': CMAKE_PREFIX_PATH=/home/theo/arduinobot_ws/install/arduinobot_msgs:/home/theo/arduinobot_ws/install/arduinobot_utils:/home/theo/arduinobot_ws/install/arduinobot_moveit:/home/theo/arduinobot_ws/install/arduinobot_description:/home/theo/arduinobot_ws/install/arduinobot_cpp_examples:/home/theo/arduinobot_ws/install/arduinobot_controller:/opt/ros/jazzy/opt/gz_sim_vendor:/opt/ros/jazzy/opt/gz_sensors_vendor:/opt/ros/jazzy/opt/gz_physics_vendor:/opt/ros/jazzy/opt/sdformat_vendor:/opt/ros/jazzy/opt/gz_gui_vendor:/opt/ros/jazzy/opt/gz_transport_vendor:/opt/ros/jazzy/opt/gz_rendering_vendor:/opt/ros/jazzy/opt/gz_plugin_vendor:/opt/ros/jazzy/opt/gz_fuel_tools_vendor:/opt/ros/jazzy/opt/gz_msgs_vendor:/opt/ros/jazzy/opt/gz_common_vendor:/opt/ros/jazzy/opt/gz_math_vendor:/opt/ros/jazzy/opt/gz_utils_vendor:/opt/ros/jazzy/opt/gz_tools_vendor:/opt/ros/jazzy/opt/gz_ogre_next_vendor:/opt/ros/jazzy/opt/gz_dartsim_vendor:/opt/ros/jazzy/opt/gz_cmake_vendor PYTHONPATH=/home/theo/arduinobot_ws/build/arduinobot_py_examples/prefix_override:/usr/lib/python3/dist-packages/colcon_core/task/python/colcon_distutils_commands:/home/theo/arduinobot_ws/install/arduinobot_py_examples/lib/python3.12/site-packages:/home/theo/arduinobot_ws/install/arduinobot_msgs/lib/python3.12/site-packages:/home/theo/arduinobot_ws/install/arduinobot_utils/lib/python3.12/site-packages:/home/theo/arduinobot_ws/install/arduinobot_py_examples/lib/python3.12/site-packages:/opt/ros/jazzy/lib/python3.12/site-packages /usr/bin/python3 -W ignore:setup.py install is deprecated -W ignore:easy_install command is deprecated setup.py egg_info --egg-base ../../build/arduinobot_py_examples build --build-base /home/theo/arduinobot_ws/build/arduinobot_py_examples/build install --record /home/theo/arduinobot_ws/build/arduinobot_py_examples/install.log --single-version-externally-managed install_data
[1.710s] Level 1:colcon.colcon_core.environment:checking '/home/theo/arduinobot_ws/install/arduinobot_py_examples' for CMake config files
[1.712s] Level 1:colcon.colcon_core.environment:checking '/home/theo/arduinobot_ws/install/arduinobot_py_examples/lib'
[1.712s] Level 1:colcon.colcon_core.environment:checking '/home/theo/arduinobot_ws/install/arduinobot_py_examples/bin'
[1.712s] Level 1:colcon.colcon_core.environment:checking '/home/theo/arduinobot_ws/install/arduinobot_py_examples/lib/pkgconfig/arduinobot_py_examples.pc'
[1.712s] Level 1:colcon.colcon_core.environment:checking '/home/theo/arduinobot_ws/install/arduinobot_py_examples/lib/python3.12/site-packages'
[1.712s] Level 1:colcon.colcon_core.shell:create_environment_hook('arduinobot_py_examples', 'pythonpath')
[1.712s] INFO:colcon.colcon_core.shell:Creating environment hook '/home/theo/arduinobot_ws/install/arduinobot_py_examples/share/arduinobot_py_examples/hook/pythonpath.ps1'
[1.712s] INFO:colcon.colcon_core.shell:Creating environment descriptor '/home/theo/arduinobot_ws/install/arduinobot_py_examples/share/arduinobot_py_examples/hook/pythonpath.dsv'
[1.713s] INFO:colcon.colcon_core.shell:Creating environment hook '/home/theo/arduinobot_ws/install/arduinobot_py_examples/share/arduinobot_py_examples/hook/pythonpath.sh'
[1.713s] Level 1:colcon.colcon_core.environment:checking '/home/theo/arduinobot_ws/install/arduinobot_py_examples/bin'
[1.713s] Level 1:colcon.colcon_core.environment:create_environment_scripts_only(arduinobot_py_examples)
[1.713s] INFO:colcon.colcon_core.shell:Creating package script '/home/theo/arduinobot_ws/install/arduinobot_py_examples/share/arduinobot_py_examples/package.ps1'
[1.713s] INFO:colcon.colcon_core.shell:Creating package descriptor '/home/theo/arduinobot_ws/install/arduinobot_py_examples/share/arduinobot_py_examples/package.dsv'
[1.713s] INFO:colcon.colcon_core.shell:Creating package script '/home/theo/arduinobot_ws/install/arduinobot_py_examples/share/arduinobot_py_examples/package.sh'
[1.713s] INFO:colcon.colcon_core.shell:Creating package script '/home/theo/arduinobot_ws/install/arduinobot_py_examples/share/arduinobot_py_examples/package.bash'
[1.714s] INFO:colcon.colcon_core.shell:Creating package script '/home/theo/arduinobot_ws/install/arduinobot_py_examples/share/arduinobot_py_examples/package.zsh'
[1.714s] Level 1:colcon.colcon_core.environment:create_file_with_runtime_dependencies(/home/theo/arduinobot_ws/install/arduinobot_py_examples/share/colcon-core/packages/arduinobot_py_examples)
[1.714s] DEBUG:colcon.colcon_parallel_executor.executor.parallel:closing loop
[1.714s] DEBUG:colcon.colcon_parallel_executor.executor.parallel:loop closed
[1.714s] DEBUG:colcon.colcon_parallel_executor.executor.parallel:run_until_complete finished with '0'
[1.714s] DEBUG:colcon.colcon_core.event_reactor:joining thread
[1.752s] INFO:colcon.colcon_core.plugin_system:Skipping extension 'colcon_notification.desktop_notification.notify_send': Could not find 'notify-send'
[1.752s] INFO:colcon.colcon_core.plugin_system:Skipping extension 'colcon_notification.desktop_notification.terminal_notifier': Not used on non-Darwin systems
[1.752s] INFO:colcon.colcon_core.plugin_system:Skipping extension 'colcon_notification.desktop_notification.win32': Not used on non-Windows systems
[1.752s] INFO:colcon.colcon_notification.desktop_notification:Sending desktop notification using 'notify2'
[1.753s] DEBUG:colcon.colcon_notification.desktop_notification.notify2:Failed to initialize notify2: org.freedesktop.DBus.Error.ServiceUnknown: The name org.freedesktop.Notifications was not provided by any .service files
[1.753s] DEBUG:colcon.colcon_core.event_reactor:joined thread
[1.754s] INFO:colcon.colcon_core.shell:Creating prefix script '/home/theo/arduinobot_ws/install/local_setup.ps1'
[1.754s] INFO:colcon.colcon_core.shell:Creating prefix util module '/home/theo/arduinobot_ws/install/_local_setup_util_ps1.py'
[1.755s] INFO:colcon.colcon_core.shell:Creating prefix chain script '/home/theo/arduinobot_ws/install/setup.ps1'
[1.756s] INFO:colcon.colcon_core.shell:Creating prefix script '/home/theo/arduinobot_ws/install/local_setup.sh'
[1.756s] INFO:colcon.colcon_core.shell:Creating prefix util module '/home/theo/arduinobot_ws/install/_local_setup_util_sh.py'
[1.756s] INFO:colcon.colcon_core.shell:Creating prefix chain script '/home/theo/arduinobot_ws/install/setup.sh'
[1.757s] INFO:colcon.colcon_core.shell:Creating prefix script '/home/theo/arduinobot_ws/install/local_setup.bash'
[1.757s] INFO:colcon.colcon_core.shell:Creating prefix chain script '/home/theo/arduinobot_ws/install/setup.bash'
[1.758s] INFO:colcon.colcon_core.shell:Creating prefix script '/home/theo/arduinobot_ws/install/local_setup.zsh'
[1.758s] INFO:colcon.colcon_core.shell:Creating prefix chain script '/home/theo/arduinobot_ws/install/setup.zsh'
