[0.020s] Invoking command in '/home/theo/arduinobot_ws/build/arduinobot_controller': CMAKE_PREFIX_PATH=${CMAKE_PREFIX_PATH}:/home/theo/arduinobot_ws/install/arduinobot_py_examples:/opt/ros/jazzy /usr/bin/cmake --build /home/theo/arduinobot_ws/build/arduinobot_controller -- -j20 -l20
[0.046s] Invoked command in '/home/theo/arduinobot_ws/build/arduinobot_controller' returned '0': CMAKE_PREFIX_PATH=${CMAKE_PREFIX_PATH}:/home/theo/arduinobot_ws/install/arduinobot_py_examples:/opt/ros/jazzy /usr/bin/cmake --build /home/theo/arduinobot_ws/build/arduinobot_controller -- -j20 -l20
[0.057s] Invoking command in '/home/theo/arduinobot_ws/build/arduinobot_controller': CMAKE_PREFIX_PATH=${CMAKE_PREFIX_PATH}:/home/theo/arduinobot_ws/install/arduinobot_py_examples:/opt/ros/jazzy /usr/bin/cmake --install /home/theo/arduinobot_ws/build/arduinobot_controller
[0.057s] -- Install configuration: ""
[0.057s] -- Up-to-date: /home/theo/arduinobot_ws/install/arduinobot_controller/include/include
[0.057s] -- Up-to-date: /home/theo/arduinobot_ws/install/arduinobot_controller/include/include/arduinobot_controller
[0.058s] -- Up-to-date: /home/theo/arduinobot_ws/install/arduinobot_controller/include/include/arduinobot_controller/arduinobot_interface.hpp
[0.058s] -- Up-to-date: /home/theo/arduinobot_ws/install/arduinobot_controller/share/arduinobot_controller/config
[0.058s] -- Up-to-date: /home/theo/arduinobot_ws/install/arduinobot_controller/share/arduinobot_controller/config/arduinobot_controllers.yaml
[0.058s] -- Up-to-date: /home/theo/arduinobot_ws/install/arduinobot_controller/share/arduinobot_controller/launch
[0.058s] -- Up-to-date: /home/theo/arduinobot_ws/install/arduinobot_controller/share/arduinobot_controller/launch/slider_controller.launch.py
[0.059s] -- Up-to-date: /home/theo/arduinobot_ws/install/arduinobot_controller/share/arduinobot_controller/launch/controller.launch.py
[0.059s] -- Up-to-date: /home/theo/arduinobot_ws/install/arduinobot_controller/share/ament_index/resource_index/package_run_dependencies/arduinobot_controller
[0.059s] -- Up-to-date: /home/theo/arduinobot_ws/install/arduinobot_controller/share/ament_index/resource_index/parent_prefix_path/arduinobot_controller
[0.060s] -- Up-to-date: /home/theo/arduinobot_ws/install/arduinobot_controller/share/arduinobot_controller/environment/ament_prefix_path.sh
[0.060s] -- Up-to-date: /home/theo/arduinobot_ws/install/arduinobot_controller/share/arduinobot_controller/environment/ament_prefix_path.dsv
[0.062s] -- Up-to-date: /home/theo/arduinobot_ws/install/arduinobot_controller/share/arduinobot_controller/environment/path.sh
[0.063s] -- Up-to-date: /home/theo/arduinobot_ws/install/arduinobot_controller/share/arduinobot_controller/environment/path.dsv
[0.063s] -- Up-to-date: /home/theo/arduinobot_ws/install/arduinobot_controller/share/arduinobot_controller/local_setup.bash
[0.063s] -- Up-to-date: /home/theo/arduinobot_ws/install/arduinobot_controller/share/arduinobot_controller/local_setup.sh
[0.063s] -- Up-to-date: /home/theo/arduinobot_ws/install/arduinobot_controller/share/arduinobot_controller/local_setup.zsh
[0.064s] -- Up-to-date: /home/theo/arduinobot_ws/install/arduinobot_controller/share/arduinobot_controller/local_setup.dsv
[0.064s] -- Installing: /home/theo/arduinobot_ws/install/arduinobot_controller/share/arduinobot_controller/package.dsv
[0.064s] -- Up-to-date: /home/theo/arduinobot_ws/install/arduinobot_controller/share/ament_index/resource_index/packages/arduinobot_controller
[0.065s] -- Up-to-date: /home/theo/arduinobot_ws/install/arduinobot_controller/share/arduinobot_controller/cmake/arduinobot_controllerConfig.cmake
[0.065s] -- Up-to-date: /home/theo/arduinobot_ws/install/arduinobot_controller/share/arduinobot_controller/cmake/arduinobot_controllerConfig-version.cmake
[0.065s] -- Up-to-date: /home/theo/arduinobot_ws/install/arduinobot_controller/share/arduinobot_controller/package.xml
[0.093s] Invoked command in '/home/theo/arduinobot_ws/build/arduinobot_controller' returned '0': CMAKE_PREFIX_PATH=${CMAKE_PREFIX_PATH}:/home/theo/arduinobot_ws/install/arduinobot_py_examples:/opt/ros/jazzy /usr/bin/cmake --install /home/theo/arduinobot_ws/build/arduinobot_controller
