[0.192s] Invoking command in '/home/theo/arduinobot_ws/src/build/arduinobot_remote': AMENT_PREFIX_PATH=/home/theo/arduinobot_ws/src/install/arduinobot_moveit:/home/theo/arduinobot_ws/src/install/arduinobot_msgs:/home/theo/arduinobot_ws/src/install/arduinobot_description:${AMENT_PREFIX_PATH} CMAKE_PREFIX_PATH=/home/theo/arduinobot_ws/src/install/arduinobot_moveit:/home/theo/arduinobot_ws/src/install/arduinobot_msgs:/home/theo/arduinobot_ws/src/install/arduinobot_description:/opt/ros/jazzy/opt/gz_sim_vendor:/opt/ros/jazzy/opt/gz_sensors_vendor:/opt/ros/jazzy/opt/gz_physics_vendor:/opt/ros/jazzy/opt/sdformat_vendor:/opt/ros/jazzy/opt/gz_gui_vendor:/opt/ros/jazzy/opt/gz_transport_vendor:/opt/ros/jazzy/opt/gz_rendering_vendor:/opt/ros/jazzy/opt/gz_plugin_vendor:/opt/ros/jazzy/opt/gz_fuel_tools_vendor:/opt/ros/jazzy/opt/gz_msgs_vendor:/opt/ros/jazzy/opt/gz_common_vendor:/opt/ros/jazzy/opt/gz_math_vendor:/opt/ros/jazzy/opt/gz_utils_vendor:/opt/ros/jazzy/opt/gz_tools_vendor:/opt/ros/jazzy/opt/gz_ogre_next_vendor:/opt/ros/jazzy/opt/gz_dartsim_vendor:/opt/ros/jazzy/opt/gz_cmake_vendor:/opt/ros/jazzy LD_LIBRARY_PATH=/home/theo/arduinobot_ws/src/install/arduinobot_msgs/lib:${LD_LIBRARY_PATH} PYTHONPATH=/home/theo/arduinobot_ws/src/install/arduinobot_msgs/lib/python3.12/site-packages:${PYTHONPATH} /usr/bin/cmake /home/theo/arduinobot_ws/src/arduinobot_remote -DCMAKE_INSTALL_PREFIX=/home/theo/arduinobot_ws/src/install/arduinobot_remote
[0.275s] -- The C compiler identification is GNU 13.3.0
[0.758s] -- The CXX compiler identification is GNU 13.3.0
[1.207s] -- Detecting C compiler ABI info
[1.359s] -- Detecting C compiler ABI info - done
[1.364s] -- Check for working C compiler: /usr/bin/cc - skipped
[1.365s] -- Detecting C compile features
[1.365s] -- Detecting C compile features - done
[1.427s] -- Detecting CXX compiler ABI info
[1.600s] -- Detecting CXX compiler ABI info - done
[1.605s] -- Check for working CXX compiler: /usr/bin/c++ - skipped
[1.605s] -- Detecting CXX compile features
[1.605s] -- Detecting CXX compile features - done
[1.608s] -- Found ament_cmake: 2.5.4 (/opt/ros/jazzy/share/ament_cmake/cmake)
[1.700s] -- Found Python3: /usr/bin/python3 (found version "3.12.3") found components: Interpreter 
[1.773s] -- Found rclpy: 7.1.4 (/opt/ros/jazzy/share/rclpy/cmake)
[1.774s] -- Found arduinobot_msgs: 0.0.0 (/home/theo/arduinobot_ws/src/install/arduinobot_msgs/share/arduinobot_msgs/cmake)
[1.903s] -- Found rosidl_generator_c: 4.6.5 (/opt/ros/jazzy/share/rosidl_generator_c/cmake)
[1.918s] -- Found rosidl_generator_cpp: 4.6.5 (/opt/ros/jazzy/share/rosidl_generator_cpp/cmake)
[1.930s] -- Using all available rosidl_typesupport_c: rosidl_typesupport_fastrtps_c;rosidl_typesupport_introspection_c
[1.945s] -- Using all available rosidl_typesupport_cpp: rosidl_typesupport_fastrtps_cpp;rosidl_typesupport_introspection_cpp
[2.077s] -- Found ament_lint_auto: 0.17.2 (/opt/ros/jazzy/share/ament_lint_auto/cmake)
[2.150s] -- Added test 'flake8' to check Python code syntax and style conventions
[2.150s] -- Configured 'flake8' exclude dirs and/or files: 
[2.151s] -- Added test 'lint_cmake' to check CMake code style
[2.151s] -- Added test 'pep257' to check Python code against some of the docstring style conventions in PEP 257
[2.152s] -- Added test 'xmllint' to check XML markup files
[2.153s] -- Configuring done (2.0s)
[2.157s] -- Generating done (0.0s)
[2.158s] -- Build files have been written to: /home/theo/arduinobot_ws/src/build/arduinobot_remote
[2.164s] Invoked command in '/home/theo/arduinobot_ws/src/build/arduinobot_remote' returned '0': AMENT_PREFIX_PATH=/home/theo/arduinobot_ws/src/install/arduinobot_moveit:/home/theo/arduinobot_ws/src/install/arduinobot_msgs:/home/theo/arduinobot_ws/src/install/arduinobot_description:${AMENT_PREFIX_PATH} CMAKE_PREFIX_PATH=/home/theo/arduinobot_ws/src/install/arduinobot_moveit:/home/theo/arduinobot_ws/src/install/arduinobot_msgs:/home/theo/arduinobot_ws/src/install/arduinobot_description:/opt/ros/jazzy/opt/gz_sim_vendor:/opt/ros/jazzy/opt/gz_sensors_vendor:/opt/ros/jazzy/opt/gz_physics_vendor:/opt/ros/jazzy/opt/sdformat_vendor:/opt/ros/jazzy/opt/gz_gui_vendor:/opt/ros/jazzy/opt/gz_transport_vendor:/opt/ros/jazzy/opt/gz_rendering_vendor:/opt/ros/jazzy/opt/gz_plugin_vendor:/opt/ros/jazzy/opt/gz_fuel_tools_vendor:/opt/ros/jazzy/opt/gz_msgs_vendor:/opt/ros/jazzy/opt/gz_common_vendor:/opt/ros/jazzy/opt/gz_math_vendor:/opt/ros/jazzy/opt/gz_utils_vendor:/opt/ros/jazzy/opt/gz_tools_vendor:/opt/ros/jazzy/opt/gz_ogre_next_vendor:/opt/ros/jazzy/opt/gz_dartsim_vendor:/opt/ros/jazzy/opt/gz_cmake_vendor:/opt/ros/jazzy LD_LIBRARY_PATH=/home/theo/arduinobot_ws/src/install/arduinobot_msgs/lib:${LD_LIBRARY_PATH} PYTHONPATH=/home/theo/arduinobot_ws/src/install/arduinobot_msgs/lib/python3.12/site-packages:${PYTHONPATH} /usr/bin/cmake /home/theo/arduinobot_ws/src/arduinobot_remote -DCMAKE_INSTALL_PREFIX=/home/theo/arduinobot_ws/src/install/arduinobot_remote
[2.165s] Invoking command in '/home/theo/arduinobot_ws/src/build/arduinobot_remote': AMENT_PREFIX_PATH=/home/theo/arduinobot_ws/src/install/arduinobot_moveit:/home/theo/arduinobot_ws/src/install/arduinobot_msgs:/home/theo/arduinobot_ws/src/install/arduinobot_description:${AMENT_PREFIX_PATH} CMAKE_PREFIX_PATH=/home/theo/arduinobot_ws/src/install/arduinobot_moveit:/home/theo/arduinobot_ws/src/install/arduinobot_msgs:/home/theo/arduinobot_ws/src/install/arduinobot_description:/opt/ros/jazzy/opt/gz_sim_vendor:/opt/ros/jazzy/opt/gz_sensors_vendor:/opt/ros/jazzy/opt/gz_physics_vendor:/opt/ros/jazzy/opt/sdformat_vendor:/opt/ros/jazzy/opt/gz_gui_vendor:/opt/ros/jazzy/opt/gz_transport_vendor:/opt/ros/jazzy/opt/gz_rendering_vendor:/opt/ros/jazzy/opt/gz_plugin_vendor:/opt/ros/jazzy/opt/gz_fuel_tools_vendor:/opt/ros/jazzy/opt/gz_msgs_vendor:/opt/ros/jazzy/opt/gz_common_vendor:/opt/ros/jazzy/opt/gz_math_vendor:/opt/ros/jazzy/opt/gz_utils_vendor:/opt/ros/jazzy/opt/gz_tools_vendor:/opt/ros/jazzy/opt/gz_ogre_next_vendor:/opt/ros/jazzy/opt/gz_dartsim_vendor:/opt/ros/jazzy/opt/gz_cmake_vendor:/opt/ros/jazzy LD_LIBRARY_PATH=/home/theo/arduinobot_ws/src/install/arduinobot_msgs/lib:${LD_LIBRARY_PATH} PYTHONPATH=/home/theo/arduinobot_ws/src/install/arduinobot_msgs/lib/python3.12/site-packages:${PYTHONPATH} /usr/bin/cmake --build /home/theo/arduinobot_ws/src/build/arduinobot_remote -- -j20 -l20
[2.202s] Built target ament_cmake_python_copy_arduinobot_remote
[2.330s] running egg_info
[2.331s] creating arduinobot_remote.egg-info
[2.342s] writing arduinobot_remote.egg-info/PKG-INFO
[2.342s] writing dependency_links to arduinobot_remote.egg-info/dependency_links.txt
[2.342s] writing top-level names to arduinobot_remote.egg-info/top_level.txt
[2.342s] writing manifest file 'arduinobot_remote.egg-info/SOURCES.txt'
[2.375s] reading manifest file 'arduinobot_remote.egg-info/SOURCES.txt'
[2.375s] writing manifest file 'arduinobot_remote.egg-info/SOURCES.txt'
[2.391s] Built target ament_cmake_python_build_arduinobot_remote_egg
[2.398s] Invoked command in '/home/theo/arduinobot_ws/src/build/arduinobot_remote' returned '0': AMENT_PREFIX_PATH=/home/theo/arduinobot_ws/src/install/arduinobot_moveit:/home/theo/arduinobot_ws/src/install/arduinobot_msgs:/home/theo/arduinobot_ws/src/install/arduinobot_description:${AMENT_PREFIX_PATH} CMAKE_PREFIX_PATH=/home/theo/arduinobot_ws/src/install/arduinobot_moveit:/home/theo/arduinobot_ws/src/install/arduinobot_msgs:/home/theo/arduinobot_ws/src/install/arduinobot_description:/opt/ros/jazzy/opt/gz_sim_vendor:/opt/ros/jazzy/opt/gz_sensors_vendor:/opt/ros/jazzy/opt/gz_physics_vendor:/opt/ros/jazzy/opt/sdformat_vendor:/opt/ros/jazzy/opt/gz_gui_vendor:/opt/ros/jazzy/opt/gz_transport_vendor:/opt/ros/jazzy/opt/gz_rendering_vendor:/opt/ros/jazzy/opt/gz_plugin_vendor:/opt/ros/jazzy/opt/gz_fuel_tools_vendor:/opt/ros/jazzy/opt/gz_msgs_vendor:/opt/ros/jazzy/opt/gz_common_vendor:/opt/ros/jazzy/opt/gz_math_vendor:/opt/ros/jazzy/opt/gz_utils_vendor:/opt/ros/jazzy/opt/gz_tools_vendor:/opt/ros/jazzy/opt/gz_ogre_next_vendor:/opt/ros/jazzy/opt/gz_dartsim_vendor:/opt/ros/jazzy/opt/gz_cmake_vendor:/opt/ros/jazzy LD_LIBRARY_PATH=/home/theo/arduinobot_ws/src/install/arduinobot_msgs/lib:${LD_LIBRARY_PATH} PYTHONPATH=/home/theo/arduinobot_ws/src/install/arduinobot_msgs/lib/python3.12/site-packages:${PYTHONPATH} /usr/bin/cmake --build /home/theo/arduinobot_ws/src/build/arduinobot_remote -- -j20 -l20
[2.399s] Invoking command in '/home/theo/arduinobot_ws/src/build/arduinobot_remote': AMENT_PREFIX_PATH=/home/theo/arduinobot_ws/src/install/arduinobot_moveit:/home/theo/arduinobot_ws/src/install/arduinobot_msgs:/home/theo/arduinobot_ws/src/install/arduinobot_description:${AMENT_PREFIX_PATH} CMAKE_PREFIX_PATH=/home/theo/arduinobot_ws/src/install/arduinobot_moveit:/home/theo/arduinobot_ws/src/install/arduinobot_msgs:/home/theo/arduinobot_ws/src/install/arduinobot_description:/opt/ros/jazzy/opt/gz_sim_vendor:/opt/ros/jazzy/opt/gz_sensors_vendor:/opt/ros/jazzy/opt/gz_physics_vendor:/opt/ros/jazzy/opt/sdformat_vendor:/opt/ros/jazzy/opt/gz_gui_vendor:/opt/ros/jazzy/opt/gz_transport_vendor:/opt/ros/jazzy/opt/gz_rendering_vendor:/opt/ros/jazzy/opt/gz_plugin_vendor:/opt/ros/jazzy/opt/gz_fuel_tools_vendor:/opt/ros/jazzy/opt/gz_msgs_vendor:/opt/ros/jazzy/opt/gz_common_vendor:/opt/ros/jazzy/opt/gz_math_vendor:/opt/ros/jazzy/opt/gz_utils_vendor:/opt/ros/jazzy/opt/gz_tools_vendor:/opt/ros/jazzy/opt/gz_ogre_next_vendor:/opt/ros/jazzy/opt/gz_dartsim_vendor:/opt/ros/jazzy/opt/gz_cmake_vendor:/opt/ros/jazzy LD_LIBRARY_PATH=/home/theo/arduinobot_ws/src/install/arduinobot_msgs/lib:${LD_LIBRARY_PATH} PYTHONPATH=/home/theo/arduinobot_ws/src/install/arduinobot_msgs/lib/python3.12/site-packages:${PYTHONPATH} /usr/bin/cmake --install /home/theo/arduinobot_ws/src/build/arduinobot_remote
[2.403s] -- Install configuration: ""
[2.403s] -- Installing: /home/theo/arduinobot_ws/src/install/arduinobot_remote/share/arduinobot_remote/environment/pythonpath.sh
[2.404s] -- Installing: /home/theo/arduinobot_ws/src/install/arduinobot_remote/share/arduinobot_remote/environment/pythonpath.dsv
[2.404s] -- Installing: /home/theo/arduinobot_ws/src/install/arduinobot_remote/lib/python3.12/site-packages/arduinobot_remote-0.0.0-py3.12.egg-info
[2.404s] -- Installing: /home/theo/arduinobot_ws/src/install/arduinobot_remote/lib/python3.12/site-packages/arduinobot_remote-0.0.0-py3.12.egg-info/dependency_links.txt
[2.404s] -- Installing: /home/theo/arduinobot_ws/src/install/arduinobot_remote/lib/python3.12/site-packages/arduinobot_remote-0.0.0-py3.12.egg-info/top_level.txt
[2.404s] -- Installing: /home/theo/arduinobot_ws/src/install/arduinobot_remote/lib/python3.12/site-packages/arduinobot_remote-0.0.0-py3.12.egg-info/SOURCES.txt
[2.404s] -- Installing: /home/theo/arduinobot_ws/src/install/arduinobot_remote/lib/python3.12/site-packages/arduinobot_remote-0.0.0-py3.12.egg-info/PKG-INFO
[2.404s] -- Installing: /home/theo/arduinobot_ws/src/install/arduinobot_remote/lib/python3.12/site-packages/arduinobot_remote
[2.404s] -- Installing: /home/theo/arduinobot_ws/src/install/arduinobot_remote/lib/python3.12/site-packages/arduinobot_remote/task_server.py
[2.404s] -- Installing: /home/theo/arduinobot_ws/src/install/arduinobot_remote/lib/python3.12/site-packages/arduinobot_remote/alexa_interface.py
[2.404s] -- Installing: /home/theo/arduinobot_ws/src/install/arduinobot_remote/lib/python3.12/site-packages/arduinobot_remote/__init__.py
[2.427s] Listing '/home/theo/arduinobot_ws/src/install/arduinobot_remote/lib/python3.12/site-packages/arduinobot_remote'...
[2.427s] Compiling '/home/theo/arduinobot_ws/src/install/arduinobot_remote/lib/python3.12/site-packages/arduinobot_remote/__init__.py'...
[2.427s] Compiling '/home/theo/arduinobot_ws/src/install/arduinobot_remote/lib/python3.12/site-packages/arduinobot_remote/alexa_interface.py'...
[2.427s] Compiling '/home/theo/arduinobot_ws/src/install/arduinobot_remote/lib/python3.12/site-packages/arduinobot_remote/task_server.py'...
[2.430s] -- Installing: /home/theo/arduinobot_ws/src/install/arduinobot_remote/lib/arduinobot_remote/task_server.py
[2.430s] -- Installing: /home/theo/arduinobot_ws/src/install/arduinobot_remote/lib/arduinobot_remote/alexa_interface.py
[2.430s] -- Installing: /home/theo/arduinobot_ws/src/install/arduinobot_remote/share/arduinobot_remote/launch
[2.430s] -- Installing: /home/theo/arduinobot_ws/src/install/arduinobot_remote/share/arduinobot_remote/launch/remote_interface.launch.py
[2.430s] -- Installing: /home/theo/arduinobot_ws/src/install/arduinobot_remote/share/ament_index/resource_index/package_run_dependencies/arduinobot_remote
[2.430s] -- Installing: /home/theo/arduinobot_ws/src/install/arduinobot_remote/share/ament_index/resource_index/parent_prefix_path/arduinobot_remote
[2.430s] -- Installing: /home/theo/arduinobot_ws/src/install/arduinobot_remote/share/arduinobot_remote/environment/ament_prefix_path.sh
[2.431s] -- Installing: /home/theo/arduinobot_ws/src/install/arduinobot_remote/share/arduinobot_remote/environment/ament_prefix_path.dsv
[2.431s] -- Installing: /home/theo/arduinobot_ws/src/install/arduinobot_remote/share/arduinobot_remote/environment/path.sh
[2.431s] -- Installing: /home/theo/arduinobot_ws/src/install/arduinobot_remote/share/arduinobot_remote/environment/path.dsv
[2.431s] -- Installing: /home/theo/arduinobot_ws/src/install/arduinobot_remote/share/arduinobot_remote/local_setup.bash
[2.431s] -- Installing: /home/theo/arduinobot_ws/src/install/arduinobot_remote/share/arduinobot_remote/local_setup.sh
[2.431s] -- Installing: /home/theo/arduinobot_ws/src/install/arduinobot_remote/share/arduinobot_remote/local_setup.zsh
[2.431s] -- Installing: /home/theo/arduinobot_ws/src/install/arduinobot_remote/share/arduinobot_remote/local_setup.dsv
[2.431s] -- Installing: /home/theo/arduinobot_ws/src/install/arduinobot_remote/share/arduinobot_remote/package.dsv
[2.431s] -- Installing: /home/theo/arduinobot_ws/src/install/arduinobot_remote/share/ament_index/resource_index/packages/arduinobot_remote
[2.431s] -- Installing: /home/theo/arduinobot_ws/src/install/arduinobot_remote/share/arduinobot_remote/cmake/arduinobot_remoteConfig.cmake
[2.432s] -- Installing: /home/theo/arduinobot_ws/src/install/arduinobot_remote/share/arduinobot_remote/cmake/arduinobot_remoteConfig-version.cmake
[2.432s] -- Installing: /home/theo/arduinobot_ws/src/install/arduinobot_remote/share/arduinobot_remote/package.xml
[2.433s] Invoked command in '/home/theo/arduinobot_ws/src/build/arduinobot_remote' returned '0': AMENT_PREFIX_PATH=/home/theo/arduinobot_ws/src/install/arduinobot_moveit:/home/theo/arduinobot_ws/src/install/arduinobot_msgs:/home/theo/arduinobot_ws/src/install/arduinobot_description:${AMENT_PREFIX_PATH} CMAKE_PREFIX_PATH=/home/theo/arduinobot_ws/src/install/arduinobot_moveit:/home/theo/arduinobot_ws/src/install/arduinobot_msgs:/home/theo/arduinobot_ws/src/install/arduinobot_description:/opt/ros/jazzy/opt/gz_sim_vendor:/opt/ros/jazzy/opt/gz_sensors_vendor:/opt/ros/jazzy/opt/gz_physics_vendor:/opt/ros/jazzy/opt/sdformat_vendor:/opt/ros/jazzy/opt/gz_gui_vendor:/opt/ros/jazzy/opt/gz_transport_vendor:/opt/ros/jazzy/opt/gz_rendering_vendor:/opt/ros/jazzy/opt/gz_plugin_vendor:/opt/ros/jazzy/opt/gz_fuel_tools_vendor:/opt/ros/jazzy/opt/gz_msgs_vendor:/opt/ros/jazzy/opt/gz_common_vendor:/opt/ros/jazzy/opt/gz_math_vendor:/opt/ros/jazzy/opt/gz_utils_vendor:/opt/ros/jazzy/opt/gz_tools_vendor:/opt/ros/jazzy/opt/gz_ogre_next_vendor:/opt/ros/jazzy/opt/gz_dartsim_vendor:/opt/ros/jazzy/opt/gz_cmake_vendor:/opt/ros/jazzy LD_LIBRARY_PATH=/home/theo/arduinobot_ws/src/install/arduinobot_msgs/lib:${LD_LIBRARY_PATH} PYTHONPATH=/home/theo/arduinobot_ws/src/install/arduinobot_msgs/lib/python3.12/site-packages:${PYTHONPATH} /usr/bin/cmake --install /home/theo/arduinobot_ws/src/build/arduinobot_remote
