[0.799s] Invoking command in '/home/theo/arduinobot_ws/src/arduinobot_py_examples': CMAKE_PREFIX_PATH=/home/theo/arduinobot_ws/install/arduinobot_msgs:/home/theo/arduinobot_ws/install/arduinobot_utils:/home/theo/arduinobot_ws/install/arduinobot_moveit:/home/theo/arduinobot_ws/install/arduinobot_description:/home/theo/arduinobot_ws/install/arduinobot_cpp_examples:/home/theo/arduinobot_ws/install/arduinobot_controller:/opt/ros/jazzy/opt/gz_sim_vendor:/opt/ros/jazzy/opt/gz_sensors_vendor:/opt/ros/jazzy/opt/gz_physics_vendor:/opt/ros/jazzy/opt/sdformat_vendor:/opt/ros/jazzy/opt/gz_gui_vendor:/opt/ros/jazzy/opt/gz_transport_vendor:/opt/ros/jazzy/opt/gz_rendering_vendor:/opt/ros/jazzy/opt/gz_plugin_vendor:/opt/ros/jazzy/opt/gz_fuel_tools_vendor:/opt/ros/jazzy/opt/gz_msgs_vendor:/opt/ros/jazzy/opt/gz_common_vendor:/opt/ros/jazzy/opt/gz_math_vendor:/opt/ros/jazzy/opt/gz_utils_vendor:/opt/ros/jazzy/opt/gz_tools_vendor:/opt/ros/jazzy/opt/gz_ogre_next_vendor:/opt/ros/jazzy/opt/gz_dartsim_vendor:/opt/ros/jazzy/opt/gz_cmake_vendor PYTHONPATH=/home/theo/arduinobot_ws/build/arduinobot_py_examples/prefix_override:/usr/lib/python3/dist-packages/colcon_core/task/python/colcon_distutils_commands:/home/theo/arduinobot_ws/install/arduinobot_py_examples/lib/python3.12/site-packages:/home/theo/arduinobot_ws/install/arduinobot_msgs/lib/python3.12/site-packages:/home/theo/arduinobot_ws/install/arduinobot_utils/lib/python3.12/site-packages:/home/theo/arduinobot_ws/install/arduinobot_py_examples/lib/python3.12/site-packages:/opt/ros/jazzy/lib/python3.12/site-packages /usr/bin/python3 -W ignore:setup.py install is deprecated -W ignore:easy_install command is deprecated setup.py egg_info --egg-base ../../build/arduinobot_py_examples build --build-base /home/theo/arduinobot_ws/build/arduinobot_py_examples/build install --record /home/theo/arduinobot_ws/build/arduinobot_py_examples/install.log --single-version-externally-managed install_data
[0.937s] running egg_info
[0.947s] writing ../../build/arduinobot_py_examples/arduinobot_py_examples.egg-info/PKG-INFO
[0.948s] writing dependency_links to ../../build/arduinobot_py_examples/arduinobot_py_examples.egg-info/dependency_links.txt
[0.949s] writing entry points to ../../build/arduinobot_py_examples/arduinobot_py_examples.egg-info/entry_points.txt
[0.949s] writing requirements to ../../build/arduinobot_py_examples/arduinobot_py_examples.egg-info/requires.txt
[0.949s] writing top-level names to ../../build/arduinobot_py_examples/arduinobot_py_examples.egg-info/top_level.txt
[0.968s] reading manifest file '../../build/arduinobot_py_examples/arduinobot_py_examples.egg-info/SOURCES.txt'
[0.969s] writing manifest file '../../build/arduinobot_py_examples/arduinobot_py_examples.egg-info/SOURCES.txt'
[0.969s] running build
[0.969s] running build_py
[0.969s] copying arduinobot_py_examples/simple_action_server.py -> /home/theo/arduinobot_ws/build/arduinobot_py_examples/build/lib/arduinobot_py_examples
[0.969s] running install
[0.973s] running install_lib
[0.984s] copying /home/theo/arduinobot_ws/build/arduinobot_py_examples/build/lib/arduinobot_py_examples/simple_action_server.py -> /home/theo/arduinobot_ws/install/arduinobot_py_examples/lib/python3.12/site-packages/arduinobot_py_examples
[0.985s] byte-compiling /home/theo/arduinobot_ws/install/arduinobot_py_examples/lib/python3.12/site-packages/arduinobot_py_examples/simple_action_server.py to simple_action_server.cpython-312.pyc
[0.985s] running install_data
[0.985s] running install_egg_info
[0.996s] removing '/home/theo/arduinobot_ws/install/arduinobot_py_examples/lib/python3.12/site-packages/arduinobot_py_examples-0.0.0-py3.12.egg-info' (and everything under it)
[0.996s] Copying ../../build/arduinobot_py_examples/arduinobot_py_examples.egg-info to /home/theo/arduinobot_ws/install/arduinobot_py_examples/lib/python3.12/site-packages/arduinobot_py_examples-0.0.0-py3.12.egg-info
[0.997s] running install_scripts
[1.064s] Installing simple_parameter script to /home/theo/arduinobot_ws/install/arduinobot_py_examples/lib/arduinobot_py_examples
[1.064s] Installing simple_publisher script to /home/theo/arduinobot_ws/install/arduinobot_py_examples/lib/arduinobot_py_examples
[1.064s] Installing simple_service_client script to /home/theo/arduinobot_ws/install/arduinobot_py_examples/lib/arduinobot_py_examples
[1.064s] Installing simple_service_server script to /home/theo/arduinobot_ws/install/arduinobot_py_examples/lib/arduinobot_py_examples
[1.065s] Installing simple_subscriber script to /home/theo/arduinobot_ws/install/arduinobot_py_examples/lib/arduinobot_py_examples
[1.065s] writing list of installed files to '/home/theo/arduinobot_ws/build/arduinobot_py_examples/install.log'
