[0.012s] Invoking command in '/home/theo/arduinobot_ws/build/arduinobot_description': CMAKE_PREFIX_PATH=${CMAKE_PREFIX_PATH}:/opt/ros/jazzy /usr/bin/cmake /home/theo/arduinobot_ws/src/arduinobot_description -DCMAKE_INSTALL_PREFIX=/home/theo/arduinobot_ws/install/arduinobot_description
[0.178s] -- The C compiler identification is GNU 13.3.0
[0.645s] -- The CXX compiler identification is GNU 13.3.0
[1.090s] -- Detecting C compiler ABI info
[1.252s] -- Detecting C compiler ABI info - done
[1.256s] -- Check for working C compiler: /usr/bin/cc - skipped
[1.257s] -- Detecting C compile features
[1.257s] -- Detecting C compile features - done
[1.323s] -- Detecting CXX compiler ABI info
[1.474s] -- Detecting CXX compiler ABI info - done
[1.478s] -- Check for working CXX compiler: /usr/bin/c++ - skipped
[1.479s] -- Detecting CXX compile features
[1.479s] -- Detecting CXX compile features - done
[1.485s] -- Found ament_cmake: 2.5.4 (/opt/ros/jazzy/share/ament_cmake/cmake)
[1.568s] -- Found Python3: /usr/bin/python3 (found version "3.12.3") found components: Interpreter 
[1.648s] -- Found ament_lint_auto: 0.17.2 (/opt/ros/jazzy/share/ament_lint_auto/cmake)
[1.717s] -- Added test 'lint_cmake' to check CMake code style
[1.718s] -- Added test 'xmllint' to check XML markup files
[1.719s] -- Configuring done (1.7s)
[1.721s] -- Generating done (0.0s)
[1.722s] -- Build files have been written to: /home/theo/arduinobot_ws/build/arduinobot_description
[1.724s] Invoked command in '/home/theo/arduinobot_ws/build/arduinobot_description' returned '0': CMAKE_PREFIX_PATH=${CMAKE_PREFIX_PATH}:/opt/ros/jazzy /usr/bin/cmake /home/theo/arduinobot_ws/src/arduinobot_description -DCMAKE_INSTALL_PREFIX=/home/theo/arduinobot_ws/install/arduinobot_description
[1.725s] Invoking command in '/home/theo/arduinobot_ws/build/arduinobot_description': CMAKE_PREFIX_PATH=${CMAKE_PREFIX_PATH}:/opt/ros/jazzy /usr/bin/cmake --build /home/theo/arduinobot_ws/build/arduinobot_description -- -j20 -l20
[1.743s] Invoked command in '/home/theo/arduinobot_ws/build/arduinobot_description' returned '0': CMAKE_PREFIX_PATH=${CMAKE_PREFIX_PATH}:/opt/ros/jazzy /usr/bin/cmake --build /home/theo/arduinobot_ws/build/arduinobot_description -- -j20 -l20
[1.744s] Invoking command in '/home/theo/arduinobot_ws/build/arduinobot_description': CMAKE_PREFIX_PATH=${CMAKE_PREFIX_PATH}:/opt/ros/jazzy /usr/bin/cmake --install /home/theo/arduinobot_ws/build/arduinobot_description
[1.747s] -- Install configuration: ""
[1.748s] -- Installing: /home/theo/arduinobot_ws/install/arduinobot_description/share/ament_index/resource_index/package_run_dependencies/arduinobot_description
[1.748s] -- Installing: /home/theo/arduinobot_ws/install/arduinobot_description/share/ament_index/resource_index/parent_prefix_path/arduinobot_description
[1.748s] -- Installing: /home/theo/arduinobot_ws/install/arduinobot_description/share/arduinobot_description/environment/ament_prefix_path.sh
[1.748s] -- Installing: /home/theo/arduinobot_ws/install/arduinobot_description/share/arduinobot_description/environment/ament_prefix_path.dsv
[1.748s] -- Installing: /home/theo/arduinobot_ws/install/arduinobot_description/share/arduinobot_description/environment/path.sh
[1.748s] -- Installing: /home/theo/arduinobot_ws/install/arduinobot_description/share/arduinobot_description/environment/path.dsv
[1.748s] -- Installing: /home/theo/arduinobot_ws/install/arduinobot_description/share/arduinobot_description/local_setup.bash
[1.748s] -- Installing: /home/theo/arduinobot_ws/install/arduinobot_description/share/arduinobot_description/local_setup.sh
[1.748s] -- Installing: /home/theo/arduinobot_ws/install/arduinobot_description/share/arduinobot_description/local_setup.zsh
[1.749s] -- Installing: /home/theo/arduinobot_ws/install/arduinobot_description/share/arduinobot_description/local_setup.dsv
[1.749s] -- Installing: /home/theo/arduinobot_ws/install/arduinobot_description/share/arduinobot_description/package.dsv
[1.749s] -- Installing: /home/theo/arduinobot_ws/install/arduinobot_description/share/ament_index/resource_index/packages/arduinobot_description
[1.749s] -- Installing: /home/theo/arduinobot_ws/install/arduinobot_description/share/arduinobot_description/cmake/arduinobot_descriptionConfig.cmake
[1.749s] -- Installing: /home/theo/arduinobot_ws/install/arduinobot_description/share/arduinobot_description/cmake/arduinobot_descriptionConfig-version.cmake
[1.749s] -- Installing: /home/theo/arduinobot_ws/install/arduinobot_description/share/arduinobot_description/package.xml
[1.749s] Invoked command in '/home/theo/arduinobot_ws/build/arduinobot_description' returned '0': CMAKE_PREFIX_PATH=${CMAKE_PREFIX_PATH}:/opt/ros/jazzy /usr/bin/cmake --install /home/theo/arduinobot_ws/build/arduinobot_description
