[0.019s] Invoking command in '/home/theo/arduinobot_ws/build/arduinobot_description': CMAKE_PREFIX_PATH=${CMAKE_PREFIX_PATH}:/home/theo/arduinobot_ws/install/arduinobot_py_examples:/opt/ros/jazzy /usr/bin/cmake --build /home/theo/arduinobot_ws/build/arduinobot_description -- -j20 -l20
[0.035s] -- Found ament_cmake: 2.5.4 (/opt/ros/jazzy/share/ament_cmake/cmake)
[0.173s] -- Found ament_lint_auto: 0.17.2 (/opt/ros/jazzy/share/ament_lint_auto/cmake)
[0.231s] -- Added test 'lint_cmake' to check CMake code style
[0.232s] -- Added test 'xmllint' to check XML markup files
[0.234s] -- Configuring done (0.2s)
[0.239s] -- Generating done (0.0s)
[0.240s] -- Build files have been written to: /home/theo/arduinobot_ws/build/arduinobot_description
[0.250s] Invoked command in '/home/theo/arduinobot_ws/build/arduinobot_description' returned '0': CMAKE_PREFIX_PATH=${CMAKE_PREFIX_PATH}:/home/theo/arduinobot_ws/install/arduinobot_py_examples:/opt/ros/jazzy /usr/bin/cmake --build /home/theo/arduinobot_ws/build/arduinobot_description -- -j20 -l20
[0.251s] Invoking command in '/home/theo/arduinobot_ws/build/arduinobot_description': CMAKE_PREFIX_PATH=${CMAKE_PREFIX_PATH}:/home/theo/arduinobot_ws/install/arduinobot_py_examples:/opt/ros/jazzy /usr/bin/cmake --install /home/theo/arduinobot_ws/build/arduinobot_description
[0.254s] -- Install configuration: ""
[0.254s] -- Installing: /home/theo/arduinobot_ws/install/arduinobot_description/share/arduinobot_description/meshes
[0.254s] -- Installing: /home/theo/arduinobot_ws/install/arduinobot_description/share/arduinobot_description/meshes/forward_drive_arm.STL
[0.257s] -- Installing: /home/theo/arduinobot_ws/install/arduinobot_description/share/arduinobot_description/meshes/triangular_link.STL
[0.259s] -- Installing: /home/theo/arduinobot_ws/install/arduinobot_description/share/arduinobot_description/meshes/plate.STL
[0.262s] -- Installing: /home/theo/arduinobot_ws/install/arduinobot_description/share/arduinobot_description/meshes/round_plate.STL
[0.263s] -- Installing: /home/theo/arduinobot_ws/install/arduinobot_description/share/arduinobot_description/meshes/link.STL
[0.264s] -- Installing: /home/theo/arduinobot_ws/install/arduinobot_description/share/arduinobot_description/meshes/servo_plate.STL
[0.265s] -- Installing: /home/theo/arduinobot_ws/install/arduinobot_description/share/arduinobot_description/meshes/vertical_drive_arm.STL
[0.267s] -- Installing: /home/theo/arduinobot_ws/install/arduinobot_description/share/arduinobot_description/meshes/claw_support.STL
[0.268s] -- Installing: /home/theo/arduinobot_ws/install/arduinobot_description/share/arduinobot_description/meshes/base_plate.STL
[0.271s] -- Installing: /home/theo/arduinobot_ws/install/arduinobot_description/share/arduinobot_description/meshes/horizontal_arm.STL
[0.274s] -- Installing: /home/theo/arduinobot_ws/install/arduinobot_description/share/arduinobot_description/meshes/basement.STL
[0.276s] -- Installing: /home/theo/arduinobot_ws/install/arduinobot_description/share/arduinobot_description/meshes/right_finger.STL
[0.276s] -- Installing: /home/theo/arduinobot_ws/install/arduinobot_description/share/arduinobot_description/meshes/left_finger.STL
[0.277s] -- Installing: /home/theo/arduinobot_ws/install/arduinobot_description/share/arduinobot_description/urdf
[0.277s] -- Installing: /home/theo/arduinobot_ws/install/arduinobot_description/share/arduinobot_description/urdf/arduinobot.urdf.xacro
[0.277s] -- Up-to-date: /home/theo/arduinobot_ws/install/arduinobot_description/share/ament_index/resource_index/package_run_dependencies/arduinobot_description
[0.277s] -- Installing: /home/theo/arduinobot_ws/install/arduinobot_description/share/ament_index/resource_index/parent_prefix_path/arduinobot_description
[0.277s] -- Up-to-date: /home/theo/arduinobot_ws/install/arduinobot_description/share/arduinobot_description/environment/ament_prefix_path.sh
[0.277s] -- Up-to-date: /home/theo/arduinobot_ws/install/arduinobot_description/share/arduinobot_description/environment/ament_prefix_path.dsv
[0.277s] -- Up-to-date: /home/theo/arduinobot_ws/install/arduinobot_description/share/arduinobot_description/environment/path.sh
[0.277s] -- Up-to-date: /home/theo/arduinobot_ws/install/arduinobot_description/share/arduinobot_description/environment/path.dsv
[0.277s] -- Up-to-date: /home/theo/arduinobot_ws/install/arduinobot_description/share/arduinobot_description/local_setup.bash
[0.277s] -- Up-to-date: /home/theo/arduinobot_ws/install/arduinobot_description/share/arduinobot_description/local_setup.sh
[0.277s] -- Up-to-date: /home/theo/arduinobot_ws/install/arduinobot_description/share/arduinobot_description/local_setup.zsh
[0.277s] -- Up-to-date: /home/theo/arduinobot_ws/install/arduinobot_description/share/arduinobot_description/local_setup.dsv
[0.277s] -- Installing: /home/theo/arduinobot_ws/install/arduinobot_description/share/arduinobot_description/package.dsv
[0.277s] -- Up-to-date: /home/theo/arduinobot_ws/install/arduinobot_description/share/ament_index/resource_index/packages/arduinobot_description
[0.278s] -- Up-to-date: /home/theo/arduinobot_ws/install/arduinobot_description/share/arduinobot_description/cmake/arduinobot_descriptionConfig.cmake
[0.278s] -- Up-to-date: /home/theo/arduinobot_ws/install/arduinobot_description/share/arduinobot_description/cmake/arduinobot_descriptionConfig-version.cmake
[0.278s] -- Up-to-date: /home/theo/arduinobot_ws/install/arduinobot_description/share/arduinobot_description/package.xml
[0.278s] Invoked command in '/home/theo/arduinobot_ws/build/arduinobot_description' returned '0': CMAKE_PREFIX_PATH=${CMAKE_PREFIX_PATH}:/home/theo/arduinobot_ws/install/arduinobot_py_examples:/opt/ros/jazzy /usr/bin/cmake --install /home/theo/arduinobot_ws/build/arduinobot_description
