[0.223s] Invoking command in '/home/theo/arduinobot_ws/build/arduinobot_remote': AMENT_PREFIX_PATH=/home/theo/arduinobot_ws/install/arduinobot_moveit:/home/theo/arduinobot_ws/install/arduinobot_msgs:/home/theo/arduinobot_ws/install/arduinobot_description:${AMENT_PREFIX_PATH} CMAKE_PREFIX_PATH=/home/theo/arduinobot_ws/install/arduinobot_moveit:/home/theo/arduinobot_ws/install/arduinobot_msgs:/home/theo/arduinobot_ws/install/arduinobot_description:/opt/ros/jazzy/opt/gz_sim_vendor:/opt/ros/jazzy/opt/gz_sensors_vendor:/opt/ros/jazzy/opt/gz_physics_vendor:/opt/ros/jazzy/opt/sdformat_vendor:/opt/ros/jazzy/opt/gz_gui_vendor:/opt/ros/jazzy/opt/gz_transport_vendor:/opt/ros/jazzy/opt/gz_rendering_vendor:/opt/ros/jazzy/opt/gz_plugin_vendor:/opt/ros/jazzy/opt/gz_fuel_tools_vendor:/opt/ros/jazzy/opt/gz_msgs_vendor:/opt/ros/jazzy/opt/gz_common_vendor:/opt/ros/jazzy/opt/gz_math_vendor:/opt/ros/jazzy/opt/gz_utils_vendor:/opt/ros/jazzy/opt/gz_tools_vendor:/opt/ros/jazzy/opt/gz_ogre_next_vendor:/opt/ros/jazzy/opt/gz_dartsim_vendor:/opt/ros/jazzy/opt/gz_cmake_vendor:/opt/ros/jazzy LD_LIBRARY_PATH=/home/theo/arduinobot_ws/install/arduinobot_msgs/lib:${LD_LIBRARY_PATH} PYTHONPATH=/home/theo/arduinobot_ws/install/arduinobot_msgs/lib/python3.12/site-packages:${PYTHONPATH} /usr/bin/cmake --build /home/theo/arduinobot_ws/build/arduinobot_remote -- -j20 -l20
[0.238s] -- Found ament_cmake: 2.5.4 (/opt/ros/jazzy/share/ament_cmake/cmake)
[0.371s] -- Found rclpy: 7.1.4 (/opt/ros/jazzy/share/rclpy/cmake)
[0.371s] -- Found arduinobot_msgs: 0.0.0 (/home/theo/arduinobot_ws/install/arduinobot_msgs/share/arduinobot_msgs/cmake)
[0.462s] -- Found rosidl_generator_c: 4.6.5 (/opt/ros/jazzy/share/rosidl_generator_c/cmake)
[0.466s] -- Found rosidl_generator_cpp: 4.6.5 (/opt/ros/jazzy/share/rosidl_generator_cpp/cmake)
[0.473s] -- Using all available rosidl_typesupport_c: rosidl_typesupport_fastrtps_c;rosidl_typesupport_introspection_c
[0.481s] -- Using all available rosidl_typesupport_cpp: rosidl_typesupport_fastrtps_cpp;rosidl_typesupport_introspection_cpp
[0.586s] -- Found ament_lint_auto: 0.17.2 (/opt/ros/jazzy/share/ament_lint_auto/cmake)
[0.645s] -- Added test 'flake8' to check Python code syntax and style conventions
[0.645s] -- Configured 'flake8' exclude dirs and/or files: 
[0.645s] -- Added test 'lint_cmake' to check CMake code style
[0.645s] -- Added test 'pep257' to check Python code against some of the docstring style conventions in PEP 257
[0.645s] -- Added test 'xmllint' to check XML markup files
[0.646s] -- Configuring done (0.4s)
[0.648s] -- Generating done (0.0s)
[0.650s] -- Build files have been written to: /home/theo/arduinobot_ws/build/arduinobot_remote
[0.674s] Built target ament_cmake_python_copy_arduinobot_remote
[0.806s] running egg_info
[0.820s] writing arduinobot_remote.egg-info/PKG-INFO
[0.821s] writing dependency_links to arduinobot_remote.egg-info/dependency_links.txt
[0.821s] writing top-level names to arduinobot_remote.egg-info/top_level.txt
[0.850s] reading manifest file 'arduinobot_remote.egg-info/SOURCES.txt'
[0.851s] writing manifest file 'arduinobot_remote.egg-info/SOURCES.txt'
[0.868s] Built target ament_cmake_python_build_arduinobot_remote_egg
[0.874s] Invoked command in '/home/theo/arduinobot_ws/build/arduinobot_remote' returned '0': AMENT_PREFIX_PATH=/home/theo/arduinobot_ws/install/arduinobot_moveit:/home/theo/arduinobot_ws/install/arduinobot_msgs:/home/theo/arduinobot_ws/install/arduinobot_description:${AMENT_PREFIX_PATH} CMAKE_PREFIX_PATH=/home/theo/arduinobot_ws/install/arduinobot_moveit:/home/theo/arduinobot_ws/install/arduinobot_msgs:/home/theo/arduinobot_ws/install/arduinobot_description:/opt/ros/jazzy/opt/gz_sim_vendor:/opt/ros/jazzy/opt/gz_sensors_vendor:/opt/ros/jazzy/opt/gz_physics_vendor:/opt/ros/jazzy/opt/sdformat_vendor:/opt/ros/jazzy/opt/gz_gui_vendor:/opt/ros/jazzy/opt/gz_transport_vendor:/opt/ros/jazzy/opt/gz_rendering_vendor:/opt/ros/jazzy/opt/gz_plugin_vendor:/opt/ros/jazzy/opt/gz_fuel_tools_vendor:/opt/ros/jazzy/opt/gz_msgs_vendor:/opt/ros/jazzy/opt/gz_common_vendor:/opt/ros/jazzy/opt/gz_math_vendor:/opt/ros/jazzy/opt/gz_utils_vendor:/opt/ros/jazzy/opt/gz_tools_vendor:/opt/ros/jazzy/opt/gz_ogre_next_vendor:/opt/ros/jazzy/opt/gz_dartsim_vendor:/opt/ros/jazzy/opt/gz_cmake_vendor:/opt/ros/jazzy LD_LIBRARY_PATH=/home/theo/arduinobot_ws/install/arduinobot_msgs/lib:${LD_LIBRARY_PATH} PYTHONPATH=/home/theo/arduinobot_ws/install/arduinobot_msgs/lib/python3.12/site-packages:${PYTHONPATH} /usr/bin/cmake --build /home/theo/arduinobot_ws/build/arduinobot_remote -- -j20 -l20
[0.875s] Invoking command in '/home/theo/arduinobot_ws/build/arduinobot_remote': AMENT_PREFIX_PATH=/home/theo/arduinobot_ws/install/arduinobot_moveit:/home/theo/arduinobot_ws/install/arduinobot_msgs:/home/theo/arduinobot_ws/install/arduinobot_description:${AMENT_PREFIX_PATH} CMAKE_PREFIX_PATH=/home/theo/arduinobot_ws/install/arduinobot_moveit:/home/theo/arduinobot_ws/install/arduinobot_msgs:/home/theo/arduinobot_ws/install/arduinobot_description:/opt/ros/jazzy/opt/gz_sim_vendor:/opt/ros/jazzy/opt/gz_sensors_vendor:/opt/ros/jazzy/opt/gz_physics_vendor:/opt/ros/jazzy/opt/sdformat_vendor:/opt/ros/jazzy/opt/gz_gui_vendor:/opt/ros/jazzy/opt/gz_transport_vendor:/opt/ros/jazzy/opt/gz_rendering_vendor:/opt/ros/jazzy/opt/gz_plugin_vendor:/opt/ros/jazzy/opt/gz_fuel_tools_vendor:/opt/ros/jazzy/opt/gz_msgs_vendor:/opt/ros/jazzy/opt/gz_common_vendor:/opt/ros/jazzy/opt/gz_math_vendor:/opt/ros/jazzy/opt/gz_utils_vendor:/opt/ros/jazzy/opt/gz_tools_vendor:/opt/ros/jazzy/opt/gz_ogre_next_vendor:/opt/ros/jazzy/opt/gz_dartsim_vendor:/opt/ros/jazzy/opt/gz_cmake_vendor:/opt/ros/jazzy LD_LIBRARY_PATH=/home/theo/arduinobot_ws/install/arduinobot_msgs/lib:${LD_LIBRARY_PATH} PYTHONPATH=/home/theo/arduinobot_ws/install/arduinobot_msgs/lib/python3.12/site-packages:${PYTHONPATH} /usr/bin/cmake --install /home/theo/arduinobot_ws/build/arduinobot_remote
[0.879s] -- Install configuration: ""
[0.880s] -- Up-to-date: /home/theo/arduinobot_ws/install/arduinobot_remote/share/arduinobot_remote/environment/pythonpath.sh
[0.880s] -- Up-to-date: /home/theo/arduinobot_ws/install/arduinobot_remote/share/arduinobot_remote/environment/pythonpath.dsv
[0.880s] -- Up-to-date: /home/theo/arduinobot_ws/install/arduinobot_remote/lib/python3.12/site-packages/arduinobot_remote-0.0.0-py3.12.egg-info
[0.880s] -- Installing: /home/theo/arduinobot_ws/install/arduinobot_remote/lib/python3.12/site-packages/arduinobot_remote-0.0.0-py3.12.egg-info/dependency_links.txt
[0.880s] -- Installing: /home/theo/arduinobot_ws/install/arduinobot_remote/lib/python3.12/site-packages/arduinobot_remote-0.0.0-py3.12.egg-info/top_level.txt
[0.880s] -- Installing: /home/theo/arduinobot_ws/install/arduinobot_remote/lib/python3.12/site-packages/arduinobot_remote-0.0.0-py3.12.egg-info/SOURCES.txt
[0.880s] -- Installing: /home/theo/arduinobot_ws/install/arduinobot_remote/lib/python3.12/site-packages/arduinobot_remote-0.0.0-py3.12.egg-info/PKG-INFO
[0.880s] -- Up-to-date: /home/theo/arduinobot_ws/install/arduinobot_remote/lib/python3.12/site-packages/arduinobot_remote
[0.880s] -- Up-to-date: /home/theo/arduinobot_ws/install/arduinobot_remote/lib/python3.12/site-packages/arduinobot_remote/task_server.py
[0.880s] -- Up-to-date: /home/theo/arduinobot_ws/install/arduinobot_remote/lib/python3.12/site-packages/arduinobot_remote/__init__.py
[0.901s] Listing '/home/theo/arduinobot_ws/install/arduinobot_remote/lib/python3.12/site-packages/arduinobot_remote'...
[0.904s] -- Up-to-date: /home/theo/arduinobot_ws/install/arduinobot_remote/lib/arduinobot_remote/task_server.py
[0.905s] -- Installing: /home/theo/arduinobot_ws/install/arduinobot_remote/share/arduinobot_remote/launch
[0.905s] -- Installing: /home/theo/arduinobot_ws/install/arduinobot_remote/share/arduinobot_remote/launch/remote_interface.launch.py
[0.905s] -- Installing: /home/theo/arduinobot_ws/install/arduinobot_remote/share/ament_index/resource_index/package_run_dependencies/arduinobot_remote
[0.905s] -- Installing: /home/theo/arduinobot_ws/install/arduinobot_remote/share/ament_index/resource_index/parent_prefix_path/arduinobot_remote
[0.905s] -- Up-to-date: /home/theo/arduinobot_ws/install/arduinobot_remote/share/arduinobot_remote/environment/ament_prefix_path.sh
[0.905s] -- Up-to-date: /home/theo/arduinobot_ws/install/arduinobot_remote/share/arduinobot_remote/environment/ament_prefix_path.dsv
[0.905s] -- Up-to-date: /home/theo/arduinobot_ws/install/arduinobot_remote/share/arduinobot_remote/environment/path.sh
[0.905s] -- Up-to-date: /home/theo/arduinobot_ws/install/arduinobot_remote/share/arduinobot_remote/environment/path.dsv
[0.906s] -- Up-to-date: /home/theo/arduinobot_ws/install/arduinobot_remote/share/arduinobot_remote/local_setup.bash
[0.906s] -- Up-to-date: /home/theo/arduinobot_ws/install/arduinobot_remote/share/arduinobot_remote/local_setup.sh
[0.906s] -- Up-to-date: /home/theo/arduinobot_ws/install/arduinobot_remote/share/arduinobot_remote/local_setup.zsh
[0.906s] -- Up-to-date: /home/theo/arduinobot_ws/install/arduinobot_remote/share/arduinobot_remote/local_setup.dsv
[0.906s] -- Installing: /home/theo/arduinobot_ws/install/arduinobot_remote/share/arduinobot_remote/package.dsv
[0.907s] -- Up-to-date: /home/theo/arduinobot_ws/install/arduinobot_remote/share/ament_index/resource_index/packages/arduinobot_remote
[0.907s] -- Up-to-date: /home/theo/arduinobot_ws/install/arduinobot_remote/share/arduinobot_remote/cmake/arduinobot_remoteConfig.cmake
[0.907s] -- Up-to-date: /home/theo/arduinobot_ws/install/arduinobot_remote/share/arduinobot_remote/cmake/arduinobot_remoteConfig-version.cmake
[0.908s] -- Installing: /home/theo/arduinobot_ws/install/arduinobot_remote/share/arduinobot_remote/package.xml
[0.908s] Invoked command in '/home/theo/arduinobot_ws/build/arduinobot_remote' returned '0': AMENT_PREFIX_PATH=/home/theo/arduinobot_ws/install/arduinobot_moveit:/home/theo/arduinobot_ws/install/arduinobot_msgs:/home/theo/arduinobot_ws/install/arduinobot_description:${AMENT_PREFIX_PATH} CMAKE_PREFIX_PATH=/home/theo/arduinobot_ws/install/arduinobot_moveit:/home/theo/arduinobot_ws/install/arduinobot_msgs:/home/theo/arduinobot_ws/install/arduinobot_description:/opt/ros/jazzy/opt/gz_sim_vendor:/opt/ros/jazzy/opt/gz_sensors_vendor:/opt/ros/jazzy/opt/gz_physics_vendor:/opt/ros/jazzy/opt/sdformat_vendor:/opt/ros/jazzy/opt/gz_gui_vendor:/opt/ros/jazzy/opt/gz_transport_vendor:/opt/ros/jazzy/opt/gz_rendering_vendor:/opt/ros/jazzy/opt/gz_plugin_vendor:/opt/ros/jazzy/opt/gz_fuel_tools_vendor:/opt/ros/jazzy/opt/gz_msgs_vendor:/opt/ros/jazzy/opt/gz_common_vendor:/opt/ros/jazzy/opt/gz_math_vendor:/opt/ros/jazzy/opt/gz_utils_vendor:/opt/ros/jazzy/opt/gz_tools_vendor:/opt/ros/jazzy/opt/gz_ogre_next_vendor:/opt/ros/jazzy/opt/gz_dartsim_vendor:/opt/ros/jazzy/opt/gz_cmake_vendor:/opt/ros/jazzy LD_LIBRARY_PATH=/home/theo/arduinobot_ws/install/arduinobot_msgs/lib:${LD_LIBRARY_PATH} PYTHONPATH=/home/theo/arduinobot_ws/install/arduinobot_msgs/lib/python3.12/site-packages:${PYTHONPATH} /usr/bin/cmake --install /home/theo/arduinobot_ws/build/arduinobot_remote
