[0.037s] Invoking command in '/home/theo/arduinobot_ws/build/arduinobot_firmware': CMAKE_PREFIX_PATH=${CMAKE_PREFIX_PATH}:/opt/ros/jazzy /usr/bin/cmake --build /home/theo/arduinobot_ws/build/arduinobot_firmware -- -j20 -l20
[0.067s] Built target ament_cmake_python_copy_arduinobot_firmware
[0.169s] running egg_info
[0.179s] writing arduinobot_firmware.egg-info/PKG-INFO
[0.179s] writing dependency_links to arduinobot_firmware.egg-info/dependency_links.txt
[0.179s] writing top-level names to arduinobot_firmware.egg-info/top_level.txt
[0.212s] reading manifest file 'arduinobot_firmware.egg-info/SOURCES.txt'
[0.212s] writing manifest file 'arduinobot_firmware.egg-info/SOURCES.txt'
[0.230s] Built target ament_cmake_python_build_arduinobot_firmware_egg
[0.241s] Invoked command in '/home/theo/arduinobot_ws/build/arduinobot_firmware' returned '0': CMAKE_PREFIX_PATH=${CMAKE_PREFIX_PATH}:/opt/ros/jazzy /usr/bin/cmake --build /home/theo/arduinobot_ws/build/arduinobot_firmware -- -j20 -l20
[0.242s] Invoking command in '/home/theo/arduinobot_ws/build/arduinobot_firmware': CMAKE_PREFIX_PATH=${CMAKE_PREFIX_PATH}:/opt/ros/jazzy /usr/bin/cmake --install /home/theo/arduinobot_ws/build/arduinobot_firmware
[0.246s] -- Install configuration: ""
[0.246s] -- Up-to-date: /home/theo/arduinobot_ws/install/arduinobot_firmware/share/arduinobot_firmware/environment/pythonpath.sh
[0.246s] -- Up-to-date: /home/theo/arduinobot_ws/install/arduinobot_firmware/share/arduinobot_firmware/environment/pythonpath.dsv
[0.246s] -- Up-to-date: /home/theo/arduinobot_ws/install/arduinobot_firmware/lib/python3.12/site-packages/arduinobot_firmware-0.0.0-py3.12.egg-info
[0.246s] -- Installing: /home/theo/arduinobot_ws/install/arduinobot_firmware/lib/python3.12/site-packages/arduinobot_firmware-0.0.0-py3.12.egg-info/dependency_links.txt
[0.246s] -- Installing: /home/theo/arduinobot_ws/install/arduinobot_firmware/lib/python3.12/site-packages/arduinobot_firmware-0.0.0-py3.12.egg-info/top_level.txt
[0.246s] -- Installing: /home/theo/arduinobot_ws/install/arduinobot_firmware/lib/python3.12/site-packages/arduinobot_firmware-0.0.0-py3.12.egg-info/SOURCES.txt
[0.246s] -- Installing: /home/theo/arduinobot_ws/install/arduinobot_firmware/lib/python3.12/site-packages/arduinobot_firmware-0.0.0-py3.12.egg-info/PKG-INFO
[0.246s] -- Up-to-date: /home/theo/arduinobot_ws/install/arduinobot_firmware/lib/python3.12/site-packages/arduinobot_firmware
[0.246s] -- Up-to-date: /home/theo/arduinobot_ws/install/arduinobot_firmware/lib/python3.12/site-packages/arduinobot_firmware/simple_serial_transmitter.py
[0.246s] -- Up-to-date: /home/theo/arduinobot_ws/install/arduinobot_firmware/lib/python3.12/site-packages/arduinobot_firmware/simple_serial_receiver
[0.246s] -- Up-to-date: /home/theo/arduinobot_ws/install/arduinobot_firmware/lib/python3.12/site-packages/arduinobot_firmware/simple_serial_receiver/simple_serial_receiver.ino
[0.246s] -- Up-to-date: /home/theo/arduinobot_ws/install/arduinobot_firmware/lib/python3.12/site-packages/arduinobot_firmware/__init__.py
[0.246s] -- Installing: /home/theo/arduinobot_ws/install/arduinobot_firmware/lib/python3.12/site-packages/arduinobot_firmware/simple_serial_receiver.py
[0.246s] -- Up-to-date: /home/theo/arduinobot_ws/install/arduinobot_firmware/lib/python3.12/site-packages/arduinobot_firmware/simple_serial_transmitter
[0.246s] -- Up-to-date: /home/theo/arduinobot_ws/install/arduinobot_firmware/lib/python3.12/site-packages/arduinobot_firmware/simple_serial_transmitter/simple_serial_transmitter.ino
[0.266s] Listing '/home/theo/arduinobot_ws/install/arduinobot_firmware/lib/python3.12/site-packages/arduinobot_firmware'...
[0.266s] Listing '/home/theo/arduinobot_ws/install/arduinobot_firmware/lib/python3.12/site-packages/arduinobot_firmware/simple_serial_receiver'...
[0.266s] Compiling '/home/theo/arduinobot_ws/install/arduinobot_firmware/lib/python3.12/site-packages/arduinobot_firmware/simple_serial_receiver.py'...
[0.266s] Listing '/home/theo/arduinobot_ws/install/arduinobot_firmware/lib/python3.12/site-packages/arduinobot_firmware/simple_serial_transmitter'...
[0.269s] -- Up-to-date: /home/theo/arduinobot_ws/install/arduinobot_firmware/lib/arduinobot_firmware/simple_serial_transmitter.py
[0.269s] -- Installing: /home/theo/arduinobot_ws/install/arduinobot_firmware/lib/arduinobot_firmware/simple_serial_receiver.py
[0.269s] -- Up-to-date: /home/theo/arduinobot_ws/install/arduinobot_firmware/share/ament_index/resource_index/package_run_dependencies/arduinobot_firmware
[0.269s] -- Up-to-date: /home/theo/arduinobot_ws/install/arduinobot_firmware/share/ament_index/resource_index/parent_prefix_path/arduinobot_firmware
[0.269s] -- Up-to-date: /home/theo/arduinobot_ws/install/arduinobot_firmware/share/arduinobot_firmware/environment/ament_prefix_path.sh
[0.270s] -- Up-to-date: /home/theo/arduinobot_ws/install/arduinobot_firmware/share/arduinobot_firmware/environment/ament_prefix_path.dsv
[0.270s] -- Up-to-date: /home/theo/arduinobot_ws/install/arduinobot_firmware/share/arduinobot_firmware/environment/path.sh
[0.270s] -- Up-to-date: /home/theo/arduinobot_ws/install/arduinobot_firmware/share/arduinobot_firmware/environment/path.dsv
[0.270s] -- Up-to-date: /home/theo/arduinobot_ws/install/arduinobot_firmware/share/arduinobot_firmware/local_setup.bash
[0.270s] -- Up-to-date: /home/theo/arduinobot_ws/install/arduinobot_firmware/share/arduinobot_firmware/local_setup.sh
[0.270s] -- Up-to-date: /home/theo/arduinobot_ws/install/arduinobot_firmware/share/arduinobot_firmware/local_setup.zsh
[0.270s] -- Up-to-date: /home/theo/arduinobot_ws/install/arduinobot_firmware/share/arduinobot_firmware/local_setup.dsv
[0.270s] -- Installing: /home/theo/arduinobot_ws/install/arduinobot_firmware/share/arduinobot_firmware/package.dsv
[0.270s] -- Up-to-date: /home/theo/arduinobot_ws/install/arduinobot_firmware/share/ament_index/resource_index/packages/arduinobot_firmware
[0.270s] -- Up-to-date: /home/theo/arduinobot_ws/install/arduinobot_firmware/share/arduinobot_firmware/cmake/arduinobot_firmwareConfig.cmake
[0.270s] -- Up-to-date: /home/theo/arduinobot_ws/install/arduinobot_firmware/share/arduinobot_firmware/cmake/arduinobot_firmwareConfig-version.cmake
[0.270s] -- Up-to-date: /home/theo/arduinobot_ws/install/arduinobot_firmware/share/arduinobot_firmware/package.xml
[0.274s] Invoked command in '/home/theo/arduinobot_ws/build/arduinobot_firmware' returned '0': CMAKE_PREFIX_PATH=${CMAKE_PREFIX_PATH}:/opt/ros/jazzy /usr/bin/cmake --install /home/theo/arduinobot_ws/build/arduinobot_firmware
