[0.555s] Invoking command in '/home/theo/arduinobot_ws/src/arduinobot_py_examples': PYTHONPATH=/home/theo/arduinobot_ws/build/arduinobot_py_examples/prefix_override:/usr/lib/python3/dist-packages/colcon_core/task/python/colcon_distutils_commands:/home/theo/arduinobot_ws/install/arduinobot_py_examples/lib/python3.12/site-packages:/home/theo/arduinobot_ws/install/arduinobot_msgs/lib/python3.12/site-packages:/home/theo/arduinobot_ws/install/arduinobot_py_examples/lib/python3.12/site-packages:/opt/ros/jazzy/lib/python3.12/site-packages /usr/bin/python3 -W ignore:setup.py install is deprecated -W ignore:easy_install command is deprecated setup.py egg_info --egg-base ../../build/arduinobot_py_examples build --build-base /home/theo/arduinobot_ws/build/arduinobot_py_examples/build install --record /home/theo/arduinobot_ws/build/arduinobot_py_examples/install.log --single-version-externally-managed install_data
[0.692s] running egg_info
[0.702s] writing ../../build/arduinobot_py_examples/arduinobot_py_examples.egg-info/PKG-INFO
[0.702s] writing dependency_links to ../../build/arduinobot_py_examples/arduinobot_py_examples.egg-info/dependency_links.txt
[0.702s] writing entry points to ../../build/arduinobot_py_examples/arduinobot_py_examples.egg-info/entry_points.txt
[0.702s] writing requirements to ../../build/arduinobot_py_examples/arduinobot_py_examples.egg-info/requires.txt
[0.702s] writing top-level names to ../../build/arduinobot_py_examples/arduinobot_py_examples.egg-info/top_level.txt
[0.722s] reading manifest file '../../build/arduinobot_py_examples/arduinobot_py_examples.egg-info/SOURCES.txt'
[0.722s] writing manifest file '../../build/arduinobot_py_examples/arduinobot_py_examples.egg-info/SOURCES.txt'
[0.722s] running build
[0.722s] running build_py
[0.722s] copying arduinobot_py_examples/simple_service_client.py -> /home/theo/arduinobot_ws/build/arduinobot_py_examples/build/lib/arduinobot_py_examples
[0.722s] running install
[0.725s] running install_lib
[0.734s] copying /home/theo/arduinobot_ws/build/arduinobot_py_examples/build/lib/arduinobot_py_examples/simple_service_client.py -> /home/theo/arduinobot_ws/install/arduinobot_py_examples/lib/python3.12/site-packages/arduinobot_py_examples
[0.735s] byte-compiling /home/theo/arduinobot_ws/install/arduinobot_py_examples/lib/python3.12/site-packages/arduinobot_py_examples/simple_service_client.py to simple_service_client.cpython-312.pyc
[0.735s] running install_data
[0.735s] running install_egg_info
[0.745s] removing '/home/theo/arduinobot_ws/install/arduinobot_py_examples/lib/python3.12/site-packages/arduinobot_py_examples-0.0.0-py3.12.egg-info' (and everything under it)
[0.746s] Copying ../../build/arduinobot_py_examples/arduinobot_py_examples.egg-info to /home/theo/arduinobot_ws/install/arduinobot_py_examples/lib/python3.12/site-packages/arduinobot_py_examples-0.0.0-py3.12.egg-info
[0.746s] running install_scripts
[0.810s] Installing simple_parameter script to /home/theo/arduinobot_ws/install/arduinobot_py_examples/lib/arduinobot_py_examples
[0.810s] Installing simple_publisher script to /home/theo/arduinobot_ws/install/arduinobot_py_examples/lib/arduinobot_py_examples
[0.810s] Installing simple_service_client script to /home/theo/arduinobot_ws/install/arduinobot_py_examples/lib/arduinobot_py_examples
[0.810s] Installing simple_service_server script to /home/theo/arduinobot_ws/install/arduinobot_py_examples/lib/arduinobot_py_examples
[0.810s] Installing simple_subscriber script to /home/theo/arduinobot_ws/install/arduinobot_py_examples/lib/arduinobot_py_examples
[0.810s] writing list of installed files to '/home/theo/arduinobot_ws/build/arduinobot_py_examples/install.log'
[0.826s] Invoked command in '/home/theo/arduinobot_ws/src/arduinobot_py_examples' returned '0': PYTHONPATH=/home/theo/arduinobot_ws/build/arduinobot_py_examples/prefix_override:/usr/lib/python3/dist-packages/colcon_core/task/python/colcon_distutils_commands:/home/theo/arduinobot_ws/install/arduinobot_py_examples/lib/python3.12/site-packages:/home/theo/arduinobot_ws/install/arduinobot_msgs/lib/python3.12/site-packages:/home/theo/arduinobot_ws/install/arduinobot_py_examples/lib/python3.12/site-packages:/opt/ros/jazzy/lib/python3.12/site-packages /usr/bin/python3 -W ignore:setup.py install is deprecated -W ignore:easy_install command is deprecated setup.py egg_info --egg-base ../../build/arduinobot_py_examples build --build-base /home/theo/arduinobot_ws/build/arduinobot_py_examples/build install --record /home/theo/arduinobot_ws/build/arduinobot_py_examples/install.log --single-version-externally-managed install_data
