[0.013s] Invoking command in '/home/theo/arduinobot_ws/src/build/arduinobot_controller': CMAKE_PREFIX_PATH=${CMAKE_PREFIX_PATH}:/opt/ros/jazzy /usr/bin/cmake /home/theo/arduinobot_ws/src/arduinobot_controller -DCMAKE_INSTALL_PREFIX=/home/theo/arduinobot_ws/src/install/arduinobot_controller
[0.198s] -- The C compiler identification is GNU 13.3.0
[0.614s] -- The CXX compiler identification is GNU 13.3.0
[1.001s] -- Detecting C compiler ABI info
[1.189s] -- Detecting C compiler ABI info - done
[1.194s] -- Check for working C compiler: /usr/bin/cc - skipped
[1.194s] -- Detecting C compile features
[1.195s] -- Detecting C compile features - done
[1.242s] -- Detecting CXX compiler ABI info
[1.379s] -- Detecting CXX compiler ABI info - done
[1.384s] -- Check for working CXX compiler: /usr/bin/c++ - skipped
[1.384s] -- Detecting CXX compile features
[1.385s] -- Detecting CXX compile features - done
[1.387s] -- Found ament_cmake: 2.5.4 (/opt/ros/jazzy/share/ament_cmake/cmake)
[1.480s] -- Found Python3: /usr/bin/python3 (found version "3.12.3") found components: Interpreter 
[1.552s] -- Found ament_lint_auto: 0.17.2 (/opt/ros/jazzy/share/ament_lint_auto/cmake)
[1.623s] -- Added test 'flake8' to check Python code syntax and style conventions
[1.623s] -- Configured 'flake8' exclude dirs and/or files: 
[1.623s] -- Added test 'lint_cmake' to check CMake code style
[1.624s] -- Added test 'pep257' to check Python code against some of the docstring style conventions in PEP 257
[1.625s] -- Added test 'xmllint' to check XML markup files
[1.626s] -- Configuring done (1.6s)
[1.628s] -- Generating done (0.0s)
[1.629s] -- Build files have been written to: /home/theo/arduinobot_ws/src/build/arduinobot_controller
[1.635s] Invoked command in '/home/theo/arduinobot_ws/src/build/arduinobot_controller' returned '0': CMAKE_PREFIX_PATH=${CMAKE_PREFIX_PATH}:/opt/ros/jazzy /usr/bin/cmake /home/theo/arduinobot_ws/src/arduinobot_controller -DCMAKE_INSTALL_PREFIX=/home/theo/arduinobot_ws/src/install/arduinobot_controller
[1.635s] Invoking command in '/home/theo/arduinobot_ws/src/build/arduinobot_controller': CMAKE_PREFIX_PATH=${CMAKE_PREFIX_PATH}:/opt/ros/jazzy /usr/bin/cmake --build /home/theo/arduinobot_ws/src/build/arduinobot_controller -- -j20 -l20
[1.659s] Invoked command in '/home/theo/arduinobot_ws/src/build/arduinobot_controller' returned '0': CMAKE_PREFIX_PATH=${CMAKE_PREFIX_PATH}:/opt/ros/jazzy /usr/bin/cmake --build /home/theo/arduinobot_ws/src/build/arduinobot_controller -- -j20 -l20
[1.662s] Invoking command in '/home/theo/arduinobot_ws/src/build/arduinobot_controller': CMAKE_PREFIX_PATH=${CMAKE_PREFIX_PATH}:/opt/ros/jazzy /usr/bin/cmake --install /home/theo/arduinobot_ws/src/build/arduinobot_controller
[1.666s] -- Install configuration: ""
[1.667s] -- Installing: /home/theo/arduinobot_ws/src/install/arduinobot_controller/share/arduinobot_controller/config
[1.667s] -- Installing: /home/theo/arduinobot_ws/src/install/arduinobot_controller/share/arduinobot_controller/config/arduinobot_controllers.yaml
[1.667s] -- Installing: /home/theo/arduinobot_ws/src/install/arduinobot_controller/share/arduinobot_controller/launch
[1.667s] -- Installing: /home/theo/arduinobot_ws/src/install/arduinobot_controller/share/arduinobot_controller/launch/slider_controller.launch.py
[1.667s] -- Installing: /home/theo/arduinobot_ws/src/install/arduinobot_controller/share/arduinobot_controller/launch/controller.launch.py
[1.668s] -- Installing: /home/theo/arduinobot_ws/src/install/arduinobot_controller/share/ament_index/resource_index/package_run_dependencies/arduinobot_controller
[1.668s] -- Installing: /home/theo/arduinobot_ws/src/install/arduinobot_controller/share/ament_index/resource_index/parent_prefix_path/arduinobot_controller
[1.668s] -- Installing: /home/theo/arduinobot_ws/src/install/arduinobot_controller/share/arduinobot_controller/environment/ament_prefix_path.sh
[1.668s] -- Installing: /home/theo/arduinobot_ws/src/install/arduinobot_controller/share/arduinobot_controller/environment/ament_prefix_path.dsv
[1.668s] -- Installing: /home/theo/arduinobot_ws/src/install/arduinobot_controller/share/arduinobot_controller/environment/path.sh
[1.668s] -- Installing: /home/theo/arduinobot_ws/src/install/arduinobot_controller/share/arduinobot_controller/environment/path.dsv
[1.668s] -- Installing: /home/theo/arduinobot_ws/src/install/arduinobot_controller/share/arduinobot_controller/local_setup.bash
[1.668s] -- Installing: /home/theo/arduinobot_ws/src/install/arduinobot_controller/share/arduinobot_controller/local_setup.sh
[1.668s] -- Installing: /home/theo/arduinobot_ws/src/install/arduinobot_controller/share/arduinobot_controller/local_setup.zsh
[1.668s] -- Installing: /home/theo/arduinobot_ws/src/install/arduinobot_controller/share/arduinobot_controller/local_setup.dsv
[1.669s] -- Installing: /home/theo/arduinobot_ws/src/install/arduinobot_controller/share/arduinobot_controller/package.dsv
[1.669s] -- Installing: /home/theo/arduinobot_ws/src/install/arduinobot_controller/share/ament_index/resource_index/packages/arduinobot_controller
[1.669s] -- Installing: /home/theo/arduinobot_ws/src/install/arduinobot_controller/share/arduinobot_controller/cmake/arduinobot_controllerConfig.cmake
[1.669s] -- Installing: /home/theo/arduinobot_ws/src/install/arduinobot_controller/share/arduinobot_controller/cmake/arduinobot_controllerConfig-version.cmake
[1.669s] -- Installing: /home/theo/arduinobot_ws/src/install/arduinobot_controller/share/arduinobot_controller/package.xml
[1.702s] Invoked command in '/home/theo/arduinobot_ws/src/build/arduinobot_controller' returned '0': CMAKE_PREFIX_PATH=${CMAKE_PREFIX_PATH}:/opt/ros/jazzy /usr/bin/cmake --install /home/theo/arduinobot_ws/src/build/arduinobot_controller
