[0.013s] Invoking command in '/home/theo/arduinobot_ws/build/arduinobot_bringup': CMAKE_PREFIX_PATH=${CMAKE_PREFIX_PATH}:/home/theo/arduinobot_ws/install/arduinobot_py_examples:/opt/ros/jazzy /usr/bin/cmake /home/theo/arduinobot_ws/src/arduinobot_bringup -DCMAKE_INSTALL_PREFIX=/home/theo/arduinobot_ws/install/arduinobot_bringup
[0.114s] -- The C compiler identification is GNU 13.3.0
[0.613s] -- The CXX compiler identification is GNU 13.3.0
[1.019s] -- Detecting C compiler ABI info
[1.194s] -- Detecting C compiler ABI info - done
[1.201s] -- Check for working C compiler: /usr/bin/cc - skipped
[1.201s] -- Detecting C compile features
[1.201s] -- Detecting C compile features - done
[1.295s] -- Detecting CXX compiler ABI info
[1.479s] -- Detecting CXX compiler ABI info - done
[1.484s] -- Check for working CXX compiler: /usr/bin/c++ - skipped
[1.484s] -- Detecting CXX compile features
[1.484s] -- Detecting CXX compile features - done
[1.487s] -- Found ament_cmake: 2.5.4 (/opt/ros/jazzy/share/ament_cmake/cmake)
[1.594s] -- Found Python3: /usr/bin/python3 (found version "3.12.3") found components: Interpreter 
[1.671s] -- Found ament_lint_auto: 0.17.2 (/opt/ros/jazzy/share/ament_lint_auto/cmake)
[1.752s] -- Added test 'flake8' to check Python code syntax and style conventions
[1.752s] -- Configured 'flake8' exclude dirs and/or files: 
[1.752s] -- Added test 'lint_cmake' to check CMake code style
[1.753s] -- Added test 'pep257' to check Python code against some of the docstring style conventions in PEP 257
[1.754s] -- Added test 'xmllint' to check XML markup files
[1.755s] -- Configuring done (1.7s)
[1.757s] -- Generating done (0.0s)
[1.758s] -- Build files have been written to: /home/theo/arduinobot_ws/build/arduinobot_bringup
[1.763s] Invoked command in '/home/theo/arduinobot_ws/build/arduinobot_bringup' returned '0': CMAKE_PREFIX_PATH=${CMAKE_PREFIX_PATH}:/home/theo/arduinobot_ws/install/arduinobot_py_examples:/opt/ros/jazzy /usr/bin/cmake /home/theo/arduinobot_ws/src/arduinobot_bringup -DCMAKE_INSTALL_PREFIX=/home/theo/arduinobot_ws/install/arduinobot_bringup
[1.763s] Invoking command in '/home/theo/arduinobot_ws/build/arduinobot_bringup': CMAKE_PREFIX_PATH=${CMAKE_PREFIX_PATH}:/home/theo/arduinobot_ws/install/arduinobot_py_examples:/opt/ros/jazzy /usr/bin/cmake --build /home/theo/arduinobot_ws/build/arduinobot_bringup -- -j20 -l20
[1.784s] Invoked command in '/home/theo/arduinobot_ws/build/arduinobot_bringup' returned '0': CMAKE_PREFIX_PATH=${CMAKE_PREFIX_PATH}:/home/theo/arduinobot_ws/install/arduinobot_py_examples:/opt/ros/jazzy /usr/bin/cmake --build /home/theo/arduinobot_ws/build/arduinobot_bringup -- -j20 -l20
[1.785s] Invoking command in '/home/theo/arduinobot_ws/build/arduinobot_bringup': CMAKE_PREFIX_PATH=${CMAKE_PREFIX_PATH}:/home/theo/arduinobot_ws/install/arduinobot_py_examples:/opt/ros/jazzy /usr/bin/cmake --install /home/theo/arduinobot_ws/build/arduinobot_bringup
[1.789s] -- Install configuration: ""
[1.789s] -- Installing: /home/theo/arduinobot_ws/install/arduinobot_bringup/share/arduinobot_bringup/launch
[1.790s] -- Installing: /home/theo/arduinobot_ws/install/arduinobot_bringup/share/arduinobot_bringup/launch/simulated_robot.launch.py
[1.790s] -- Installing: /home/theo/arduinobot_ws/install/arduinobot_bringup/share/ament_index/resource_index/package_run_dependencies/arduinobot_bringup
[1.790s] -- Installing: /home/theo/arduinobot_ws/install/arduinobot_bringup/share/ament_index/resource_index/parent_prefix_path/arduinobot_bringup
[1.790s] -- Installing: /home/theo/arduinobot_ws/install/arduinobot_bringup/share/arduinobot_bringup/environment/ament_prefix_path.sh
[1.790s] -- Installing: /home/theo/arduinobot_ws/install/arduinobot_bringup/share/arduinobot_bringup/environment/ament_prefix_path.dsv
[1.791s] -- Installing: /home/theo/arduinobot_ws/install/arduinobot_bringup/share/arduinobot_bringup/environment/path.sh
[1.791s] -- Installing: /home/theo/arduinobot_ws/install/arduinobot_bringup/share/arduinobot_bringup/environment/path.dsv
[1.791s] -- Installing: /home/theo/arduinobot_ws/install/arduinobot_bringup/share/arduinobot_bringup/local_setup.bash
[1.791s] -- Installing: /home/theo/arduinobot_ws/install/arduinobot_bringup/share/arduinobot_bringup/local_setup.sh
[1.791s] -- Installing: /home/theo/arduinobot_ws/install/arduinobot_bringup/share/arduinobot_bringup/local_setup.zsh
[1.791s] -- Installing: /home/theo/arduinobot_ws/install/arduinobot_bringup/share/arduinobot_bringup/local_setup.dsv
[1.791s] -- Installing: /home/theo/arduinobot_ws/install/arduinobot_bringup/share/arduinobot_bringup/package.dsv
[1.791s] -- Installing: /home/theo/arduinobot_ws/install/arduinobot_bringup/share/ament_index/resource_index/packages/arduinobot_bringup
[1.791s] -- Installing: /home/theo/arduinobot_ws/install/arduinobot_bringup/share/arduinobot_bringup/cmake/arduinobot_bringupConfig.cmake
[1.791s] -- Installing: /home/theo/arduinobot_ws/install/arduinobot_bringup/share/arduinobot_bringup/cmake/arduinobot_bringupConfig-version.cmake
[1.791s] -- Installing: /home/theo/arduinobot_ws/install/arduinobot_bringup/share/arduinobot_bringup/package.xml
[1.792s] Invoked command in '/home/theo/arduinobot_ws/build/arduinobot_bringup' returned '0': CMAKE_PREFIX_PATH=${CMAKE_PREFIX_PATH}:/home/theo/arduinobot_ws/install/arduinobot_py_examples:/opt/ros/jazzy /usr/bin/cmake --install /home/theo/arduinobot_ws/build/arduinobot_bringup
