[0.022s] Invoking command in '/home/theo/arduinobot_ws/build/arduinobot_firmware': CMAKE_PREFIX_PATH=${CMAKE_PREFIX_PATH}:/home/theo/arduinobot_ws/install/arduinobot_py_examples:/opt/ros/jazzy /usr/bin/cmake --build /home/theo/arduinobot_ws/build/arduinobot_firmware -- -j20 -l20
[0.065s] Built target ament_cmake_python_copy_arduinobot_firmware
[0.167s] running egg_info
[0.177s] writing arduinobot_firmware.egg-info/PKG-INFO
[0.178s] writing dependency_links to arduinobot_firmware.egg-info/dependency_links.txt
[0.178s] writing top-level names to arduinobot_firmware.egg-info/top_level.txt
[0.206s] reading manifest file 'arduinobot_firmware.egg-info/SOURCES.txt'
[0.206s] writing manifest file 'arduinobot_firmware.egg-info/SOURCES.txt'
[0.224s] Built target ament_cmake_python_build_arduinobot_firmware_egg
[0.231s] Invoked command in '/home/theo/arduinobot_ws/build/arduinobot_firmware' returned '0': CMAKE_PREFIX_PATH=${CMAKE_PREFIX_PATH}:/home/theo/arduinobot_ws/install/arduinobot_py_examples:/opt/ros/jazzy /usr/bin/cmake --build /home/theo/arduinobot_ws/build/arduinobot_firmware -- -j20 -l20
[0.232s] Invoking command in '/home/theo/arduinobot_ws/build/arduinobot_firmware': CMAKE_PREFIX_PATH=${CMAKE_PREFIX_PATH}:/home/theo/arduinobot_ws/install/arduinobot_py_examples:/opt/ros/jazzy /usr/bin/cmake --install /home/theo/arduinobot_ws/build/arduinobot_firmware
[0.236s] -- Install configuration: ""
[0.236s] -- Up-to-date: /home/theo/arduinobot_ws/install/arduinobot_firmware/share/arduinobot_firmware/environment/pythonpath.sh
[0.236s] -- Up-to-date: /home/theo/arduinobot_ws/install/arduinobot_firmware/share/arduinobot_firmware/environment/pythonpath.dsv
[0.236s] -- Up-to-date: /home/theo/arduinobot_ws/install/arduinobot_firmware/lib/python3.12/site-packages/arduinobot_firmware-0.0.0-py3.12.egg-info
[0.236s] -- Installing: /home/theo/arduinobot_ws/install/arduinobot_firmware/lib/python3.12/site-packages/arduinobot_firmware-0.0.0-py3.12.egg-info/dependency_links.txt
[0.236s] -- Installing: /home/theo/arduinobot_ws/install/arduinobot_firmware/lib/python3.12/site-packages/arduinobot_firmware-0.0.0-py3.12.egg-info/top_level.txt
[0.236s] -- Installing: /home/theo/arduinobot_ws/install/arduinobot_firmware/lib/python3.12/site-packages/arduinobot_firmware-0.0.0-py3.12.egg-info/SOURCES.txt
[0.236s] -- Installing: /home/theo/arduinobot_ws/install/arduinobot_firmware/lib/python3.12/site-packages/arduinobot_firmware-0.0.0-py3.12.egg-info/PKG-INFO
[0.236s] -- Up-to-date: /home/theo/arduinobot_ws/install/arduinobot_firmware/lib/python3.12/site-packages/arduinobot_firmware
[0.236s] -- Installing: /home/theo/arduinobot_ws/install/arduinobot_firmware/lib/python3.12/site-packages/arduinobot_firmware/simple_serial_transmitter.py
[0.236s] -- Up-to-date: /home/theo/arduinobot_ws/install/arduinobot_firmware/lib/python3.12/site-packages/arduinobot_firmware/simple_serial_receiver
[0.236s] -- Up-to-date: /home/theo/arduinobot_ws/install/arduinobot_firmware/lib/python3.12/site-packages/arduinobot_firmware/simple_serial_receiver/simple_serial_receiver.ino
[0.236s] -- Up-to-date: /home/theo/arduinobot_ws/install/arduinobot_firmware/lib/python3.12/site-packages/arduinobot_firmware/__init__.py
[0.257s] Listing '/home/theo/arduinobot_ws/install/arduinobot_firmware/lib/python3.12/site-packages/arduinobot_firmware'...
[0.257s] Listing '/home/theo/arduinobot_ws/install/arduinobot_firmware/lib/python3.12/site-packages/arduinobot_firmware/simple_serial_receiver'...
[0.257s] Compiling '/home/theo/arduinobot_ws/install/arduinobot_firmware/lib/python3.12/site-packages/arduinobot_firmware/simple_serial_transmitter.py'...
[0.260s] -- Installing: /home/theo/arduinobot_ws/install/arduinobot_firmware/lib/arduinobot_firmware/simple_serial_transmitter.py
[0.260s] -- Up-to-date: /home/theo/arduinobot_ws/install/arduinobot_firmware/share/ament_index/resource_index/package_run_dependencies/arduinobot_firmware
[0.260s] -- Up-to-date: /home/theo/arduinobot_ws/install/arduinobot_firmware/share/ament_index/resource_index/parent_prefix_path/arduinobot_firmware
[0.260s] -- Up-to-date: /home/theo/arduinobot_ws/install/arduinobot_firmware/share/arduinobot_firmware/environment/ament_prefix_path.sh
[0.260s] -- Up-to-date: /home/theo/arduinobot_ws/install/arduinobot_firmware/share/arduinobot_firmware/environment/ament_prefix_path.dsv
[0.260s] -- Up-to-date: /home/theo/arduinobot_ws/install/arduinobot_firmware/share/arduinobot_firmware/environment/path.sh
[0.260s] -- Up-to-date: /home/theo/arduinobot_ws/install/arduinobot_firmware/share/arduinobot_firmware/environment/path.dsv
[0.260s] -- Up-to-date: /home/theo/arduinobot_ws/install/arduinobot_firmware/share/arduinobot_firmware/local_setup.bash
[0.260s] -- Up-to-date: /home/theo/arduinobot_ws/install/arduinobot_firmware/share/arduinobot_firmware/local_setup.sh
[0.261s] -- Up-to-date: /home/theo/arduinobot_ws/install/arduinobot_firmware/share/arduinobot_firmware/local_setup.zsh
[0.261s] -- Up-to-date: /home/theo/arduinobot_ws/install/arduinobot_firmware/share/arduinobot_firmware/local_setup.dsv
[0.261s] -- Installing: /home/theo/arduinobot_ws/install/arduinobot_firmware/share/arduinobot_firmware/package.dsv
[0.261s] -- Up-to-date: /home/theo/arduinobot_ws/install/arduinobot_firmware/share/ament_index/resource_index/packages/arduinobot_firmware
[0.261s] -- Up-to-date: /home/theo/arduinobot_ws/install/arduinobot_firmware/share/arduinobot_firmware/cmake/arduinobot_firmwareConfig.cmake
[0.261s] -- Up-to-date: /home/theo/arduinobot_ws/install/arduinobot_firmware/share/arduinobot_firmware/cmake/arduinobot_firmwareConfig-version.cmake
[0.261s] -- Up-to-date: /home/theo/arduinobot_ws/install/arduinobot_firmware/share/arduinobot_firmware/package.xml
[0.270s] Invoked command in '/home/theo/arduinobot_ws/build/arduinobot_firmware' returned '0': CMAKE_PREFIX_PATH=${CMAKE_PREFIX_PATH}:/home/theo/arduinobot_ws/install/arduinobot_py_examples:/opt/ros/jazzy /usr/bin/cmake --install /home/theo/arduinobot_ws/build/arduinobot_firmware
